{"_marker": "SYNTHETIC FIXTURE - normalized MDM Admin channel events, no real device data",
  "events": [
    {
      "context": {
        "evidenceRef": {
          "evidenceId": "evt-wallpaper",
          "sourceArtifactId": "mdm-admin-channel"
        },
        "provenance": {
          "sourceKind": "eventLog",
          "sourceArtifactId": "mdm-admin-channel",
          "filePath": null,
          "lineNumber": null,
          "recordNumber": 170,
          "registry": null,
          "event": {
            "channel": "Microsoft-Windows-DeviceManagement-Enterprise-Diagnostics-Provider/Admin",
            "provider": "Microsoft-Windows-DeviceManagement-Enterprise-Diagnostics-Provider",
            "eventId": 814,
            "recordId": 170
          }
        },
        "sourceTimestamp": {
          "rawText": "2026-07-31T09:18:00Z",
          "originalOffset": null,
          "normalizedUtc": "2026-07-31T09:18:00Z",
          "kind": "utc"
        },
        "observedAtUtc": "2026-07-31T10:00:00Z",
        "sensitivity": "sensitive",
        "parseState": "parsed",
        "accessState": "available"
      },
      "channel": "Microsoft-Windows-DeviceManagement-Enterprise-Diagnostics-Provider/Admin",
      "provider": "Microsoft-Windows-DeviceManagement-Enterprise-Diagnostics-Provider",
      "eventId": 814,
      "level": "information",
      "task": null,
      "keywords": null,
      "recordId": 170,
      "activityId": "66666666-6666-4666-8666-666666666666",
      "namedData": [
        {
          "name": "NodeUri",
          "value": "./Device/Vendor/MSFT/Personalization/DesktopImageUrl"
        },
        {
          "name": "Value",
          "value": "D:\\Data\\wallpaper.png"
        },
        {
          "name": "ConfigurationSourceId",
          "value": "11111111-1111-4111-8111-111111111111"
        },
        {
          "name": "EnrollmentId",
          "value": "44444444-4444-4444-8444-444444444444"
        },
        {
          "name": "TenantId",
          "value": "55555555-5555-4555-8555-555555555555"
        },
        {
          "name": "Upn",
          "value": "synthetic.user@example.invalid"
        },
        {
          "name": "Area",
          "value": "Personalization"
        }
      ],
      "message": null
    },
    {
      "context": {
        "evidenceRef": {
          "evidenceId": "evt-update",
          "sourceArtifactId": "mdm-admin-channel"
        },
        "provenance": {
          "sourceKind": "eventLog",
          "sourceArtifactId": "mdm-admin-channel",
          "filePath": null,
          "lineNumber": null,
          "recordNumber": 171,
          "registry": null,
          "event": {
            "channel": "Microsoft-Windows-DeviceManagement-Enterprise-Diagnostics-Provider/Admin",
            "provider": "Microsoft-Windows-DeviceManagement-Enterprise-Diagnostics-Provider",
            "eventId": 813,
            "recordId": 171
          }
        },
        "sourceTimestamp": {
          "rawText": "2026-07-31T09:19:00Z",
          "originalOffset": null,
          "normalizedUtc": "2026-07-31T09:19:00Z",
          "kind": "utc"
        },
        "observedAtUtc": "2026-07-31T10:00:00Z",
        "sensitivity": "public",
        "parseState": "parsed",
        "accessState": "available"
      },
      "channel": "Microsoft-Windows-DeviceManagement-Enterprise-Diagnostics-Provider/Admin",
      "provider": "Microsoft-Windows-DeviceManagement-Enterprise-Diagnostics-Provider",
      "eventId": 813,
      "level": "information",
      "task": null,
      "keywords": null,
      "recordId": 171,
      "activityId": "66666666-6666-4666-8666-666666666666",
      "namedData": [
        {
          "name": "NodeUri",
          "value": "./Device/Vendor/MSFT/Policy/Config/Update/AllowAutoUpdate"
        },
        {
          "name": "Value",
          "value": "1"
        },
        {
          "name": "ConfigurationSourceId",
          "value": "11111111-1111-4111-8111-111111111111"
        },
        {
          "name": "PreviousValue",
          "value": "D:\\Data\\wallpaper.png"
        }
      ],
      "message": null
    },
    {
      "context": {
        "evidenceRef": {
          "evidenceId": "evt-identity-node",
          "sourceArtifactId": "mdm-admin-channel"
        },
        "provenance": {
          "sourceKind": "eventLog",
          "sourceArtifactId": "mdm-admin-channel",
          "filePath": null,
          "lineNumber": null,
          "recordNumber": 172,
          "registry": null,
          "event": {
            "channel": "Microsoft-Windows-DeviceManagement-Enterprise-Diagnostics-Provider/Admin",
            "provider": "Microsoft-Windows-DeviceManagement-Enterprise-Diagnostics-Provider",
            "eventId": 814,
            "recordId": 172
          }
        },
        "sourceTimestamp": {
          "rawText": "2026-07-31T09:20:00Z",
          "originalOffset": null,
          "normalizedUtc": "2026-07-31T09:20:00Z",
          "kind": "utc"
        },
        "observedAtUtc": "2026-07-31T10:00:00Z",
        "sensitivity": "public",
        "parseState": "parsed",
        "accessState": "available"
      },
      "channel": "Microsoft-Windows-DeviceManagement-Enterprise-Diagnostics-Provider/Admin",
      "provider": "Microsoft-Windows-DeviceManagement-Enterprise-Diagnostics-Provider",
      "eventId": 814,
      "level": "information",
      "task": null,
      "keywords": null,
      "recordId": 172,
      "activityId": "66666666-6666-4666-8666-666666666666",
      "namedData": [
        {
          "name": "NodeUri",
          "value": "./Device/Vendor/MSFT/Accounts/synthetic.user@example.invalid/LocalUserGroup"
        },
        {
          "name": "Value",
          "value": "CONTOSO\\Helpdesk"
        },
        {
          "name": "ConfigurationSourceId",
          "value": "11111111-1111-4111-8111-111111111111"
        }
      ],
      "message": null
    }
  ]
}
