{"id":1238,"eventRecordId":91930,"eventRecordIdText":"91930","timestamp":"2026-10-07T09:20:48.000Z","timestampEpoch":1791364848000,"provider":"Service Control Manager","channel":"System","eventId":7036,"level":"Information","computer":"CONTOSO-PC01","message":"The WinHTTP Web Proxy Auto-Discovery service entered the stopped state.","eventData":[{"name":"Data","value":"The WinHTTP Web Proxy Auto-Discovery service entered the stopped state."}],"rawXml":"<Event><System><Provider Name=\"Service Control Manager\"/><EventID>7036</EventID><EventRecordID>91930</EventRecordID><TimeCreated SystemTime=\"2026-10-07T09:20:48.000Z\"/><Channel>System</Channel><Computer>CONTOSO-PC01</Computer></System><EventData><Data>The WinHTTP Web Proxy Auto-Discovery service entered the stopped state.</Data></EventData></Event>","sourceLabel":"C:\\Fixture\\EventLogs\\System.evtx","originKind":"event","task":null,"opcode":null,"processId":null,"threadId":null,"userSid":null,"keywords":null,"mapped":[]},{"id":1239,"eventRecordId":91933,"eventRecordIdText":"91933","timestamp":"2026-10-07T09:20:58.000Z","timestampEpoch":1791364858000,"provider":"Microsoft-Windows-AAD","channel":"Microsoft-Windows-AAD/Operational","eventId":1081,"level":"Information","computer":"CONTOSO-PC01","message":"OAuth response received for resource https://enrollment.manage.microsoft.com/.","eventData":[{"name":"Data","value":"OAuth response received for resource https://enrollment.manage.microsoft.com/."}],"rawXml":"<Event><System><Provider Name=\"Microsoft-Windows-AAD\"/><EventID>1081</EventID><EventRecordID>91933</EventRecordID><TimeCreated SystemTime=\"2026-10-07T09:20:58.000Z\"/><Channel>Microsoft-Windows-AAD/Operational</Channel><Computer>CONTOSO-PC01</Computer></System><EventData><Data>OAuth response received for resource https://enrollment.manage.microsoft.com/.</Data></EventData></Event>","sourceLabel":"C:\\Fixture\\EventLogs\\AAD-Operational.evtx","originKind":"event","task":null,"opcode":null,"processId":null,"threadId":null,"userSid":null,"keywords":null,"mapped":[]},{"id":1240,"eventRecordId":91936,"eventRecordIdText":"91936","timestamp":"2026-10-07T09:21:16.000Z","timestampEpoch":1791364876000,"provider":"Service Control Manager","channel":"System","eventId":7036,"level":"Information","computer":"CONTOSO-PC01","message":"The Delivery Optimization service entered the running state.","eventData":[{"name":"Data","value":"The Delivery Optimization service entered the running state."}],"rawXml":"<Event><System><Provider Name=\"Service Control Manager\"/><EventID>7036</EventID><EventRecordID>91936</EventRecordID><TimeCreated SystemTime=\"2026-10-07T09:21:16.000Z\"/><Channel>System</Channel><Computer>CONTOSO-PC01</Computer></System><EventData><Data>The Delivery Optimization service entered the running state.</Data></EventData></Event>","sourceLabel":"C:\\Fixture\\EventLogs\\System.evtx","originKind":"event","task":null,"opcode":null,"processId":null,"threadId":null,"userSid":null,"keywords":null,"mapped":[]},{"id":1241,"eventRecordId":91939,"eventRecordIdText":"91939","timestamp":"2026-10-07T09:21:32.000Z","timestampEpoch":1791364892000,"provider":"Microsoft-Windows-User Profiles Service","channel":"Application","eventId":1530,"level":"Warning","computer":"CONTOSO-PC01","message":"Windows detected your registry file is still in use by other applications or services.","eventData":[{"name":"Data","value":"Windows detected your registry file is still in use by other applications or services."}],"rawXml":"<Event><System><Provider Name=\"Microsoft-Windows-User Profiles Service\"/><EventID>1530</EventID><EventRecordID>91939</EventRecordID><TimeCreated SystemTime=\"2026-10-07T09:21:32.000Z\"/><Channel>Application</Channel><Computer>CONTOSO-PC01</Computer></System><EventData><Data>Windows detected your registry file is still in use by other applications or services.</Data></EventData></Event>","sourceLabel":"C:\\Fixture\\EventLogs\\Application.evtx","originKind":"event","task":null,"opcode":null,"processId":null,"threadId":null,"userSid":null,"keywords":null,"mapped":[]},{"id":1242,"eventRecordId":91942,"eventRecordIdText":"91942","timestamp":"2026-10-07T09:23:59.000Z","timestampEpoch":1791365039000,"provider":"Microsoft-Windows-DistributedCOM","channel":"System","eventId":10016,"level":"Warning","computer":"CONTOSO-PC01","message":"The application-specific permission settings do not grant Local Activation permission for the COM Server application.","eventData":[{"name":"Data","value":"The application-specific permission settings do not grant Local Activation permission for the COM Server application."}],"rawXml":"<Event><System><Provider Name=\"Microsoft-Windows-DistributedCOM\"/><EventID>10016</EventID><EventRecordID>91942</EventRecordID><TimeCreated SystemTime=\"2026-10-07T09:23:59.000Z\"/><Channel>System</Channel><Computer>CONTOSO-PC01</Computer></System><EventData><Data>The application-specific permission settings do not grant Local Activation permission for the COM Server application.</Data></EventData></Event>","sourceLabel":"C:\\Fixture\\EventLogs\\System.evtx","originKind":"event","task":null,"opcode":null,"processId":null,"threadId":null,"userSid":null,"keywords":null,"mapped":[]},{"id":1243,"eventRecordId":91945,"eventRecordIdText":"91945","timestamp":"2026-10-07T09:26:40.000Z","timestampEpoch":1791365200000,"provider":"Microsoft-Windows-DeviceManagement-Enterprise-Diagnostics-Provider","channel":"Microsoft-Windows-DeviceManagement-Enterprise-Diagnostics-Provider/Admin","eventId":72,"level":"Information","computer":"CONTOSO-PC01","message":"MDM Enroll: auto-enrollment triggered by policy","eventData":[{"name":"Data","value":"MDM Enroll: auto-enrollment triggered by policy"}],"rawXml":"<Event><System><Provider Name=\"Microsoft-Windows-DeviceManagement-Enterprise-Diagnostics-Provider\"/><EventID>72</EventID><EventRecordID>91945</EventRecordID><TimeCreated SystemTime=\"2026-10-07T09:26:40.000Z\"/><Channel>Microsoft-Windows-DeviceManagement-Enterprise-Diagnostics-Provider/Admin</Channel><Computer>CONTOSO-PC01</Computer></System><EventData><Data>MDM Enroll: auto-enrollment triggered by policy</Data></EventData></Event>","sourceLabel":"C:\\Fixture\\EventLogs\\DeviceManagement-Admin.evtx","originKind":"event","task":null,"opcode":null,"processId":null,"threadId":null,"userSid":null,"keywords":null,"mapped":[]},{"id":1244,"eventRecordId":91948,"eventRecordIdText":"91948","timestamp":"2026-10-07T09:26:47.000Z","timestampEpoch":1791365207000,"provider":"Microsoft-Windows-DeviceManagement-Enterprise-Diagnostics-Provider","channel":"Microsoft-Windows-DeviceManagement-Enterprise-Diagnostics-Provider/Admin","eventId":76,"level":"Error","computer":"CONTOSO-PC01","message":"Auto MDM Enroll: Failed","eventData":[{"name":"Data","value":"Auto MDM Enroll: Failed"}],"rawXml":"<Event><System><Provider Name=\"Microsoft-Windows-DeviceManagement-Enterprise-Diagnostics-Provider\"/><EventID>76</EventID><EventRecordID>91948</EventRecordID><TimeCreated SystemTime=\"2026-10-07T09:26:47.000Z\"/><Channel>Microsoft-Windows-DeviceManagement-Enterprise-Diagnostics-Provider/Admin</Channel><Computer>CONTOSO-PC01</Computer></System><EventData><Data>Auto MDM Enroll: Failed</Data></EventData></Event>","sourceLabel":"C:\\Fixture\\EventLogs\\DeviceManagement-Admin.evtx","originKind":"event","task":null,"opcode":null,"processId":null,"threadId":null,"userSid":null,"keywords":null,"mapped":[]},{"id":1245,"eventRecordId":91951,"eventRecordIdText":"91951","timestamp":"2026-10-07T09:27:18.000Z","timestampEpoch":1791365238000,"provider":"Microsoft-Windows-Kernel-General","channel":"System","eventId":1,"level":"Information","computer":"CONTOSO-PC01","message":"The system time has changed.","eventData":[{"name":"Data","value":"The system time has changed."}],"rawXml":"<Event><System><Provider Name=\"Microsoft-Windows-Kernel-General\"/><EventID>1</EventID><EventRecordID>91951</EventRecordID><TimeCreated SystemTime=\"2026-10-07T09:27:18.000Z\"/><Channel>System</Channel><Computer>CONTOSO-PC01</Computer></System><EventData><Data>The system time has changed.</Data></EventData></Event>","sourceLabel":"C:\\Fixture\\EventLogs\\System.evtx","originKind":"event","task":null,"opcode":null,"processId":null,"threadId":null,"userSid":null,"keywords":null,"mapped":[]},{"id":1246,"eventRecordId":91954,"eventRecordIdText":"91954","timestamp":"2026-10-07T09:28:10.000Z","timestampEpoch":1791365290000,"provider":"MsiInstaller","channel":"Application","eventId":1040,"level":"Information","computer":"CONTOSO-PC01","message":"Beginning a Windows Installer transaction.","eventData":[{"name":"Data","value":"Beginning a Windows Installer transaction."}],"rawXml":"<Event><System><Provider Name=\"MsiInstaller\"/><EventID>1040</EventID><EventRecordID>91954</EventRecordID><TimeCreated SystemTime=\"2026-10-07T09:28:10.000Z\"/><Channel>Application</Channel><Computer>CONTOSO-PC01</Computer></System><EventData><Data>Beginning a Windows Installer transaction.</Data></EventData></Event>","sourceLabel":"C:\\Fixture\\EventLogs\\Application.evtx","originKind":"event","task":null,"opcode":null,"processId":null,"threadId":null,"userSid":null,"keywords":null,"mapped":[]},{"id":1247,"eventRecordId":91957,"eventRecordIdText":"91957","timestamp":"2026-10-07T09:29:40.000Z","timestampEpoch":1791365380000,"provider":"Microsoft-Windows-AAD","channel":"Microsoft-Windows-AAD/Operational","eventId":1097,"level":"Warning","computer":"CONTOSO-PC01","message":"Http request status: 400. Method: POST.","eventData":[{"name":"Data","value":"Http request status: 400. Method: POST."}],"rawXml":"<Event><System><Provider Name=\"Microsoft-Windows-AAD\"/><EventID>1097</EventID><EventRecordID>91957</EventRecordID><TimeCreated SystemTime=\"2026-10-07T09:29:40.000Z\"/><Channel>Microsoft-Windows-AAD/Operational</Channel><Computer>CONTOSO-PC01</Computer></System><EventData><Data>Http request status: 400. Method: POST.</Data></EventData></Event>","sourceLabel":"C:\\Fixture\\EventLogs\\AAD-Operational.evtx","originKind":"event","task":null,"opcode":null,"processId":null,"threadId":null,"userSid":null,"keywords":null,"mapped":[]},{"id":1248,"eventRecordId":91960,"eventRecordIdText":"91960","timestamp":"2026-10-07T09:29:44.000Z","timestampEpoch":1791365384000,"provider":"Windows Error Reporting","channel":"Application","eventId":1001,"level":"Information","computer":"CONTOSO-PC01","message":"Fault bucket 2187364520, type 4. Event Name: APPCRASH","eventData":[{"name":"Data","value":"Fault bucket 2187364520, type 4. Event Name: APPCRASH"}],"rawXml":"<Event><System><Provider Name=\"Windows Error Reporting\"/><EventID>1001</EventID><EventRecordID>91960</EventRecordID><TimeCreated SystemTime=\"2026-10-07T09:29:44.000Z\"/><Channel>Application</Channel><Computer>CONTOSO-PC01</Computer></System><EventData><Data>Fault bucket 2187364520, type 4. Event Name: APPCRASH</Data></EventData></Event>","sourceLabel":"C:\\Fixture\\EventLogs\\Application.evtx","originKind":"event","task":null,"opcode":null,"processId":null,"threadId":null,"userSid":null,"keywords":null,"mapped":[]},{"id":1249,"eventRecordId":91963,"eventRecordIdText":"91963","timestamp":"2026-10-07T09:30:04.000Z","timestampEpoch":1791365404000,"provider":"Microsoft-Windows-DistributedCOM","channel":"System","eventId":10016,"level":"Warning","computer":"CONTOSO-PC01","message":"The application-specific permission settings do not grant Local Activation permission for the COM Server application.","eventData":[{"name":"Data","value":"The application-specific permission settings do not grant Local Activation permission for the COM Server application."}],"rawXml":"<Event><System><Provider Name=\"Microsoft-Windows-DistributedCOM\"/><EventID>10016</EventID><EventRecordID>91963</EventRecordID><TimeCreated SystemTime=\"2026-10-07T09:30:04.000Z\"/><Channel>System</Channel><Computer>CONTOSO-PC01</Computer></System><EventData><Data>The application-specific permission settings do not grant Local Activation permission for the COM Server application.</Data></EventData></Event>","sourceLabel":"C:\\Fixture\\EventLogs\\System.evtx","originKind":"event","task":null,"opcode":null,"processId":null,"threadId":null,"userSid":null,"keywords":null,"mapped":[]},{"id":1250,"eventRecordId":91966,"eventRecordIdText":"91966","timestamp":"2026-10-07T09:30:11.000Z","timestampEpoch":1791365411000,"provider":"Microsoft-Windows-AAD","channel":"Microsoft-Windows-AAD/Operational","eventId":1097,"level":"Warning","computer":"CONTOSO-PC01","message":"Http request status: 400. Method: POST.","eventData":[{"name":"Data","value":"Http request status: 400. Method: POST."}],"rawXml":"<Event><System><Provider Name=\"Microsoft-Windows-AAD\"/><EventID>1097</EventID><EventRecordID>91966</EventRecordID><TimeCreated SystemTime=\"2026-10-07T09:30:11.000Z\"/><Channel>Microsoft-Windows-AAD/Operational</Channel><Computer>CONTOSO-PC01</Computer></System><EventData><Data>Http request status: 400. Method: POST.</Data></EventData></Event>","sourceLabel":"C:\\Fixture\\EventLogs\\AAD-Operational.evtx","originKind":"event","task":null,"opcode":null,"processId":null,"threadId":null,"userSid":null,"keywords":null,"mapped":[]},{"id":1251,"eventRecordId":91969,"eventRecordIdText":"91969","timestamp":"2026-10-07T09:32:00.000Z","timestampEpoch":1791365520000,"provider":"MsiInstaller","channel":"Application","eventId":1033,"level":"Information","computer":"CONTOSO-PC01","message":"Windows Installer installed the product. Product Name: Company Portal.","eventData":[{"name":"Data","value":"Windows Installer installed the product. Product Name: Company Portal."}],"rawXml":"<Event><System><Provider Name=\"MsiInstaller\"/><EventID>1033</EventID><EventRecordID>91969</EventRecordID><TimeCreated SystemTime=\"2026-10-07T09:32:00.000Z\"/><Channel>Application</Channel><Computer>CONTOSO-PC01</Computer></System><EventData><Data>Windows Installer installed the product. Product Name: Company Portal.</Data></EventData></Event>","sourceLabel":"C:\\Fixture\\EventLogs\\Application.evtx","originKind":"event","task":null,"opcode":null,"processId":null,"threadId":null,"userSid":null,"keywords":null,"mapped":[]},{"id":1252,"eventRecordId":91972,"eventRecordIdText":"91972","timestamp":"2026-10-07T09:32:29.000Z","timestampEpoch":1791365549000,"provider":"Microsoft-Windows-Kernel-General","channel":"System","eventId":1,"level":"Information","computer":"CONTOSO-PC01","message":"The system time has changed.","eventData":[{"name":"Data","value":"The system time has changed."}],"rawXml":"<Event><System><Provider Name=\"Microsoft-Windows-Kernel-General\"/><EventID>1</EventID><EventRecordID>91972</EventRecordID><TimeCreated SystemTime=\"2026-10-07T09:32:29.000Z\"/><Channel>System</Channel><Computer>CONTOSO-PC01</Computer></System><EventData><Data>The system time has changed.</Data></EventData></Event>","sourceLabel":"C:\\Fixture\\EventLogs\\System.evtx","originKind":"event","task":null,"opcode":null,"processId":null,"threadId":null,"userSid":null,"keywords":null,"mapped":[]},{"id":1253,"eventRecordId":91975,"eventRecordIdText":"91975","timestamp":"2026-10-07T09:34:24.000Z","timestampEpoch":1791365664000,"provider":"Microsoft-Windows-DNS-Client","channel":"System","eventId":1014,"level":"Warning","computer":"CONTOSO-PC01","message":"Name resolution for the name enrollment.manage.microsoft.com timed out after none of the configured DNS servers responded.","eventData":[{"name":"Data","value":"Name resolution for the name enrollment.manage.microsoft.com timed out after none of the configured DNS servers responded."}],"rawXml":"<Event><System><Provider Name=\"Microsoft-Windows-DNS-Client\"/><EventID>1014</EventID><EventRecordID>91975</EventRecordID><TimeCreated SystemTime=\"2026-10-07T09:34:24.000Z\"/><Channel>System</Channel><Computer>CONTOSO-PC01</Computer></System><EventData><Data>Name resolution for the name enrollment.manage.microsoft.com timed out after none of the configured DNS servers responded.</Data></EventData></Event>","sourceLabel":"C:\\Fixture\\EventLogs\\System.evtx","originKind":"event","task":null,"opcode":null,"processId":null,"threadId":null,"userSid":null,"keywords":null,"mapped":[]},{"id":1254,"eventRecordId":91978,"eventRecordIdText":"91978","timestamp":"2026-10-07T09:34:38.000Z","timestampEpoch":1791365678000,"provider":"Microsoft-Windows-AAD","channel":"Microsoft-Windows-AAD/Operational","eventId":1104,"level":"Information","computer":"CONTOSO-PC01","message":"AAD Cloud AP plugin call Plugin initialize returned success.","eventData":[{"name":"Data","value":"AAD Cloud AP plugin call Plugin initialize returned success."}],"rawXml":"<Event><System><Provider Name=\"Microsoft-Windows-AAD\"/><EventID>1104</EventID><EventRecordID>91978</EventRecordID><TimeCreated SystemTime=\"2026-10-07T09:34:38.000Z\"/><Channel>Microsoft-Windows-AAD/Operational</Channel><Computer>CONTOSO-PC01</Computer></System><EventData><Data>AAD Cloud AP plugin call Plugin initialize returned success.</Data></EventData></Event>","sourceLabel":"C:\\Fixture\\EventLogs\\AAD-Operational.evtx","originKind":"event","task":null,"opcode":null,"processId":null,"threadId":null,"userSid":null,"keywords":null,"mapped":[]},{"id":1255,"eventRecordId":91981,"eventRecordIdText":"91981","timestamp":"2026-10-07T09:35:00.000Z","timestampEpoch":1791365700000,"provider":"Microsoft-Windows-DNS-Client","channel":"System","eventId":1014,"level":"Warning","computer":"CONTOSO-PC01","message":"Name resolution for the name login.microsoftonline.com timed out after none of the configured DNS servers responded.","eventData":[{"name":"Data","value":"Name resolution for the name login.microsoftonline.com timed out after none of the configured DNS servers responded."}],"rawXml":"<Event><System><Provider Name=\"Microsoft-Windows-DNS-Client\"/><EventID>1014</EventID><EventRecordID>91981</EventRecordID><TimeCreated SystemTime=\"2026-10-07T09:35:00.000Z\"/><Channel>System</Channel><Computer>CONTOSO-PC01</Computer></System><EventData><Data>Name resolution for the name login.microsoftonline.com timed out after none of the configured DNS servers responded.</Data></EventData></Event>","sourceLabel":"C:\\Fixture\\EventLogs\\System.evtx","originKind":"event","task":null,"opcode":null,"processId":null,"threadId":null,"userSid":null,"keywords":null,"mapped":[]},{"id":1256,"eventRecordId":91984,"eventRecordIdText":"91984","timestamp":"2026-10-07T09:35:49.000Z","timestampEpoch":1791365749000,"provider":"Microsoft-Windows-Security-SPP","channel":"Application","eventId":16384,"level":"Information","computer":"CONTOSO-PC01","message":"Successfully scheduled Software Protection service for re-start.","eventData":[{"name":"Data","value":"Successfully scheduled Software Protection service for re-start."}],"rawXml":"<Event><System><Provider Name=\"Microsoft-Windows-Security-SPP\"/><EventID>16384</EventID><EventRecordID>91984</EventRecordID><TimeCreated SystemTime=\"2026-10-07T09:35:49.000Z\"/><Channel>Application</Channel><Computer>CONTOSO-PC01</Computer></System><EventData><Data>Successfully scheduled Software Protection service for re-start.</Data></EventData></Event>","sourceLabel":"C:\\Fixture\\EventLogs\\Application.evtx","originKind":"event","task":null,"opcode":null,"processId":null,"threadId":null,"userSid":null,"keywords":null,"mapped":[]},{"id":1257,"eventRecordId":91987,"eventRecordIdText":"91987","timestamp":"2026-10-07T09:35:51.000Z","timestampEpoch":1791365751000,"provider":"Service Control Manager","channel":"System","eventId":7036,"level":"Information","computer":"CONTOSO-PC01","message":"The Intune Management Extension service entered the stopped state.","eventData":[{"name":"Data","value":"The Intune Management Extension service entered the stopped state."}],"rawXml":"<Event><System><Provider Name=\"Service Control Manager\"/><EventID>7036</EventID><EventRecordID>91987</EventRecordID><TimeCreated SystemTime=\"2026-10-07T09:35:51.000Z\"/><Channel>System</Channel><Computer>CONTOSO-PC01</Computer></System><EventData><Data>The Intune Management Extension service entered the stopped state.</Data></EventData></Event>","sourceLabel":"C:\\Fixture\\EventLogs\\System.evtx","originKind":"event","task":null,"opcode":null,"processId":null,"threadId":null,"userSid":null,"keywords":null,"mapped":[]},{"id":1258,"eventRecordId":91990,"eventRecordIdText":"91990","timestamp":"2026-10-07T09:36:50.000Z","timestampEpoch":1791365810000,"provider":"Microsoft-Windows-DNS-Client","channel":"System","eventId":1014,"level":"Warning","computer":"CONTOSO-PC01","message":"Name resolution for the name enterpriseregistration.windows.net timed out after none of the configured DNS servers responded.","eventData":[{"name":"Data","value":"Name resolution for the name enterpriseregistration.windows.net timed out after none of the configured DNS servers responded."}],"rawXml":"<Event><System><Provider Name=\"Microsoft-Windows-DNS-Client\"/><EventID>1014</EventID><EventRecordID>91990</EventRecordID><TimeCreated SystemTime=\"2026-10-07T09:36:50.000Z\"/><Channel>System</Channel><Computer>CONTOSO-PC01</Computer></System><EventData><Data>Name resolution for the name enterpriseregistration.windows.net timed out after none of the configured DNS servers responded.</Data></EventData></Event>","sourceLabel":"C:\\Fixture\\EventLogs\\System.evtx","originKind":"event","task":null,"opcode":null,"processId":null,"threadId":null,"userSid":null,"keywords":null,"mapped":[]},{"id":1259,"eventRecordId":91993,"eventRecordIdText":"91993","timestamp":"2026-10-07T09:36:52.000Z","timestampEpoch":1791365812000,"provider":"Service Control Manager","channel":"System","eventId":7036,"level":"Information","computer":"CONTOSO-PC01","message":"The Windows Modules Installer service entered the running state.","eventData":[{"name":"Data","value":"The Windows Modules Installer service entered the running state."}],"rawXml":"<Event><System><Provider Name=\"Service Control Manager\"/><EventID>7036</EventID><EventRecordID>91993</EventRecordID><TimeCreated SystemTime=\"2026-10-07T09:36:52.000Z\"/><Channel>System</Channel><Computer>CONTOSO-PC01</Computer></System><EventData><Data>The Windows Modules Installer service entered the running state.</Data></EventData></Event>","sourceLabel":"C:\\Fixture\\EventLogs\\System.evtx","originKind":"event","task":null,"opcode":null,"processId":null,"threadId":null,"userSid":null,"keywords":null,"mapped":[]},{"id":1260,"eventRecordId":91996,"eventRecordIdText":"91996","timestamp":"2026-10-07T09:38:05.000Z","timestampEpoch":1791365885000,"provider":"edgeupdate","channel":"Application","eventId":0,"level":"Information","computer":"CONTOSO-PC01","message":"Service started","eventData":[{"name":"Data","value":"Service started"}],"rawXml":"<Event><System><Provider Name=\"edgeupdate\"/><EventID>0</EventID><EventRecordID>91996</EventRecordID><TimeCreated SystemTime=\"2026-10-07T09:38:05.000Z\"/><Channel>Application</Channel><Computer>CONTOSO-PC01</Computer></System><EventData><Data>Service started</Data></EventData></Event>","sourceLabel":"C:\\Fixture\\EventLogs\\Application.evtx","originKind":"event","task":null,"opcode":null,"processId":null,"threadId":null,"userSid":null,"keywords":null,"mapped":[]},{"id":1261,"eventRecordId":91999,"eventRecordIdText":"91999","timestamp":"2026-10-07T09:40:00.000Z","timestampEpoch":1791366000000,"provider":"edgeupdate","channel":"Application","eventId":0,"level":"Information","computer":"CONTOSO-PC01","message":"Service started","eventData":[{"name":"Data","value":"Service started"}],"rawXml":"<Event><System><Provider Name=\"edgeupdate\"/><EventID>0</EventID><EventRecordID>91999</EventRecordID><TimeCreated SystemTime=\"2026-10-07T09:40:00.000Z\"/><Channel>Application</Channel><Computer>CONTOSO-PC01</Computer></System><EventData><Data>Service started</Data></EventData></Event>","sourceLabel":"C:\\Fixture\\EventLogs\\Application.evtx","originKind":"event","task":null,"opcode":null,"processId":null,"threadId":null,"userSid":null,"keywords":null,"mapped":[]},{"id":1262,"eventRecordId":92002,"eventRecordIdText":"92002","timestamp":"2026-10-07T09:40:20.000Z","timestampEpoch":1791366020000,"provider":"Microsoft-Windows-Kernel-General","channel":"System","eventId":16,"level":"Information","computer":"CONTOSO-PC01","message":"The access history in hive \\??\\C:\\Users\\user01\\NTUSER.DAT was cleared.","eventData":[{"name":"Data","value":"The access history in hive \\??\\C:\\Users\\user01\\NTUSER.DAT was cleared."}],"rawXml":"<Event><System><Provider Name=\"Microsoft-Windows-Kernel-General\"/><EventID>16</EventID><EventRecordID>92002</EventRecordID><TimeCreated SystemTime=\"2026-10-07T09:40:20.000Z\"/><Channel>System</Channel><Computer>CONTOSO-PC01</Computer></System><EventData><Data>The access history in hive \\??\\C:\\Users\\user01\\NTUSER.DAT was cleared.</Data></EventData></Event>","sourceLabel":"C:\\Fixture\\EventLogs\\System.evtx","originKind":"event","task":null,"opcode":null,"processId":null,"threadId":null,"userSid":null,"keywords":null,"mapped":[]},{"id":1263,"eventRecordId":92005,"eventRecordIdText":"92005","timestamp":"2026-10-07T09:40:51.000Z","timestampEpoch":1791366051000,"provider":"Microsoft-Windows-AAD","channel":"Microsoft-Windows-AAD/Operational","eventId":1097,"level":"Warning","computer":"CONTOSO-PC01","message":"Http request status: 400. Method: POST.","eventData":[{"name":"Data","value":"Http request status: 400. Method: POST."}],"rawXml":"<Event><System><Provider Name=\"Microsoft-Windows-AAD\"/><EventID>1097</EventID><EventRecordID>92005</EventRecordID><TimeCreated SystemTime=\"2026-10-07T09:40:51.000Z\"/><Channel>Microsoft-Windows-AAD/Operational</Channel><Computer>CONTOSO-PC01</Computer></System><EventData><Data>Http request status: 400. Method: POST.</Data></EventData></Event>","sourceLabel":"C:\\Fixture\\EventLogs\\AAD-Operational.evtx","originKind":"event","task":null,"opcode":null,"processId":null,"threadId":null,"userSid":null,"keywords":null,"mapped":[]},{"id":1264,"eventRecordId":92008,"eventRecordIdText":"92008","timestamp":"2026-10-07T09:40:59.000Z","timestampEpoch":1791366059000,"provider":"Microsoft-Windows-DeviceManagement-Enterprise-Diagnostics-Provider","channel":"Microsoft-Windows-DeviceManagement-Enterprise-Diagnostics-Provider/Admin","eventId":72,"level":"Information","computer":"CONTOSO-PC01","message":"MDM Enroll: auto-enrollment triggered by policy","eventData":[{"name":"Data","value":"MDM Enroll: auto-enrollment triggered by policy"}],"rawXml":"<Event><System><Provider Name=\"Microsoft-Windows-DeviceManagement-Enterprise-Diagnostics-Provider\"/><EventID>72</EventID><EventRecordID>92008</EventRecordID><TimeCreated SystemTime=\"2026-10-07T09:40:59.000Z\"/><Channel>Microsoft-Windows-DeviceManagement-Enterprise-Diagnostics-Provider/Admin</Channel><Computer>CONTOSO-PC01</Computer></System><EventData><Data>MDM Enroll: auto-enrollment triggered by policy</Data></EventData></Event>","sourceLabel":"C:\\Fixture\\EventLogs\\DeviceManagement-Admin.evtx","originKind":"event","task":null,"opcode":null,"processId":null,"threadId":null,"userSid":null,"keywords":null,"mapped":[]},{"id":1265,"eventRecordId":92011,"eventRecordIdText":"92011","timestamp":"2026-10-07T09:41:05.000Z","timestampEpoch":1791366065000,"provider":"Microsoft-Windows-DeviceManagement-Enterprise-Diagnostics-Provider","channel":"Microsoft-Windows-DeviceManagement-Enterprise-Diagnostics-Provider/Admin","eventId":76,"level":"Error","computer":"CONTOSO-PC01","message":"Auto MDM Enroll: Failed","eventData":[{"name":"Data","value":"Auto MDM Enroll: Failed"}],"rawXml":"<Event><System><Provider Name=\"Microsoft-Windows-DeviceManagement-Enterprise-Diagnostics-Provider\"/><EventID>76</EventID><EventRecordID>92011</EventRecordID><TimeCreated SystemTime=\"2026-10-07T09:41:05.000Z\"/><Channel>Microsoft-Windows-DeviceManagement-Enterprise-Diagnostics-Provider/Admin</Channel><Computer>CONTOSO-PC01</Computer></System><EventData><Data>Auto MDM Enroll: Failed</Data></EventData></Event>","sourceLabel":"C:\\Fixture\\EventLogs\\DeviceManagement-Admin.evtx","originKind":"event","task":null,"opcode":null,"processId":null,"threadId":null,"userSid":null,"keywords":null,"mapped":[]},{"id":1266,"eventRecordId":92014,"eventRecordIdText":"92014","timestamp":"2026-10-07T09:41:53.000Z","timestampEpoch":1791366113000,"provider":"Microsoft-Windows-AAD","channel":"Microsoft-Windows-AAD/Operational","eventId":1098,"level":"Warning","computer":"CONTOSO-PC01","message":"Token broker operation failed.","eventData":[{"name":"Data","value":"Token broker operation failed."}],"rawXml":"<Event><System><Provider Name=\"Microsoft-Windows-AAD\"/><EventID>1098</EventID><EventRecordID>92014</EventRecordID><TimeCreated SystemTime=\"2026-10-07T09:41:53.000Z\"/><Channel>Microsoft-Windows-AAD/Operational</Channel><Computer>CONTOSO-PC01</Computer></System><EventData><Data>Token broker operation failed.</Data></EventData></Event>","sourceLabel":"C:\\Fixture\\EventLogs\\AAD-Operational.evtx","originKind":"event","task":null,"opcode":null,"processId":null,"threadId":null,"userSid":null,"keywords":null,"mapped":[]},{"id":1267,"eventRecordId":92017,"eventRecordIdText":"92017","timestamp":"2026-10-07T09:42:20.000Z","timestampEpoch":1791366140000,"provider":"Microsoft-Windows-DistributedCOM","channel":"System","eventId":10016,"level":"Warning","computer":"CONTOSO-PC01","message":"The application-specific permission settings do not grant Local Activation permission for the COM Server application.","eventData":[{"name":"Data","value":"The application-specific permission settings do not grant Local Activation permission for the COM Server application."}],"rawXml":"<Event><System><Provider Name=\"Microsoft-Windows-DistributedCOM\"/><EventID>10016</EventID><EventRecordID>92017</EventRecordID><TimeCreated SystemTime=\"2026-10-07T09:42:20.000Z\"/><Channel>System</Channel><Computer>CONTOSO-PC01</Computer></System><EventData><Data>The application-specific permission settings do not grant Local Activation permission for the COM Server application.</Data></EventData></Event>","sourceLabel":"C:\\Fixture\\EventLogs\\System.evtx","originKind":"event","task":null,"opcode":null,"processId":null,"threadId":null,"userSid":null,"keywords":null,"mapped":[]},{"id":1268,"eventRecordId":92020,"eventRecordIdText":"92020","timestamp":"2026-10-07T09:42:46.000Z","timestampEpoch":1791366166000,"provider":"Microsoft-Windows-User Profiles Service","channel":"Application","eventId":1530,"level":"Warning","computer":"CONTOSO-PC01","message":"Windows detected your registry file is still in use by other applications or services.","eventData":[{"name":"Data","value":"Windows detected your registry file is still in use by other applications or services."}],"rawXml":"<Event><System><Provider Name=\"Microsoft-Windows-User Profiles Service\"/><EventID>1530</EventID><EventRecordID>92020</EventRecordID><TimeCreated SystemTime=\"2026-10-07T09:42:46.000Z\"/><Channel>Application</Channel><Computer>CONTOSO-PC01</Computer></System><EventData><Data>Windows detected your registry file is still in use by other applications or services.</Data></EventData></Event>","sourceLabel":"C:\\Fixture\\EventLogs\\Application.evtx","originKind":"event","task":null,"opcode":null,"processId":null,"threadId":null,"userSid":null,"keywords":null,"mapped":[]},{"id":1269,"eventRecordId":92023,"eventRecordIdText":"92023","timestamp":"2026-10-07T09:42:57.000Z","timestampEpoch":1791366177000,"provider":"Service Control Manager","channel":"System","eventId":7036,"level":"Information","computer":"CONTOSO-PC01","message":"The Microsoft Edge Update service entered the running state.","eventData":[{"name":"Data","value":"The Microsoft Edge Update service entered the running state."}],"rawXml":"<Event><System><Provider Name=\"Service Control Manager\"/><EventID>7036</EventID><EventRecordID>92023</EventRecordID><TimeCreated SystemTime=\"2026-10-07T09:42:57.000Z\"/><Channel>System</Channel><Computer>CONTOSO-PC01</Computer></System><EventData><Data>The Microsoft Edge Update service entered the running state.</Data></EventData></Event>","sourceLabel":"C:\\Fixture\\EventLogs\\System.evtx","originKind":"event","task":null,"opcode":null,"processId":null,"threadId":null,"userSid":null,"keywords":null,"mapped":[]},{"id":1270,"eventRecordId":92026,"eventRecordIdText":"92026","timestamp":"2026-10-07T09:43:45.000Z","timestampEpoch":1791366225000,"provider":"Microsoft-Windows-DNS-Client","channel":"System","eventId":1014,"level":"Warning","computer":"CONTOSO-PC01","message":"Name resolution for the name contoso.sharepoint.com timed out after none of the configured DNS servers responded.","eventData":[{"name":"Data","value":"Name resolution for the name contoso.sharepoint.com timed out after none of the configured DNS servers responded."}],"rawXml":"<Event><System><Provider Name=\"Microsoft-Windows-DNS-Client\"/><EventID>1014</EventID><EventRecordID>92026</EventRecordID><TimeCreated SystemTime=\"2026-10-07T09:43:45.000Z\"/><Channel>System</Channel><Computer>CONTOSO-PC01</Computer></System><EventData><Data>Name resolution for the name contoso.sharepoint.com timed out after none of the configured DNS servers responded.</Data></EventData></Event>","sourceLabel":"C:\\Fixture\\EventLogs\\System.evtx","originKind":"event","task":null,"opcode":null,"processId":null,"threadId":null,"userSid":null,"keywords":null,"mapped":[]},{"id":1271,"eventRecordId":92029,"eventRecordIdText":"92029","timestamp":"2026-10-07T09:44:18.000Z","timestampEpoch":1791366258000,"provider":"Microsoft-Windows-DNS-Client","channel":"System","eventId":1014,"level":"Warning","computer":"CONTOSO-PC01","message":"Name resolution for the name enterpriseregistration.windows.net timed out after none of the configured DNS servers responded.","eventData":[{"name":"Data","value":"Name resolution for the name enterpriseregistration.windows.net timed out after none of the configured DNS servers responded."}],"rawXml":"<Event><System><Provider Name=\"Microsoft-Windows-DNS-Client\"/><EventID>1014</EventID><EventRecordID>92029</EventRecordID><TimeCreated SystemTime=\"2026-10-07T09:44:18.000Z\"/><Channel>System</Channel><Computer>CONTOSO-PC01</Computer></System><EventData><Data>Name resolution for the name enterpriseregistration.windows.net timed out after none of the configured DNS servers responded.</Data></EventData></Event>","sourceLabel":"C:\\Fixture\\EventLogs\\System.evtx","originKind":"event","task":null,"opcode":null,"processId":null,"threadId":null,"userSid":null,"keywords":null,"mapped":[]},{"id":1272,"eventRecordId":92032,"eventRecordIdText":"92032","timestamp":"2026-10-07T09:44:20.000Z","timestampEpoch":1791366260000,"provider":"Service Control Manager","channel":"System","eventId":7031,"level":"Warning","computer":"CONTOSO-PC01","message":"The Contoso Update Service service terminated unexpectedly. It has done this 1 time(s).","eventData":[{"name":"Data","value":"The Contoso Update Service service terminated unexpectedly. It has done this 1 time(s)."}],"rawXml":"<Event><System><Provider Name=\"Service Control Manager\"/><EventID>7031</EventID><EventRecordID>92032</EventRecordID><TimeCreated SystemTime=\"2026-10-07T09:44:20.000Z\"/><Channel>System</Channel><Computer>CONTOSO-PC01</Computer></System><EventData><Data>The Contoso Update Service service terminated unexpectedly. It has done this 1 time(s).</Data></EventData></Event>","sourceLabel":"C:\\Fixture\\EventLogs\\System.evtx","originKind":"event","task":null,"opcode":null,"processId":null,"threadId":null,"userSid":null,"keywords":null,"mapped":[]},{"id":1273,"eventRecordId":92035,"eventRecordIdText":"92035","timestamp":"2026-10-07T09:44:25.000Z","timestampEpoch":1791366265000,"provider":"Service Control Manager","channel":"System","eventId":7036,"level":"Information","computer":"CONTOSO-PC01","message":"The Intune Management Extension service entered the running state.","eventData":[{"name":"Data","value":"The Intune Management Extension service entered the running state."}],"rawXml":"<Event><System><Provider Name=\"Service Control Manager\"/><EventID>7036</EventID><EventRecordID>92035</EventRecordID><TimeCreated SystemTime=\"2026-10-07T09:44:25.000Z\"/><Channel>System</Channel><Computer>CONTOSO-PC01</Computer></System><EventData><Data>The Intune Management Extension service entered the running state.</Data></EventData></Event>","sourceLabel":"C:\\Fixture\\EventLogs\\System.evtx","originKind":"event","task":null,"opcode":null,"processId":null,"threadId":null,"userSid":null,"keywords":null,"mapped":[]},{"id":1274,"eventRecordId":92038,"eventRecordIdText":"92038","timestamp":"2026-10-07T09:44:49.000Z","timestampEpoch":1791366289000,"provider":"Microsoft-Windows-DNS-Client","channel":"System","eventId":1014,"level":"Warning","computer":"CONTOSO-PC01","message":"Name resolution for the name login.microsoftonline.com timed out after none of the configured DNS servers responded.","eventData":[{"name":"Data","value":"Name resolution for the name login.microsoftonline.com timed out after none of the configured DNS servers responded."}],"rawXml":"<Event><System><Provider Name=\"Microsoft-Windows-DNS-Client\"/><EventID>1014</EventID><EventRecordID>92038</EventRecordID><TimeCreated SystemTime=\"2026-10-07T09:44:49.000Z\"/><Channel>System</Channel><Computer>CONTOSO-PC01</Computer></System><EventData><Data>Name resolution for the name login.microsoftonline.com timed out after none of the configured DNS servers responded.</Data></EventData></Event>","sourceLabel":"C:\\Fixture\\EventLogs\\System.evtx","originKind":"event","task":null,"opcode":null,"processId":null,"threadId":null,"userSid":null,"keywords":null,"mapped":[]},{"id":1275,"eventRecordId":92041,"eventRecordIdText":"92041","timestamp":"2026-10-07T09:45:02.000Z","timestampEpoch":1791366302000,"provider":"Microsoft-Windows-Kernel-General","channel":"System","eventId":16,"level":"Information","computer":"CONTOSO-PC01","message":"The access history in hive \\??\\C:\\Users\\user01\\NTUSER.DAT was cleared.","eventData":[{"name":"Data","value":"The access history in hive \\??\\C:\\Users\\user01\\NTUSER.DAT was cleared."}],"rawXml":"<Event><System><Provider Name=\"Microsoft-Windows-Kernel-General\"/><EventID>16</EventID><EventRecordID>92041</EventRecordID><TimeCreated SystemTime=\"2026-10-07T09:45:02.000Z\"/><Channel>System</Channel><Computer>CONTOSO-PC01</Computer></System><EventData><Data>The access history in hive \\??\\C:\\Users\\user01\\NTUSER.DAT was cleared.</Data></EventData></Event>","sourceLabel":"C:\\Fixture\\EventLogs\\System.evtx","originKind":"event","task":null,"opcode":null,"processId":null,"threadId":null,"userSid":null,"keywords":null,"mapped":[]},{"id":1276,"eventRecordId":92044,"eventRecordIdText":"92044","timestamp":"2026-10-07T09:48:55.000Z","timestampEpoch":1791366535000,"provider":"Microsoft-Windows-AAD","channel":"Microsoft-Windows-AAD/Operational","eventId":1097,"level":"Warning","computer":"CONTOSO-PC01","message":"Http request status: 400. Method: POST.","eventData":[{"name":"Data","value":"Http request status: 400. Method: POST."}],"rawXml":"<Event><System><Provider Name=\"Microsoft-Windows-AAD\"/><EventID>1097</EventID><EventRecordID>92044</EventRecordID><TimeCreated SystemTime=\"2026-10-07T09:48:55.000Z\"/><Channel>Microsoft-Windows-AAD/Operational</Channel><Computer>CONTOSO-PC01</Computer></System><EventData><Data>Http request status: 400. Method: POST.</Data></EventData></Event>","sourceLabel":"C:\\Fixture\\EventLogs\\AAD-Operational.evtx","originKind":"event","task":null,"opcode":null,"processId":null,"threadId":null,"userSid":null,"keywords":null,"mapped":[]},{"id":1277,"eventRecordId":92047,"eventRecordIdText":"92047","timestamp":"2026-10-07T09:49:04.000Z","timestampEpoch":1791366544000,"provider":"edgeupdate","channel":"Application","eventId":0,"level":"Information","computer":"CONTOSO-PC01","message":"Service started","eventData":[{"name":"Data","value":"Service started"}],"rawXml":"<Event><System><Provider Name=\"edgeupdate\"/><EventID>0</EventID><EventRecordID>92047</EventRecordID><TimeCreated SystemTime=\"2026-10-07T09:49:04.000Z\"/><Channel>Application</Channel><Computer>CONTOSO-PC01</Computer></System><EventData><Data>Service started</Data></EventData></Event>","sourceLabel":"C:\\Fixture\\EventLogs\\Application.evtx","originKind":"event","task":null,"opcode":null,"processId":null,"threadId":null,"userSid":null,"keywords":null,"mapped":[]},{"id":1278,"eventRecordId":92050,"eventRecordIdText":"92050","timestamp":"2026-10-07T09:49:20.000Z","timestampEpoch":1791366560000,"provider":"edgeupdate","channel":"Application","eventId":0,"level":"Information","computer":"CONTOSO-PC01","message":"Service started","eventData":[{"name":"Data","value":"Service started"}],"rawXml":"<Event><System><Provider Name=\"edgeupdate\"/><EventID>0</EventID><EventRecordID>92050</EventRecordID><TimeCreated SystemTime=\"2026-10-07T09:49:20.000Z\"/><Channel>Application</Channel><Computer>CONTOSO-PC01</Computer></System><EventData><Data>Service started</Data></EventData></Event>","sourceLabel":"C:\\Fixture\\EventLogs\\Application.evtx","originKind":"event","task":null,"opcode":null,"processId":null,"threadId":null,"userSid":null,"keywords":null,"mapped":[]},{"id":1279,"eventRecordId":92053,"eventRecordIdText":"92053","timestamp":"2026-10-07T09:49:21.000Z","timestampEpoch":1791366561000,"provider":"Microsoft-Windows-DistributedCOM","channel":"System","eventId":10016,"level":"Warning","computer":"CONTOSO-PC01","message":"The application-specific permission settings do not grant Local Activation permission for the COM Server application.","eventData":[{"name":"Data","value":"The application-specific permission settings do not grant Local Activation permission for the COM Server application."}],"rawXml":"<Event><System><Provider Name=\"Microsoft-Windows-DistributedCOM\"/><EventID>10016</EventID><EventRecordID>92053</EventRecordID><TimeCreated SystemTime=\"2026-10-07T09:49:21.000Z\"/><Channel>System</Channel><Computer>CONTOSO-PC01</Computer></System><EventData><Data>The application-specific permission settings do not grant Local Activation permission for the COM Server application.</Data></EventData></Event>","sourceLabel":"C:\\Fixture\\EventLogs\\System.evtx","originKind":"event","task":null,"opcode":null,"processId":null,"threadId":null,"userSid":null,"keywords":null,"mapped":[]},{"id":1280,"eventRecordId":92056,"eventRecordIdText":"92056","timestamp":"2026-10-07T09:50:30.000Z","timestampEpoch":1791366630000,"provider":"Microsoft-Windows-DNS-Client","channel":"System","eventId":1014,"level":"Warning","computer":"CONTOSO-PC01","message":"Name resolution for the name enterpriseregistration.windows.net timed out after none of the configured DNS servers responded.","eventData":[{"name":"Data","value":"Name resolution for the name enterpriseregistration.windows.net timed out after none of the configured DNS servers responded."}],"rawXml":"<Event><System><Provider Name=\"Microsoft-Windows-DNS-Client\"/><EventID>1014</EventID><EventRecordID>92056</EventRecordID><TimeCreated SystemTime=\"2026-10-07T09:50:30.000Z\"/><Channel>System</Channel><Computer>CONTOSO-PC01</Computer></System><EventData><Data>Name resolution for the name enterpriseregistration.windows.net timed out after none of the configured DNS servers responded.</Data></EventData></Event>","sourceLabel":"C:\\Fixture\\EventLogs\\System.evtx","originKind":"event","task":null,"opcode":null,"processId":null,"threadId":null,"userSid":null,"keywords":null,"mapped":[]},{"id":1281,"eventRecordId":92059,"eventRecordIdText":"92059","timestamp":"2026-10-07T09:50:45.000Z","timestampEpoch":1791366645000,"provider":"Microsoft-Windows-Security-SPP","channel":"Application","eventId":16384,"level":"Information","computer":"CONTOSO-PC01","message":"Successfully scheduled Software Protection service for re-start.","eventData":[{"name":"Data","value":"Successfully scheduled Software Protection service for re-start."}],"rawXml":"<Event><System><Provider Name=\"Microsoft-Windows-Security-SPP\"/><EventID>16384</EventID><EventRecordID>92059</EventRecordID><TimeCreated SystemTime=\"2026-10-07T09:50:45.000Z\"/><Channel>Application</Channel><Computer>CONTOSO-PC01</Computer></System><EventData><Data>Successfully scheduled Software Protection service for re-start.</Data></EventData></Event>","sourceLabel":"C:\\Fixture\\EventLogs\\Application.evtx","originKind":"event","task":null,"opcode":null,"processId":null,"threadId":null,"userSid":null,"keywords":null,"mapped":[]},{"id":1282,"eventRecordId":92062,"eventRecordIdText":"92062","timestamp":"2026-10-07T09:51:02.000Z","timestampEpoch":1791366662000,"provider":"Microsoft-Windows-AAD","channel":"Microsoft-Windows-AAD/Operational","eventId":1098,"level":"Warning","computer":"CONTOSO-PC01","message":"Token broker operation failed.","eventData":[{"name":"Data","value":"Token broker operation failed."}],"rawXml":"<Event><System><Provider Name=\"Microsoft-Windows-AAD\"/><EventID>1098</EventID><EventRecordID>92062</EventRecordID><TimeCreated SystemTime=\"2026-10-07T09:51:02.000Z\"/><Channel>Microsoft-Windows-AAD/Operational</Channel><Computer>CONTOSO-PC01</Computer></System><EventData><Data>Token broker operation failed.</Data></EventData></Event>","sourceLabel":"C:\\Fixture\\EventLogs\\AAD-Operational.evtx","originKind":"event","task":null,"opcode":null,"processId":null,"threadId":null,"userSid":null,"keywords":null,"mapped":[]},{"id":1283,"eventRecordId":92065,"eventRecordIdText":"92065","timestamp":"2026-10-07T09:52:01.000Z","timestampEpoch":1791366721000,"provider":"Microsoft-Windows-AAD","channel":"Microsoft-Windows-AAD/Operational","eventId":1098,"level":"Warning","computer":"CONTOSO-PC01","message":"Token broker operation failed.","eventData":[{"name":"Data","value":"Token broker operation failed."}],"rawXml":"<Event><System><Provider Name=\"Microsoft-Windows-AAD\"/><EventID>1098</EventID><EventRecordID>92065</EventRecordID><TimeCreated SystemTime=\"2026-10-07T09:52:01.000Z\"/><Channel>Microsoft-Windows-AAD/Operational</Channel><Computer>CONTOSO-PC01</Computer></System><EventData><Data>Token broker operation failed.</Data></EventData></Event>","sourceLabel":"C:\\Fixture\\EventLogs\\AAD-Operational.evtx","originKind":"event","task":null,"opcode":null,"processId":null,"threadId":null,"userSid":null,"keywords":null,"mapped":[]},{"id":1284,"eventRecordId":92068,"eventRecordIdText":"92068","timestamp":"2026-10-07T09:52:53.000Z","timestampEpoch":1791366773000,"provider":"Microsoft-Windows-AAD","channel":"Microsoft-Windows-AAD/Operational","eventId":1097,"level":"Warning","computer":"CONTOSO-PC01","message":"Http request status: 400. Method: POST.","eventData":[{"name":"Data","value":"Http request status: 400. Method: POST."}],"rawXml":"<Event><System><Provider Name=\"Microsoft-Windows-AAD\"/><EventID>1097</EventID><EventRecordID>92068</EventRecordID><TimeCreated SystemTime=\"2026-10-07T09:52:53.000Z\"/><Channel>Microsoft-Windows-AAD/Operational</Channel><Computer>CONTOSO-PC01</Computer></System><EventData><Data>Http request status: 400. Method: POST.</Data></EventData></Event>","sourceLabel":"C:\\Fixture\\EventLogs\\AAD-Operational.evtx","originKind":"event","task":null,"opcode":null,"processId":null,"threadId":null,"userSid":null,"keywords":null,"mapped":[]},{"id":1285,"eventRecordId":92071,"eventRecordIdText":"92071","timestamp":"2026-10-07T09:53:22.000Z","timestampEpoch":1791366802000,"provider":"Service Control Manager","channel":"System","eventId":7040,"level":"Information","computer":"CONTOSO-PC01","message":"The start type of the Background Intelligent Transfer Service service was changed from demand start to auto start.","eventData":[{"name":"Data","value":"The start type of the Background Intelligent Transfer Service service was changed from demand start to auto start."}],"rawXml":"<Event><System><Provider Name=\"Service Control Manager\"/><EventID>7040</EventID><EventRecordID>92071</EventRecordID><TimeCreated SystemTime=\"2026-10-07T09:53:22.000Z\"/><Channel>System</Channel><Computer>CONTOSO-PC01</Computer></System><EventData><Data>The start type of the Background Intelligent Transfer Service service was changed from demand start to auto start.</Data></EventData></Event>","sourceLabel":"C:\\Fixture\\EventLogs\\System.evtx","originKind":"event","task":null,"opcode":null,"processId":null,"threadId":null,"userSid":null,"keywords":null,"mapped":[]},{"id":1286,"eventRecordId":92074,"eventRecordIdText":"92074","timestamp":"2026-10-07T09:55:18.000Z","timestampEpoch":1791366918000,"provider":"Microsoft-Windows-Kernel-General","channel":"System","eventId":16,"level":"Information","computer":"CONTOSO-PC01","message":"The access history in hive \\??\\C:\\Users\\user01\\NTUSER.DAT was cleared.","eventData":[{"name":"Data","value":"The access history in hive \\??\\C:\\Users\\user01\\NTUSER.DAT was cleared."}],"rawXml":"<Event><System><Provider Name=\"Microsoft-Windows-Kernel-General\"/><EventID>16</EventID><EventRecordID>92074</EventRecordID><TimeCreated SystemTime=\"2026-10-07T09:55:18.000Z\"/><Channel>System</Channel><Computer>CONTOSO-PC01</Computer></System><EventData><Data>The access history in hive \\??\\C:\\Users\\user01\\NTUSER.DAT was cleared.</Data></EventData></Event>","sourceLabel":"C:\\Fixture\\EventLogs\\System.evtx","originKind":"event","task":null,"opcode":null,"processId":null,"threadId":null,"userSid":null,"keywords":null,"mapped":[]},