{"id":299,"eventRecordId":89113,"eventRecordIdText":"89113","timestamp":"2026-10-06T15:36:14.000Z","timestampEpoch":1791300974000,"provider":"Microsoft-Windows-Security-SPP","channel":"Application","eventId":16384,"level":"Information","computer":"CONTOSO-PC01","message":"Successfully scheduled Software Protection service for re-start.","eventData":[{"name":"Data","value":"Successfully scheduled Software Protection service for re-start."}],"rawXml":"<Event><System><Provider Name=\"Microsoft-Windows-Security-SPP\"/><EventID>16384</EventID><EventRecordID>89113</EventRecordID><TimeCreated SystemTime=\"2026-10-06T15:36:14.000Z\"/><Channel>Application</Channel><Computer>CONTOSO-PC01</Computer></System><EventData><Data>Successfully scheduled Software Protection service for re-start.</Data></EventData></Event>","sourceLabel":"C:\\Fixture\\EventLogs\\Application.evtx","originKind":"event","task":null,"opcode":null,"processId":null,"threadId":null,"userSid":null,"keywords":null,"mapped":[]},{"id":300,"eventRecordId":89116,"eventRecordIdText":"89116","timestamp":"2026-10-06T15:39:49.000Z","timestampEpoch":1791301189000,"provider":"Microsoft-Windows-AAD","channel":"Microsoft-Windows-AAD/Operational","eventId":1098,"level":"Warning","computer":"CONTOSO-PC01","message":"Token broker operation failed.","eventData":[{"name":"Data","value":"Token broker operation failed."}],"rawXml":"<Event><System><Provider Name=\"Microsoft-Windows-AAD\"/><EventID>1098</EventID><EventRecordID>89116</EventRecordID><TimeCreated SystemTime=\"2026-10-06T15:39:49.000Z\"/><Channel>Microsoft-Windows-AAD/Operational</Channel><Computer>CONTOSO-PC01</Computer></System><EventData><Data>Token broker operation failed.</Data></EventData></Event>","sourceLabel":"C:\\Fixture\\EventLogs\\AAD-Operational.evtx","originKind":"event","task":null,"opcode":null,"processId":null,"threadId":null,"userSid":null,"keywords":null,"mapped":[]},{"id":301,"eventRecordId":89119,"eventRecordIdText":"89119","timestamp":"2026-10-06T15:40:34.000Z","timestampEpoch":1791301234000,"provider":"Microsoft-Windows-DistributedCOM","channel":"System","eventId":10016,"level":"Warning","computer":"CONTOSO-PC01","message":"The application-specific permission settings do not grant Local Activation permission for the COM Server application.","eventData":[{"name":"Data","value":"The application-specific permission settings do not grant Local Activation permission for the COM Server application."}],"rawXml":"<Event><System><Provider Name=\"Microsoft-Windows-DistributedCOM\"/><EventID>10016</EventID><EventRecordID>89119</EventRecordID><TimeCreated SystemTime=\"2026-10-06T15:40:34.000Z\"/><Channel>System</Channel><Computer>CONTOSO-PC01</Computer></System><EventData><Data>The application-specific permission settings do not grant Local Activation permission for the COM Server application.</Data></EventData></Event>","sourceLabel":"C:\\Fixture\\EventLogs\\System.evtx","originKind":"event","task":null,"opcode":null,"processId":null,"threadId":null,"userSid":null,"keywords":null,"mapped":[]},{"id":302,"eventRecordId":89122,"eventRecordIdText":"89122","timestamp":"2026-10-06T15:41:22.000Z","timestampEpoch":1791301282000,"provider":"Service Control Manager","channel":"System","eventId":7036,"level":"Information","computer":"CONTOSO-PC01","message":"The Background Intelligent Transfer Service service entered the stopped state.","eventData":[{"name":"Data","value":"The Background Intelligent Transfer Service service entered the stopped state."}],"rawXml":"<Event><System><Provider Name=\"Service Control Manager\"/><EventID>7036</EventID><EventRecordID>89122</EventRecordID><TimeCreated SystemTime=\"2026-10-06T15:41:22.000Z\"/><Channel>System</Channel><Computer>CONTOSO-PC01</Computer></System><EventData><Data>The Background Intelligent Transfer Service service entered the stopped state.</Data></EventData></Event>","sourceLabel":"C:\\Fixture\\EventLogs\\System.evtx","originKind":"event","task":null,"opcode":null,"processId":null,"threadId":null,"userSid":null,"keywords":null,"mapped":[]},{"id":303,"eventRecordId":89125,"eventRecordIdText":"89125","timestamp":"2026-10-06T15:41:42.000Z","timestampEpoch":1791301302000,"provider":"Microsoft-Windows-AAD","channel":"Microsoft-Windows-AAD/Operational","eventId":1104,"level":"Information","computer":"CONTOSO-PC01","message":"AAD Cloud AP plugin call Plugin initialize returned success.","eventData":[{"name":"Data","value":"AAD Cloud AP plugin call Plugin initialize returned success."}],"rawXml":"<Event><System><Provider Name=\"Microsoft-Windows-AAD\"/><EventID>1104</EventID><EventRecordID>89125</EventRecordID><TimeCreated SystemTime=\"2026-10-06T15:41:42.000Z\"/><Channel>Microsoft-Windows-AAD/Operational</Channel><Computer>CONTOSO-PC01</Computer></System><EventData><Data>AAD Cloud AP plugin call Plugin initialize returned success.</Data></EventData></Event>","sourceLabel":"C:\\Fixture\\EventLogs\\AAD-Operational.evtx","originKind":"event","task":null,"opcode":null,"processId":null,"threadId":null,"userSid":null,"keywords":null,"mapped":[]},{"id":304,"eventRecordId":89128,"eventRecordIdText":"89128","timestamp":"2026-10-06T15:42:34.000Z","timestampEpoch":1791301354000,"provider":"Microsoft-Windows-DistributedCOM","channel":"System","eventId":10016,"level":"Warning","computer":"CONTOSO-PC01","message":"The application-specific permission settings do not grant Local Activation permission for the COM Server application.","eventData":[{"name":"Data","value":"The application-specific permission settings do not grant Local Activation permission for the COM Server application."}],"rawXml":"<Event><System><Provider Name=\"Microsoft-Windows-DistributedCOM\"/><EventID>10016</EventID><EventRecordID>89128</EventRecordID><TimeCreated SystemTime=\"2026-10-06T15:42:34.000Z\"/><Channel>System</Channel><Computer>CONTOSO-PC01</Computer></System><EventData><Data>The application-specific permission settings do not grant Local Activation permission for the COM Server application.</Data></EventData></Event>","sourceLabel":"C:\\Fixture\\EventLogs\\System.evtx","originKind":"event","task":null,"opcode":null,"processId":null,"threadId":null,"userSid":null,"keywords":null,"mapped":[]},{"id":305,"eventRecordId":89131,"eventRecordIdText":"89131","timestamp":"2026-10-06T15:43:23.000Z","timestampEpoch":1791301403000,"provider":"Microsoft-Windows-DeviceManagement-Enterprise-Diagnostics-Provider","channel":"Microsoft-Windows-DeviceManagement-Enterprise-Diagnostics-Provider/Admin","eventId":404,"level":"Error","computer":"CONTOSO-PC01","message":"MDM ConfigurationManager: Command failure status. Configuration Source: (MDM).","eventData":[{"name":"Data","value":"MDM ConfigurationManager: Command failure status. Configuration Source: (MDM)."}],"rawXml":"<Event><System><Provider Name=\"Microsoft-Windows-DeviceManagement-Enterprise-Diagnostics-Provider\"/><EventID>404</EventID><EventRecordID>89131</EventRecordID><TimeCreated SystemTime=\"2026-10-06T15:43:23.000Z\"/><Channel>Microsoft-Windows-DeviceManagement-Enterprise-Diagnostics-Provider/Admin</Channel><Computer>CONTOSO-PC01</Computer></System><EventData><Data>MDM ConfigurationManager: Command failure status. Configuration Source: (MDM).</Data></EventData></Event>","sourceLabel":"C:\\Fixture\\EventLogs\\DeviceManagement-Admin.evtx","originKind":"event","task":null,"opcode":null,"processId":null,"threadId":null,"userSid":null,"keywords":null,"mapped":[]},{"id":306,"eventRecordId":89134,"eventRecordIdText":"89134","timestamp":"2026-10-06T15:43:41.000Z","timestampEpoch":1791301421000,"provider":"Service Control Manager","channel":"System","eventId":7036,"level":"Information","computer":"CONTOSO-PC01","message":"The WinHTTP Web Proxy Auto-Discovery service entered the stopped state.","eventData":[{"name":"Data","value":"The WinHTTP Web Proxy Auto-Discovery service entered the stopped state."}],"rawXml":"<Event><System><Provider Name=\"Service Control Manager\"/><EventID>7036</EventID><EventRecordID>89134</EventRecordID><TimeCreated SystemTime=\"2026-10-06T15:43:41.000Z\"/><Channel>System</Channel><Computer>CONTOSO-PC01</Computer></System><EventData><Data>The WinHTTP Web Proxy Auto-Discovery service entered the stopped state.</Data></EventData></Event>","sourceLabel":"C:\\Fixture\\EventLogs\\System.evtx","originKind":"event","task":null,"opcode":null,"processId":null,"threadId":null,"userSid":null,"keywords":null,"mapped":[]},{"id":307,"eventRecordId":89137,"eventRecordIdText":"89137","timestamp":"2026-10-06T15:43:52.000Z","timestampEpoch":1791301432000,"provider":"edgeupdate","channel":"Application","eventId":0,"level":"Information","computer":"CONTOSO-PC01","message":"Service started","eventData":[{"name":"Data","value":"Service started"}],"rawXml":"<Event><System><Provider Name=\"edgeupdate\"/><EventID>0</EventID><EventRecordID>89137</EventRecordID><TimeCreated SystemTime=\"2026-10-06T15:43:52.000Z\"/><Channel>Application</Channel><Computer>CONTOSO-PC01</Computer></System><EventData><Data>Service started</Data></EventData></Event>","sourceLabel":"C:\\Fixture\\EventLogs\\Application.evtx","originKind":"event","task":null,"opcode":null,"processId":null,"threadId":null,"userSid":null,"keywords":null,"mapped":[]},{"id":308,"eventRecordId":89140,"eventRecordIdText":"89140","timestamp":"2026-10-06T15:44:01.000Z","timestampEpoch":1791301441000,"provider":"Microsoft-Windows-Security-SPP","channel":"Application","eventId":16384,"level":"Information","computer":"CONTOSO-PC01","message":"Successfully scheduled Software Protection service for re-start.","eventData":[{"name":"Data","value":"Successfully scheduled Software Protection service for re-start."}],"rawXml":"<Event><System><Provider Name=\"Microsoft-Windows-Security-SPP\"/><EventID>16384</EventID><EventRecordID>89140</EventRecordID><TimeCreated SystemTime=\"2026-10-06T15:44:01.000Z\"/><Channel>Application</Channel><Computer>CONTOSO-PC01</Computer></System><EventData><Data>Successfully scheduled Software Protection service for re-start.</Data></EventData></Event>","sourceLabel":"C:\\Fixture\\EventLogs\\Application.evtx","originKind":"event","task":null,"opcode":null,"processId":null,"threadId":null,"userSid":null,"keywords":null,"mapped":[]},{"id":309,"eventRecordId":89143,"eventRecordIdText":"89143","timestamp":"2026-10-06T15:44:43.000Z","timestampEpoch":1791301483000,"provider":"Service Control Manager","channel":"System","eventId":7036,"level":"Information","computer":"CONTOSO-PC01","message":"The Background Intelligent Transfer Service service entered the stopped state.","eventData":[{"name":"Data","value":"The Background Intelligent Transfer Service service entered the stopped state."}],"rawXml":"<Event><System><Provider Name=\"Service Control Manager\"/><EventID>7036</EventID><EventRecordID>89143</EventRecordID><TimeCreated SystemTime=\"2026-10-06T15:44:43.000Z\"/><Channel>System</Channel><Computer>CONTOSO-PC01</Computer></System><EventData><Data>The Background Intelligent Transfer Service service entered the stopped state.</Data></EventData></Event>","sourceLabel":"C:\\Fixture\\EventLogs\\System.evtx","originKind":"event","task":null,"opcode":null,"processId":null,"threadId":null,"userSid":null,"keywords":null,"mapped":[]},{"id":310,"eventRecordId":89146,"eventRecordIdText":"89146","timestamp":"2026-10-06T15:46:04.000Z","timestampEpoch":1791301564000,"provider":"edgeupdate","channel":"Application","eventId":0,"level":"Information","computer":"CONTOSO-PC01","message":"Service started","eventData":[{"name":"Data","value":"Service started"}],"rawXml":"<Event><System><Provider Name=\"edgeupdate\"/><EventID>0</EventID><EventRecordID>89146</EventRecordID><TimeCreated SystemTime=\"2026-10-06T15:46:04.000Z\"/><Channel>Application</Channel><Computer>CONTOSO-PC01</Computer></System><EventData><Data>Service started</Data></EventData></Event>","sourceLabel":"C:\\Fixture\\EventLogs\\Application.evtx","originKind":"event","task":null,"opcode":null,"processId":null,"threadId":null,"userSid":null,"keywords":null,"mapped":[]},{"id":311,"eventRecordId":89149,"eventRecordIdText":"89149","timestamp":"2026-10-06T15:49:46.000Z","timestampEpoch":1791301786000,"provider":"Microsoft-Windows-Security-SPP","channel":"Application","eventId":16384,"level":"Information","computer":"CONTOSO-PC01","message":"Successfully scheduled Software Protection service for re-start.","eventData":[{"name":"Data","value":"Successfully scheduled Software Protection service for re-start."}],"rawXml":"<Event><System><Provider Name=\"Microsoft-Windows-Security-SPP\"/><EventID>16384</EventID><EventRecordID>89149</EventRecordID><TimeCreated SystemTime=\"2026-10-06T15:49:46.000Z\"/><Channel>Application</Channel><Computer>CONTOSO-PC01</Computer></System><EventData><Data>Successfully scheduled Software Protection service for re-start.</Data></EventData></Event>","sourceLabel":"C:\\Fixture\\EventLogs\\Application.evtx","originKind":"event","task":null,"opcode":null,"processId":null,"threadId":null,"userSid":null,"keywords":null,"mapped":[]},{"id":312,"eventRecordId":89152,"eventRecordIdText":"89152","timestamp":"2026-10-06T15:50:00.000Z","timestampEpoch":1791301800000,"provider":"Microsoft-Windows-AAD","channel":"Microsoft-Windows-AAD/Operational","eventId":1081,"level":"Information","computer":"CONTOSO-PC01","message":"OAuth response received for resource https://enrollment.manage.microsoft.com/.","eventData":[{"name":"Data","value":"OAuth response received for resource https://enrollment.manage.microsoft.com/."}],"rawXml":"<Event><System><Provider Name=\"Microsoft-Windows-AAD\"/><EventID>1081</EventID><EventRecordID>89152</EventRecordID><TimeCreated SystemTime=\"2026-10-06T15:50:00.000Z\"/><Channel>Microsoft-Windows-AAD/Operational</Channel><Computer>CONTOSO-PC01</Computer></System><EventData><Data>OAuth response received for resource https://enrollment.manage.microsoft.com/.</Data></EventData></Event>","sourceLabel":"C:\\Fixture\\EventLogs\\AAD-Operational.evtx","originKind":"event","task":null,"opcode":null,"processId":null,"threadId":null,"userSid":null,"keywords":null,"mapped":[]},{"id":313,"eventRecordId":89155,"eventRecordIdText":"89155","timestamp":"2026-10-06T15:50:53.000Z","timestampEpoch":1791301853000,"provider":"Microsoft-Windows-Security-SPP","channel":"Application","eventId":16384,"level":"Information","computer":"CONTOSO-PC01","message":"Successfully scheduled Software Protection service for re-start.","eventData":[{"name":"Data","value":"Successfully scheduled Software Protection service for re-start."}],"rawXml":"<Event><System><Provider Name=\"Microsoft-Windows-Security-SPP\"/><EventID>16384</EventID><EventRecordID>89155</EventRecordID><TimeCreated SystemTime=\"2026-10-06T15:50:53.000Z\"/><Channel>Application</Channel><Computer>CONTOSO-PC01</Computer></System><EventData><Data>Successfully scheduled Software Protection service for re-start.</Data></EventData></Event>","sourceLabel":"C:\\Fixture\\EventLogs\\Application.evtx","originKind":"event","task":null,"opcode":null,"processId":null,"threadId":null,"userSid":null,"keywords":null,"mapped":[]},{"id":314,"eventRecordId":89158,"eventRecordIdText":"89158","timestamp":"2026-10-06T15:51:03.000Z","timestampEpoch":1791301863000,"provider":"edgeupdate","channel":"Application","eventId":0,"level":"Information","computer":"CONTOSO-PC01","message":"Service started","eventData":[{"name":"Data","value":"Service started"}],"rawXml":"<Event><System><Provider Name=\"edgeupdate\"/><EventID>0</EventID><EventRecordID>89158</EventRecordID><TimeCreated SystemTime=\"2026-10-06T15:51:03.000Z\"/><Channel>Application</Channel><Computer>CONTOSO-PC01</Computer></System><EventData><Data>Service started</Data></EventData></Event>","sourceLabel":"C:\\Fixture\\EventLogs\\Application.evtx","originKind":"event","task":null,"opcode":null,"processId":null,"threadId":null,"userSid":null,"keywords":null,"mapped":[]},{"id":315,"eventRecordId":89161,"eventRecordIdText":"89161","timestamp":"2026-10-06T15:52:29.000Z","timestampEpoch":1791301949000,"provider":"Microsoft-Windows-Kernel-General","channel":"System","eventId":16,"level":"Information","computer":"CONTOSO-PC01","message":"The access history in hive \\??\\C:\\Users\\user01\\NTUSER.DAT was cleared.","eventData":[{"name":"Data","value":"The access history in hive \\??\\C:\\Users\\user01\\NTUSER.DAT was cleared."}],"rawXml":"<Event><System><Provider Name=\"Microsoft-Windows-Kernel-General\"/><EventID>16</EventID><EventRecordID>89161</EventRecordID><TimeCreated SystemTime=\"2026-10-06T15:52:29.000Z\"/><Channel>System</Channel><Computer>CONTOSO-PC01</Computer></System><EventData><Data>The access history in hive \\??\\C:\\Users\\user01\\NTUSER.DAT was cleared.</Data></EventData></Event>","sourceLabel":"C:\\Fixture\\EventLogs\\System.evtx","originKind":"event","task":null,"opcode":null,"processId":null,"threadId":null,"userSid":null,"keywords":null,"mapped":[]},{"id":316,"eventRecordId":89164,"eventRecordIdText":"89164","timestamp":"2026-10-06T15:53:09.000Z","timestampEpoch":1791301989000,"provider":"Microsoft-Windows-Security-SPP","channel":"Application","eventId":16384,"level":"Information","computer":"CONTOSO-PC01","message":"Successfully scheduled Software Protection service for re-start.","eventData":[{"name":"Data","value":"Successfully scheduled Software Protection service for re-start."}],"rawXml":"<Event><System><Provider Name=\"Microsoft-Windows-Security-SPP\"/><EventID>16384</EventID><EventRecordID>89164</EventRecordID><TimeCreated SystemTime=\"2026-10-06T15:53:09.000Z\"/><Channel>Application</Channel><Computer>CONTOSO-PC01</Computer></System><EventData><Data>Successfully scheduled Software Protection service for re-start.</Data></EventData></Event>","sourceLabel":"C:\\Fixture\\EventLogs\\Application.evtx","originKind":"event","task":null,"opcode":null,"processId":null,"threadId":null,"userSid":null,"keywords":null,"mapped":[]},{"id":317,"eventRecordId":89167,"eventRecordIdText":"89167","timestamp":"2026-10-06T15:53:20.000Z","timestampEpoch":1791302000000,"provider":"Microsoft-Windows-DeviceManagement-Enterprise-Diagnostics-Provider","channel":"Microsoft-Windows-DeviceManagement-Enterprise-Diagnostics-Provider/Admin","eventId":72,"level":"Information","computer":"CONTOSO-PC01","message":"MDM Enroll: auto-enrollment triggered by policy","eventData":[{"name":"Data","value":"MDM Enroll: auto-enrollment triggered by policy"}],"rawXml":"<Event><System><Provider Name=\"Microsoft-Windows-DeviceManagement-Enterprise-Diagnostics-Provider\"/><EventID>72</EventID><EventRecordID>89167</EventRecordID><TimeCreated SystemTime=\"2026-10-06T15:53:20.000Z\"/><Channel>Microsoft-Windows-DeviceManagement-Enterprise-Diagnostics-Provider/Admin</Channel><Computer>CONTOSO-PC01</Computer></System><EventData><Data>MDM Enroll: auto-enrollment triggered by policy</Data></EventData></Event>","sourceLabel":"C:\\Fixture\\EventLogs\\DeviceManagement-Admin.evtx","originKind":"event","task":null,"opcode":null,"processId":null,"threadId":null,"userSid":null,"keywords":null,"mapped":[]},{"id":318,"eventRecordId":89170,"eventRecordIdText":"89170","timestamp":"2026-10-06T15:56:37.000Z","timestampEpoch":1791302197000,"provider":"Microsoft-Windows-Kernel-General","channel":"System","eventId":16,"level":"Information","computer":"CONTOSO-PC01","message":"The access history in hive \\??\\C:\\Users\\user01\\NTUSER.DAT was cleared.","eventData":[{"name":"Data","value":"The access history in hive \\??\\C:\\Users\\user01\\NTUSER.DAT was cleared."}],"rawXml":"<Event><System><Provider Name=\"Microsoft-Windows-Kernel-General\"/><EventID>16</EventID><EventRecordID>89170</EventRecordID><TimeCreated SystemTime=\"2026-10-06T15:56:37.000Z\"/><Channel>System</Channel><Computer>CONTOSO-PC01</Computer></System><EventData><Data>The access history in hive \\??\\C:\\Users\\user01\\NTUSER.DAT was cleared.</Data></EventData></Event>","sourceLabel":"C:\\Fixture\\EventLogs\\System.evtx","originKind":"event","task":null,"opcode":null,"processId":null,"threadId":null,"userSid":null,"keywords":null,"mapped":[]},{"id":319,"eventRecordId":89173,"eventRecordIdText":"89173","timestamp":"2026-10-06T15:57:21.000Z","timestampEpoch":1791302241000,"provider":"Service Control Manager","channel":"System","eventId":7031,"level":"Warning","computer":"CONTOSO-PC01","message":"The Contoso Update Service service terminated unexpectedly. It has done this 1 time(s).","eventData":[{"name":"Data","value":"The Contoso Update Service service terminated unexpectedly. It has done this 1 time(s)."}],"rawXml":"<Event><System><Provider Name=\"Service Control Manager\"/><EventID>7031</EventID><EventRecordID>89173</EventRecordID><TimeCreated SystemTime=\"2026-10-06T15:57:21.000Z\"/><Channel>System</Channel><Computer>CONTOSO-PC01</Computer></System><EventData><Data>The Contoso Update Service service terminated unexpectedly. It has done this 1 time(s).</Data></EventData></Event>","sourceLabel":"C:\\Fixture\\EventLogs\\System.evtx","originKind":"event","task":null,"opcode":null,"processId":null,"threadId":null,"userSid":null,"keywords":null,"mapped":[]},{"id":320,"eventRecordId":89176,"eventRecordIdText":"89176","timestamp":"2026-10-06T15:57:50.000Z","timestampEpoch":1791302270000,"provider":"Microsoft-Windows-AAD","channel":"Microsoft-Windows-AAD/Operational","eventId":1104,"level":"Information","computer":"CONTOSO-PC01","message":"AAD Cloud AP plugin call Plugin initialize returned success.","eventData":[{"name":"Data","value":"AAD Cloud AP plugin call Plugin initialize returned success."}],"rawXml":"<Event><System><Provider Name=\"Microsoft-Windows-AAD\"/><EventID>1104</EventID><EventRecordID>89176</EventRecordID><TimeCreated SystemTime=\"2026-10-06T15:57:50.000Z\"/><Channel>Microsoft-Windows-AAD/Operational</Channel><Computer>CONTOSO-PC01</Computer></System><EventData><Data>AAD Cloud AP plugin call Plugin initialize returned success.</Data></EventData></Event>","sourceLabel":"C:\\Fixture\\EventLogs\\AAD-Operational.evtx","originKind":"event","task":null,"opcode":null,"processId":null,"threadId":null,"userSid":null,"keywords":null,"mapped":[]},{"id":321,"eventRecordId":89179,"eventRecordIdText":"89179","timestamp":"2026-10-06T15:58:08.000Z","timestampEpoch":1791302288000,"provider":"Microsoft-Windows-AAD","channel":"Microsoft-Windows-AAD/Operational","eventId":1104,"level":"Information","computer":"CONTOSO-PC01","message":"AAD Cloud AP plugin call Plugin initialize returned success.","eventData":[{"name":"Data","value":"AAD Cloud AP plugin call Plugin initialize returned success."}],"rawXml":"<Event><System><Provider Name=\"Microsoft-Windows-AAD\"/><EventID>1104</EventID><EventRecordID>89179</EventRecordID><TimeCreated SystemTime=\"2026-10-06T15:58:08.000Z\"/><Channel>Microsoft-Windows-AAD/Operational</Channel><Computer>CONTOSO-PC01</Computer></System><EventData><Data>AAD Cloud AP plugin call Plugin initialize returned success.</Data></EventData></Event>","sourceLabel":"C:\\Fixture\\EventLogs\\AAD-Operational.evtx","originKind":"event","task":null,"opcode":null,"processId":null,"threadId":null,"userSid":null,"keywords":null,"mapped":[]},{"id":322,"eventRecordId":89182,"eventRecordIdText":"89182","timestamp":"2026-10-06T15:58:28.000Z","timestampEpoch":1791302308000,"provider":"Service Control Manager","channel":"System","eventId":7036,"level":"Information","computer":"CONTOSO-PC01","message":"The Delivery Optimization service entered the stopped state.","eventData":[{"name":"Data","value":"The Delivery Optimization service entered the stopped state."}],"rawXml":"<Event><System><Provider Name=\"Service Control Manager\"/><EventID>7036</EventID><EventRecordID>89182</EventRecordID><TimeCreated SystemTime=\"2026-10-06T15:58:28.000Z\"/><Channel>System</Channel><Computer>CONTOSO-PC01</Computer></System><EventData><Data>The Delivery Optimization service entered the stopped state.</Data></EventData></Event>","sourceLabel":"C:\\Fixture\\EventLogs\\System.evtx","originKind":"event","task":null,"opcode":null,"processId":null,"threadId":null,"userSid":null,"keywords":null,"mapped":[]},{"id":323,"eventRecordId":89185,"eventRecordIdText":"89185","timestamp":"2026-10-06T15:59:26.000Z","timestampEpoch":1791302366000,"provider":"Service Control Manager","channel":"System","eventId":7036,"level":"Information","computer":"CONTOSO-PC01","message":"The Background Intelligent Transfer Service service entered the running state.","eventData":[{"name":"Data","value":"The Background Intelligent Transfer Service service entered the running state."}],"rawXml":"<Event><System><Provider Name=\"Service Control Manager\"/><EventID>7036</EventID><EventRecordID>89185</EventRecordID><TimeCreated SystemTime=\"2026-10-06T15:59:26.000Z\"/><Channel>System</Channel><Computer>CONTOSO-PC01</Computer></System><EventData><Data>The Background Intelligent Transfer Service service entered the running state.</Data></EventData></Event>","sourceLabel":"C:\\Fixture\\EventLogs\\System.evtx","originKind":"event","task":null,"opcode":null,"processId":null,"threadId":null,"userSid":null,"keywords":null,"mapped":[]},{"id":324,"eventRecordId":89188,"eventRecordIdText":"89188","timestamp":"2026-10-06T16:00:45.000Z","timestampEpoch":1791302445000,"provider":"Service Control Manager","channel":"System","eventId":7036,"level":"Information","computer":"CONTOSO-PC01","message":"The Microsoft Edge Update service entered the running state.","eventData":[{"name":"Data","value":"The Microsoft Edge Update service entered the running state."}],"rawXml":"<Event><System><Provider Name=\"Service Control Manager\"/><EventID>7036</EventID><EventRecordID>89188</EventRecordID><TimeCreated SystemTime=\"2026-10-06T16:00:45.000Z\"/><Channel>System</Channel><Computer>CONTOSO-PC01</Computer></System><EventData><Data>The Microsoft Edge Update service entered the running state.</Data></EventData></Event>","sourceLabel":"C:\\Fixture\\EventLogs\\System.evtx","originKind":"event","task":null,"opcode":null,"processId":null,"threadId":null,"userSid":null,"keywords":null,"mapped":[]},{"id":325,"eventRecordId":89191,"eventRecordIdText":"89191","timestamp":"2026-10-06T16:01:50.000Z","timestampEpoch":1791302510000,"provider":"Microsoft-Windows-User Profiles Service","channel":"Application","eventId":1530,"level":"Warning","computer":"CONTOSO-PC01","message":"Windows detected your registry file is still in use by other applications or services.","eventData":[{"name":"Data","value":"Windows detected your registry file is still in use by other applications or services."}],"rawXml":"<Event><System><Provider Name=\"Microsoft-Windows-User Profiles Service\"/><EventID>1530</EventID><EventRecordID>89191</EventRecordID><TimeCreated SystemTime=\"2026-10-06T16:01:50.000Z\"/><Channel>Application</Channel><Computer>CONTOSO-PC01</Computer></System><EventData><Data>Windows detected your registry file is still in use by other applications or services.</Data></EventData></Event>","sourceLabel":"C:\\Fixture\\EventLogs\\Application.evtx","originKind":"event","task":null,"opcode":null,"processId":null,"threadId":null,"userSid":null,"keywords":null,"mapped":[]},{"id":326,"eventRecordId":89194,"eventRecordIdText":"89194","timestamp":"2026-10-06T16:02:08.000Z","timestampEpoch":1791302528000,"provider":"Service Control Manager","channel":"System","eventId":7036,"level":"Information","computer":"CONTOSO-PC01","message":"The Microsoft Edge Update service entered the running state.","eventData":[{"name":"Data","value":"The Microsoft Edge Update service entered the running state."}],"rawXml":"<Event><System><Provider Name=\"Service Control Manager\"/><EventID>7036</EventID><EventRecordID>89194</EventRecordID><TimeCreated SystemTime=\"2026-10-06T16:02:08.000Z\"/><Channel>System</Channel><Computer>CONTOSO-PC01</Computer></System><EventData><Data>The Microsoft Edge Update service entered the running state.</Data></EventData></Event>","sourceLabel":"C:\\Fixture\\EventLogs\\System.evtx","originKind":"event","task":null,"opcode":null,"processId":null,"threadId":null,"userSid":null,"keywords":null,"mapped":[]},{"id":327,"eventRecordId":89197,"eventRecordIdText":"89197","timestamp":"2026-10-06T16:02:17.000Z","timestampEpoch":1791302537000,"provider":"Service Control Manager","channel":"System","eventId":7036,"level":"Information","computer":"CONTOSO-PC01","message":"The Delivery Optimization service entered the stopped state.","eventData":[{"name":"Data","value":"The Delivery Optimization service entered the stopped state."}],"rawXml":"<Event><System><Provider Name=\"Service Control Manager\"/><EventID>7036</EventID><EventRecordID>89197</EventRecordID><TimeCreated SystemTime=\"2026-10-06T16:02:17.000Z\"/><Channel>System</Channel><Computer>CONTOSO-PC01</Computer></System><EventData><Data>The Delivery Optimization service entered the stopped state.</Data></EventData></Event>","sourceLabel":"C:\\Fixture\\EventLogs\\System.evtx","originKind":"event","task":null,"opcode":null,"processId":null,"threadId":null,"userSid":null,"keywords":null,"mapped":[]},{"id":328,"eventRecordId":89200,"eventRecordIdText":"89200","timestamp":"2026-10-06T16:03:10.000Z","timestampEpoch":1791302590000,"provider":"Microsoft-Windows-Security-SPP","channel":"Application","eventId":16384,"level":"Information","computer":"CONTOSO-PC01","message":"Successfully scheduled Software Protection service for re-start.","eventData":[{"name":"Data","value":"Successfully scheduled Software Protection service for re-start."}],"rawXml":"<Event><System><Provider Name=\"Microsoft-Windows-Security-SPP\"/><EventID>16384</EventID><EventRecordID>89200</EventRecordID><TimeCreated SystemTime=\"2026-10-06T16:03:10.000Z\"/><Channel>Application</Channel><Computer>CONTOSO-PC01</Computer></System><EventData><Data>Successfully scheduled Software Protection service for re-start.</Data></EventData></Event>","sourceLabel":"C:\\Fixture\\EventLogs\\Application.evtx","originKind":"event","task":null,"opcode":null,"processId":null,"threadId":null,"userSid":null,"keywords":null,"mapped":[]},{"id":329,"eventRecordId":89203,"eventRecordIdText":"89203","timestamp":"2026-10-06T16:04:05.000Z","timestampEpoch":1791302645000,"provider":"Service Control Manager","channel":"System","eventId":7040,"level":"Information","computer":"CONTOSO-PC01","message":"The start type of the Background Intelligent Transfer Service service was changed from demand start to auto start.","eventData":[{"name":"Data","value":"The start type of the Background Intelligent Transfer Service service was changed from demand start to auto start."}],"rawXml":"<Event><System><Provider Name=\"Service Control Manager\"/><EventID>7040</EventID><EventRecordID>89203</EventRecordID><TimeCreated SystemTime=\"2026-10-06T16:04:05.000Z\"/><Channel>System</Channel><Computer>CONTOSO-PC01</Computer></System><EventData><Data>The start type of the Background Intelligent Transfer Service service was changed from demand start to auto start.</Data></EventData></Event>","sourceLabel":"C:\\Fixture\\EventLogs\\System.evtx","originKind":"event","task":null,"opcode":null,"processId":null,"threadId":null,"userSid":null,"keywords":null,"mapped":[]},{"id":330,"eventRecordId":89206,"eventRecordIdText":"89206","timestamp":"2026-10-06T16:04:25.000Z","timestampEpoch":1791302665000,"provider":"Microsoft-Windows-DistributedCOM","channel":"System","eventId":10016,"level":"Warning","computer":"CONTOSO-PC01","message":"The application-specific permission settings do not grant Local Activation permission for the COM Server application.","eventData":[{"name":"Data","value":"The application-specific permission settings do not grant Local Activation permission for the COM Server application."}],"rawXml":"<Event><System><Provider Name=\"Microsoft-Windows-DistributedCOM\"/><EventID>10016</EventID><EventRecordID>89206</EventRecordID><TimeCreated SystemTime=\"2026-10-06T16:04:25.000Z\"/><Channel>System</Channel><Computer>CONTOSO-PC01</Computer></System><EventData><Data>The application-specific permission settings do not grant Local Activation permission for the COM Server application.</Data></EventData></Event>","sourceLabel":"C:\\Fixture\\EventLogs\\System.evtx","originKind":"event","task":null,"opcode":null,"processId":null,"threadId":null,"userSid":null,"keywords":null,"mapped":[]},{"id":331,"eventRecordId":89209,"eventRecordIdText":"89209","timestamp":"2026-10-06T16:06:59.000Z","timestampEpoch":1791302819000,"provider":"Service Control Manager","channel":"System","eventId":7036,"level":"Information","computer":"CONTOSO-PC01","message":"The Background Intelligent Transfer Service service entered the running state.","eventData":[{"name":"Data","value":"The Background Intelligent Transfer Service service entered the running state."}],"rawXml":"<Event><System><Provider Name=\"Service Control Manager\"/><EventID>7036</EventID><EventRecordID>89209</EventRecordID><TimeCreated SystemTime=\"2026-10-06T16:06:59.000Z\"/><Channel>System</Channel><Computer>CONTOSO-PC01</Computer></System><EventData><Data>The Background Intelligent Transfer Service service entered the running state.</Data></EventData></Event>","sourceLabel":"C:\\Fixture\\EventLogs\\System.evtx","originKind":"event","task":null,"opcode":null,"processId":null,"threadId":null,"userSid":null,"keywords":null,"mapped":[]},{"id":332,"eventRecordId":89212,"eventRecordIdText":"89212","timestamp":"2026-10-06T16:07:30.000Z","timestampEpoch":1791302850000,"provider":"Microsoft-Windows-Security-SPP","channel":"Application","eventId":16384,"level":"Information","computer":"CONTOSO-PC01","message":"Successfully scheduled Software Protection service for re-start.","eventData":[{"name":"Data","value":"Successfully scheduled Software Protection service for re-start."}],"rawXml":"<Event><System><Provider Name=\"Microsoft-Windows-Security-SPP\"/><EventID>16384</EventID><EventRecordID>89212</EventRecordID><TimeCreated SystemTime=\"2026-10-06T16:07:30.000Z\"/><Channel>Application</Channel><Computer>CONTOSO-PC01</Computer></System><EventData><Data>Successfully scheduled Software Protection service for re-start.</Data></EventData></Event>","sourceLabel":"C:\\Fixture\\EventLogs\\Application.evtx","originKind":"event","task":null,"opcode":null,"processId":null,"threadId":null,"userSid":null,"keywords":null,"mapped":[]},{"id":333,"eventRecordId":89215,"eventRecordIdText":"89215","timestamp":"2026-10-06T16:08:17.000Z","timestampEpoch":1791302897000,"provider":"Service Control Manager","channel":"System","eventId":7040,"level":"Information","computer":"CONTOSO-PC01","message":"The start type of the Background Intelligent Transfer Service service was changed from demand start to auto start.","eventData":[{"name":"Data","value":"The start type of the Background Intelligent Transfer Service service was changed from demand start to auto start."}],"rawXml":"<Event><System><Provider Name=\"Service Control Manager\"/><EventID>7040</EventID><EventRecordID>89215</EventRecordID><TimeCreated SystemTime=\"2026-10-06T16:08:17.000Z\"/><Channel>System</Channel><Computer>CONTOSO-PC01</Computer></System><EventData><Data>The start type of the Background Intelligent Transfer Service service was changed from demand start to auto start.</Data></EventData></Event>","sourceLabel":"C:\\Fixture\\EventLogs\\System.evtx","originKind":"event","task":null,"opcode":null,"processId":null,"threadId":null,"userSid":null,"keywords":null,"mapped":[]},{"id":334,"eventRecordId":89218,"eventRecordIdText":"89218","timestamp":"2026-10-06T16:09:34.000Z","timestampEpoch":1791302974000,"provider":"edgeupdate","channel":"Application","eventId":0,"level":"Information","computer":"CONTOSO-PC01","message":"Service started","eventData":[{"name":"Data","value":"Service started"}],"rawXml":"<Event><System><Provider Name=\"edgeupdate\"/><EventID>0</EventID><EventRecordID>89218</EventRecordID><TimeCreated SystemTime=\"2026-10-06T16:09:34.000Z\"/><Channel>Application</Channel><Computer>CONTOSO-PC01</Computer></System><EventData><Data>Service started</Data></EventData></Event>","sourceLabel":"C:\\Fixture\\EventLogs\\Application.evtx","originKind":"event","task":null,"opcode":null,"processId":null,"threadId":null,"userSid":null,"keywords":null,"mapped":[]},{"id":335,"eventRecordId":89221,"eventRecordIdText":"89221","timestamp":"2026-10-06T16:11:45.000Z","timestampEpoch":1791303105000,"provider":"Service Control Manager","channel":"System","eventId":7036,"level":"Information","computer":"CONTOSO-PC01","message":"The Delivery Optimization service entered the running state.","eventData":[{"name":"Data","value":"The Delivery Optimization service entered the running state."}],"rawXml":"<Event><System><Provider Name=\"Service Control Manager\"/><EventID>7036</EventID><EventRecordID>89221</EventRecordID><TimeCreated SystemTime=\"2026-10-06T16:11:45.000Z\"/><Channel>System</Channel><Computer>CONTOSO-PC01</Computer></System><EventData><Data>The Delivery Optimization service entered the running state.</Data></EventData></Event>","sourceLabel":"C:\\Fixture\\EventLogs\\System.evtx","originKind":"event","task":null,"opcode":null,"processId":null,"threadId":null,"userSid":null,"keywords":null,"mapped":[]},{"id":336,"eventRecordId":89224,"eventRecordIdText":"89224","timestamp":"2026-10-06T16:13:59.000Z","timestampEpoch":1791303239000,"provider":"Service Control Manager","channel":"System","eventId":7036,"level":"Information","computer":"CONTOSO-PC01","message":"The Intune Management Extension service entered the stopped state.","eventData":[{"name":"Data","value":"The Intune Management Extension service entered the stopped state."}],"rawXml":"<Event><System><Provider Name=\"Service Control Manager\"/><EventID>7036</EventID><EventRecordID>89224</EventRecordID><TimeCreated SystemTime=\"2026-10-06T16:13:59.000Z\"/><Channel>System</Channel><Computer>CONTOSO-PC01</Computer></System><EventData><Data>The Intune Management Extension service entered the stopped state.</Data></EventData></Event>","sourceLabel":"C:\\Fixture\\EventLogs\\System.evtx","originKind":"event","task":null,"opcode":null,"processId":null,"threadId":null,"userSid":null,"keywords":null,"mapped":[]},{"id":337,"eventRecordId":89227,"eventRecordIdText":"89227","timestamp":"2026-10-06T16:14:31.000Z","timestampEpoch":1791303271000,"provider":"Microsoft-Windows-Security-SPP","channel":"Application","eventId":16384,"level":"Information","computer":"CONTOSO-PC01","message":"Successfully scheduled Software Protection service for re-start.","eventData":[{"name":"Data","value":"Successfully scheduled Software Protection service for re-start."}],"rawXml":"<Event><System><Provider Name=\"Microsoft-Windows-Security-SPP\"/><EventID>16384</EventID><EventRecordID>89227</EventRecordID><TimeCreated SystemTime=\"2026-10-06T16:14:31.000Z\"/><Channel>Application</Channel><Computer>CONTOSO-PC01</Computer></System><EventData><Data>Successfully scheduled Software Protection service for re-start.</Data></EventData></Event>","sourceLabel":"C:\\Fixture\\EventLogs\\Application.evtx","originKind":"event","task":null,"opcode":null,"processId":null,"threadId":null,"userSid":null,"keywords":null,"mapped":[]},{"id":338,"eventRecordId":89230,"eventRecordIdText":"89230","timestamp":"2026-10-06T16:15:20.000Z","timestampEpoch":1791303320000,"provider":"Microsoft-Windows-AAD","channel":"Microsoft-Windows-AAD/Operational","eventId":1097,"level":"Warning","computer":"CONTOSO-PC01","message":"Http request status: 400. Method: POST.","eventData":[{"name":"Data","value":"Http request status: 400. Method: POST."}],"rawXml":"<Event><System><Provider Name=\"Microsoft-Windows-AAD\"/><EventID>1097</EventID><EventRecordID>89230</EventRecordID><TimeCreated SystemTime=\"2026-10-06T16:15:20.000Z\"/><Channel>Microsoft-Windows-AAD/Operational</Channel><Computer>CONTOSO-PC01</Computer></System><EventData><Data>Http request status: 400. Method: POST.</Data></EventData></Event>","sourceLabel":"C:\\Fixture\\EventLogs\\AAD-Operational.evtx","originKind":"event","task":null,"opcode":null,"processId":null,"threadId":null,"userSid":null,"keywords":null,"mapped":[]},{"id":339,"eventRecordId":89233,"eventRecordIdText":"89233","timestamp":"2026-10-06T16:16:41.000Z","timestampEpoch":1791303401000,"provider":"Microsoft-Windows-DistributedCOM","channel":"System","eventId":10016,"level":"Warning","computer":"CONTOSO-PC01","message":"The application-specific permission settings do not grant Local Activation permission for the COM Server application.","eventData":[{"name":"Data","value":"The application-specific permission settings do not grant Local Activation permission for the COM Server application."}],"rawXml":"<Event><System><Provider Name=\"Microsoft-Windows-DistributedCOM\"/><EventID>10016</EventID><EventRecordID>89233</EventRecordID><TimeCreated SystemTime=\"2026-10-06T16:16:41.000Z\"/><Channel>System</Channel><Computer>CONTOSO-PC01</Computer></System><EventData><Data>The application-specific permission settings do not grant Local Activation permission for the COM Server application.</Data></EventData></Event>","sourceLabel":"C:\\Fixture\\EventLogs\\System.evtx","originKind":"event","task":null,"opcode":null,"processId":null,"threadId":null,"userSid":null,"keywords":null,"mapped":[]},{"id":340,"eventRecordId":89236,"eventRecordIdText":"89236","timestamp":"2026-10-06T16:17:57.000Z","timestampEpoch":1791303477000,"provider":"Microsoft-Windows-DeviceManagement-Enterprise-Diagnostics-Provider","channel":"Microsoft-Windows-DeviceManagement-Enterprise-Diagnostics-Provider/Admin","eventId":813,"level":"Information","computer":"CONTOSO-PC01","message":"MDM PolicyManager: Set policy int, Area: (DeviceLock).","eventData":[{"name":"Data","value":"MDM PolicyManager: Set policy int, Area: (DeviceLock)."}],"rawXml":"<Event><System><Provider Name=\"Microsoft-Windows-DeviceManagement-Enterprise-Diagnostics-Provider\"/><EventID>813</EventID><EventRecordID>89236</EventRecordID><TimeCreated SystemTime=\"2026-10-06T16:17:57.000Z\"/><Channel>Microsoft-Windows-DeviceManagement-Enterprise-Diagnostics-Provider/Admin</Channel><Computer>CONTOSO-PC01</Computer></System><EventData><Data>MDM PolicyManager: Set policy int, Area: (DeviceLock).</Data></EventData></Event>","sourceLabel":"C:\\Fixture\\EventLogs\\DeviceManagement-Admin.evtx","originKind":"event","task":null,"opcode":null,"processId":null,"threadId":null,"userSid":null,"keywords":null,"mapped":[]},{"id":341,"eventRecordId":89239,"eventRecordIdText":"89239","timestamp":"2026-10-06T16:19:49.000Z","timestampEpoch":1791303589000,"provider":"Microsoft-Windows-AAD","channel":"Microsoft-Windows-AAD/Operational","eventId":1104,"level":"Information","computer":"CONTOSO-PC01","message":"AAD Cloud AP plugin call Plugin initialize returned success.","eventData":[{"name":"Data","value":"AAD Cloud AP plugin call Plugin initialize returned success."}],"rawXml":"<Event><System><Provider Name=\"Microsoft-Windows-AAD\"/><EventID>1104</EventID><EventRecordID>89239</EventRecordID><TimeCreated SystemTime=\"2026-10-06T16:19:49.000Z\"/><Channel>Microsoft-Windows-AAD/Operational</Channel><Computer>CONTOSO-PC01</Computer></System><EventData><Data>AAD Cloud AP plugin call Plugin initialize returned success.</Data></EventData></Event>","sourceLabel":"C:\\Fixture\\EventLogs\\AAD-Operational.evtx","originKind":"event","task":null,"opcode":null,"processId":null,"threadId":null,"userSid":null,"keywords":null,"mapped":[]},{"id":342,"eventRecordId":89242,"eventRecordIdText":"89242","timestamp":"2026-10-06T16:23:40.000Z","timestampEpoch":1791303820000,"provider":"Service Control Manager","channel":"System","eventId":7036,"level":"Information","computer":"CONTOSO-PC01","message":"The Windows Update service entered the running state.","eventData":[{"name":"Data","value":"The Windows Update service entered the running state."}],"rawXml":"<Event><System><Provider Name=\"Service Control Manager\"/><EventID>7036</EventID><EventRecordID>89242</EventRecordID><TimeCreated SystemTime=\"2026-10-06T16:23:40.000Z\"/><Channel>System</Channel><Computer>CONTOSO-PC01</Computer></System><EventData><Data>The Windows Update service entered the running state.</Data></EventData></Event>","sourceLabel":"C:\\Fixture\\EventLogs\\System.evtx","originKind":"event","task":null,"opcode":null,"processId":null,"threadId":null,"userSid":null,"keywords":null,"mapped":[]},{"id":343,"eventRecordId":89245,"eventRecordIdText":"89245","timestamp":"2026-10-06T16:24:04.000Z","timestampEpoch":1791303844000,"provider":"Microsoft-Windows-Kernel-General","channel":"System","eventId":16,"level":"Information","computer":"CONTOSO-PC01","message":"The access history in hive \\??\\C:\\Users\\user01\\NTUSER.DAT was cleared.","eventData":[{"name":"Data","value":"The access history in hive \\??\\C:\\Users\\user01\\NTUSER.DAT was cleared."}],"rawXml":"<Event><System><Provider Name=\"Microsoft-Windows-Kernel-General\"/><EventID>16</EventID><EventRecordID>89245</EventRecordID><TimeCreated SystemTime=\"2026-10-06T16:24:04.000Z\"/><Channel>System</Channel><Computer>CONTOSO-PC01</Computer></System><EventData><Data>The access history in hive \\??\\C:\\Users\\user01\\NTUSER.DAT was cleared.</Data></EventData></Event>","sourceLabel":"C:\\Fixture\\EventLogs\\System.evtx","originKind":"event","task":null,"opcode":null,"processId":null,"threadId":null,"userSid":null,"keywords":null,"mapped":[]},{"id":344,"eventRecordId":89248,"eventRecordIdText":"89248","timestamp":"2026-10-06T16:26:20.000Z","timestampEpoch":1791303980000,"provider":"Microsoft-Windows-Security-SPP","channel":"Application","eventId":16384,"level":"Information","computer":"CONTOSO-PC01","message":"Successfully scheduled Software Protection service for re-start.","eventData":[{"name":"Data","value":"Successfully scheduled Software Protection service for re-start."}],"rawXml":"<Event><System><Provider Name=\"Microsoft-Windows-Security-SPP\"/><EventID>16384</EventID><EventRecordID>89248</EventRecordID><TimeCreated SystemTime=\"2026-10-06T16:26:20.000Z\"/><Channel>Application</Channel><Computer>CONTOSO-PC01</Computer></System><EventData><Data>Successfully scheduled Software Protection service for re-start.</Data></EventData></Event>","sourceLabel":"C:\\Fixture\\EventLogs\\Application.evtx","originKind":"event","task":null,"opcode":null,"processId":null,"threadId":null,"userSid":null,"keywords":null,"mapped":[]},{"id":345,"eventRecordId":89251,"eventRecordIdText":"89251","timestamp":"2026-10-06T16:28:56.000Z","timestampEpoch":1791304136000,"provider":"edgeupdate","channel":"Application","eventId":0,"level":"Information","computer":"CONTOSO-PC01","message":"Service started","eventData":[{"name":"Data","value":"Service started"}],"rawXml":"<Event><System><Provider Name=\"edgeupdate\"/><EventID>0</EventID><EventRecordID>89251</EventRecordID><TimeCreated SystemTime=\"2026-10-06T16:28:56.000Z\"/><Channel>Application</Channel><Computer>CONTOSO-PC01</Computer></System><EventData><Data>Service started</Data></EventData></Event>","sourceLabel":"C:\\Fixture\\EventLogs\\Application.evtx","originKind":"event","task":null,"opcode":null,"processId":null,"threadId":null,"userSid":null,"keywords":null,"mapped":[]},{"id":346,"eventRecordId":89254,"eventRecordIdText":"89254","timestamp":"2026-10-06T16:30:28.000Z","timestampEpoch":1791304228000,"provider":"Service Control Manager","channel":"System","eventId":7036,"level":"Information","computer":"CONTOSO-PC01","message":"The Windows Update service entered the stopped state.","eventData":[{"name":"Data","value":"The Windows Update service entered the stopped state."}],"rawXml":"<Event><System><Provider Name=\"Service Control Manager\"/><EventID>7036</EventID><EventRecordID>89254</EventRecordID><TimeCreated SystemTime=\"2026-10-06T16:30:28.000Z\"/><Channel>System</Channel><Computer>CONTOSO-PC01</Computer></System><EventData><Data>The Windows Update service entered the stopped state.</Data></EventData></Event>","sourceLabel":"C:\\Fixture\\EventLogs\\System.evtx","originKind":"event","task":null,"opcode":null,"processId":null,"threadId":null,"userSid":null,"keywords":null,"mapped":[]},{"id":347,"eventRecordId":89257,"eventRecordIdText":"89257","timestamp":"2026-10-06T16:30:41.000Z","timestampEpoch":1791304241000,"provider":"Microsoft-Windows-Kernel-General","channel":"System","eventId":16,"level":"Information","computer":"CONTOSO-PC01","message":"The access history in hive \\??\\C:\\Users\\user01\\NTUSER.DAT was cleared.","eventData":[{"name":"Data","value":"The access history in hive \\??\\C:\\Users\\user01\\NTUSER.DAT was cleared."}],"rawXml":"<Event><System><Provider Name=\"Microsoft-Windows-Kernel-General\"/><EventID>16</EventID><EventRecordID>89257</EventRecordID><TimeCreated SystemTime=\"2026-10-06T16:30:41.000Z\"/><Channel>System</Channel><Computer>CONTOSO-PC01</Computer></System><EventData><Data>The access history in hive \\??\\C:\\Users\\user01\\NTUSER.DAT was cleared.</Data></EventData></Event>","sourceLabel":"C:\\Fixture\\EventLogs\\System.evtx","originKind":"event","task":null,"opcode":null,"processId":null,"threadId":null,"userSid":null,"keywords":null,"mapped":[]},