          {
            "timestampMs": 1791306229000,
            "severity": "info",
            "message": "The Microsoft Edge Update service entered the stopped state.",
            "origin": {
              "kind": "event",
              "stableId": "source32:C:\\Fixture\\EventLogs\\System.evtx|machine12:CONTOSO-PC01|channel6:System|record89365",
              "source": "C:\\Fixture\\EventLogs\\System.evtx",
              "machine": "CONTOSO-PC01",
              "bundle": null,
              "channel": "System",
              "provider": "Service Control Manager",
              "processId": null,
              "eventId": 7036,
              "recordId": 89365,
              "recordIdText": "89365"
            }
          },
          {
            "timestampMs": 1791306262000,
            "severity": "info",
            "message": "Service started",
            "origin": {
              "kind": "event",
              "stableId": "source37:C:\\Fixture\\EventLogs\\Application.evtx|machine12:CONTOSO-PC01|channel11:Application|record89368",
              "source": "C:\\Fixture\\EventLogs\\Application.evtx",
              "machine": "CONTOSO-PC01",
              "bundle": null,
              "channel": "Application",
              "provider": "edgeupdate",
              "processId": null,
              "eventId": 0,
              "recordId": 89368,
              "recordIdText": "89368"
            }
          },
          {
            "timestampMs": 1791306361000,
            "severity": "info",
            "message": "The WinHTTP Web Proxy Auto-Discovery service entered the stopped state.",
            "origin": {
              "kind": "event",
              "stableId": "source32:C:\\Fixture\\EventLogs\\System.evtx|machine12:CONTOSO-PC01|channel6:System|record89371",
              "source": "C:\\Fixture\\EventLogs\\System.evtx",
              "machine": "CONTOSO-PC01",
              "bundle": null,
              "channel": "System",
              "provider": "Service Control Manager",
              "processId": null,
              "eventId": 7036,
              "recordId": 89371,
              "recordIdText": "89371"
            }
          },
          {
            "timestampMs": 1791306385000,
            "severity": "info",
            "message": "The Delivery Optimization service entered the running state.",
            "origin": {
              "kind": "event",
              "stableId": "source32:C:\\Fixture\\EventLogs\\System.evtx|machine12:CONTOSO-PC01|channel6:System|record89374",
              "source": "C:\\Fixture\\EventLogs\\System.evtx",
              "machine": "CONTOSO-PC01",
              "bundle": null,
              "channel": "System",
              "provider": "Service Control Manager",
              "processId": null,
              "eventId": 7036,
              "recordId": 89374,
              "recordIdText": "89374"
            }
          },
          {
            "timestampMs": 1791306432000,
            "severity": "warning",
            "message": "Windows detected your registry file is still in use by other applications or services.",
            "origin": {
              "kind": "event",
              "stableId": "source37:C:\\Fixture\\EventLogs\\Application.evtx|machine12:CONTOSO-PC01|channel11:Application|record89377",
              "source": "C:\\Fixture\\EventLogs\\Application.evtx",
              "machine": "CONTOSO-PC01",
              "bundle": null,
              "channel": "Application",
              "provider": "Microsoft-Windows-User Profiles Service",
              "processId": null,
              "eventId": 1530,
              "recordId": 89377,
              "recordIdText": "89377"
            }
          },
          {
            "timestampMs": 1791306602000,
            "severity": "info",
            "message": "The Delivery Optimization service entered the running state.",
            "origin": {
              "kind": "event",
              "stableId": "source32:C:\\Fixture\\EventLogs\\System.evtx|machine12:CONTOSO-PC01|channel6:System|record89380",
              "source": "C:\\Fixture\\EventLogs\\System.evtx",
              "machine": "CONTOSO-PC01",
              "bundle": null,
              "channel": "System",
              "provider": "Service Control Manager",
              "processId": null,
              "eventId": 7036,
              "recordId": 89380,
              "recordIdText": "89380"
            }
          },
          {
            "timestampMs": 1791306610000,
            "severity": "warning",
            "message": "The application-specific permission settings do not grant Local Activation permission for the COM Server application.",
            "origin": {
              "kind": "event",
              "stableId": "source32:C:\\Fixture\\EventLogs\\System.evtx|machine12:CONTOSO-PC01|channel6:System|record89383",
              "source": "C:\\Fixture\\EventLogs\\System.evtx",
              "machine": "CONTOSO-PC01",
              "bundle": null,
              "channel": "System",
              "provider": "Microsoft-Windows-DistributedCOM",
              "processId": null,
              "eventId": 10016,
              "recordId": 89383,
              "recordIdText": "89383"
            }
          },
          {
            "timestampMs": 1791306626000,
            "severity": "warning",
            "message": "The application-specific permission settings do not grant Local Activation permission for the COM Server application.",
            "origin": {
              "kind": "event",
              "stableId": "source32:C:\\Fixture\\EventLogs\\System.evtx|machine12:CONTOSO-PC01|channel6:System|record89386",
              "source": "C:\\Fixture\\EventLogs\\System.evtx",
              "machine": "CONTOSO-PC01",
              "bundle": null,
              "channel": "System",
              "provider": "Microsoft-Windows-DistributedCOM",
              "processId": null,
              "eventId": 10016,
              "recordId": 89386,
              "recordIdText": "89386"
            }
          },
          {
            "timestampMs": 1791306667000,
            "severity": "info",
            "message": "Service started",
            "origin": {
              "kind": "event",
              "stableId": "source37:C:\\Fixture\\EventLogs\\Application.evtx|machine12:CONTOSO-PC01|channel11:Application|record89389",
              "source": "C:\\Fixture\\EventLogs\\Application.evtx",
              "machine": "CONTOSO-PC01",
              "bundle": null,
              "channel": "Application",
              "provider": "edgeupdate",
              "processId": null,
              "eventId": 0,
              "recordId": 89389,
              "recordIdText": "89389"
            }
          },
          {
            "timestampMs": 1791306799000,
            "severity": "info",
            "message": "The Microsoft Edge Update service entered the stopped state.",
            "origin": {
              "kind": "event",
              "stableId": "source32:C:\\Fixture\\EventLogs\\System.evtx|machine12:CONTOSO-PC01|channel6:System|record89392",
              "source": "C:\\Fixture\\EventLogs\\System.evtx",
              "machine": "CONTOSO-PC01",
              "bundle": null,
              "channel": "System",
              "provider": "Service Control Manager",
              "processId": null,
              "eventId": 7036,
              "recordId": 89392,
              "recordIdText": "89392"
            }
          },
          {
            "timestampMs": 1791306811000,
            "severity": "info",
            "message": "The access history in hive \\??\\C:\\Users\\user01\\NTUSER.DAT was cleared.",
            "origin": {
              "kind": "event",
              "stableId": "source32:C:\\Fixture\\EventLogs\\System.evtx|machine12:CONTOSO-PC01|channel6:System|record89395",
              "source": "C:\\Fixture\\EventLogs\\System.evtx",
              "machine": "CONTOSO-PC01",
              "bundle": null,
              "channel": "System",
              "provider": "Microsoft-Windows-Kernel-General",
              "processId": null,
              "eventId": 16,
              "recordId": 89395,
              "recordIdText": "89395"
            }
          },
          {
            "timestampMs": 1791306892000,
            "severity": "info",
            "message": "Windows Installer installed the product. Product Name: Company Portal.",
            "origin": {
              "kind": "event",
              "stableId": "source37:C:\\Fixture\\EventLogs\\Application.evtx|machine12:CONTOSO-PC01|channel11:Application|record89398",
              "source": "C:\\Fixture\\EventLogs\\Application.evtx",
              "machine": "CONTOSO-PC01",
              "bundle": null,
              "channel": "Application",
              "provider": "MsiInstaller",
              "processId": null,
              "eventId": 1033,
              "recordId": 89398,
              "recordIdText": "89398"
            }
          },
          {
            "timestampMs": 1791307016000,
            "severity": "info",
            "message": "The access history in hive \\??\\C:\\Users\\user01\\NTUSER.DAT was cleared.",
            "origin": {
              "kind": "event",
              "stableId": "source32:C:\\Fixture\\EventLogs\\System.evtx|machine12:CONTOSO-PC01|channel6:System|record89401",
              "source": "C:\\Fixture\\EventLogs\\System.evtx",
              "machine": "CONTOSO-PC01",
              "bundle": null,
              "channel": "System",
              "provider": "Microsoft-Windows-Kernel-General",
              "processId": null,
              "eventId": 16,
              "recordId": 89401,
              "recordIdText": "89401"
            }
          },
          {
            "timestampMs": 1791307092000,
            "severity": "info",
            "message": "The Background Intelligent Transfer Service service entered the running state.",
            "origin": {
              "kind": "event",
              "stableId": "source32:C:\\Fixture\\EventLogs\\System.evtx|machine12:CONTOSO-PC01|channel6:System|record89404",
              "source": "C:\\Fixture\\EventLogs\\System.evtx",
              "machine": "CONTOSO-PC01",
              "bundle": null,
              "channel": "System",
              "provider": "Service Control Manager",
              "processId": null,
              "eventId": 7036,
              "recordId": 89404,
              "recordIdText": "89404"
            }
          },
          {
            "timestampMs": 1791307115000,
            "severity": "info",
            "message": "MDM PolicyManager: Set policy int, Area: (DeviceLock).",
            "origin": {
              "kind": "event",
              "stableId": "source48:C:\\Fixture\\EventLogs\\DeviceManagement-Admin.evtx|machine12:CONTOSO-PC01|channel72:Microsoft-Windows-DeviceManagement-Enterprise-Diagnostics-Provider/Admin|record89407",
              "source": "C:\\Fixture\\EventLogs\\DeviceManagement-Admin.evtx",
              "machine": "CONTOSO-PC01",
              "bundle": null,
              "channel": "Microsoft-Windows-DeviceManagement-Enterprise-Diagnostics-Provider/Admin",
              "provider": "Microsoft-Windows-DeviceManagement-Enterprise-Diagnostics-Provider",
              "processId": null,
              "eventId": 813,
              "recordId": 89407,
              "recordIdText": "89407"
            }
          },
          {
            "timestampMs": 1791307159000,
            "severity": "info",
            "message": "The start type of the Background Intelligent Transfer Service service was changed from demand start to auto start.",
            "origin": {
              "kind": "event",
              "stableId": "source32:C:\\Fixture\\EventLogs\\System.evtx|machine12:CONTOSO-PC01|channel6:System|record89410",
              "source": "C:\\Fixture\\EventLogs\\System.evtx",
              "machine": "CONTOSO-PC01",
              "bundle": null,
              "channel": "System",
              "provider": "Service Control Manager",
              "processId": null,
              "eventId": 7040,
              "recordId": 89410,
              "recordIdText": "89410"
            }
          },
          {
            "timestampMs": 1791307192000,
            "severity": "info",
            "message": "The Microsoft Edge Update service entered the stopped state.",
            "origin": {
              "kind": "event",
              "stableId": "source32:C:\\Fixture\\EventLogs\\System.evtx|machine12:CONTOSO-PC01|channel6:System|record89413",
              "source": "C:\\Fixture\\EventLogs\\System.evtx",
              "machine": "CONTOSO-PC01",
              "bundle": null,
              "channel": "System",
              "provider": "Service Control Manager",
              "processId": null,
              "eventId": 7036,
              "recordId": 89413,
              "recordIdText": "89413"
            }
          },
          {
            "timestampMs": 1791307243000,
            "severity": "info",
            "message": "OAuth response received for resource https://enrollment.manage.microsoft.com/.",
            "origin": {
              "kind": "event",
              "stableId": "source41:C:\\Fixture\\EventLogs\\AAD-Operational.evtx|machine12:CONTOSO-PC01|channel33:Microsoft-Windows-AAD/Operational|record89416",
              "source": "C:\\Fixture\\EventLogs\\AAD-Operational.evtx",
              "machine": "CONTOSO-PC01",
              "bundle": null,
              "channel": "Microsoft-Windows-AAD/Operational",
              "provider": "Microsoft-Windows-AAD",
              "processId": null,
              "eventId": 1081,
              "recordId": 89416,
              "recordIdText": "89416"
            }
          },
          {
            "timestampMs": 1791307245000,
            "severity": "info",
            "message": "Successfully scheduled Software Protection service for re-start.",
            "origin": {
              "kind": "event",
              "stableId": "source37:C:\\Fixture\\EventLogs\\Application.evtx|machine12:CONTOSO-PC01|channel11:Application|record89419",
              "source": "C:\\Fixture\\EventLogs\\Application.evtx",
              "machine": "CONTOSO-PC01",
              "bundle": null,
              "channel": "Application",
              "provider": "Microsoft-Windows-Security-SPP",
              "processId": null,
              "eventId": 16384,
              "recordId": 89419,
              "recordIdText": "89419"
            }
          },
          {
            "timestampMs": 1791307299000,
            "severity": "info",
            "message": "The Microsoft Edge Update service entered the stopped state.",
            "origin": {
              "kind": "event",
              "stableId": "source32:C:\\Fixture\\EventLogs\\System.evtx|machine12:CONTOSO-PC01|channel6:System|record89422",
              "source": "C:\\Fixture\\EventLogs\\System.evtx",
              "machine": "CONTOSO-PC01",
              "bundle": null,
              "channel": "System",
              "provider": "Service Control Manager",
              "processId": null,
              "eventId": 7036,
              "recordId": 89422,
              "recordIdText": "89422"
            }
          },
          {
            "timestampMs": 1791307364000,
            "severity": "info",
            "message": "MDM PolicyManager: Set policy int, Area: (DeviceLock).",
            "origin": {
              "kind": "event",
              "stableId": "source48:C:\\Fixture\\EventLogs\\DeviceManagement-Admin.evtx|machine12:CONTOSO-PC01|channel72:Microsoft-Windows-DeviceManagement-Enterprise-Diagnostics-Provider/Admin|record89425",
              "source": "C:\\Fixture\\EventLogs\\DeviceManagement-Admin.evtx",
              "machine": "CONTOSO-PC01",
              "bundle": null,
              "channel": "Microsoft-Windows-DeviceManagement-Enterprise-Diagnostics-Provider/Admin",
              "provider": "Microsoft-Windows-DeviceManagement-Enterprise-Diagnostics-Provider",
              "processId": null,
              "eventId": 813,
              "recordId": 89425,
              "recordIdText": "89425"
            }
          },
          {
            "timestampMs": 1791307420000,
            "severity": "info",
            "message": "Service started",
            "origin": {
              "kind": "event",
              "stableId": "source37:C:\\Fixture\\EventLogs\\Application.evtx|machine12:CONTOSO-PC01|channel11:Application|record89428",
              "source": "C:\\Fixture\\EventLogs\\Application.evtx",
              "machine": "CONTOSO-PC01",
              "bundle": null,
              "channel": "Application",
              "provider": "edgeupdate",
              "processId": null,
              "eventId": 0,
              "recordId": 89428,
              "recordIdText": "89428"
            }
          },
          {
            "timestampMs": 1791307479000,
            "severity": "info",
            "message": "The WinHTTP Web Proxy Auto-Discovery service entered the running state.",
            "origin": {
              "kind": "event",
              "stableId": "source32:C:\\Fixture\\EventLogs\\System.evtx|machine12:CONTOSO-PC01|channel6:System|record89431",
              "source": "C:\\Fixture\\EventLogs\\System.evtx",
              "machine": "CONTOSO-PC01",
              "bundle": null,
              "channel": "System",
              "provider": "Service Control Manager",
              "processId": null,
              "eventId": 7036,
              "recordId": 89431,
              "recordIdText": "89431"
            }
          },
          {
            "timestampMs": 1791307575000,
            "severity": "info",
            "message": "AAD Cloud AP plugin call Plugin initialize returned success.",
            "origin": {
              "kind": "event",
              "stableId": "source41:C:\\Fixture\\EventLogs\\AAD-Operational.evtx|machine12:CONTOSO-PC01|channel33:Microsoft-Windows-AAD/Operational|record89434",
              "source": "C:\\Fixture\\EventLogs\\AAD-Operational.evtx",
              "machine": "CONTOSO-PC01",
              "bundle": null,
              "channel": "Microsoft-Windows-AAD/Operational",
              "provider": "Microsoft-Windows-AAD",
              "processId": null,
              "eventId": 1104,
              "recordId": 89434,
              "recordIdText": "89434"
            }
          },
          {
            "timestampMs": 1791307660000,
            "severity": "warning",
            "message": "Windows detected your registry file is still in use by other applications or services.",
            "origin": {
              "kind": "event",
              "stableId": "source37:C:\\Fixture\\EventLogs\\Application.evtx|machine12:CONTOSO-PC01|channel11:Application|record89437",
              "source": "C:\\Fixture\\EventLogs\\Application.evtx",
              "machine": "CONTOSO-PC01",
              "bundle": null,
              "channel": "Application",
              "provider": "Microsoft-Windows-User Profiles Service",
              "processId": null,
              "eventId": 1530,
              "recordId": 89437,
              "recordIdText": "89437"
            }
          },
          {
            "timestampMs": 1791307687000,
            "severity": "warning",
            "message": "The application-specific permission settings do not grant Local Activation permission for the COM Server application.",
            "origin": {
              "kind": "event",
              "stableId": "source32:C:\\Fixture\\EventLogs\\System.evtx|machine12:CONTOSO-PC01|channel6:System|record89440",
              "source": "C:\\Fixture\\EventLogs\\System.evtx",
              "machine": "CONTOSO-PC01",
              "bundle": null,
              "channel": "System",
              "provider": "Microsoft-Windows-DistributedCOM",
              "processId": null,
              "eventId": 10016,
              "recordId": 89440,
              "recordIdText": "89440"
            }
          },
          {
            "timestampMs": 1791307791000,
            "severity": "info",
            "message": "Service started",
            "origin": {
              "kind": "event",
              "stableId": "source37:C:\\Fixture\\EventLogs\\Application.evtx|machine12:CONTOSO-PC01|channel11:Application|record89443",
              "source": "C:\\Fixture\\EventLogs\\Application.evtx",
              "machine": "CONTOSO-PC01",
              "bundle": null,
              "channel": "Application",
              "provider": "edgeupdate",
              "processId": null,
              "eventId": 0,
              "recordId": 89443,
              "recordIdText": "89443"
            }
          },
          {
            "timestampMs": 1791308103000,
            "severity": "info",
            "message": "Service started",
            "origin": {
              "kind": "event",
              "stableId": "source37:C:\\Fixture\\EventLogs\\Application.evtx|machine12:CONTOSO-PC01|channel11:Application|record89446",
              "source": "C:\\Fixture\\EventLogs\\Application.evtx",
              "machine": "CONTOSO-PC01",
              "bundle": null,
              "channel": "Application",
              "provider": "edgeupdate",
              "processId": null,
              "eventId": 0,
              "recordId": 89446,
              "recordIdText": "89446"
            }
          },
          {
            "timestampMs": 1791308223000,
            "severity": "info",
            "message": "Beginning a Windows Installer transaction.",
            "origin": {
              "kind": "event",
              "stableId": "source37:C:\\Fixture\\EventLogs\\Application.evtx|machine12:CONTOSO-PC01|channel11:Application|record89449",
              "source": "C:\\Fixture\\EventLogs\\Application.evtx",
              "machine": "CONTOSO-PC01",
              "bundle": null,
              "channel": "Application",
              "provider": "MsiInstaller",
              "processId": null,
              "eventId": 1040,
              "recordId": 89449,
              "recordIdText": "89449"
            }
          },
          {
            "timestampMs": 1791308330000,
            "severity": "info",
            "message": "The Windows Modules Installer service entered the stopped state.",
            "origin": {
              "kind": "event",
              "stableId": "source32:C:\\Fixture\\EventLogs\\System.evtx|machine12:CONTOSO-PC01|channel6:System|record89452",
              "source": "C:\\Fixture\\EventLogs\\System.evtx",
              "machine": "CONTOSO-PC01",
              "bundle": null,
              "channel": "System",
              "provider": "Service Control Manager",
              "processId": null,
              "eventId": 7036,
              "recordId": 89452,
              "recordIdText": "89452"
            }
          },
          {
            "timestampMs": 1791308429000,
            "severity": "info",
            "message": "Service started",
            "origin": {
              "kind": "event",
              "stableId": "source37:C:\\Fixture\\EventLogs\\Application.evtx|machine12:CONTOSO-PC01|channel11:Application|record89455",
              "source": "C:\\Fixture\\EventLogs\\Application.evtx",
              "machine": "CONTOSO-PC01",
              "bundle": null,
              "channel": "Application",
              "provider": "edgeupdate",
              "processId": null,
              "eventId": 0,
              "recordId": 89455,
              "recordIdText": "89455"
            }
          },
          {
            "timestampMs": 1791308461000,
            "severity": "warning",
            "message": "Name resolution for the name login.microsoftonline.com timed out after none of the configured DNS servers responded.",
            "origin": {
              "kind": "event",
              "stableId": "source32:C:\\Fixture\\EventLogs\\System.evtx|machine12:CONTOSO-PC01|channel6:System|record89458",
              "source": "C:\\Fixture\\EventLogs\\System.evtx",
              "machine": "CONTOSO-PC01",
              "bundle": null,
              "channel": "System",
              "provider": "Microsoft-Windows-DNS-Client",
              "processId": null,
              "eventId": 1014,
              "recordId": 89458,
              "recordIdText": "89458"
            }
          },
          {
            "timestampMs": 1791308494000,
            "severity": "info",
            "message": "The Windows Update service entered the stopped state.",
            "origin": {
              "kind": "event",
              "stableId": "source32:C:\\Fixture\\EventLogs\\System.evtx|machine12:CONTOSO-PC01|channel6:System|record89461",
              "source": "C:\\Fixture\\EventLogs\\System.evtx",
              "machine": "CONTOSO-PC01",
              "bundle": null,
              "channel": "System",
              "provider": "Service Control Manager",
              "processId": null,
              "eventId": 7036,
              "recordId": 89461,
              "recordIdText": "89461"
            }
          },
          {
            "timestampMs": 1791308540000,
            "severity": "info",
            "message": "AAD Cloud AP plugin call Plugin initialize returned success.",
            "origin": {
              "kind": "event",
              "stableId": "source41:C:\\Fixture\\EventLogs\\AAD-Operational.evtx|machine12:CONTOSO-PC01|channel33:Microsoft-Windows-AAD/Operational|record89464",
              "source": "C:\\Fixture\\EventLogs\\AAD-Operational.evtx",
              "machine": "CONTOSO-PC01",
              "bundle": null,
              "channel": "Microsoft-Windows-AAD/Operational",
              "provider": "Microsoft-Windows-AAD",
              "processId": null,
              "eventId": 1104,
              "recordId": 89464,
              "recordIdText": "89464"
            }
          },
          {
            "timestampMs": 1791308601000,
            "severity": "info",
            "message": "The Intune Management Extension service entered the running state.",
            "origin": {
              "kind": "event",
              "stableId": "source32:C:\\Fixture\\EventLogs\\System.evtx|machine12:CONTOSO-PC01|channel6:System|record89467",
              "source": "C:\\Fixture\\EventLogs\\System.evtx",
              "machine": "CONTOSO-PC01",
              "bundle": null,
              "channel": "System",
              "provider": "Service Control Manager",
              "processId": null,
              "eventId": 7036,
              "recordId": 89467,
              "recordIdText": "89467"
            }
          },
          {
            "timestampMs": 1791308605000,
            "severity": "warning",
            "message": "Http request status: 400. Method: POST.",
            "origin": {
              "kind": "event",
              "stableId": "source41:C:\\Fixture\\EventLogs\\AAD-Operational.evtx|machine12:CONTOSO-PC01|channel33:Microsoft-Windows-AAD/Operational|record89470",
              "source": "C:\\Fixture\\EventLogs\\AAD-Operational.evtx",
              "machine": "CONTOSO-PC01",
              "bundle": null,
              "channel": "Microsoft-Windows-AAD/Operational",
              "provider": "Microsoft-Windows-AAD",
              "processId": null,
              "eventId": 1097,
              "recordId": 89470,
              "recordIdText": "89470"
            }
          },
          {
            "timestampMs": 1791308645000,
            "severity": "info",
            "message": "Windows Installer installed the product. Product Name: Contoso VPN Client 4.2 (x64).",
            "origin": {
              "kind": "event",
              "stableId": "source37:C:\\Fixture\\EventLogs\\Application.evtx|machine12:CONTOSO-PC01|channel11:Application|record89473",
              "source": "C:\\Fixture\\EventLogs\\Application.evtx",
              "machine": "CONTOSO-PC01",
              "bundle": null,
              "channel": "Application",
              "provider": "MsiInstaller",
              "processId": null,
              "eventId": 1033,
              "recordId": 89473,
              "recordIdText": "89473"
            }
          },
          {
            "timestampMs": 1791308727000,
            "severity": "info",
            "message": "The Microsoft Edge Update service entered the running state.",
            "origin": {
              "kind": "event",
              "stableId": "source32:C:\\Fixture\\EventLogs\\System.evtx|machine12:CONTOSO-PC01|channel6:System|record89476",
              "source": "C:\\Fixture\\EventLogs\\System.evtx",
              "machine": "CONTOSO-PC01",
              "bundle": null,
              "channel": "System",
              "provider": "Service Control Manager",
              "processId": null,
              "eventId": 7036,
              "recordId": 89476,
              "recordIdText": "89476"
            }
          },
          {
            "timestampMs": 1791308768000,
            "severity": "info",
            "message": "Beginning a Windows Installer transaction.",
            "origin": {
              "kind": "event",
              "stableId": "source37:C:\\Fixture\\EventLogs\\Application.evtx|machine12:CONTOSO-PC01|channel11:Application|record89479",
              "source": "C:\\Fixture\\EventLogs\\Application.evtx",
              "machine": "CONTOSO-PC01",
              "bundle": null,
              "channel": "Application",
              "provider": "MsiInstaller",
              "processId": null,
              "eventId": 1040,
              "recordId": 89479,
              "recordIdText": "89479"
            }
          },
          {
            "timestampMs": 1791308919000,
            "severity": "warning",
            "message": "Token broker operation failed.",
            "origin": {
              "kind": "event",
              "stableId": "source41:C:\\Fixture\\EventLogs\\AAD-Operational.evtx|machine12:CONTOSO-PC01|channel33:Microsoft-Windows-AAD/Operational|record89482",
              "source": "C:\\Fixture\\EventLogs\\AAD-Operational.evtx",
              "machine": "CONTOSO-PC01",
              "bundle": null,
              "channel": "Microsoft-Windows-AAD/Operational",
              "provider": "Microsoft-Windows-AAD",
              "processId": null,
              "eventId": 1098,
              "recordId": 89482,
              "recordIdText": "89482"
            }
          },
          {
            "timestampMs": 1791309011000,
            "severity": "info",
            "message": "The Background Intelligent Transfer Service service entered the running state.",
            "origin": {
              "kind": "event",
              "stableId": "source32:C:\\Fixture\\EventLogs\\System.evtx|machine12:CONTOSO-PC01|channel6:System|record89485",
              "source": "C:\\Fixture\\EventLogs\\System.evtx",
              "machine": "CONTOSO-PC01",
              "bundle": null,
              "channel": "System",
              "provider": "Service Control Manager",
              "processId": null,
              "eventId": 7036,
              "recordId": 89485,
              "recordIdText": "89485"
            }
          },
          {
            "timestampMs": 1791309027000,
            "severity": "info",
            "message": "The Microsoft Edge Update service entered the running state.",
            "origin": {
              "kind": "event",
              "stableId": "source32:C:\\Fixture\\EventLogs\\System.evtx|machine12:CONTOSO-PC01|channel6:System|record89488",
              "source": "C:\\Fixture\\EventLogs\\System.evtx",
              "machine": "CONTOSO-PC01",
              "bundle": null,
              "channel": "System",
              "provider": "Service Control Manager",
              "processId": null,
              "eventId": 7036,
              "recordId": 89488,
              "recordIdText": "89488"
            }
          },
          {
            "timestampMs": 1791309075000,
            "severity": "warning",
            "message": "Windows detected your registry file is still in use by other applications or services.",
            "origin": {
              "kind": "event",
              "stableId": "source37:C:\\Fixture\\EventLogs\\Application.evtx|machine12:CONTOSO-PC01|channel11:Application|record89491",
              "source": "C:\\Fixture\\EventLogs\\Application.evtx",
              "machine": "CONTOSO-PC01",
              "bundle": null,
              "channel": "Application",
              "provider": "Microsoft-Windows-User Profiles Service",
              "processId": null,
              "eventId": 1530,
              "recordId": 89491,
              "recordIdText": "89491"
            }
          },
          {
            "timestampMs": 1791309100000,
            "severity": "info",
            "message": "The Intune Management Extension service entered the stopped state.",
            "origin": {
              "kind": "event",
              "stableId": "source32:C:\\Fixture\\EventLogs\\System.evtx|machine12:CONTOSO-PC01|channel6:System|record89494",
              "source": "C:\\Fixture\\EventLogs\\System.evtx",
              "machine": "CONTOSO-PC01",
              "bundle": null,
              "channel": "System",
              "provider": "Service Control Manager",
              "processId": null,
              "eventId": 7036,
              "recordId": 89494,
              "recordIdText": "89494"
            }
          },
          {
            "timestampMs": 1791309223000,
            "severity": "info",
            "message": "The Intune Management Extension service entered the stopped state.",
            "origin": {
              "kind": "event",
              "stableId": "source32:C:\\Fixture\\EventLogs\\System.evtx|machine12:CONTOSO-PC01|channel6:System|record89497",
              "source": "C:\\Fixture\\EventLogs\\System.evtx",
              "machine": "CONTOSO-PC01",
              "bundle": null,
              "channel": "System",
              "provider": "Service Control Manager",
              "processId": null,
              "eventId": 7036,
              "recordId": 89497,
              "recordIdText": "89497"
            }
          },
          {
            "timestampMs": 1791309300000,
            "severity": "info",
            "message": "Service started",
            "origin": {
              "kind": "event",
              "stableId": "source37:C:\\Fixture\\EventLogs\\Application.evtx|machine12:CONTOSO-PC01|channel11:Application|record89500",
              "source": "C:\\Fixture\\EventLogs\\Application.evtx",
              "machine": "CONTOSO-PC01",
              "bundle": null,
              "channel": "Application",
              "provider": "edgeupdate",
              "processId": null,
              "eventId": 0,
              "recordId": 89500,
              "recordIdText": "89500"
            }
          },
          {
            "timestampMs": 1791309395000,
            "severity": "info",
            "message": "The Intune Management Extension service entered the stopped state.",
            "origin": {
              "kind": "event",
              "stableId": "source32:C:\\Fixture\\EventLogs\\System.evtx|machine12:CONTOSO-PC01|channel6:System|record89503",
              "source": "C:\\Fixture\\EventLogs\\System.evtx",
              "machine": "CONTOSO-PC01",
              "bundle": null,
              "channel": "System",
              "provider": "Service Control Manager",
              "processId": null,
              "eventId": 7036,
              "recordId": 89503,
              "recordIdText": "89503"
            }
          },
          {
            "timestampMs": 1791309417000,
            "severity": "warning",
            "message": "The application-specific permission settings do not grant Local Activation permission for the COM Server application.",
            "origin": {
              "kind": "event",
              "stableId": "source32:C:\\Fixture\\EventLogs\\System.evtx|machine12:CONTOSO-PC01|channel6:System|record89506",
              "source": "C:\\Fixture\\EventLogs\\System.evtx",
              "machine": "CONTOSO-PC01",
              "bundle": null,
              "channel": "System",
              "provider": "Microsoft-Windows-DistributedCOM",
              "processId": null,
              "eventId": 10016,
              "recordId": 89506,
              "recordIdText": "89506"
            }
          },
          {
            "timestampMs": 1791309437000,
            "severity": "info",
            "message": "Service started",
            "origin": {
              "kind": "event",
              "stableId": "source37:C:\\Fixture\\EventLogs\\Application.evtx|machine12:CONTOSO-PC01|channel11:Application|record89509",
              "source": "C:\\Fixture\\EventLogs\\Application.evtx",
              "machine": "CONTOSO-PC01",
              "bundle": null,
              "channel": "Application",
              "provider": "edgeupdate",
              "processId": null,
              "eventId": 0,
              "recordId": 89509,
              "recordIdText": "89509"
            }
          },
          {
            "timestampMs": 1791309476000,
            "severity": "info",
            "message": "Successfully scheduled Software Protection service for re-start.",
            "origin": {
              "kind": "event",
              "stableId": "source37:C:\\Fixture\\EventLogs\\Application.evtx|machine12:CONTOSO-PC01|channel11:Application|record89512",
              "source": "C:\\Fixture\\EventLogs\\Application.evtx",
              "machine": "CONTOSO-PC01",
              "bundle": null,
              "channel": "Application",
              "provider": "Microsoft-Windows-Security-SPP",
              "processId": null,
              "eventId": 16384,
              "recordId": 89512,
              "recordIdText": "89512"
            }
          },
          {
            "timestampMs": 1791309495000,
            "severity": "info",
            "message": "The start type of the Background Intelligent Transfer Service service was changed from demand start to auto start.",
            "origin": {
              "kind": "event",
              "stableId": "source32:C:\\Fixture\\EventLogs\\System.evtx|machine12:CONTOSO-PC01|channel6:System|record89515",
              "source": "C:\\Fixture\\EventLogs\\System.evtx",
              "machine": "CONTOSO-PC01",
              "bundle": null,
              "channel": "System",
              "provider": "Service Control Manager",
              "processId": null,
              "eventId": 7040,
              "recordId": 89515,
              "recordIdText": "89515"
            }
          },
          {
            "timestampMs": 1791309513000,
            "severity": "info",
            "message": "Successfully scheduled Software Protection service for re-start.",
            "origin": {
              "kind": "event",
              "stableId": "source37:C:\\Fixture\\EventLogs\\Application.evtx|machine12:CONTOSO-PC01|channel11:Application|record89518",
              "source": "C:\\Fixture\\EventLogs\\Application.evtx",
              "machine": "CONTOSO-PC01",
              "bundle": null,
              "channel": "Application",
              "provider": "Microsoft-Windows-Security-SPP",
              "processId": null,
              "eventId": 16384,
              "recordId": 89518,
              "recordIdText": "89518"
            }
          },
          {
            "timestampMs": 1791309605000,
            "severity": "info",
            "message": "The WinHTTP Web Proxy Auto-Discovery service entered the stopped state.",
            "origin": {
              "kind": "event",
              "stableId": "source32:C:\\Fixture\\EventLogs\\System.evtx|machine12:CONTOSO-PC01|channel6:System|record89521",
              "source": "C:\\Fixture\\EventLogs\\System.evtx",
              "machine": "CONTOSO-PC01",
              "bundle": null,
              "channel": "System",
              "provider": "Service Control Manager",
              "processId": null,
              "eventId": 7036,
              "recordId": 89521,
              "recordIdText": "89521"
            }
          },
          {
            "timestampMs": 1791309659000,
            "severity": "info",
            "message": "AAD Cloud AP plugin call Plugin initialize returned success.",
            "origin": {
              "kind": "event",
              "stableId": "source41:C:\\Fixture\\EventLogs\\AAD-Operational.evtx|machine12:CONTOSO-PC01|channel33:Microsoft-Windows-AAD/Operational|record89524",
              "source": "C:\\Fixture\\EventLogs\\AAD-Operational.evtx",
              "machine": "CONTOSO-PC01",
              "bundle": null,
              "channel": "Microsoft-Windows-AAD/Operational",
              "provider": "Microsoft-Windows-AAD",
              "processId": null,
              "eventId": 1104,
              "recordId": 89524,
              "recordIdText": "89524"
            }
          },
          {
            "timestampMs": 1791309673000,
            "severity": "info",
            "message": "Service started",
            "origin": {
              "kind": "event",
              "stableId": "source37:C:\\Fixture\\EventLogs\\Application.evtx|machine12:CONTOSO-PC01|channel11:Application|record89527",
              "source": "C:\\Fixture\\EventLogs\\Application.evtx",
              "machine": "CONTOSO-PC01",
              "bundle": null,
              "channel": "Application",
              "provider": "edgeupdate",
              "processId": null,
              "eventId": 0,
              "recordId": 89527,
              "recordIdText": "89527"
            }
          },
          {
            "timestampMs": 1791309847000,
            "severity": "info",
            "message": "MDM PolicyManager: Set policy int, Area: (DeviceLock).",
            "origin": {
              "kind": "event",
              "stableId": "source48:C:\\Fixture\\EventLogs\\DeviceManagement-Admin.evtx|machine12:CONTOSO-PC01|channel72:Microsoft-Windows-DeviceManagement-Enterprise-Diagnostics-Provider/Admin|record89530",
              "source": "C:\\Fixture\\EventLogs\\DeviceManagement-Admin.evtx",
              "machine": "CONTOSO-PC01",
              "bundle": null,
              "channel": "Microsoft-Windows-DeviceManagement-Enterprise-Diagnostics-Provider/Admin",
              "provider": "Microsoft-Windows-DeviceManagement-Enterprise-Diagnostics-Provider",
              "processId": null,
              "eventId": 813,
              "recordId": 89530,
              "recordIdText": "89530"
            }
          },
          {
            "timestampMs": 1791309915000,
            "severity": "info",
            "message": "The access history in hive \\??\\C:\\Users\\user01\\NTUSER.DAT was cleared.",
            "origin": {
              "kind": "event",
              "stableId": "source32:C:\\Fixture\\EventLogs\\System.evtx|machine12:CONTOSO-PC01|channel6:System|record89533",
              "source": "C:\\Fixture\\EventLogs\\System.evtx",
              "machine": "CONTOSO-PC01",
              "bundle": null,
              "channel": "System",
              "provider": "Microsoft-Windows-Kernel-General",
              "processId": null,
              "eventId": 16,
              "recordId": 89533,
              "recordIdText": "89533"
            }
          },
          {
            "timestampMs": 1791309943000,
            "severity": "warning",
            "message": "Http request status: 400. Method: POST.",
            "origin": {
              "kind": "event",
              "stableId": "source41:C:\\Fixture\\EventLogs\\AAD-Operational.evtx|machine12:CONTOSO-PC01|channel33:Microsoft-Windows-AAD/Operational|record89536",
              "source": "C:\\Fixture\\EventLogs\\AAD-Operational.evtx",
              "machine": "CONTOSO-PC01",
              "bundle": null,
              "channel": "Microsoft-Windows-AAD/Operational",
              "provider": "Microsoft-Windows-AAD",
              "processId": null,
              "eventId": 1097,
              "recordId": 89536,
              "recordIdText": "89536"
            }
          },
          {
            "timestampMs": 1791309966000,
            "severity": "info",
            "message": "The Intune Management Extension service entered the running state.",
            "origin": {
              "kind": "event",
              "stableId": "source32:C:\\Fixture\\EventLogs\\System.evtx|machine12:CONTOSO-PC01|channel6:System|record89539",
              "source": "C:\\Fixture\\EventLogs\\System.evtx",
              "machine": "CONTOSO-PC01",
              "bundle": null,
              "channel": "System",
              "provider": "Service Control Manager",
              "processId": null,
              "eventId": 7036,
              "recordId": 89539,
              "recordIdText": "89539"
            }
          },
          {
            "timestampMs": 1791310082000,
            "severity": "info",
            "message": "Successfully scheduled Software Protection service for re-start.",
            "origin": {
              "kind": "event",
              "stableId": "source37:C:\\Fixture\\EventLogs\\Application.evtx|machine12:CONTOSO-PC01|channel11:Application|record89542",
              "source": "C:\\Fixture\\EventLogs\\Application.evtx",
              "machine": "CONTOSO-PC01",
              "bundle": null,
              "channel": "Application",
              "provider": "Microsoft-Windows-Security-SPP",
              "processId": null,
              "eventId": 16384,
              "recordId": 89542,
              "recordIdText": "89542"
            }
          },
          {
            "timestampMs": 1791310128000,
            "severity": "info",
            "message": "Successfully scheduled Software Protection service for re-start.",
            "origin": {
              "kind": "event",
              "stableId": "source37:C:\\Fixture\\EventLogs\\Application.evtx|machine12:CONTOSO-PC01|channel11:Application|record89545",
              "source": "C:\\Fixture\\EventLogs\\Application.evtx",
              "machine": "CONTOSO-PC01",
              "bundle": null,
              "channel": "Application",
              "provider": "Microsoft-Windows-Security-SPP",
              "processId": null,
              "eventId": 16384,
              "recordId": 89545,
              "recordIdText": "89545"
            }
          },
          {
            "timestampMs": 1791310145000,
            "severity": "info",
            "message": "The Background Intelligent Transfer Service service entered the running state.",
            "origin": {
              "kind": "event",
              "stableId": "source32:C:\\Fixture\\EventLogs\\System.evtx|machine12:CONTOSO-PC01|channel6:System|record89548",
              "source": "C:\\Fixture\\EventLogs\\System.evtx",
              "machine": "CONTOSO-PC01",
              "bundle": null,
              "channel": "System",
              "provider": "Service Control Manager",
              "processId": null,
              "eventId": 7036,
              "recordId": 89548,
              "recordIdText": "89548"
            }
          },
          {
            "timestampMs": 1791310258000,
            "severity": "info",
            "message": "The Intune Management Extension service entered the stopped state.",
            "origin": {
              "kind": "event",
              "stableId": "source32:C:\\Fixture\\EventLogs\\System.evtx|machine12:CONTOSO-PC01|channel6:System|record89551",
              "source": "C:\\Fixture\\EventLogs\\System.evtx",
              "machine": "CONTOSO-PC01",
              "bundle": null,
              "channel": "System",
              "provider": "Service Control Manager",
              "processId": null,
              "eventId": 7036,
              "recordId": 89551,
              "recordIdText": "89551"
            }
          },
          {
            "timestampMs": 1791310289000,
            "severity": "info",
            "message": "MDM PolicyManager: Set policy int, Area: (DeviceLock).",
            "origin": {
              "kind": "event",
              "stableId": "source48:C:\\Fixture\\EventLogs\\DeviceManagement-Admin.evtx|machine12:CONTOSO-PC01|channel72:Microsoft-Windows-DeviceManagement-Enterprise-Diagnostics-Provider/Admin|record89554",
              "source": "C:\\Fixture\\EventLogs\\DeviceManagement-Admin.evtx",
              "machine": "CONTOSO-PC01",
              "bundle": null,
              "channel": "Microsoft-Windows-DeviceManagement-Enterprise-Diagnostics-Provider/Admin",
              "provider": "Microsoft-Windows-DeviceManagement-Enterprise-Diagnostics-Provider",
              "processId": null,
              "eventId": 813,
              "recordId": 89554,
              "recordIdText": "89554"
            }
          },
          {
            "timestampMs": 1791310508000,
            "severity": "info",
            "message": "Fault bucket 2187364520, type 4. Event Name: APPCRASH",
            "origin": {
              "kind": "event",
              "stableId": "source37:C:\\Fixture\\EventLogs\\Application.evtx|machine12:CONTOSO-PC01|channel11:Application|record89557",
              "source": "C:\\Fixture\\EventLogs\\Application.evtx",
              "machine": "CONTOSO-PC01",
              "bundle": null,
              "channel": "Application",
              "provider": "Windows Error Reporting",
              "processId": null,
              "eventId": 1001,
              "recordId": 89557,
              "recordIdText": "89557"
            }
          },
