          {
            "timestampMs": 1791298096000,
            "severity": "info",
            "message": "Service started",
            "origin": {
              "kind": "event",
              "stableId": "source37:C:\\Fixture\\EventLogs\\Application.evtx|machine12:CONTOSO-PC01|channel11:Application|record88981",
              "source": "C:\\Fixture\\EventLogs\\Application.evtx",
              "machine": "CONTOSO-PC01",
              "bundle": null,
              "channel": "Application",
              "provider": "edgeupdate",
              "processId": null,
              "eventId": 0,
              "recordId": 88981,
              "recordIdText": "88981"
            }
          },
          {
            "timestampMs": 1791298110000,
            "severity": "info",
            "message": "Successfully scheduled Software Protection service for re-start.",
            "origin": {
              "kind": "event",
              "stableId": "source37:C:\\Fixture\\EventLogs\\Application.evtx|machine12:CONTOSO-PC01|channel11:Application|record88984",
              "source": "C:\\Fixture\\EventLogs\\Application.evtx",
              "machine": "CONTOSO-PC01",
              "bundle": null,
              "channel": "Application",
              "provider": "Microsoft-Windows-Security-SPP",
              "processId": null,
              "eventId": 16384,
              "recordId": 88984,
              "recordIdText": "88984"
            }
          },
          {
            "timestampMs": 1791298125000,
            "severity": "warning",
            "message": "The application-specific permission settings do not grant Local Activation permission for the COM Server application.",
            "origin": {
              "kind": "event",
              "stableId": "source32:C:\\Fixture\\EventLogs\\System.evtx|machine12:CONTOSO-PC01|channel6:System|record88987",
              "source": "C:\\Fixture\\EventLogs\\System.evtx",
              "machine": "CONTOSO-PC01",
              "bundle": null,
              "channel": "System",
              "provider": "Microsoft-Windows-DistributedCOM",
              "processId": null,
              "eventId": 10016,
              "recordId": 88987,
              "recordIdText": "88987"
            }
          },
          {
            "timestampMs": 1791298279000,
            "severity": "info",
            "message": "The access history in hive \\??\\C:\\Users\\user01\\NTUSER.DAT was cleared.",
            "origin": {
              "kind": "event",
              "stableId": "source32:C:\\Fixture\\EventLogs\\System.evtx|machine12:CONTOSO-PC01|channel6:System|record88990",
              "source": "C:\\Fixture\\EventLogs\\System.evtx",
              "machine": "CONTOSO-PC01",
              "bundle": null,
              "channel": "System",
              "provider": "Microsoft-Windows-Kernel-General",
              "processId": null,
              "eventId": 16,
              "recordId": 88990,
              "recordIdText": "88990"
            }
          },
          {
            "timestampMs": 1791298475000,
            "severity": "info",
            "message": "The WinHTTP Web Proxy Auto-Discovery service entered the stopped state.",
            "origin": {
              "kind": "event",
              "stableId": "source32:C:\\Fixture\\EventLogs\\System.evtx|machine12:CONTOSO-PC01|channel6:System|record88993",
              "source": "C:\\Fixture\\EventLogs\\System.evtx",
              "machine": "CONTOSO-PC01",
              "bundle": null,
              "channel": "System",
              "provider": "Service Control Manager",
              "processId": null,
              "eventId": 7036,
              "recordId": 88993,
              "recordIdText": "88993"
            }
          },
          {
            "timestampMs": 1791298523000,
            "severity": "info",
            "message": "MDM PolicyManager: Set policy int, Area: (DeviceLock).",
            "origin": {
              "kind": "event",
              "stableId": "source48:C:\\Fixture\\EventLogs\\DeviceManagement-Admin.evtx|machine12:CONTOSO-PC01|channel72:Microsoft-Windows-DeviceManagement-Enterprise-Diagnostics-Provider/Admin|record88996",
              "source": "C:\\Fixture\\EventLogs\\DeviceManagement-Admin.evtx",
              "machine": "CONTOSO-PC01",
              "bundle": null,
              "channel": "Microsoft-Windows-DeviceManagement-Enterprise-Diagnostics-Provider/Admin",
              "provider": "Microsoft-Windows-DeviceManagement-Enterprise-Diagnostics-Provider",
              "processId": null,
              "eventId": 813,
              "recordId": 88996,
              "recordIdText": "88996"
            }
          },
          {
            "timestampMs": 1791298638000,
            "severity": "info",
            "message": "Service started",
            "origin": {
              "kind": "event",
              "stableId": "source37:C:\\Fixture\\EventLogs\\Application.evtx|machine12:CONTOSO-PC01|channel11:Application|record88999",
              "source": "C:\\Fixture\\EventLogs\\Application.evtx",
              "machine": "CONTOSO-PC01",
              "bundle": null,
              "channel": "Application",
              "provider": "edgeupdate",
              "processId": null,
              "eventId": 0,
              "recordId": 88999,
              "recordIdText": "88999"
            }
          },
          {
            "timestampMs": 1791298757000,
            "severity": "info",
            "message": "Successfully scheduled Software Protection service for re-start.",
            "origin": {
              "kind": "event",
              "stableId": "source37:C:\\Fixture\\EventLogs\\Application.evtx|machine12:CONTOSO-PC01|channel11:Application|record89002",
              "source": "C:\\Fixture\\EventLogs\\Application.evtx",
              "machine": "CONTOSO-PC01",
              "bundle": null,
              "channel": "Application",
              "provider": "Microsoft-Windows-Security-SPP",
              "processId": null,
              "eventId": 16384,
              "recordId": 89002,
              "recordIdText": "89002"
            }
          },
          {
            "timestampMs": 1791298808000,
            "severity": "info",
            "message": "The WinHTTP Web Proxy Auto-Discovery service entered the stopped state.",
            "origin": {
              "kind": "event",
              "stableId": "source32:C:\\Fixture\\EventLogs\\System.evtx|machine12:CONTOSO-PC01|channel6:System|record89005",
              "source": "C:\\Fixture\\EventLogs\\System.evtx",
              "machine": "CONTOSO-PC01",
              "bundle": null,
              "channel": "System",
              "provider": "Service Control Manager",
              "processId": null,
              "eventId": 7036,
              "recordId": 89005,
              "recordIdText": "89005"
            }
          },
          {
            "timestampMs": 1791298808000,
            "severity": "info",
            "message": "The Windows Update service entered the stopped state.",
            "origin": {
              "kind": "event",
              "stableId": "source32:C:\\Fixture\\EventLogs\\System.evtx|machine12:CONTOSO-PC01|channel6:System|record89008",
              "source": "C:\\Fixture\\EventLogs\\System.evtx",
              "machine": "CONTOSO-PC01",
              "bundle": null,
              "channel": "System",
              "provider": "Service Control Manager",
              "processId": null,
              "eventId": 7036,
              "recordId": 89008,
              "recordIdText": "89008"
            }
          },
          {
            "timestampMs": 1791298901000,
            "severity": "info",
            "message": "The WinHTTP Web Proxy Auto-Discovery service entered the stopped state.",
            "origin": {
              "kind": "event",
              "stableId": "source32:C:\\Fixture\\EventLogs\\System.evtx|machine12:CONTOSO-PC01|channel6:System|record89011",
              "source": "C:\\Fixture\\EventLogs\\System.evtx",
              "machine": "CONTOSO-PC01",
              "bundle": null,
              "channel": "System",
              "provider": "Service Control Manager",
              "processId": null,
              "eventId": 7036,
              "recordId": 89011,
              "recordIdText": "89011"
            }
          },
          {
            "timestampMs": 1791299025000,
            "severity": "info",
            "message": "OAuth response received for resource https://enrollment.manage.microsoft.com/.",
            "origin": {
              "kind": "event",
              "stableId": "source41:C:\\Fixture\\EventLogs\\AAD-Operational.evtx|machine12:CONTOSO-PC01|channel33:Microsoft-Windows-AAD/Operational|record89014",
              "source": "C:\\Fixture\\EventLogs\\AAD-Operational.evtx",
              "machine": "CONTOSO-PC01",
              "bundle": null,
              "channel": "Microsoft-Windows-AAD/Operational",
              "provider": "Microsoft-Windows-AAD",
              "processId": null,
              "eventId": 1081,
              "recordId": 89014,
              "recordIdText": "89014"
            }
          },
          {
            "timestampMs": 1791299117000,
            "severity": "info",
            "message": "The Windows Update service entered the stopped state.",
            "origin": {
              "kind": "event",
              "stableId": "source32:C:\\Fixture\\EventLogs\\System.evtx|machine12:CONTOSO-PC01|channel6:System|record89017",
              "source": "C:\\Fixture\\EventLogs\\System.evtx",
              "machine": "CONTOSO-PC01",
              "bundle": null,
              "channel": "System",
              "provider": "Service Control Manager",
              "processId": null,
              "eventId": 7036,
              "recordId": 89017,
              "recordIdText": "89017"
            }
          },
          {
            "timestampMs": 1791299208000,
            "severity": "info",
            "message": "The Windows Modules Installer service entered the running state.",
            "origin": {
              "kind": "event",
              "stableId": "source32:C:\\Fixture\\EventLogs\\System.evtx|machine12:CONTOSO-PC01|channel6:System|record89020",
              "source": "C:\\Fixture\\EventLogs\\System.evtx",
              "machine": "CONTOSO-PC01",
              "bundle": null,
              "channel": "System",
              "provider": "Service Control Manager",
              "processId": null,
              "eventId": 7036,
              "recordId": 89020,
              "recordIdText": "89020"
            }
          },
          {
            "timestampMs": 1791299279000,
            "severity": "info",
            "message": "AAD Cloud AP plugin call Plugin initialize returned success.",
            "origin": {
              "kind": "event",
              "stableId": "source41:C:\\Fixture\\EventLogs\\AAD-Operational.evtx|machine12:CONTOSO-PC01|channel33:Microsoft-Windows-AAD/Operational|record89023",
              "source": "C:\\Fixture\\EventLogs\\AAD-Operational.evtx",
              "machine": "CONTOSO-PC01",
              "bundle": null,
              "channel": "Microsoft-Windows-AAD/Operational",
              "provider": "Microsoft-Windows-AAD",
              "processId": null,
              "eventId": 1104,
              "recordId": 89023,
              "recordIdText": "89023"
            }
          },
          {
            "timestampMs": 1791299362000,
            "severity": "info",
            "message": "The Background Intelligent Transfer Service service entered the stopped state.",
            "origin": {
              "kind": "event",
              "stableId": "source32:C:\\Fixture\\EventLogs\\System.evtx|machine12:CONTOSO-PC01|channel6:System|record89026",
              "source": "C:\\Fixture\\EventLogs\\System.evtx",
              "machine": "CONTOSO-PC01",
              "bundle": null,
              "channel": "System",
              "provider": "Service Control Manager",
              "processId": null,
              "eventId": 7036,
              "recordId": 89026,
              "recordIdText": "89026"
            }
          },
          {
            "timestampMs": 1791299489000,
            "severity": "info",
            "message": "The start type of the Background Intelligent Transfer Service service was changed from demand start to auto start.",
            "origin": {
              "kind": "event",
              "stableId": "source32:C:\\Fixture\\EventLogs\\System.evtx|machine12:CONTOSO-PC01|channel6:System|record89029",
              "source": "C:\\Fixture\\EventLogs\\System.evtx",
              "machine": "CONTOSO-PC01",
              "bundle": null,
              "channel": "System",
              "provider": "Service Control Manager",
              "processId": null,
              "eventId": 7040,
              "recordId": 89029,
              "recordIdText": "89029"
            }
          },
          {
            "timestampMs": 1791299496000,
            "severity": "info",
            "message": "The WinHTTP Web Proxy Auto-Discovery service entered the running state.",
            "origin": {
              "kind": "event",
              "stableId": "source32:C:\\Fixture\\EventLogs\\System.evtx|machine12:CONTOSO-PC01|channel6:System|record89032",
              "source": "C:\\Fixture\\EventLogs\\System.evtx",
              "machine": "CONTOSO-PC01",
              "bundle": null,
              "channel": "System",
              "provider": "Service Control Manager",
              "processId": null,
              "eventId": 7036,
              "recordId": 89032,
              "recordIdText": "89032"
            }
          },
          {
            "timestampMs": 1791299535000,
            "severity": "info",
            "message": "MDM PolicyManager: Set policy int, Area: (DeviceLock).",
            "origin": {
              "kind": "event",
              "stableId": "source48:C:\\Fixture\\EventLogs\\DeviceManagement-Admin.evtx|machine12:CONTOSO-PC01|channel72:Microsoft-Windows-DeviceManagement-Enterprise-Diagnostics-Provider/Admin|record89035",
              "source": "C:\\Fixture\\EventLogs\\DeviceManagement-Admin.evtx",
              "machine": "CONTOSO-PC01",
              "bundle": null,
              "channel": "Microsoft-Windows-DeviceManagement-Enterprise-Diagnostics-Provider/Admin",
              "provider": "Microsoft-Windows-DeviceManagement-Enterprise-Diagnostics-Provider",
              "processId": null,
              "eventId": 813,
              "recordId": 89035,
              "recordIdText": "89035"
            }
          },
          {
            "timestampMs": 1791299585000,
            "severity": "info",
            "message": "The access history in hive \\??\\C:\\Users\\user01\\NTUSER.DAT was cleared.",
            "origin": {
              "kind": "event",
              "stableId": "source32:C:\\Fixture\\EventLogs\\System.evtx|machine12:CONTOSO-PC01|channel6:System|record89038",
              "source": "C:\\Fixture\\EventLogs\\System.evtx",
              "machine": "CONTOSO-PC01",
              "bundle": null,
              "channel": "System",
              "provider": "Microsoft-Windows-Kernel-General",
              "processId": null,
              "eventId": 16,
              "recordId": 89038,
              "recordIdText": "89038"
            }
          },
          {
            "timestampMs": 1791299689000,
            "severity": "warning",
            "message": "The application-specific permission settings do not grant Local Activation permission for the COM Server application.",
            "origin": {
              "kind": "event",
              "stableId": "source32:C:\\Fixture\\EventLogs\\System.evtx|machine12:CONTOSO-PC01|channel6:System|record89041",
              "source": "C:\\Fixture\\EventLogs\\System.evtx",
              "machine": "CONTOSO-PC01",
              "bundle": null,
              "channel": "System",
              "provider": "Microsoft-Windows-DistributedCOM",
              "processId": null,
              "eventId": 10016,
              "recordId": 89041,
              "recordIdText": "89041"
            }
          },
          {
            "timestampMs": 1791299852000,
            "severity": "info",
            "message": "The Background Intelligent Transfer Service service entered the stopped state.",
            "origin": {
              "kind": "event",
              "stableId": "source32:C:\\Fixture\\EventLogs\\System.evtx|machine12:CONTOSO-PC01|channel6:System|record89044",
              "source": "C:\\Fixture\\EventLogs\\System.evtx",
              "machine": "CONTOSO-PC01",
              "bundle": null,
              "channel": "System",
              "provider": "Service Control Manager",
              "processId": null,
              "eventId": 7036,
              "recordId": 89044,
              "recordIdText": "89044"
            }
          },
          {
            "timestampMs": 1791299876000,
            "severity": "info",
            "message": "OAuth response received for resource https://enrollment.manage.microsoft.com/.",
            "origin": {
              "kind": "event",
              "stableId": "source41:C:\\Fixture\\EventLogs\\AAD-Operational.evtx|machine12:CONTOSO-PC01|channel33:Microsoft-Windows-AAD/Operational|record89047",
              "source": "C:\\Fixture\\EventLogs\\AAD-Operational.evtx",
              "machine": "CONTOSO-PC01",
              "bundle": null,
              "channel": "Microsoft-Windows-AAD/Operational",
              "provider": "Microsoft-Windows-AAD",
              "processId": null,
              "eventId": 1081,
              "recordId": 89047,
              "recordIdText": "89047"
            }
          },
          {
            "timestampMs": 1791299887000,
            "severity": "info",
            "message": "Service started",
            "origin": {
              "kind": "event",
              "stableId": "source37:C:\\Fixture\\EventLogs\\Application.evtx|machine12:CONTOSO-PC01|channel11:Application|record89050",
              "source": "C:\\Fixture\\EventLogs\\Application.evtx",
              "machine": "CONTOSO-PC01",
              "bundle": null,
              "channel": "Application",
              "provider": "edgeupdate",
              "processId": null,
              "eventId": 0,
              "recordId": 89050,
              "recordIdText": "89050"
            }
          },
          {
            "timestampMs": 1791299895000,
            "severity": "info",
            "message": "Service started",
            "origin": {
              "kind": "event",
              "stableId": "source37:C:\\Fixture\\EventLogs\\Application.evtx|machine12:CONTOSO-PC01|channel11:Application|record89053",
              "source": "C:\\Fixture\\EventLogs\\Application.evtx",
              "machine": "CONTOSO-PC01",
              "bundle": null,
              "channel": "Application",
              "provider": "edgeupdate",
              "processId": null,
              "eventId": 0,
              "recordId": 89053,
              "recordIdText": "89053"
            }
          },
          {
            "timestampMs": 1791300014000,
            "severity": "info",
            "message": "Successfully scheduled Software Protection service for re-start.",
            "origin": {
              "kind": "event",
              "stableId": "source37:C:\\Fixture\\EventLogs\\Application.evtx|machine12:CONTOSO-PC01|channel11:Application|record89056",
              "source": "C:\\Fixture\\EventLogs\\Application.evtx",
              "machine": "CONTOSO-PC01",
              "bundle": null,
              "channel": "Application",
              "provider": "Microsoft-Windows-Security-SPP",
              "processId": null,
              "eventId": 16384,
              "recordId": 89056,
              "recordIdText": "89056"
            }
          },
          {
            "timestampMs": 1791300062000,
            "severity": "info",
            "message": "Service started",
            "origin": {
              "kind": "event",
              "stableId": "source37:C:\\Fixture\\EventLogs\\Application.evtx|machine12:CONTOSO-PC01|channel11:Application|record89059",
              "source": "C:\\Fixture\\EventLogs\\Application.evtx",
              "machine": "CONTOSO-PC01",
              "bundle": null,
              "channel": "Application",
              "provider": "edgeupdate",
              "processId": null,
              "eventId": 0,
              "recordId": 89059,
              "recordIdText": "89059"
            }
          },
          {
            "timestampMs": 1791300097000,
            "severity": "info",
            "message": "The start type of the Background Intelligent Transfer Service service was changed from demand start to auto start.",
            "origin": {
              "kind": "event",
              "stableId": "source32:C:\\Fixture\\EventLogs\\System.evtx|machine12:CONTOSO-PC01|channel6:System|record89062",
              "source": "C:\\Fixture\\EventLogs\\System.evtx",
              "machine": "CONTOSO-PC01",
              "bundle": null,
              "channel": "System",
              "provider": "Service Control Manager",
              "processId": null,
              "eventId": 7040,
              "recordId": 89062,
              "recordIdText": "89062"
            }
          },
          {
            "timestampMs": 1791300133000,
            "severity": "warning",
            "message": "The application-specific permission settings do not grant Local Activation permission for the COM Server application.",
            "origin": {
              "kind": "event",
              "stableId": "source32:C:\\Fixture\\EventLogs\\System.evtx|machine12:CONTOSO-PC01|channel6:System|record89065",
              "source": "C:\\Fixture\\EventLogs\\System.evtx",
              "machine": "CONTOSO-PC01",
              "bundle": null,
              "channel": "System",
              "provider": "Microsoft-Windows-DistributedCOM",
              "processId": null,
              "eventId": 10016,
              "recordId": 89065,
              "recordIdText": "89065"
            }
          },
          {
            "timestampMs": 1791300150000,
            "severity": "info",
            "message": "AAD Cloud AP plugin call Plugin initialize returned success.",
            "origin": {
              "kind": "event",
              "stableId": "source41:C:\\Fixture\\EventLogs\\AAD-Operational.evtx|machine12:CONTOSO-PC01|channel33:Microsoft-Windows-AAD/Operational|record89068",
              "source": "C:\\Fixture\\EventLogs\\AAD-Operational.evtx",
              "machine": "CONTOSO-PC01",
              "bundle": null,
              "channel": "Microsoft-Windows-AAD/Operational",
              "provider": "Microsoft-Windows-AAD",
              "processId": null,
              "eventId": 1104,
              "recordId": 89068,
              "recordIdText": "89068"
            }
          },
          {
            "timestampMs": 1791300151000,
            "severity": "info",
            "message": "Successfully scheduled Software Protection service for re-start.",
            "origin": {
              "kind": "event",
              "stableId": "source37:C:\\Fixture\\EventLogs\\Application.evtx|machine12:CONTOSO-PC01|channel11:Application|record89071",
              "source": "C:\\Fixture\\EventLogs\\Application.evtx",
              "machine": "CONTOSO-PC01",
              "bundle": null,
              "channel": "Application",
              "provider": "Microsoft-Windows-Security-SPP",
              "processId": null,
              "eventId": 16384,
              "recordId": 89071,
              "recordIdText": "89071"
            }
          },
          {
            "timestampMs": 1791300231000,
            "severity": "info",
            "message": "OAuth response received for resource https://enrollment.manage.microsoft.com/.",
            "origin": {
              "kind": "event",
              "stableId": "source41:C:\\Fixture\\EventLogs\\AAD-Operational.evtx|machine12:CONTOSO-PC01|channel33:Microsoft-Windows-AAD/Operational|record89074",
              "source": "C:\\Fixture\\EventLogs\\AAD-Operational.evtx",
              "machine": "CONTOSO-PC01",
              "bundle": null,
              "channel": "Microsoft-Windows-AAD/Operational",
              "provider": "Microsoft-Windows-AAD",
              "processId": null,
              "eventId": 1081,
              "recordId": 89074,
              "recordIdText": "89074"
            }
          },
          {
            "timestampMs": 1791300281000,
            "severity": "warning",
            "message": "The application-specific permission settings do not grant Local Activation permission for the COM Server application.",
            "origin": {
              "kind": "event",
              "stableId": "source32:C:\\Fixture\\EventLogs\\System.evtx|machine12:CONTOSO-PC01|channel6:System|record89077",
              "source": "C:\\Fixture\\EventLogs\\System.evtx",
              "machine": "CONTOSO-PC01",
              "bundle": null,
              "channel": "System",
              "provider": "Microsoft-Windows-DistributedCOM",
              "processId": null,
              "eventId": 10016,
              "recordId": 89077,
              "recordIdText": "89077"
            }
          },
          {
            "timestampMs": 1791300389000,
            "severity": "info",
            "message": "MDM PolicyManager: Set policy int, Area: (DeviceLock).",
            "origin": {
              "kind": "event",
              "stableId": "source48:C:\\Fixture\\EventLogs\\DeviceManagement-Admin.evtx|machine12:CONTOSO-PC01|channel72:Microsoft-Windows-DeviceManagement-Enterprise-Diagnostics-Provider/Admin|record89080",
              "source": "C:\\Fixture\\EventLogs\\DeviceManagement-Admin.evtx",
              "machine": "CONTOSO-PC01",
              "bundle": null,
              "channel": "Microsoft-Windows-DeviceManagement-Enterprise-Diagnostics-Provider/Admin",
              "provider": "Microsoft-Windows-DeviceManagement-Enterprise-Diagnostics-Provider",
              "processId": null,
              "eventId": 813,
              "recordId": 89080,
              "recordIdText": "89080"
            }
          },
          {
            "timestampMs": 1791300414000,
            "severity": "info",
            "message": "The WinHTTP Web Proxy Auto-Discovery service entered the running state.",
            "origin": {
              "kind": "event",
              "stableId": "source32:C:\\Fixture\\EventLogs\\System.evtx|machine12:CONTOSO-PC01|channel6:System|record89083",
              "source": "C:\\Fixture\\EventLogs\\System.evtx",
              "machine": "CONTOSO-PC01",
              "bundle": null,
              "channel": "System",
              "provider": "Service Control Manager",
              "processId": null,
              "eventId": 7036,
              "recordId": 89083,
              "recordIdText": "89083"
            }
          },
          {
            "timestampMs": 1791300501000,
            "severity": "warning",
            "message": "Http request status: 400. Method: POST.",
            "origin": {
              "kind": "event",
              "stableId": "source41:C:\\Fixture\\EventLogs\\AAD-Operational.evtx|machine12:CONTOSO-PC01|channel33:Microsoft-Windows-AAD/Operational|record89086",
              "source": "C:\\Fixture\\EventLogs\\AAD-Operational.evtx",
              "machine": "CONTOSO-PC01",
              "bundle": null,
              "channel": "Microsoft-Windows-AAD/Operational",
              "provider": "Microsoft-Windows-AAD",
              "processId": null,
              "eventId": 1097,
              "recordId": 89086,
              "recordIdText": "89086"
            }
          },
          {
            "timestampMs": 1791300545000,
            "severity": "warning",
            "message": "The Contoso Update Service service terminated unexpectedly. It has done this 1 time(s).",
            "origin": {
              "kind": "event",
              "stableId": "source32:C:\\Fixture\\EventLogs\\System.evtx|machine12:CONTOSO-PC01|channel6:System|record89089",
              "source": "C:\\Fixture\\EventLogs\\System.evtx",
              "machine": "CONTOSO-PC01",
              "bundle": null,
              "channel": "System",
              "provider": "Service Control Manager",
              "processId": null,
              "eventId": 7031,
              "recordId": 89089,
              "recordIdText": "89089"
            }
          },
          {
            "timestampMs": 1791300615000,
            "severity": "info",
            "message": "The WinHTTP Web Proxy Auto-Discovery service entered the stopped state.",
            "origin": {
              "kind": "event",
              "stableId": "source32:C:\\Fixture\\EventLogs\\System.evtx|machine12:CONTOSO-PC01|channel6:System|record89092",
              "source": "C:\\Fixture\\EventLogs\\System.evtx",
              "machine": "CONTOSO-PC01",
              "bundle": null,
              "channel": "System",
              "provider": "Service Control Manager",
              "processId": null,
              "eventId": 7036,
              "recordId": 89092,
              "recordIdText": "89092"
            }
          },
          {
            "timestampMs": 1791300616000,
            "severity": "info",
            "message": "Beginning a Windows Installer transaction.",
            "origin": {
              "kind": "event",
              "stableId": "source37:C:\\Fixture\\EventLogs\\Application.evtx|machine12:CONTOSO-PC01|channel11:Application|record89095",
              "source": "C:\\Fixture\\EventLogs\\Application.evtx",
              "machine": "CONTOSO-PC01",
              "bundle": null,
              "channel": "Application",
              "provider": "MsiInstaller",
              "processId": null,
              "eventId": 1040,
              "recordId": 89095,
              "recordIdText": "89095"
            }
          },
          {
            "timestampMs": 1791300630000,
            "severity": "warning",
            "message": "The application-specific permission settings do not grant Local Activation permission for the COM Server application.",
            "origin": {
              "kind": "event",
              "stableId": "source32:C:\\Fixture\\EventLogs\\System.evtx|machine12:CONTOSO-PC01|channel6:System|record89098",
              "source": "C:\\Fixture\\EventLogs\\System.evtx",
              "machine": "CONTOSO-PC01",
              "bundle": null,
              "channel": "System",
              "provider": "Microsoft-Windows-DistributedCOM",
              "processId": null,
              "eventId": 10016,
              "recordId": 89098,
              "recordIdText": "89098"
            }
          },
          {
            "timestampMs": 1791300653000,
            "severity": "info",
            "message": "The Intune Management Extension service entered the running state.",
            "origin": {
              "kind": "event",
              "stableId": "source32:C:\\Fixture\\EventLogs\\System.evtx|machine12:CONTOSO-PC01|channel6:System|record89101",
              "source": "C:\\Fixture\\EventLogs\\System.evtx",
              "machine": "CONTOSO-PC01",
              "bundle": null,
              "channel": "System",
              "provider": "Service Control Manager",
              "processId": null,
              "eventId": 7036,
              "recordId": 89101,
              "recordIdText": "89101"
            }
          },
          {
            "timestampMs": 1791300679000,
            "severity": "info",
            "message": "Successfully scheduled Software Protection service for re-start.",
            "origin": {
              "kind": "event",
              "stableId": "source37:C:\\Fixture\\EventLogs\\Application.evtx|machine12:CONTOSO-PC01|channel11:Application|record89104",
              "source": "C:\\Fixture\\EventLogs\\Application.evtx",
              "machine": "CONTOSO-PC01",
              "bundle": null,
              "channel": "Application",
              "provider": "Microsoft-Windows-Security-SPP",
              "processId": null,
              "eventId": 16384,
              "recordId": 89104,
              "recordIdText": "89104"
            }
          },
          {
            "timestampMs": 1791300877000,
            "severity": "info",
            "message": "Windows Installer installed the product. Product Name: Contoso VPN Client 4.2 (x64).",
            "origin": {
              "kind": "event",
              "stableId": "source37:C:\\Fixture\\EventLogs\\Application.evtx|machine12:CONTOSO-PC01|channel11:Application|record89107",
              "source": "C:\\Fixture\\EventLogs\\Application.evtx",
              "machine": "CONTOSO-PC01",
              "bundle": null,
              "channel": "Application",
              "provider": "MsiInstaller",
              "processId": null,
              "eventId": 1033,
              "recordId": 89107,
              "recordIdText": "89107"
            }
          },
          {
            "timestampMs": 1791300950000,
            "severity": "info",
            "message": "AAD Cloud AP plugin call Plugin initialize returned success.",
            "origin": {
              "kind": "event",
              "stableId": "source41:C:\\Fixture\\EventLogs\\AAD-Operational.evtx|machine12:CONTOSO-PC01|channel33:Microsoft-Windows-AAD/Operational|record89110",
              "source": "C:\\Fixture\\EventLogs\\AAD-Operational.evtx",
              "machine": "CONTOSO-PC01",
              "bundle": null,
              "channel": "Microsoft-Windows-AAD/Operational",
              "provider": "Microsoft-Windows-AAD",
              "processId": null,
              "eventId": 1104,
              "recordId": 89110,
              "recordIdText": "89110"
            }
          },
          {
            "timestampMs": 1791300974000,
            "severity": "info",
            "message": "Successfully scheduled Software Protection service for re-start.",
            "origin": {
              "kind": "event",
              "stableId": "source37:C:\\Fixture\\EventLogs\\Application.evtx|machine12:CONTOSO-PC01|channel11:Application|record89113",
              "source": "C:\\Fixture\\EventLogs\\Application.evtx",
              "machine": "CONTOSO-PC01",
              "bundle": null,
              "channel": "Application",
              "provider": "Microsoft-Windows-Security-SPP",
              "processId": null,
              "eventId": 16384,
              "recordId": 89113,
              "recordIdText": "89113"
            }
          },
          {
            "timestampMs": 1791301189000,
            "severity": "warning",
            "message": "Token broker operation failed.",
            "origin": {
              "kind": "event",
              "stableId": "source41:C:\\Fixture\\EventLogs\\AAD-Operational.evtx|machine12:CONTOSO-PC01|channel33:Microsoft-Windows-AAD/Operational|record89116",
              "source": "C:\\Fixture\\EventLogs\\AAD-Operational.evtx",
              "machine": "CONTOSO-PC01",
              "bundle": null,
              "channel": "Microsoft-Windows-AAD/Operational",
              "provider": "Microsoft-Windows-AAD",
              "processId": null,
              "eventId": 1098,
              "recordId": 89116,
              "recordIdText": "89116"
            }
          },
          {
            "timestampMs": 1791301234000,
            "severity": "warning",
            "message": "The application-specific permission settings do not grant Local Activation permission for the COM Server application.",
            "origin": {
              "kind": "event",
              "stableId": "source32:C:\\Fixture\\EventLogs\\System.evtx|machine12:CONTOSO-PC01|channel6:System|record89119",
              "source": "C:\\Fixture\\EventLogs\\System.evtx",
              "machine": "CONTOSO-PC01",
              "bundle": null,
              "channel": "System",
              "provider": "Microsoft-Windows-DistributedCOM",
              "processId": null,
              "eventId": 10016,
              "recordId": 89119,
              "recordIdText": "89119"
            }
          },
          {
            "timestampMs": 1791301282000,
            "severity": "info",
            "message": "The Background Intelligent Transfer Service service entered the stopped state.",
            "origin": {
              "kind": "event",
              "stableId": "source32:C:\\Fixture\\EventLogs\\System.evtx|machine12:CONTOSO-PC01|channel6:System|record89122",
              "source": "C:\\Fixture\\EventLogs\\System.evtx",
              "machine": "CONTOSO-PC01",
              "bundle": null,
              "channel": "System",
              "provider": "Service Control Manager",
              "processId": null,
              "eventId": 7036,
              "recordId": 89122,
              "recordIdText": "89122"
            }
          },
          {
            "timestampMs": 1791301302000,
            "severity": "info",
            "message": "AAD Cloud AP plugin call Plugin initialize returned success.",
            "origin": {
              "kind": "event",
              "stableId": "source41:C:\\Fixture\\EventLogs\\AAD-Operational.evtx|machine12:CONTOSO-PC01|channel33:Microsoft-Windows-AAD/Operational|record89125",
              "source": "C:\\Fixture\\EventLogs\\AAD-Operational.evtx",
              "machine": "CONTOSO-PC01",
              "bundle": null,
              "channel": "Microsoft-Windows-AAD/Operational",
              "provider": "Microsoft-Windows-AAD",
              "processId": null,
              "eventId": 1104,
              "recordId": 89125,
              "recordIdText": "89125"
            }
          },
          {
            "timestampMs": 1791301354000,
            "severity": "warning",
            "message": "The application-specific permission settings do not grant Local Activation permission for the COM Server application.",
            "origin": {
              "kind": "event",
              "stableId": "source32:C:\\Fixture\\EventLogs\\System.evtx|machine12:CONTOSO-PC01|channel6:System|record89128",
              "source": "C:\\Fixture\\EventLogs\\System.evtx",
              "machine": "CONTOSO-PC01",
              "bundle": null,
              "channel": "System",
              "provider": "Microsoft-Windows-DistributedCOM",
              "processId": null,
              "eventId": 10016,
              "recordId": 89128,
              "recordIdText": "89128"
            }
          },
          {
            "timestampMs": 1791301403000,
            "severity": "error",
            "message": "MDM ConfigurationManager: Command failure status. Configuration Source: (MDM).",
            "origin": {
              "kind": "event",
              "stableId": "source48:C:\\Fixture\\EventLogs\\DeviceManagement-Admin.evtx|machine12:CONTOSO-PC01|channel72:Microsoft-Windows-DeviceManagement-Enterprise-Diagnostics-Provider/Admin|record89131",
              "source": "C:\\Fixture\\EventLogs\\DeviceManagement-Admin.evtx",
              "machine": "CONTOSO-PC01",
              "bundle": null,
              "channel": "Microsoft-Windows-DeviceManagement-Enterprise-Diagnostics-Provider/Admin",
              "provider": "Microsoft-Windows-DeviceManagement-Enterprise-Diagnostics-Provider",
              "processId": null,
              "eventId": 404,
              "recordId": 89131,
              "recordIdText": "89131"
            }
          },
          {
            "timestampMs": 1791301421000,
            "severity": "info",
            "message": "The WinHTTP Web Proxy Auto-Discovery service entered the stopped state.",
            "origin": {
              "kind": "event",
              "stableId": "source32:C:\\Fixture\\EventLogs\\System.evtx|machine12:CONTOSO-PC01|channel6:System|record89134",
              "source": "C:\\Fixture\\EventLogs\\System.evtx",
              "machine": "CONTOSO-PC01",
              "bundle": null,
              "channel": "System",
              "provider": "Service Control Manager",
              "processId": null,
              "eventId": 7036,
              "recordId": 89134,
              "recordIdText": "89134"
            }
          },
          {
            "timestampMs": 1791301432000,
            "severity": "info",
            "message": "Service started",
            "origin": {
              "kind": "event",
              "stableId": "source37:C:\\Fixture\\EventLogs\\Application.evtx|machine12:CONTOSO-PC01|channel11:Application|record89137",
              "source": "C:\\Fixture\\EventLogs\\Application.evtx",
              "machine": "CONTOSO-PC01",
              "bundle": null,
              "channel": "Application",
              "provider": "edgeupdate",
              "processId": null,
              "eventId": 0,
              "recordId": 89137,
              "recordIdText": "89137"
            }
          },
          {
            "timestampMs": 1791301441000,
            "severity": "info",
            "message": "Successfully scheduled Software Protection service for re-start.",
            "origin": {
              "kind": "event",
              "stableId": "source37:C:\\Fixture\\EventLogs\\Application.evtx|machine12:CONTOSO-PC01|channel11:Application|record89140",
              "source": "C:\\Fixture\\EventLogs\\Application.evtx",
              "machine": "CONTOSO-PC01",
              "bundle": null,
              "channel": "Application",
              "provider": "Microsoft-Windows-Security-SPP",
              "processId": null,
              "eventId": 16384,
              "recordId": 89140,
              "recordIdText": "89140"
            }
          },
          {
            "timestampMs": 1791301483000,
            "severity": "info",
            "message": "The Background Intelligent Transfer Service service entered the stopped state.",
            "origin": {
              "kind": "event",
              "stableId": "source32:C:\\Fixture\\EventLogs\\System.evtx|machine12:CONTOSO-PC01|channel6:System|record89143",
              "source": "C:\\Fixture\\EventLogs\\System.evtx",
              "machine": "CONTOSO-PC01",
              "bundle": null,
              "channel": "System",
              "provider": "Service Control Manager",
              "processId": null,
              "eventId": 7036,
              "recordId": 89143,
              "recordIdText": "89143"
            }
          },
          {
            "timestampMs": 1791301564000,
            "severity": "info",
            "message": "Service started",
            "origin": {
              "kind": "event",
              "stableId": "source37:C:\\Fixture\\EventLogs\\Application.evtx|machine12:CONTOSO-PC01|channel11:Application|record89146",
              "source": "C:\\Fixture\\EventLogs\\Application.evtx",
              "machine": "CONTOSO-PC01",
              "bundle": null,
              "channel": "Application",
              "provider": "edgeupdate",
              "processId": null,
              "eventId": 0,
              "recordId": 89146,
              "recordIdText": "89146"
            }
          },
          {
            "timestampMs": 1791301786000,
            "severity": "info",
            "message": "Successfully scheduled Software Protection service for re-start.",
            "origin": {
              "kind": "event",
              "stableId": "source37:C:\\Fixture\\EventLogs\\Application.evtx|machine12:CONTOSO-PC01|channel11:Application|record89149",
              "source": "C:\\Fixture\\EventLogs\\Application.evtx",
              "machine": "CONTOSO-PC01",
              "bundle": null,
              "channel": "Application",
              "provider": "Microsoft-Windows-Security-SPP",
              "processId": null,
              "eventId": 16384,
              "recordId": 89149,
              "recordIdText": "89149"
            }
          },
          {
            "timestampMs": 1791301800000,
            "severity": "info",
            "message": "OAuth response received for resource https://enrollment.manage.microsoft.com/.",
            "origin": {
              "kind": "event",
              "stableId": "source41:C:\\Fixture\\EventLogs\\AAD-Operational.evtx|machine12:CONTOSO-PC01|channel33:Microsoft-Windows-AAD/Operational|record89152",
              "source": "C:\\Fixture\\EventLogs\\AAD-Operational.evtx",
              "machine": "CONTOSO-PC01",
              "bundle": null,
              "channel": "Microsoft-Windows-AAD/Operational",
              "provider": "Microsoft-Windows-AAD",
              "processId": null,
              "eventId": 1081,
              "recordId": 89152,
              "recordIdText": "89152"
            }
          },
          {
            "timestampMs": 1791301853000,
            "severity": "info",
            "message": "Successfully scheduled Software Protection service for re-start.",
            "origin": {
              "kind": "event",
              "stableId": "source37:C:\\Fixture\\EventLogs\\Application.evtx|machine12:CONTOSO-PC01|channel11:Application|record89155",
              "source": "C:\\Fixture\\EventLogs\\Application.evtx",
              "machine": "CONTOSO-PC01",
              "bundle": null,
              "channel": "Application",
              "provider": "Microsoft-Windows-Security-SPP",
              "processId": null,
              "eventId": 16384,
              "recordId": 89155,
              "recordIdText": "89155"
            }
          },
          {
            "timestampMs": 1791301863000,
            "severity": "info",
            "message": "Service started",
            "origin": {
              "kind": "event",
              "stableId": "source37:C:\\Fixture\\EventLogs\\Application.evtx|machine12:CONTOSO-PC01|channel11:Application|record89158",
              "source": "C:\\Fixture\\EventLogs\\Application.evtx",
              "machine": "CONTOSO-PC01",
              "bundle": null,
              "channel": "Application",
              "provider": "edgeupdate",
              "processId": null,
              "eventId": 0,
              "recordId": 89158,
              "recordIdText": "89158"
            }
          },
          {
            "timestampMs": 1791301949000,
            "severity": "info",
            "message": "The access history in hive \\??\\C:\\Users\\user01\\NTUSER.DAT was cleared.",
            "origin": {
              "kind": "event",
              "stableId": "source32:C:\\Fixture\\EventLogs\\System.evtx|machine12:CONTOSO-PC01|channel6:System|record89161",
              "source": "C:\\Fixture\\EventLogs\\System.evtx",
              "machine": "CONTOSO-PC01",
              "bundle": null,
              "channel": "System",
              "provider": "Microsoft-Windows-Kernel-General",
              "processId": null,
              "eventId": 16,
              "recordId": 89161,
              "recordIdText": "89161"
            }
          },
          {
            "timestampMs": 1791301989000,
            "severity": "info",
            "message": "Successfully scheduled Software Protection service for re-start.",
            "origin": {
              "kind": "event",
              "stableId": "source37:C:\\Fixture\\EventLogs\\Application.evtx|machine12:CONTOSO-PC01|channel11:Application|record89164",
              "source": "C:\\Fixture\\EventLogs\\Application.evtx",
              "machine": "CONTOSO-PC01",
              "bundle": null,
              "channel": "Application",
              "provider": "Microsoft-Windows-Security-SPP",
              "processId": null,
              "eventId": 16384,
              "recordId": 89164,
              "recordIdText": "89164"
            }
          },
          {
            "timestampMs": 1791302000000,
            "severity": "info",
            "message": "MDM Enroll: auto-enrollment triggered by policy",
            "origin": {
              "kind": "event",
              "stableId": "source48:C:\\Fixture\\EventLogs\\DeviceManagement-Admin.evtx|machine12:CONTOSO-PC01|channel72:Microsoft-Windows-DeviceManagement-Enterprise-Diagnostics-Provider/Admin|record89167",
              "source": "C:\\Fixture\\EventLogs\\DeviceManagement-Admin.evtx",
              "machine": "CONTOSO-PC01",
              "bundle": null,
              "channel": "Microsoft-Windows-DeviceManagement-Enterprise-Diagnostics-Provider/Admin",
              "provider": "Microsoft-Windows-DeviceManagement-Enterprise-Diagnostics-Provider",
              "processId": null,
              "eventId": 72,
              "recordId": 89167,
              "recordIdText": "89167"
            }
          },
          {
            "timestampMs": 1791302197000,
            "severity": "info",
            "message": "The access history in hive \\??\\C:\\Users\\user01\\NTUSER.DAT was cleared.",
            "origin": {
              "kind": "event",
              "stableId": "source32:C:\\Fixture\\EventLogs\\System.evtx|machine12:CONTOSO-PC01|channel6:System|record89170",
              "source": "C:\\Fixture\\EventLogs\\System.evtx",
              "machine": "CONTOSO-PC01",
              "bundle": null,
              "channel": "System",
              "provider": "Microsoft-Windows-Kernel-General",
              "processId": null,
              "eventId": 16,
              "recordId": 89170,
              "recordIdText": "89170"
            }
          },
