          {
            "timestampMs": 1791366630000,
            "severity": "warning",
            "message": "Name resolution for the name enterpriseregistration.windows.net timed out after none of the configured DNS servers responded.",
            "origin": {
              "kind": "event",
              "stableId": "source32:C:\\Fixture\\EventLogs\\System.evtx|machine12:CONTOSO-PC01|channel6:System|record92056",
              "source": "C:\\Fixture\\EventLogs\\System.evtx",
              "machine": "CONTOSO-PC01",
              "bundle": null,
              "channel": "System",
              "provider": "Microsoft-Windows-DNS-Client",
              "processId": null,
              "eventId": 1014,
              "recordId": 92056,
              "recordIdText": "92056"
            }
          },
          {
            "timestampMs": 1791366645000,
            "severity": "info",
            "message": "Successfully scheduled Software Protection service for re-start.",
            "origin": {
              "kind": "event",
              "stableId": "source37:C:\\Fixture\\EventLogs\\Application.evtx|machine12:CONTOSO-PC01|channel11:Application|record92059",
              "source": "C:\\Fixture\\EventLogs\\Application.evtx",
              "machine": "CONTOSO-PC01",
              "bundle": null,
              "channel": "Application",
              "provider": "Microsoft-Windows-Security-SPP",
              "processId": null,
              "eventId": 16384,
              "recordId": 92059,
              "recordIdText": "92059"
            }
          },
          {
            "timestampMs": 1791366662000,
            "severity": "warning",
            "message": "Token broker operation failed.",
            "origin": {
              "kind": "event",
              "stableId": "source41:C:\\Fixture\\EventLogs\\AAD-Operational.evtx|machine12:CONTOSO-PC01|channel33:Microsoft-Windows-AAD/Operational|record92062",
              "source": "C:\\Fixture\\EventLogs\\AAD-Operational.evtx",
              "machine": "CONTOSO-PC01",
              "bundle": null,
              "channel": "Microsoft-Windows-AAD/Operational",
              "provider": "Microsoft-Windows-AAD",
              "processId": null,
              "eventId": 1098,
              "recordId": 92062,
              "recordIdText": "92062"
            }
          },
          {
            "timestampMs": 1791366721000,
            "severity": "warning",
            "message": "Token broker operation failed.",
            "origin": {
              "kind": "event",
              "stableId": "source41:C:\\Fixture\\EventLogs\\AAD-Operational.evtx|machine12:CONTOSO-PC01|channel33:Microsoft-Windows-AAD/Operational|record92065",
              "source": "C:\\Fixture\\EventLogs\\AAD-Operational.evtx",
              "machine": "CONTOSO-PC01",
              "bundle": null,
              "channel": "Microsoft-Windows-AAD/Operational",
              "provider": "Microsoft-Windows-AAD",
              "processId": null,
              "eventId": 1098,
              "recordId": 92065,
              "recordIdText": "92065"
            }
          },
          {
            "timestampMs": 1791366773000,
            "severity": "warning",
            "message": "Http request status: 400. Method: POST.",
            "origin": {
              "kind": "event",
              "stableId": "source41:C:\\Fixture\\EventLogs\\AAD-Operational.evtx|machine12:CONTOSO-PC01|channel33:Microsoft-Windows-AAD/Operational|record92068",
              "source": "C:\\Fixture\\EventLogs\\AAD-Operational.evtx",
              "machine": "CONTOSO-PC01",
              "bundle": null,
              "channel": "Microsoft-Windows-AAD/Operational",
              "provider": "Microsoft-Windows-AAD",
              "processId": null,
              "eventId": 1097,
              "recordId": 92068,
              "recordIdText": "92068"
            }
          },
          {
            "timestampMs": 1791366802000,
            "severity": "info",
            "message": "The start type of the Background Intelligent Transfer Service service was changed from demand start to auto start.",
            "origin": {
              "kind": "event",
              "stableId": "source32:C:\\Fixture\\EventLogs\\System.evtx|machine12:CONTOSO-PC01|channel6:System|record92071",
              "source": "C:\\Fixture\\EventLogs\\System.evtx",
              "machine": "CONTOSO-PC01",
              "bundle": null,
              "channel": "System",
              "provider": "Service Control Manager",
              "processId": null,
              "eventId": 7040,
              "recordId": 92071,
              "recordIdText": "92071"
            }
          },
          {
            "timestampMs": 1791366918000,
            "severity": "info",
            "message": "The access history in hive \\??\\C:\\Users\\user01\\NTUSER.DAT was cleared.",
            "origin": {
              "kind": "event",
              "stableId": "source32:C:\\Fixture\\EventLogs\\System.evtx|machine12:CONTOSO-PC01|channel6:System|record92074",
              "source": "C:\\Fixture\\EventLogs\\System.evtx",
              "machine": "CONTOSO-PC01",
              "bundle": null,
              "channel": "System",
              "provider": "Microsoft-Windows-Kernel-General",
              "processId": null,
              "eventId": 16,
              "recordId": 92074,
              "recordIdText": "92074"
            }
          },
          {
            "timestampMs": 1791366941000,
            "severity": "info",
            "message": "Service started",
            "origin": {
              "kind": "event",
              "stableId": "source37:C:\\Fixture\\EventLogs\\Application.evtx|machine12:CONTOSO-PC01|channel11:Application|record92077",
              "source": "C:\\Fixture\\EventLogs\\Application.evtx",
              "machine": "CONTOSO-PC01",
              "bundle": null,
              "channel": "Application",
              "provider": "edgeupdate",
              "processId": null,
              "eventId": 0,
              "recordId": 92077,
              "recordIdText": "92077"
            }
          },
          {
            "timestampMs": 1791366960000,
            "severity": "warning",
            "message": "Http request status: 400. Method: POST.",
            "origin": {
              "kind": "event",
              "stableId": "source41:C:\\Fixture\\EventLogs\\AAD-Operational.evtx|machine12:CONTOSO-PC01|channel33:Microsoft-Windows-AAD/Operational|record92080",
              "source": "C:\\Fixture\\EventLogs\\AAD-Operational.evtx",
              "machine": "CONTOSO-PC01",
              "bundle": null,
              "channel": "Microsoft-Windows-AAD/Operational",
              "provider": "Microsoft-Windows-AAD",
              "processId": null,
              "eventId": 1097,
              "recordId": 92080,
              "recordIdText": "92080"
            }
          },
          {
            "timestampMs": 1791366974000,
            "severity": "info",
            "message": "Successfully scheduled Software Protection service for re-start.",
            "origin": {
              "kind": "event",
              "stableId": "source37:C:\\Fixture\\EventLogs\\Application.evtx|machine12:CONTOSO-PC01|channel11:Application|record92083",
              "source": "C:\\Fixture\\EventLogs\\Application.evtx",
              "machine": "CONTOSO-PC01",
              "bundle": null,
              "channel": "Application",
              "provider": "Microsoft-Windows-Security-SPP",
              "processId": null,
              "eventId": 16384,
              "recordId": 92083,
              "recordIdText": "92083"
            }
          },
          {
            "timestampMs": 1791366998000,
            "severity": "info",
            "message": "Service started",
            "origin": {
              "kind": "event",
              "stableId": "source37:C:\\Fixture\\EventLogs\\Application.evtx|machine12:CONTOSO-PC01|channel11:Application|record92086",
              "source": "C:\\Fixture\\EventLogs\\Application.evtx",
              "machine": "CONTOSO-PC01",
              "bundle": null,
              "channel": "Application",
              "provider": "edgeupdate",
              "processId": null,
              "eventId": 0,
              "recordId": 92086,
              "recordIdText": "92086"
            }
          },
          {
            "timestampMs": 1791367043000,
            "severity": "info",
            "message": "OAuth response received for resource https://enrollment.manage.microsoft.com/.",
            "origin": {
              "kind": "event",
              "stableId": "source41:C:\\Fixture\\EventLogs\\AAD-Operational.evtx|machine12:CONTOSO-PC01|channel33:Microsoft-Windows-AAD/Operational|record92089",
              "source": "C:\\Fixture\\EventLogs\\AAD-Operational.evtx",
              "machine": "CONTOSO-PC01",
              "bundle": null,
              "channel": "Microsoft-Windows-AAD/Operational",
              "provider": "Microsoft-Windows-AAD",
              "processId": null,
              "eventId": 1081,
              "recordId": 92089,
              "recordIdText": "92089"
            }
          },
          {
            "timestampMs": 1791367062000,
            "severity": "error",
            "message": "Product: Contoso VPN Client 4.2 (x64) -- Installation failed.",
            "origin": {
              "kind": "event",
              "stableId": "source37:C:\\Fixture\\EventLogs\\Application.evtx|machine12:CONTOSO-PC01|channel11:Application|record92092",
              "source": "C:\\Fixture\\EventLogs\\Application.evtx",
              "machine": "CONTOSO-PC01",
              "bundle": null,
              "channel": "Application",
              "provider": "MsiInstaller",
              "processId": null,
              "eventId": 11708,
              "recordId": 92092,
              "recordIdText": "92092"
            }
          },
          {
            "timestampMs": 1791367121000,
            "severity": "warning",
            "message": "Name resolution for the name enterpriseregistration.windows.net timed out after none of the configured DNS servers responded.",
            "origin": {
              "kind": "event",
              "stableId": "source32:C:\\Fixture\\EventLogs\\System.evtx|machine12:CONTOSO-PC01|channel6:System|record92095",
              "source": "C:\\Fixture\\EventLogs\\System.evtx",
              "machine": "CONTOSO-PC01",
              "bundle": null,
              "channel": "System",
              "provider": "Microsoft-Windows-DNS-Client",
              "processId": null,
              "eventId": 1014,
              "recordId": 92095,
              "recordIdText": "92095"
            }
          },
          {
            "timestampMs": 1791367232000,
            "severity": "warning",
            "message": "Name resolution for the name contoso.sharepoint.com timed out after none of the configured DNS servers responded.",
            "origin": {
              "kind": "event",
              "stableId": "source32:C:\\Fixture\\EventLogs\\System.evtx|machine12:CONTOSO-PC01|channel6:System|record92098",
              "source": "C:\\Fixture\\EventLogs\\System.evtx",
              "machine": "CONTOSO-PC01",
              "bundle": null,
              "channel": "System",
              "provider": "Microsoft-Windows-DNS-Client",
              "processId": null,
              "eventId": 1014,
              "recordId": 92098,
              "recordIdText": "92098"
            }
          },
          {
            "timestampMs": 1791367287000,
            "severity": "warning",
            "message": "Name resolution for the name enrollment.manage.microsoft.com timed out after none of the configured DNS servers responded.",
            "origin": {
              "kind": "event",
              "stableId": "source32:C:\\Fixture\\EventLogs\\System.evtx|machine12:CONTOSO-PC01|channel6:System|record92101",
              "source": "C:\\Fixture\\EventLogs\\System.evtx",
              "machine": "CONTOSO-PC01",
              "bundle": null,
              "channel": "System",
              "provider": "Microsoft-Windows-DNS-Client",
              "processId": null,
              "eventId": 1014,
              "recordId": 92101,
              "recordIdText": "92101"
            }
          },
          {
            "timestampMs": 1791367305000,
            "severity": "warning",
            "message": "The application-specific permission settings do not grant Local Activation permission for the COM Server application.",
            "origin": {
              "kind": "event",
              "stableId": "source32:C:\\Fixture\\EventLogs\\System.evtx|machine12:CONTOSO-PC01|channel6:System|record92104",
              "source": "C:\\Fixture\\EventLogs\\System.evtx",
              "machine": "CONTOSO-PC01",
              "bundle": null,
              "channel": "System",
              "provider": "Microsoft-Windows-DistributedCOM",
              "processId": null,
              "eventId": 10016,
              "recordId": 92104,
              "recordIdText": "92104"
            }
          },
          {
            "timestampMs": 1791367368000,
            "severity": "info",
            "message": "The Windows Modules Installer service entered the running state.",
            "origin": {
              "kind": "event",
              "stableId": "source32:C:\\Fixture\\EventLogs\\System.evtx|machine12:CONTOSO-PC01|channel6:System|record92107",
              "source": "C:\\Fixture\\EventLogs\\System.evtx",
              "machine": "CONTOSO-PC01",
              "bundle": null,
              "channel": "System",
              "provider": "Service Control Manager",
              "processId": null,
              "eventId": 7036,
              "recordId": 92107,
              "recordIdText": "92107"
            }
          },
          {
            "timestampMs": 1791367402000,
            "severity": "warning",
            "message": "Name resolution for the name enrollment.manage.microsoft.com timed out after none of the configured DNS servers responded.",
            "origin": {
              "kind": "event",
              "stableId": "source32:C:\\Fixture\\EventLogs\\System.evtx|machine12:CONTOSO-PC01|channel6:System|record92110",
              "source": "C:\\Fixture\\EventLogs\\System.evtx",
              "machine": "CONTOSO-PC01",
              "bundle": null,
              "channel": "System",
              "provider": "Microsoft-Windows-DNS-Client",
              "processId": null,
              "eventId": 1014,
              "recordId": 92110,
              "recordIdText": "92110"
            }
          },
          {
            "timestampMs": 1791367586000,
            "severity": "warning",
            "message": "Http request status: 400. Method: POST.",
            "origin": {
              "kind": "event",
              "stableId": "source41:C:\\Fixture\\EventLogs\\AAD-Operational.evtx|machine12:CONTOSO-PC01|channel33:Microsoft-Windows-AAD/Operational|record92113",
              "source": "C:\\Fixture\\EventLogs\\AAD-Operational.evtx",
              "machine": "CONTOSO-PC01",
              "bundle": null,
              "channel": "Microsoft-Windows-AAD/Operational",
              "provider": "Microsoft-Windows-AAD",
              "processId": null,
              "eventId": 1097,
              "recordId": 92113,
              "recordIdText": "92113"
            }
          },
          {
            "timestampMs": 1791367676000,
            "severity": "info",
            "message": "Beginning a Windows Installer transaction.",
            "origin": {
              "kind": "event",
              "stableId": "source37:C:\\Fixture\\EventLogs\\Application.evtx|machine12:CONTOSO-PC01|channel11:Application|record92116",
              "source": "C:\\Fixture\\EventLogs\\Application.evtx",
              "machine": "CONTOSO-PC01",
              "bundle": null,
              "channel": "Application",
              "provider": "MsiInstaller",
              "processId": null,
              "eventId": 1040,
              "recordId": 92116,
              "recordIdText": "92116"
            }
          },
          {
            "timestampMs": 1791367698000,
            "severity": "warning",
            "message": "Name resolution for the name login.microsoftonline.com timed out after none of the configured DNS servers responded.",
            "origin": {
              "kind": "event",
              "stableId": "source32:C:\\Fixture\\EventLogs\\System.evtx|machine12:CONTOSO-PC01|channel6:System|record92119",
              "source": "C:\\Fixture\\EventLogs\\System.evtx",
              "machine": "CONTOSO-PC01",
              "bundle": null,
              "channel": "System",
              "provider": "Microsoft-Windows-DNS-Client",
              "processId": null,
              "eventId": 1014,
              "recordId": 92119,
              "recordIdText": "92119"
            }
          },
          {
            "timestampMs": 1791367747000,
            "severity": "warning",
            "message": "Http request status: 400. Method: POST.",
            "origin": {
              "kind": "event",
              "stableId": "source41:C:\\Fixture\\EventLogs\\AAD-Operational.evtx|machine12:CONTOSO-PC01|channel33:Microsoft-Windows-AAD/Operational|record92122",
              "source": "C:\\Fixture\\EventLogs\\AAD-Operational.evtx",
              "machine": "CONTOSO-PC01",
              "bundle": null,
              "channel": "Microsoft-Windows-AAD/Operational",
              "provider": "Microsoft-Windows-AAD",
              "processId": null,
              "eventId": 1097,
              "recordId": 92122,
              "recordIdText": "92122"
            }
          },
          {
            "timestampMs": 1791367759000,
            "severity": "info",
            "message": "Service started",
            "origin": {
              "kind": "event",
              "stableId": "source37:C:\\Fixture\\EventLogs\\Application.evtx|machine12:CONTOSO-PC01|channel11:Application|record92125",
              "source": "C:\\Fixture\\EventLogs\\Application.evtx",
              "machine": "CONTOSO-PC01",
              "bundle": null,
              "channel": "Application",
              "provider": "edgeupdate",
              "processId": null,
              "eventId": 0,
              "recordId": 92125,
              "recordIdText": "92125"
            }
          },
          {
            "timestampMs": 1791367798000,
            "severity": "warning",
            "message": "The application-specific permission settings do not grant Local Activation permission for the COM Server application.",
            "origin": {
              "kind": "event",
              "stableId": "source32:C:\\Fixture\\EventLogs\\System.evtx|machine12:CONTOSO-PC01|channel6:System|record92128",
              "source": "C:\\Fixture\\EventLogs\\System.evtx",
              "machine": "CONTOSO-PC01",
              "bundle": null,
              "channel": "System",
              "provider": "Microsoft-Windows-DistributedCOM",
              "processId": null,
              "eventId": 10016,
              "recordId": 92128,
              "recordIdText": "92128"
            }
          },
          {
            "timestampMs": 1791367809000,
            "severity": "warning",
            "message": "Token broker operation failed.",
            "origin": {
              "kind": "event",
              "stableId": "source41:C:\\Fixture\\EventLogs\\AAD-Operational.evtx|machine12:CONTOSO-PC01|channel33:Microsoft-Windows-AAD/Operational|record92131",
              "source": "C:\\Fixture\\EventLogs\\AAD-Operational.evtx",
              "machine": "CONTOSO-PC01",
              "bundle": null,
              "channel": "Microsoft-Windows-AAD/Operational",
              "provider": "Microsoft-Windows-AAD",
              "processId": null,
              "eventId": 1098,
              "recordId": 92131,
              "recordIdText": "92131"
            }
          },
          {
            "timestampMs": 1791367811000,
            "severity": "warning",
            "message": "Name resolution for the name contoso.sharepoint.com timed out after none of the configured DNS servers responded.",
            "origin": {
              "kind": "event",
              "stableId": "source32:C:\\Fixture\\EventLogs\\System.evtx|machine12:CONTOSO-PC01|channel6:System|record92134",
              "source": "C:\\Fixture\\EventLogs\\System.evtx",
              "machine": "CONTOSO-PC01",
              "bundle": null,
              "channel": "System",
              "provider": "Microsoft-Windows-DNS-Client",
              "processId": null,
              "eventId": 1014,
              "recordId": 92134,
              "recordIdText": "92134"
            }
          },
          {
            "timestampMs": 1791367820000,
            "severity": "warning",
            "message": "Name resolution for the name enterpriseregistration.windows.net timed out after none of the configured DNS servers responded.",
            "origin": {
              "kind": "event",
              "stableId": "source32:C:\\Fixture\\EventLogs\\System.evtx|machine12:CONTOSO-PC01|channel6:System|record92137",
              "source": "C:\\Fixture\\EventLogs\\System.evtx",
              "machine": "CONTOSO-PC01",
              "bundle": null,
              "channel": "System",
              "provider": "Microsoft-Windows-DNS-Client",
              "processId": null,
              "eventId": 1014,
              "recordId": 92137,
              "recordIdText": "92137"
            }
          },
          {
            "timestampMs": 1791367875000,
            "severity": "warning",
            "message": "Http request status: 400. Method: POST.",
            "origin": {
              "kind": "event",
              "stableId": "source41:C:\\Fixture\\EventLogs\\AAD-Operational.evtx|machine12:CONTOSO-PC01|channel33:Microsoft-Windows-AAD/Operational|record92140",
              "source": "C:\\Fixture\\EventLogs\\AAD-Operational.evtx",
              "machine": "CONTOSO-PC01",
              "bundle": null,
              "channel": "Microsoft-Windows-AAD/Operational",
              "provider": "Microsoft-Windows-AAD",
              "processId": null,
              "eventId": 1097,
              "recordId": 92140,
              "recordIdText": "92140"
            }
          },
          {
            "timestampMs": 1791367914000,
            "severity": "warning",
            "message": "Token broker operation failed.",
            "origin": {
              "kind": "event",
              "stableId": "source41:C:\\Fixture\\EventLogs\\AAD-Operational.evtx|machine12:CONTOSO-PC01|channel33:Microsoft-Windows-AAD/Operational|record92143",
              "source": "C:\\Fixture\\EventLogs\\AAD-Operational.evtx",
              "machine": "CONTOSO-PC01",
              "bundle": null,
              "channel": "Microsoft-Windows-AAD/Operational",
              "provider": "Microsoft-Windows-AAD",
              "processId": null,
              "eventId": 1098,
              "recordId": 92143,
              "recordIdText": "92143"
            }
          },
          {
            "timestampMs": 1791367961000,
            "severity": "warning",
            "message": "Token broker operation failed.",
            "origin": {
              "kind": "event",
              "stableId": "source41:C:\\Fixture\\EventLogs\\AAD-Operational.evtx|machine12:CONTOSO-PC01|channel33:Microsoft-Windows-AAD/Operational|record92146",
              "source": "C:\\Fixture\\EventLogs\\AAD-Operational.evtx",
              "machine": "CONTOSO-PC01",
              "bundle": null,
              "channel": "Microsoft-Windows-AAD/Operational",
              "provider": "Microsoft-Windows-AAD",
              "processId": null,
              "eventId": 1098,
              "recordId": 92146,
              "recordIdText": "92146"
            }
          },
          {
            "timestampMs": 1791367970000,
            "severity": "warning",
            "message": "Http request status: 400. Method: POST.",
            "origin": {
              "kind": "event",
              "stableId": "source41:C:\\Fixture\\EventLogs\\AAD-Operational.evtx|machine12:CONTOSO-PC01|channel33:Microsoft-Windows-AAD/Operational|record92149",
              "source": "C:\\Fixture\\EventLogs\\AAD-Operational.evtx",
              "machine": "CONTOSO-PC01",
              "bundle": null,
              "channel": "Microsoft-Windows-AAD/Operational",
              "provider": "Microsoft-Windows-AAD",
              "processId": null,
              "eventId": 1097,
              "recordId": 92149,
              "recordIdText": "92149"
            }
          },
          {
            "timestampMs": 1791367990000,
            "severity": "warning",
            "message": "Token broker operation failed.",
            "origin": {
              "kind": "event",
              "stableId": "source41:C:\\Fixture\\EventLogs\\AAD-Operational.evtx|machine12:CONTOSO-PC01|channel33:Microsoft-Windows-AAD/Operational|record92152",
              "source": "C:\\Fixture\\EventLogs\\AAD-Operational.evtx",
              "machine": "CONTOSO-PC01",
              "bundle": null,
              "channel": "Microsoft-Windows-AAD/Operational",
              "provider": "Microsoft-Windows-AAD",
              "processId": null,
              "eventId": 1098,
              "recordId": 92152,
              "recordIdText": "92152"
            }
          },
          {
            "timestampMs": 1791367993000,
            "severity": "warning",
            "message": "Name resolution for the name enterpriseregistration.windows.net timed out after none of the configured DNS servers responded.",
            "origin": {
              "kind": "event",
              "stableId": "source32:C:\\Fixture\\EventLogs\\System.evtx|machine12:CONTOSO-PC01|channel6:System|record92155",
              "source": "C:\\Fixture\\EventLogs\\System.evtx",
              "machine": "CONTOSO-PC01",
              "bundle": null,
              "channel": "System",
              "provider": "Microsoft-Windows-DNS-Client",
              "processId": null,
              "eventId": 1014,
              "recordId": 92155,
              "recordIdText": "92155"
            }
          },
          {
            "timestampMs": 1791368030000,
            "severity": "info",
            "message": "AAD Cloud AP plugin call Plugin initialize returned success.",
            "origin": {
              "kind": "event",
              "stableId": "source41:C:\\Fixture\\EventLogs\\AAD-Operational.evtx|machine12:CONTOSO-PC01|channel33:Microsoft-Windows-AAD/Operational|record92158",
              "source": "C:\\Fixture\\EventLogs\\AAD-Operational.evtx",
              "machine": "CONTOSO-PC01",
              "bundle": null,
              "channel": "Microsoft-Windows-AAD/Operational",
              "provider": "Microsoft-Windows-AAD",
              "processId": null,
              "eventId": 1104,
              "recordId": 92158,
              "recordIdText": "92158"
            }
          },
          {
            "timestampMs": 1791368079000,
            "severity": "warning",
            "message": "Token broker operation failed.",
            "origin": {
              "kind": "event",
              "stableId": "source41:C:\\Fixture\\EventLogs\\AAD-Operational.evtx|machine12:CONTOSO-PC01|channel33:Microsoft-Windows-AAD/Operational|record92161",
              "source": "C:\\Fixture\\EventLogs\\AAD-Operational.evtx",
              "machine": "CONTOSO-PC01",
              "bundle": null,
              "channel": "Microsoft-Windows-AAD/Operational",
              "provider": "Microsoft-Windows-AAD",
              "processId": null,
              "eventId": 1098,
              "recordId": 92161,
              "recordIdText": "92161"
            }
          },
          {
            "timestampMs": 1791368143000,
            "severity": "warning",
            "message": "Http request status: 400. Method: POST.",
            "origin": {
              "kind": "event",
              "stableId": "source41:C:\\Fixture\\EventLogs\\AAD-Operational.evtx|machine12:CONTOSO-PC01|channel33:Microsoft-Windows-AAD/Operational|record92164",
              "source": "C:\\Fixture\\EventLogs\\AAD-Operational.evtx",
              "machine": "CONTOSO-PC01",
              "bundle": null,
              "channel": "Microsoft-Windows-AAD/Operational",
              "provider": "Microsoft-Windows-AAD",
              "processId": null,
              "eventId": 1097,
              "recordId": 92164,
              "recordIdText": "92164"
            }
          },
          {
            "timestampMs": 1791368155000,
            "severity": "warning",
            "message": "Name resolution for the name enterpriseregistration.windows.net timed out after none of the configured DNS servers responded.",
            "origin": {
              "kind": "event",
              "stableId": "source32:C:\\Fixture\\EventLogs\\System.evtx|machine12:CONTOSO-PC01|channel6:System|record92167",
              "source": "C:\\Fixture\\EventLogs\\System.evtx",
              "machine": "CONTOSO-PC01",
              "bundle": null,
              "channel": "System",
              "provider": "Microsoft-Windows-DNS-Client",
              "processId": null,
              "eventId": 1014,
              "recordId": 92167,
              "recordIdText": "92167"
            }
          },
          {
            "timestampMs": 1791368177000,
            "severity": "warning",
            "message": "Name resolution for the name enterpriseregistration.windows.net timed out after none of the configured DNS servers responded.",
            "origin": {
              "kind": "event",
              "stableId": "source32:C:\\Fixture\\EventLogs\\System.evtx|machine12:CONTOSO-PC01|channel6:System|record92170",
              "source": "C:\\Fixture\\EventLogs\\System.evtx",
              "machine": "CONTOSO-PC01",
              "bundle": null,
              "channel": "System",
              "provider": "Microsoft-Windows-DNS-Client",
              "processId": null,
              "eventId": 1014,
              "recordId": 92170,
              "recordIdText": "92170"
            }
          },
          {
            "timestampMs": 1791368197000,
            "severity": "warning",
            "message": "Name resolution for the name contoso.sharepoint.com timed out after none of the configured DNS servers responded.",
            "origin": {
              "kind": "event",
              "stableId": "source32:C:\\Fixture\\EventLogs\\System.evtx|machine12:CONTOSO-PC01|channel6:System|record92173",
              "source": "C:\\Fixture\\EventLogs\\System.evtx",
              "machine": "CONTOSO-PC01",
              "bundle": null,
              "channel": "System",
              "provider": "Microsoft-Windows-DNS-Client",
              "processId": null,
              "eventId": 1014,
              "recordId": 92173,
              "recordIdText": "92173"
            }
          },
          {
            "timestampMs": 1791368261000,
            "severity": "warning",
            "message": "Name resolution for the name enrollment.manage.microsoft.com timed out after none of the configured DNS servers responded.",
            "origin": {
              "kind": "event",
              "stableId": "source32:C:\\Fixture\\EventLogs\\System.evtx|machine12:CONTOSO-PC01|channel6:System|record92176",
              "source": "C:\\Fixture\\EventLogs\\System.evtx",
              "machine": "CONTOSO-PC01",
              "bundle": null,
              "channel": "System",
              "provider": "Microsoft-Windows-DNS-Client",
              "processId": null,
              "eventId": 1014,
              "recordId": 92176,
              "recordIdText": "92176"
            }
          },
          {
            "timestampMs": 1791368273000,
            "severity": "warning",
            "message": "Http request status: 400. Method: POST.",
            "origin": {
              "kind": "event",
              "stableId": "source41:C:\\Fixture\\EventLogs\\AAD-Operational.evtx|machine12:CONTOSO-PC01|channel33:Microsoft-Windows-AAD/Operational|record92179",
              "source": "C:\\Fixture\\EventLogs\\AAD-Operational.evtx",
              "machine": "CONTOSO-PC01",
              "bundle": null,
              "channel": "Microsoft-Windows-AAD/Operational",
              "provider": "Microsoft-Windows-AAD",
              "processId": null,
              "eventId": 1097,
              "recordId": 92179,
              "recordIdText": "92179"
            }
          },
          {
            "timestampMs": 1791368274000,
            "severity": "warning",
            "message": "The Contoso Update Service service terminated unexpectedly. It has done this 1 time(s).",
            "origin": {
              "kind": "event",
              "stableId": "source32:C:\\Fixture\\EventLogs\\System.evtx|machine12:CONTOSO-PC01|channel6:System|record92182",
              "source": "C:\\Fixture\\EventLogs\\System.evtx",
              "machine": "CONTOSO-PC01",
              "bundle": null,
              "channel": "System",
              "provider": "Service Control Manager",
              "processId": null,
              "eventId": 7031,
              "recordId": 92182,
              "recordIdText": "92182"
            }
          },
          {
            "timestampMs": 1791368317000,
            "severity": "warning",
            "message": "Name resolution for the name enterpriseregistration.windows.net timed out after none of the configured DNS servers responded.",
            "origin": {
              "kind": "event",
              "stableId": "source32:C:\\Fixture\\EventLogs\\System.evtx|machine12:CONTOSO-PC01|channel6:System|record92185",
              "source": "C:\\Fixture\\EventLogs\\System.evtx",
              "machine": "CONTOSO-PC01",
              "bundle": null,
              "channel": "System",
              "provider": "Microsoft-Windows-DNS-Client",
              "processId": null,
              "eventId": 1014,
              "recordId": 92185,
              "recordIdText": "92185"
            }
          },
          {
            "timestampMs": 1791368326000,
            "severity": "warning",
            "message": "Http request status: 400. Method: POST.",
            "origin": {
              "kind": "event",
              "stableId": "source41:C:\\Fixture\\EventLogs\\AAD-Operational.evtx|machine12:CONTOSO-PC01|channel33:Microsoft-Windows-AAD/Operational|record92188",
              "source": "C:\\Fixture\\EventLogs\\AAD-Operational.evtx",
              "machine": "CONTOSO-PC01",
              "bundle": null,
              "channel": "Microsoft-Windows-AAD/Operational",
              "provider": "Microsoft-Windows-AAD",
              "processId": null,
              "eventId": 1097,
              "recordId": 92188,
              "recordIdText": "92188"
            }
          },
          {
            "timestampMs": 1791368345000,
            "severity": "warning",
            "message": "Token broker operation failed.",
            "origin": {
              "kind": "event",
              "stableId": "source41:C:\\Fixture\\EventLogs\\AAD-Operational.evtx|machine12:CONTOSO-PC01|channel33:Microsoft-Windows-AAD/Operational|record92191",
              "source": "C:\\Fixture\\EventLogs\\AAD-Operational.evtx",
              "machine": "CONTOSO-PC01",
              "bundle": null,
              "channel": "Microsoft-Windows-AAD/Operational",
              "provider": "Microsoft-Windows-AAD",
              "processId": null,
              "eventId": 1098,
              "recordId": 92191,
              "recordIdText": "92191"
            }
          },
          {
            "timestampMs": 1791368365000,
            "severity": "warning",
            "message": "Token broker operation failed.",
            "origin": {
              "kind": "event",
              "stableId": "source41:C:\\Fixture\\EventLogs\\AAD-Operational.evtx|machine12:CONTOSO-PC01|channel33:Microsoft-Windows-AAD/Operational|record92194",
              "source": "C:\\Fixture\\EventLogs\\AAD-Operational.evtx",
              "machine": "CONTOSO-PC01",
              "bundle": null,
              "channel": "Microsoft-Windows-AAD/Operational",
              "provider": "Microsoft-Windows-AAD",
              "processId": null,
              "eventId": 1098,
              "recordId": 92194,
              "recordIdText": "92194"
            }
          },
          {
            "timestampMs": 1791368374000,
            "severity": "warning",
            "message": "Name resolution for the name enrollment.manage.microsoft.com timed out after none of the configured DNS servers responded.",
            "origin": {
              "kind": "event",
              "stableId": "source32:C:\\Fixture\\EventLogs\\System.evtx|machine12:CONTOSO-PC01|channel6:System|record92197",
              "source": "C:\\Fixture\\EventLogs\\System.evtx",
              "machine": "CONTOSO-PC01",
              "bundle": null,
              "channel": "System",
              "provider": "Microsoft-Windows-DNS-Client",
              "processId": null,
              "eventId": 1014,
              "recordId": 92197,
              "recordIdText": "92197"
            }
          },
          {
            "timestampMs": 1791368378000,
            "severity": "warning",
            "message": "Name resolution for the name login.microsoftonline.com timed out after none of the configured DNS servers responded.",
            "origin": {
              "kind": "event",
              "stableId": "source32:C:\\Fixture\\EventLogs\\System.evtx|machine12:CONTOSO-PC01|channel6:System|record92200",
              "source": "C:\\Fixture\\EventLogs\\System.evtx",
              "machine": "CONTOSO-PC01",
              "bundle": null,
              "channel": "System",
              "provider": "Microsoft-Windows-DNS-Client",
              "processId": null,
              "eventId": 1014,
              "recordId": 92200,
              "recordIdText": "92200"
            }
          },
          {
            "timestampMs": 1791368390000,
            "severity": "warning",
            "message": "Token broker operation failed.",
            "origin": {
              "kind": "event",
              "stableId": "source41:C:\\Fixture\\EventLogs\\AAD-Operational.evtx|machine12:CONTOSO-PC01|channel33:Microsoft-Windows-AAD/Operational|record92203",
              "source": "C:\\Fixture\\EventLogs\\AAD-Operational.evtx",
              "machine": "CONTOSO-PC01",
              "bundle": null,
              "channel": "Microsoft-Windows-AAD/Operational",
              "provider": "Microsoft-Windows-AAD",
              "processId": null,
              "eventId": 1098,
              "recordId": 92203,
              "recordIdText": "92203"
            }
          },
          {
            "timestampMs": 1791368399000,
            "severity": "warning",
            "message": "Token broker operation failed.",
            "origin": {
              "kind": "event",
              "stableId": "source41:C:\\Fixture\\EventLogs\\AAD-Operational.evtx|machine12:CONTOSO-PC01|channel33:Microsoft-Windows-AAD/Operational|record92206",
              "source": "C:\\Fixture\\EventLogs\\AAD-Operational.evtx",
              "machine": "CONTOSO-PC01",
              "bundle": null,
              "channel": "Microsoft-Windows-AAD/Operational",
              "provider": "Microsoft-Windows-AAD",
              "processId": null,
              "eventId": 1098,
              "recordId": 92206,
              "recordIdText": "92206"
            }
          }
        ],
        "unplacedPreview": [],
        "edgesPreview": [],
        "coverageGapsPreview": [],
        "serializedBytes": 170487
      }
    }
  ],
  "diagnosis": {
    "findings": [
      {
        "findingId": "event:48:C:\\Fixture\\EventLogs\\DeviceManagement-Admin.evtx12:[host:610d3f569955ca35]72:Microsoft-Windows-DeviceManagement-Enterprise-Diagnostics-Provider/Admin66:Microsoft-Windows-DeviceManagement-Enterprise-Diagnostics-Provider3:8135:88300:mdm-enrollment-status",
        "class": "coverageGap",
        "severity": "info",
        "confidence": "unknown",
        "title": "MDM enrollment event evidence is incomplete",
        "summary": "MDM enrollment event did not include a status.",
        "evidence": [
          {
            "kind": "event",
            "value": {
              "source": "C:\\Fixture\\EventLogs\\DeviceManagement-Admin.evtx",
              "provider": "Microsoft-Windows-DeviceManagement-Enterprise-Diagnostics-Provider",
              "eventId": 813,
              "recordId": 88300,
              "recordIdText": "88300",
              "machine": "[host:610d3f569955ca35]",
              "channel": "Microsoft-Windows-DeviceManagement-Enterprise-Diagnostics-Provider/Admin"
            }
          }
        ],
        "coverageGaps": [
          {
            "id": "event:48:C:\\Fixture\\EventLogs\\DeviceManagement-Admin.evtx12:[host:610d3f569955ca35]72:Microsoft-Windows-DeviceManagement-Enterprise-Diagnostics-Provider/Admin66:Microsoft-Windows-DeviceManagement-Enterprise-Diagnostics-Provider3:8135:88300:mdm-enrollment-status",
            "source": "MDM enrollment",
            "state": "absent",
            "detail": "MDM enrollment event did not include a status.",
            "evidence": [
              {
                "kind": "event",
                "value": {
                  "source": "C:\\Fixture\\EventLogs\\DeviceManagement-Admin.evtx",
                  "provider": "Microsoft-Windows-DeviceManagement-Enterprise-Diagnostics-Provider",
                  "eventId": 813,
                  "recordId": 88300,
                  "recordIdText": "88300",
                  "machine": "[host:610d3f569955ca35]",
                  "channel": "Microsoft-Windows-DeviceManagement-Enterprise-Diagnostics-Provider/Admin"
                }
              }
            ]
          }
        ],
        "recommendedChecks": [
          "Collect the provider EventData or a later terminal enrollment record."
        ]
      },
      {
        "findingId": "event:48:C:\\Fixture\\EventLogs\\DeviceManagement-Admin.evtx12:[host:610d3f569955ca35]72:Microsoft-Windows-DeviceManagement-Enterprise-Diagnostics-Provider/Admin66:Microsoft-Windows-DeviceManagement-Enterprise-Diagnostics-Provider3:8135:88315:mdm-enrollment-status",
        "class": "coverageGap",
        "severity": "info",
        "confidence": "unknown",
        "title": "MDM enrollment event evidence is incomplete",
        "summary": "MDM enrollment event did not include a status.",
        "evidence": [
          {
            "kind": "event",
            "value": {
              "source": "C:\\Fixture\\EventLogs\\DeviceManagement-Admin.evtx",
              "provider": "Microsoft-Windows-DeviceManagement-Enterprise-Diagnostics-Provider",
              "eventId": 813,
              "recordId": 88315,
              "recordIdText": "88315",
              "machine": "[host:610d3f569955ca35]",
              "channel": "Microsoft-Windows-DeviceManagement-Enterprise-Diagnostics-Provider/Admin"
            }
          }
        ],
        "coverageGaps": [
          {
            "id": "event:48:C:\\Fixture\\EventLogs\\DeviceManagement-Admin.evtx12:[host:610d3f569955ca35]72:Microsoft-Windows-DeviceManagement-Enterprise-Diagnostics-Provider/Admin66:Microsoft-Windows-DeviceManagement-Enterprise-Diagnostics-Provider3:8135:88315:mdm-enrollment-status",
            "source": "MDM enrollment",
            "state": "absent",
            "detail": "MDM enrollment event did not include a status.",
            "evidence": [
              {
                "kind": "event",
                "value": {
                  "source": "C:\\Fixture\\EventLogs\\DeviceManagement-Admin.evtx",
                  "provider": "Microsoft-Windows-DeviceManagement-Enterprise-Diagnostics-Provider",
                  "eventId": 813,
                  "recordId": 88315,
                  "recordIdText": "88315",
                  "machine": "[host:610d3f569955ca35]",
                  "channel": "Microsoft-Windows-DeviceManagement-Enterprise-Diagnostics-Provider/Admin"
                }
              }
            ]
          }
        ],
        "recommendedChecks": [
          "Collect the provider EventData or a later terminal enrollment record."
        ]
      },
      {
        "findingId": "event:48:C:\\Fixture\\EventLogs\\DeviceManagement-Admin.evtx12:[host:610d3f569955ca35]72:Microsoft-Windows-DeviceManagement-Enterprise-Diagnostics-Provider/Admin66:Microsoft-Windows-DeviceManagement-Enterprise-Diagnostics-Provider3:8135:88363:mdm-enrollment-status",
        "class": "coverageGap",
        "severity": "info",
        "confidence": "unknown",
        "title": "MDM enrollment event evidence is incomplete",
        "summary": "MDM enrollment event did not include a status.",
        "evidence": [
          {
            "kind": "event",
            "value": {
              "source": "C:\\Fixture\\EventLogs\\DeviceManagement-Admin.evtx",
              "provider": "Microsoft-Windows-DeviceManagement-Enterprise-Diagnostics-Provider",
              "eventId": 813,
              "recordId": 88363,
              "recordIdText": "88363",
              "machine": "[host:610d3f569955ca35]",
              "channel": "Microsoft-Windows-DeviceManagement-Enterprise-Diagnostics-Provider/Admin"
            }
          }
        ],
        "coverageGaps": [
          {
            "id": "event:48:C:\\Fixture\\EventLogs\\DeviceManagement-Admin.evtx12:[host:610d3f569955ca35]72:Microsoft-Windows-DeviceManagement-Enterprise-Diagnostics-Provider/Admin66:Microsoft-Windows-DeviceManagement-Enterprise-Diagnostics-Provider3:8135:88363:mdm-enrollment-status",
            "source": "MDM enrollment",
            "state": "absent",
            "detail": "MDM enrollment event did not include a status.",
            "evidence": [
              {
                "kind": "event",
                "value": {
                  "source": "C:\\Fixture\\EventLogs\\DeviceManagement-Admin.evtx",
                  "provider": "Microsoft-Windows-DeviceManagement-Enterprise-Diagnostics-Provider",
                  "eventId": 813,
                  "recordId": 88363,
                  "recordIdText": "88363",
                  "machine": "[host:610d3f569955ca35]",
                  "channel": "Microsoft-Windows-DeviceManagement-Enterprise-Diagnostics-Provider/Admin"
                }
              }
            ]
          }
        ],
        "recommendedChecks": [
          "Collect the provider EventData or a later terminal enrollment record."
        ]
      },
      {
        "findingId": "event:48:C:\\Fixture\\EventLogs\\DeviceManagement-Admin.evtx12:[host:610d3f569955ca35]72:Microsoft-Windows-DeviceManagement-Enterprise-Diagnostics-Provider/Admin66:Microsoft-Windows-DeviceManagement-Enterprise-Diagnostics-Provider3:8135:88378:mdm-enrollment-status",
        "class": "coverageGap",
        "severity": "info",
        "confidence": "unknown",
        "title": "MDM enrollment event evidence is incomplete",
        "summary": "MDM enrollment event did not include a status.",
        "evidence": [
          {
            "kind": "event",
            "value": {
              "source": "C:\\Fixture\\EventLogs\\DeviceManagement-Admin.evtx",
              "provider": "Microsoft-Windows-DeviceManagement-Enterprise-Diagnostics-Provider",
              "eventId": 813,
              "recordId": 88378,
              "recordIdText": "88378",
              "machine": "[host:610d3f569955ca35]",
              "channel": "Microsoft-Windows-DeviceManagement-Enterprise-Diagnostics-Provider/Admin"
            }
          }
        ],
        "coverageGaps": [
          {
            "id": "event:48:C:\\Fixture\\EventLogs\\DeviceManagement-Admin.evtx12:[host:610d3f569955ca35]72:Microsoft-Windows-DeviceManagement-Enterprise-Diagnostics-Provider/Admin66:Microsoft-Windows-DeviceManagement-Enterprise-Diagnostics-Provider3:8135:88378:mdm-enrollment-status",
            "source": "MDM enrollment",
            "state": "absent",
            "detail": "MDM enrollment event did not include a status.",
            "evidence": [
              {
                "kind": "event",
                "value": {
                  "source": "C:\\Fixture\\EventLogs\\DeviceManagement-Admin.evtx",
                  "provider": "Microsoft-Windows-DeviceManagement-Enterprise-Diagnostics-Provider",
                  "eventId": 813,
                  "recordId": 88378,
                  "recordIdText": "88378",
                  "machine": "[host:610d3f569955ca35]",
                  "channel": "Microsoft-Windows-DeviceManagement-Enterprise-Diagnostics-Provider/Admin"
                }
              }
            ]
          }
        ],
        "recommendedChecks": [
          "Collect the provider EventData or a later terminal enrollment record."
        ]
      },
