{"id":496,"eventRecordId":89704,"eventRecordIdText":"89704","timestamp":"2026-10-06T19:07:30.000Z","timestampEpoch":1791313650000,"provider":"Microsoft-Windows-AAD","channel":"Microsoft-Windows-AAD/Operational","eventId":1081,"level":"Information","computer":"CONTOSO-PC01","message":"OAuth response received for resource https://enrollment.manage.microsoft.com/.","eventData":[{"name":"Data","value":"OAuth response received for resource https://enrollment.manage.microsoft.com/."}],"rawXml":"<Event><System><Provider Name=\"Microsoft-Windows-AAD\"/><EventID>1081</EventID><EventRecordID>89704</EventRecordID><TimeCreated SystemTime=\"2026-10-06T19:07:30.000Z\"/><Channel>Microsoft-Windows-AAD/Operational</Channel><Computer>CONTOSO-PC01</Computer></System><EventData><Data>OAuth response received for resource https://enrollment.manage.microsoft.com/.</Data></EventData></Event>","sourceLabel":"C:\\Fixture\\EventLogs\\AAD-Operational.evtx","originKind":"event","task":null,"opcode":null,"processId":null,"threadId":null,"userSid":null,"keywords":null,"mapped":[]},{"id":497,"eventRecordId":89707,"eventRecordIdText":"89707","timestamp":"2026-10-06T19:08:51.000Z","timestampEpoch":1791313731000,"provider":"Service Control Manager","channel":"System","eventId":7031,"level":"Warning","computer":"CONTOSO-PC01","message":"The Contoso Update Service service terminated unexpectedly. It has done this 1 time(s).","eventData":[{"name":"Data","value":"The Contoso Update Service service terminated unexpectedly. It has done this 1 time(s)."}],"rawXml":"<Event><System><Provider Name=\"Service Control Manager\"/><EventID>7031</EventID><EventRecordID>89707</EventRecordID><TimeCreated SystemTime=\"2026-10-06T19:08:51.000Z\"/><Channel>System</Channel><Computer>CONTOSO-PC01</Computer></System><EventData><Data>The Contoso Update Service service terminated unexpectedly. It has done this 1 time(s).</Data></EventData></Event>","sourceLabel":"C:\\Fixture\\EventLogs\\System.evtx","originKind":"event","task":null,"opcode":null,"processId":null,"threadId":null,"userSid":null,"keywords":null,"mapped":[]},{"id":498,"eventRecordId":89710,"eventRecordIdText":"89710","timestamp":"2026-10-06T19:09:24.000Z","timestampEpoch":1791313764000,"provider":"Microsoft-Windows-Security-SPP","channel":"Application","eventId":16384,"level":"Information","computer":"CONTOSO-PC01","message":"Successfully scheduled Software Protection service for re-start.","eventData":[{"name":"Data","value":"Successfully scheduled Software Protection service for re-start."}],"rawXml":"<Event><System><Provider Name=\"Microsoft-Windows-Security-SPP\"/><EventID>16384</EventID><EventRecordID>89710</EventRecordID><TimeCreated SystemTime=\"2026-10-06T19:09:24.000Z\"/><Channel>Application</Channel><Computer>CONTOSO-PC01</Computer></System><EventData><Data>Successfully scheduled Software Protection service for re-start.</Data></EventData></Event>","sourceLabel":"C:\\Fixture\\EventLogs\\Application.evtx","originKind":"event","task":null,"opcode":null,"processId":null,"threadId":null,"userSid":null,"keywords":null,"mapped":[]},{"id":499,"eventRecordId":89713,"eventRecordIdText":"89713","timestamp":"2026-10-06T19:09:36.000Z","timestampEpoch":1791313776000,"provider":"Microsoft-Windows-Kernel-General","channel":"System","eventId":1,"level":"Information","computer":"CONTOSO-PC01","message":"The system time has changed.","eventData":[{"name":"Data","value":"The system time has changed."}],"rawXml":"<Event><System><Provider Name=\"Microsoft-Windows-Kernel-General\"/><EventID>1</EventID><EventRecordID>89713</EventRecordID><TimeCreated SystemTime=\"2026-10-06T19:09:36.000Z\"/><Channel>System</Channel><Computer>CONTOSO-PC01</Computer></System><EventData><Data>The system time has changed.</Data></EventData></Event>","sourceLabel":"C:\\Fixture\\EventLogs\\System.evtx","originKind":"event","task":null,"opcode":null,"processId":null,"threadId":null,"userSid":null,"keywords":null,"mapped":[]},{"id":500,"eventRecordId":89716,"eventRecordIdText":"89716","timestamp":"2026-10-06T19:10:25.000Z","timestampEpoch":1791313825000,"provider":"edgeupdate","channel":"Application","eventId":0,"level":"Information","computer":"CONTOSO-PC01","message":"Service started","eventData":[{"name":"Data","value":"Service started"}],"rawXml":"<Event><System><Provider Name=\"edgeupdate\"/><EventID>0</EventID><EventRecordID>89716</EventRecordID><TimeCreated SystemTime=\"2026-10-06T19:10:25.000Z\"/><Channel>Application</Channel><Computer>CONTOSO-PC01</Computer></System><EventData><Data>Service started</Data></EventData></Event>","sourceLabel":"C:\\Fixture\\EventLogs\\Application.evtx","originKind":"event","task":null,"opcode":null,"processId":null,"threadId":null,"userSid":null,"keywords":null,"mapped":[]},{"id":501,"eventRecordId":89719,"eventRecordIdText":"89719","timestamp":"2026-10-06T19:10:47.000Z","timestampEpoch":1791313847000,"provider":"edgeupdate","channel":"Application","eventId":0,"level":"Information","computer":"CONTOSO-PC01","message":"Service started","eventData":[{"name":"Data","value":"Service started"}],"rawXml":"<Event><System><Provider Name=\"edgeupdate\"/><EventID>0</EventID><EventRecordID>89719</EventRecordID><TimeCreated SystemTime=\"2026-10-06T19:10:47.000Z\"/><Channel>Application</Channel><Computer>CONTOSO-PC01</Computer></System><EventData><Data>Service started</Data></EventData></Event>","sourceLabel":"C:\\Fixture\\EventLogs\\Application.evtx","originKind":"event","task":null,"opcode":null,"processId":null,"threadId":null,"userSid":null,"keywords":null,"mapped":[]},{"id":502,"eventRecordId":89722,"eventRecordIdText":"89722","timestamp":"2026-10-06T19:10:55.000Z","timestampEpoch":1791313855000,"provider":"Microsoft-Windows-Kernel-General","channel":"System","eventId":1,"level":"Information","computer":"CONTOSO-PC01","message":"The system time has changed.","eventData":[{"name":"Data","value":"The system time has changed."}],"rawXml":"<Event><System><Provider Name=\"Microsoft-Windows-Kernel-General\"/><EventID>1</EventID><EventRecordID>89722</EventRecordID><TimeCreated SystemTime=\"2026-10-06T19:10:55.000Z\"/><Channel>System</Channel><Computer>CONTOSO-PC01</Computer></System><EventData><Data>The system time has changed.</Data></EventData></Event>","sourceLabel":"C:\\Fixture\\EventLogs\\System.evtx","originKind":"event","task":null,"opcode":null,"processId":null,"threadId":null,"userSid":null,"keywords":null,"mapped":[]},{"id":503,"eventRecordId":89725,"eventRecordIdText":"89725","timestamp":"2026-10-06T19:12:02.000Z","timestampEpoch":1791313922000,"provider":"Microsoft-Windows-Security-SPP","channel":"Application","eventId":16384,"level":"Information","computer":"CONTOSO-PC01","message":"Successfully scheduled Software Protection service for re-start.","eventData":[{"name":"Data","value":"Successfully scheduled Software Protection service for re-start."}],"rawXml":"<Event><System><Provider Name=\"Microsoft-Windows-Security-SPP\"/><EventID>16384</EventID><EventRecordID>89725</EventRecordID><TimeCreated SystemTime=\"2026-10-06T19:12:02.000Z\"/><Channel>Application</Channel><Computer>CONTOSO-PC01</Computer></System><EventData><Data>Successfully scheduled Software Protection service for re-start.</Data></EventData></Event>","sourceLabel":"C:\\Fixture\\EventLogs\\Application.evtx","originKind":"event","task":null,"opcode":null,"processId":null,"threadId":null,"userSid":null,"keywords":null,"mapped":[]},{"id":504,"eventRecordId":89728,"eventRecordIdText":"89728","timestamp":"2026-10-06T19:14:05.000Z","timestampEpoch":1791314045000,"provider":"Service Control Manager","channel":"System","eventId":7040,"level":"Information","computer":"CONTOSO-PC01","message":"The start type of the Background Intelligent Transfer Service service was changed from demand start to auto start.","eventData":[{"name":"Data","value":"The start type of the Background Intelligent Transfer Service service was changed from demand start to auto start."}],"rawXml":"<Event><System><Provider Name=\"Service Control Manager\"/><EventID>7040</EventID><EventRecordID>89728</EventRecordID><TimeCreated SystemTime=\"2026-10-06T19:14:05.000Z\"/><Channel>System</Channel><Computer>CONTOSO-PC01</Computer></System><EventData><Data>The start type of the Background Intelligent Transfer Service service was changed from demand start to auto start.</Data></EventData></Event>","sourceLabel":"C:\\Fixture\\EventLogs\\System.evtx","originKind":"event","task":null,"opcode":null,"processId":null,"threadId":null,"userSid":null,"keywords":null,"mapped":[]},{"id":505,"eventRecordId":89731,"eventRecordIdText":"89731","timestamp":"2026-10-06T19:15:26.000Z","timestampEpoch":1791314126000,"provider":"Microsoft-Windows-Kernel-General","channel":"System","eventId":1,"level":"Information","computer":"CONTOSO-PC01","message":"The system time has changed.","eventData":[{"name":"Data","value":"The system time has changed."}],"rawXml":"<Event><System><Provider Name=\"Microsoft-Windows-Kernel-General\"/><EventID>1</EventID><EventRecordID>89731</EventRecordID><TimeCreated SystemTime=\"2026-10-06T19:15:26.000Z\"/><Channel>System</Channel><Computer>CONTOSO-PC01</Computer></System><EventData><Data>The system time has changed.</Data></EventData></Event>","sourceLabel":"C:\\Fixture\\EventLogs\\System.evtx","originKind":"event","task":null,"opcode":null,"processId":null,"threadId":null,"userSid":null,"keywords":null,"mapped":[]},{"id":506,"eventRecordId":89734,"eventRecordIdText":"89734","timestamp":"2026-10-06T19:15:49.000Z","timestampEpoch":1791314149000,"provider":"Microsoft-Windows-AAD","channel":"Microsoft-Windows-AAD/Operational","eventId":1081,"level":"Information","computer":"CONTOSO-PC01","message":"OAuth response received for resource https://enrollment.manage.microsoft.com/.","eventData":[{"name":"Data","value":"OAuth response received for resource https://enrollment.manage.microsoft.com/."}],"rawXml":"<Event><System><Provider Name=\"Microsoft-Windows-AAD\"/><EventID>1081</EventID><EventRecordID>89734</EventRecordID><TimeCreated SystemTime=\"2026-10-06T19:15:49.000Z\"/><Channel>Microsoft-Windows-AAD/Operational</Channel><Computer>CONTOSO-PC01</Computer></System><EventData><Data>OAuth response received for resource https://enrollment.manage.microsoft.com/.</Data></EventData></Event>","sourceLabel":"C:\\Fixture\\EventLogs\\AAD-Operational.evtx","originKind":"event","task":null,"opcode":null,"processId":null,"threadId":null,"userSid":null,"keywords":null,"mapped":[]},{"id":507,"eventRecordId":89737,"eventRecordIdText":"89737","timestamp":"2026-10-06T19:16:00.000Z","timestampEpoch":1791314160000,"provider":"Service Control Manager","channel":"System","eventId":7036,"level":"Information","computer":"CONTOSO-PC01","message":"The Intune Management Extension service entered the running state.","eventData":[{"name":"Data","value":"The Intune Management Extension service entered the running state."}],"rawXml":"<Event><System><Provider Name=\"Service Control Manager\"/><EventID>7036</EventID><EventRecordID>89737</EventRecordID><TimeCreated SystemTime=\"2026-10-06T19:16:00.000Z\"/><Channel>System</Channel><Computer>CONTOSO-PC01</Computer></System><EventData><Data>The Intune Management Extension service entered the running state.</Data></EventData></Event>","sourceLabel":"C:\\Fixture\\EventLogs\\System.evtx","originKind":"event","task":null,"opcode":null,"processId":null,"threadId":null,"userSid":null,"keywords":null,"mapped":[]},{"id":508,"eventRecordId":89740,"eventRecordIdText":"89740","timestamp":"2026-10-06T19:16:36.000Z","timestampEpoch":1791314196000,"provider":"Microsoft-Windows-User Profiles Service","channel":"Application","eventId":1530,"level":"Warning","computer":"CONTOSO-PC01","message":"Windows detected your registry file is still in use by other applications or services.","eventData":[{"name":"Data","value":"Windows detected your registry file is still in use by other applications or services."}],"rawXml":"<Event><System><Provider Name=\"Microsoft-Windows-User Profiles Service\"/><EventID>1530</EventID><EventRecordID>89740</EventRecordID><TimeCreated SystemTime=\"2026-10-06T19:16:36.000Z\"/><Channel>Application</Channel><Computer>CONTOSO-PC01</Computer></System><EventData><Data>Windows detected your registry file is still in use by other applications or services.</Data></EventData></Event>","sourceLabel":"C:\\Fixture\\EventLogs\\Application.evtx","originKind":"event","task":null,"opcode":null,"processId":null,"threadId":null,"userSid":null,"keywords":null,"mapped":[]},{"id":509,"eventRecordId":89743,"eventRecordIdText":"89743","timestamp":"2026-10-06T19:16:38.000Z","timestampEpoch":1791314198000,"provider":"Microsoft-Windows-DeviceManagement-Enterprise-Diagnostics-Provider","channel":"Microsoft-Windows-DeviceManagement-Enterprise-Diagnostics-Provider/Admin","eventId":404,"level":"Error","computer":"CONTOSO-PC01","message":"MDM ConfigurationManager: Command failure status. Configuration Source: (MDM).","eventData":[{"name":"Data","value":"MDM ConfigurationManager: Command failure status. Configuration Source: (MDM)."}],"rawXml":"<Event><System><Provider Name=\"Microsoft-Windows-DeviceManagement-Enterprise-Diagnostics-Provider\"/><EventID>404</EventID><EventRecordID>89743</EventRecordID><TimeCreated SystemTime=\"2026-10-06T19:16:38.000Z\"/><Channel>Microsoft-Windows-DeviceManagement-Enterprise-Diagnostics-Provider/Admin</Channel><Computer>CONTOSO-PC01</Computer></System><EventData><Data>MDM ConfigurationManager: Command failure status. Configuration Source: (MDM).</Data></EventData></Event>","sourceLabel":"C:\\Fixture\\EventLogs\\DeviceManagement-Admin.evtx","originKind":"event","task":null,"opcode":null,"processId":null,"threadId":null,"userSid":null,"keywords":null,"mapped":[]},{"id":510,"eventRecordId":89746,"eventRecordIdText":"89746","timestamp":"2026-10-06T19:17:21.000Z","timestampEpoch":1791314241000,"provider":"Microsoft-Windows-Kernel-General","channel":"System","eventId":16,"level":"Information","computer":"CONTOSO-PC01","message":"The access history in hive \\??\\C:\\Users\\user01\\NTUSER.DAT was cleared.","eventData":[{"name":"Data","value":"The access history in hive \\??\\C:\\Users\\user01\\NTUSER.DAT was cleared."}],"rawXml":"<Event><System><Provider Name=\"Microsoft-Windows-Kernel-General\"/><EventID>16</EventID><EventRecordID>89746</EventRecordID><TimeCreated SystemTime=\"2026-10-06T19:17:21.000Z\"/><Channel>System</Channel><Computer>CONTOSO-PC01</Computer></System><EventData><Data>The access history in hive \\??\\C:\\Users\\user01\\NTUSER.DAT was cleared.</Data></EventData></Event>","sourceLabel":"C:\\Fixture\\EventLogs\\System.evtx","originKind":"event","task":null,"opcode":null,"processId":null,"threadId":null,"userSid":null,"keywords":null,"mapped":[]},{"id":511,"eventRecordId":89749,"eventRecordIdText":"89749","timestamp":"2026-10-06T19:17:40.000Z","timestampEpoch":1791314260000,"provider":"edgeupdate","channel":"Application","eventId":0,"level":"Information","computer":"CONTOSO-PC01","message":"Service started","eventData":[{"name":"Data","value":"Service started"}],"rawXml":"<Event><System><Provider Name=\"edgeupdate\"/><EventID>0</EventID><EventRecordID>89749</EventRecordID><TimeCreated SystemTime=\"2026-10-06T19:17:40.000Z\"/><Channel>Application</Channel><Computer>CONTOSO-PC01</Computer></System><EventData><Data>Service started</Data></EventData></Event>","sourceLabel":"C:\\Fixture\\EventLogs\\Application.evtx","originKind":"event","task":null,"opcode":null,"processId":null,"threadId":null,"userSid":null,"keywords":null,"mapped":[]},{"id":512,"eventRecordId":89752,"eventRecordIdText":"89752","timestamp":"2026-10-06T19:18:23.000Z","timestampEpoch":1791314303000,"provider":"Microsoft-Windows-AAD","channel":"Microsoft-Windows-AAD/Operational","eventId":1081,"level":"Information","computer":"CONTOSO-PC01","message":"OAuth response received for resource https://enrollment.manage.microsoft.com/.","eventData":[{"name":"Data","value":"OAuth response received for resource https://enrollment.manage.microsoft.com/."}],"rawXml":"<Event><System><Provider Name=\"Microsoft-Windows-AAD\"/><EventID>1081</EventID><EventRecordID>89752</EventRecordID><TimeCreated SystemTime=\"2026-10-06T19:18:23.000Z\"/><Channel>Microsoft-Windows-AAD/Operational</Channel><Computer>CONTOSO-PC01</Computer></System><EventData><Data>OAuth response received for resource https://enrollment.manage.microsoft.com/.</Data></EventData></Event>","sourceLabel":"C:\\Fixture\\EventLogs\\AAD-Operational.evtx","originKind":"event","task":null,"opcode":null,"processId":null,"threadId":null,"userSid":null,"keywords":null,"mapped":[]},{"id":513,"eventRecordId":89755,"eventRecordIdText":"89755","timestamp":"2026-10-06T19:19:56.000Z","timestampEpoch":1791314396000,"provider":"Microsoft-Windows-AAD","channel":"Microsoft-Windows-AAD/Operational","eventId":1081,"level":"Information","computer":"CONTOSO-PC01","message":"OAuth response received for resource https://enrollment.manage.microsoft.com/.","eventData":[{"name":"Data","value":"OAuth response received for resource https://enrollment.manage.microsoft.com/."}],"rawXml":"<Event><System><Provider Name=\"Microsoft-Windows-AAD\"/><EventID>1081</EventID><EventRecordID>89755</EventRecordID><TimeCreated SystemTime=\"2026-10-06T19:19:56.000Z\"/><Channel>Microsoft-Windows-AAD/Operational</Channel><Computer>CONTOSO-PC01</Computer></System><EventData><Data>OAuth response received for resource https://enrollment.manage.microsoft.com/.</Data></EventData></Event>","sourceLabel":"C:\\Fixture\\EventLogs\\AAD-Operational.evtx","originKind":"event","task":null,"opcode":null,"processId":null,"threadId":null,"userSid":null,"keywords":null,"mapped":[]},{"id":514,"eventRecordId":89758,"eventRecordIdText":"89758","timestamp":"2026-10-06T19:21:52.000Z","timestampEpoch":1791314512000,"provider":"Service Control Manager","channel":"System","eventId":7040,"level":"Information","computer":"CONTOSO-PC01","message":"The start type of the Background Intelligent Transfer Service service was changed from demand start to auto start.","eventData":[{"name":"Data","value":"The start type of the Background Intelligent Transfer Service service was changed from demand start to auto start."}],"rawXml":"<Event><System><Provider Name=\"Service Control Manager\"/><EventID>7040</EventID><EventRecordID>89758</EventRecordID><TimeCreated SystemTime=\"2026-10-06T19:21:52.000Z\"/><Channel>System</Channel><Computer>CONTOSO-PC01</Computer></System><EventData><Data>The start type of the Background Intelligent Transfer Service service was changed from demand start to auto start.</Data></EventData></Event>","sourceLabel":"C:\\Fixture\\EventLogs\\System.evtx","originKind":"event","task":null,"opcode":null,"processId":null,"threadId":null,"userSid":null,"keywords":null,"mapped":[]},{"id":515,"eventRecordId":89761,"eventRecordIdText":"89761","timestamp":"2026-10-06T19:22:44.000Z","timestampEpoch":1791314564000,"provider":"Microsoft-Windows-AAD","channel":"Microsoft-Windows-AAD/Operational","eventId":1104,"level":"Information","computer":"CONTOSO-PC01","message":"AAD Cloud AP plugin call Plugin initialize returned success.","eventData":[{"name":"Data","value":"AAD Cloud AP plugin call Plugin initialize returned success."}],"rawXml":"<Event><System><Provider Name=\"Microsoft-Windows-AAD\"/><EventID>1104</EventID><EventRecordID>89761</EventRecordID><TimeCreated SystemTime=\"2026-10-06T19:22:44.000Z\"/><Channel>Microsoft-Windows-AAD/Operational</Channel><Computer>CONTOSO-PC01</Computer></System><EventData><Data>AAD Cloud AP plugin call Plugin initialize returned success.</Data></EventData></Event>","sourceLabel":"C:\\Fixture\\EventLogs\\AAD-Operational.evtx","originKind":"event","task":null,"opcode":null,"processId":null,"threadId":null,"userSid":null,"keywords":null,"mapped":[]},{"id":516,"eventRecordId":89764,"eventRecordIdText":"89764","timestamp":"2026-10-06T19:23:36.000Z","timestampEpoch":1791314616000,"provider":"Microsoft-Windows-DNS-Client","channel":"System","eventId":1014,"level":"Warning","computer":"CONTOSO-PC01","message":"Name resolution for the name login.microsoftonline.com timed out after none of the configured DNS servers responded.","eventData":[{"name":"Data","value":"Name resolution for the name login.microsoftonline.com timed out after none of the configured DNS servers responded."}],"rawXml":"<Event><System><Provider Name=\"Microsoft-Windows-DNS-Client\"/><EventID>1014</EventID><EventRecordID>89764</EventRecordID><TimeCreated SystemTime=\"2026-10-06T19:23:36.000Z\"/><Channel>System</Channel><Computer>CONTOSO-PC01</Computer></System><EventData><Data>Name resolution for the name login.microsoftonline.com timed out after none of the configured DNS servers responded.</Data></EventData></Event>","sourceLabel":"C:\\Fixture\\EventLogs\\System.evtx","originKind":"event","task":null,"opcode":null,"processId":null,"threadId":null,"userSid":null,"keywords":null,"mapped":[]},{"id":517,"eventRecordId":89767,"eventRecordIdText":"89767","timestamp":"2026-10-06T19:23:42.000Z","timestampEpoch":1791314622000,"provider":"Microsoft-Windows-Kernel-General","channel":"System","eventId":16,"level":"Information","computer":"CONTOSO-PC01","message":"The access history in hive \\??\\C:\\Users\\user01\\NTUSER.DAT was cleared.","eventData":[{"name":"Data","value":"The access history in hive \\??\\C:\\Users\\user01\\NTUSER.DAT was cleared."}],"rawXml":"<Event><System><Provider Name=\"Microsoft-Windows-Kernel-General\"/><EventID>16</EventID><EventRecordID>89767</EventRecordID><TimeCreated SystemTime=\"2026-10-06T19:23:42.000Z\"/><Channel>System</Channel><Computer>CONTOSO-PC01</Computer></System><EventData><Data>The access history in hive \\??\\C:\\Users\\user01\\NTUSER.DAT was cleared.</Data></EventData></Event>","sourceLabel":"C:\\Fixture\\EventLogs\\System.evtx","originKind":"event","task":null,"opcode":null,"processId":null,"threadId":null,"userSid":null,"keywords":null,"mapped":[]},{"id":518,"eventRecordId":89770,"eventRecordIdText":"89770","timestamp":"2026-10-06T19:24:52.000Z","timestampEpoch":1791314692000,"provider":"Microsoft-Windows-AAD","channel":"Microsoft-Windows-AAD/Operational","eventId":1081,"level":"Information","computer":"CONTOSO-PC01","message":"OAuth response received for resource https://enrollment.manage.microsoft.com/.","eventData":[{"name":"Data","value":"OAuth response received for resource https://enrollment.manage.microsoft.com/."}],"rawXml":"<Event><System><Provider Name=\"Microsoft-Windows-AAD\"/><EventID>1081</EventID><EventRecordID>89770</EventRecordID><TimeCreated SystemTime=\"2026-10-06T19:24:52.000Z\"/><Channel>Microsoft-Windows-AAD/Operational</Channel><Computer>CONTOSO-PC01</Computer></System><EventData><Data>OAuth response received for resource https://enrollment.manage.microsoft.com/.</Data></EventData></Event>","sourceLabel":"C:\\Fixture\\EventLogs\\AAD-Operational.evtx","originKind":"event","task":null,"opcode":null,"processId":null,"threadId":null,"userSid":null,"keywords":null,"mapped":[]},{"id":519,"eventRecordId":89773,"eventRecordIdText":"89773","timestamp":"2026-10-06T19:25:33.000Z","timestampEpoch":1791314733000,"provider":"Microsoft-Windows-Security-SPP","channel":"Application","eventId":16384,"level":"Information","computer":"CONTOSO-PC01","message":"Successfully scheduled Software Protection service for re-start.","eventData":[{"name":"Data","value":"Successfully scheduled Software Protection service for re-start."}],"rawXml":"<Event><System><Provider Name=\"Microsoft-Windows-Security-SPP\"/><EventID>16384</EventID><EventRecordID>89773</EventRecordID><TimeCreated SystemTime=\"2026-10-06T19:25:33.000Z\"/><Channel>Application</Channel><Computer>CONTOSO-PC01</Computer></System><EventData><Data>Successfully scheduled Software Protection service for re-start.</Data></EventData></Event>","sourceLabel":"C:\\Fixture\\EventLogs\\Application.evtx","originKind":"event","task":null,"opcode":null,"processId":null,"threadId":null,"userSid":null,"keywords":null,"mapped":[]},{"id":520,"eventRecordId":89776,"eventRecordIdText":"89776","timestamp":"2026-10-06T19:26:30.000Z","timestampEpoch":1791314790000,"provider":"Microsoft-Windows-Security-SPP","channel":"Application","eventId":16384,"level":"Information","computer":"CONTOSO-PC01","message":"Successfully scheduled Software Protection service for re-start.","eventData":[{"name":"Data","value":"Successfully scheduled Software Protection service for re-start."}],"rawXml":"<Event><System><Provider Name=\"Microsoft-Windows-Security-SPP\"/><EventID>16384</EventID><EventRecordID>89776</EventRecordID><TimeCreated SystemTime=\"2026-10-06T19:26:30.000Z\"/><Channel>Application</Channel><Computer>CONTOSO-PC01</Computer></System><EventData><Data>Successfully scheduled Software Protection service for re-start.</Data></EventData></Event>","sourceLabel":"C:\\Fixture\\EventLogs\\Application.evtx","originKind":"event","task":null,"opcode":null,"processId":null,"threadId":null,"userSid":null,"keywords":null,"mapped":[]},{"id":521,"eventRecordId":89779,"eventRecordIdText":"89779","timestamp":"2026-10-06T19:27:25.000Z","timestampEpoch":1791314845000,"provider":"Microsoft-Windows-DistributedCOM","channel":"System","eventId":10016,"level":"Warning","computer":"CONTOSO-PC01","message":"The application-specific permission settings do not grant Local Activation permission for the COM Server application.","eventData":[{"name":"Data","value":"The application-specific permission settings do not grant Local Activation permission for the COM Server application."}],"rawXml":"<Event><System><Provider Name=\"Microsoft-Windows-DistributedCOM\"/><EventID>10016</EventID><EventRecordID>89779</EventRecordID><TimeCreated SystemTime=\"2026-10-06T19:27:25.000Z\"/><Channel>System</Channel><Computer>CONTOSO-PC01</Computer></System><EventData><Data>The application-specific permission settings do not grant Local Activation permission for the COM Server application.</Data></EventData></Event>","sourceLabel":"C:\\Fixture\\EventLogs\\System.evtx","originKind":"event","task":null,"opcode":null,"processId":null,"threadId":null,"userSid":null,"keywords":null,"mapped":[]},{"id":522,"eventRecordId":89782,"eventRecordIdText":"89782","timestamp":"2026-10-06T19:28:23.000Z","timestampEpoch":1791314903000,"provider":"Microsoft-Windows-Security-SPP","channel":"Application","eventId":16384,"level":"Information","computer":"CONTOSO-PC01","message":"Successfully scheduled Software Protection service for re-start.","eventData":[{"name":"Data","value":"Successfully scheduled Software Protection service for re-start."}],"rawXml":"<Event><System><Provider Name=\"Microsoft-Windows-Security-SPP\"/><EventID>16384</EventID><EventRecordID>89782</EventRecordID><TimeCreated SystemTime=\"2026-10-06T19:28:23.000Z\"/><Channel>Application</Channel><Computer>CONTOSO-PC01</Computer></System><EventData><Data>Successfully scheduled Software Protection service for re-start.</Data></EventData></Event>","sourceLabel":"C:\\Fixture\\EventLogs\\Application.evtx","originKind":"event","task":null,"opcode":null,"processId":null,"threadId":null,"userSid":null,"keywords":null,"mapped":[]},{"id":523,"eventRecordId":89785,"eventRecordIdText":"89785","timestamp":"2026-10-06T19:28:42.000Z","timestampEpoch":1791314922000,"provider":"Service Control Manager","channel":"System","eventId":7036,"level":"Information","computer":"CONTOSO-PC01","message":"The Windows Modules Installer service entered the running state.","eventData":[{"name":"Data","value":"The Windows Modules Installer service entered the running state."}],"rawXml":"<Event><System><Provider Name=\"Service Control Manager\"/><EventID>7036</EventID><EventRecordID>89785</EventRecordID><TimeCreated SystemTime=\"2026-10-06T19:28:42.000Z\"/><Channel>System</Channel><Computer>CONTOSO-PC01</Computer></System><EventData><Data>The Windows Modules Installer service entered the running state.</Data></EventData></Event>","sourceLabel":"C:\\Fixture\\EventLogs\\System.evtx","originKind":"event","task":null,"opcode":null,"processId":null,"threadId":null,"userSid":null,"keywords":null,"mapped":[]},{"id":524,"eventRecordId":89788,"eventRecordIdText":"89788","timestamp":"2026-10-06T19:32:23.000Z","timestampEpoch":1791315143000,"provider":"Microsoft-Windows-DeviceManagement-Enterprise-Diagnostics-Provider","channel":"Microsoft-Windows-DeviceManagement-Enterprise-Diagnostics-Provider/Admin","eventId":813,"level":"Information","computer":"CONTOSO-PC01","message":"MDM PolicyManager: Set policy int, Area: (DeviceLock).","eventData":[{"name":"Data","value":"MDM PolicyManager: Set policy int, Area: (DeviceLock)."}],"rawXml":"<Event><System><Provider Name=\"Microsoft-Windows-DeviceManagement-Enterprise-Diagnostics-Provider\"/><EventID>813</EventID><EventRecordID>89788</EventRecordID><TimeCreated SystemTime=\"2026-10-06T19:32:23.000Z\"/><Channel>Microsoft-Windows-DeviceManagement-Enterprise-Diagnostics-Provider/Admin</Channel><Computer>CONTOSO-PC01</Computer></System><EventData><Data>MDM PolicyManager: Set policy int, Area: (DeviceLock).</Data></EventData></Event>","sourceLabel":"C:\\Fixture\\EventLogs\\DeviceManagement-Admin.evtx","originKind":"event","task":null,"opcode":null,"processId":null,"threadId":null,"userSid":null,"keywords":null,"mapped":[]},{"id":525,"eventRecordId":89791,"eventRecordIdText":"89791","timestamp":"2026-10-06T19:32:49.000Z","timestampEpoch":1791315169000,"provider":"Microsoft-Windows-AAD","channel":"Microsoft-Windows-AAD/Operational","eventId":1081,"level":"Information","computer":"CONTOSO-PC01","message":"OAuth response received for resource https://enrollment.manage.microsoft.com/.","eventData":[{"name":"Data","value":"OAuth response received for resource https://enrollment.manage.microsoft.com/."}],"rawXml":"<Event><System><Provider Name=\"Microsoft-Windows-AAD\"/><EventID>1081</EventID><EventRecordID>89791</EventRecordID><TimeCreated SystemTime=\"2026-10-06T19:32:49.000Z\"/><Channel>Microsoft-Windows-AAD/Operational</Channel><Computer>CONTOSO-PC01</Computer></System><EventData><Data>OAuth response received for resource https://enrollment.manage.microsoft.com/.</Data></EventData></Event>","sourceLabel":"C:\\Fixture\\EventLogs\\AAD-Operational.evtx","originKind":"event","task":null,"opcode":null,"processId":null,"threadId":null,"userSid":null,"keywords":null,"mapped":[]},{"id":526,"eventRecordId":89794,"eventRecordIdText":"89794","timestamp":"2026-10-06T19:36:32.000Z","timestampEpoch":1791315392000,"provider":"Microsoft-Windows-AAD","channel":"Microsoft-Windows-AAD/Operational","eventId":1104,"level":"Information","computer":"CONTOSO-PC01","message":"AAD Cloud AP plugin call Plugin initialize returned success.","eventData":[{"name":"Data","value":"AAD Cloud AP plugin call Plugin initialize returned success."}],"rawXml":"<Event><System><Provider Name=\"Microsoft-Windows-AAD\"/><EventID>1104</EventID><EventRecordID>89794</EventRecordID><TimeCreated SystemTime=\"2026-10-06T19:36:32.000Z\"/><Channel>Microsoft-Windows-AAD/Operational</Channel><Computer>CONTOSO-PC01</Computer></System><EventData><Data>AAD Cloud AP plugin call Plugin initialize returned success.</Data></EventData></Event>","sourceLabel":"C:\\Fixture\\EventLogs\\AAD-Operational.evtx","originKind":"event","task":null,"opcode":null,"processId":null,"threadId":null,"userSid":null,"keywords":null,"mapped":[]},{"id":527,"eventRecordId":89797,"eventRecordIdText":"89797","timestamp":"2026-10-06T19:40:45.000Z","timestampEpoch":1791315645000,"provider":"Microsoft-Windows-AAD","channel":"Microsoft-Windows-AAD/Operational","eventId":1104,"level":"Information","computer":"CONTOSO-PC01","message":"AAD Cloud AP plugin call Plugin initialize returned success.","eventData":[{"name":"Data","value":"AAD Cloud AP plugin call Plugin initialize returned success."}],"rawXml":"<Event><System><Provider Name=\"Microsoft-Windows-AAD\"/><EventID>1104</EventID><EventRecordID>89797</EventRecordID><TimeCreated SystemTime=\"2026-10-06T19:40:45.000Z\"/><Channel>Microsoft-Windows-AAD/Operational</Channel><Computer>CONTOSO-PC01</Computer></System><EventData><Data>AAD Cloud AP plugin call Plugin initialize returned success.</Data></EventData></Event>","sourceLabel":"C:\\Fixture\\EventLogs\\AAD-Operational.evtx","originKind":"event","task":null,"opcode":null,"processId":null,"threadId":null,"userSid":null,"keywords":null,"mapped":[]},{"id":528,"eventRecordId":89800,"eventRecordIdText":"89800","timestamp":"2026-10-06T19:42:04.000Z","timestampEpoch":1791315724000,"provider":"Service Control Manager","channel":"System","eventId":7036,"level":"Information","computer":"CONTOSO-PC01","message":"The Intune Management Extension service entered the stopped state.","eventData":[{"name":"Data","value":"The Intune Management Extension service entered the stopped state."}],"rawXml":"<Event><System><Provider Name=\"Service Control Manager\"/><EventID>7036</EventID><EventRecordID>89800</EventRecordID><TimeCreated SystemTime=\"2026-10-06T19:42:04.000Z\"/><Channel>System</Channel><Computer>CONTOSO-PC01</Computer></System><EventData><Data>The Intune Management Extension service entered the stopped state.</Data></EventData></Event>","sourceLabel":"C:\\Fixture\\EventLogs\\System.evtx","originKind":"event","task":null,"opcode":null,"processId":null,"threadId":null,"userSid":null,"keywords":null,"mapped":[]},{"id":529,"eventRecordId":89803,"eventRecordIdText":"89803","timestamp":"2026-10-06T19:42:27.000Z","timestampEpoch":1791315747000,"provider":"Microsoft-Windows-DistributedCOM","channel":"System","eventId":10016,"level":"Warning","computer":"CONTOSO-PC01","message":"The application-specific permission settings do not grant Local Activation permission for the COM Server application.","eventData":[{"name":"Data","value":"The application-specific permission settings do not grant Local Activation permission for the COM Server application."}],"rawXml":"<Event><System><Provider Name=\"Microsoft-Windows-DistributedCOM\"/><EventID>10016</EventID><EventRecordID>89803</EventRecordID><TimeCreated SystemTime=\"2026-10-06T19:42:27.000Z\"/><Channel>System</Channel><Computer>CONTOSO-PC01</Computer></System><EventData><Data>The application-specific permission settings do not grant Local Activation permission for the COM Server application.</Data></EventData></Event>","sourceLabel":"C:\\Fixture\\EventLogs\\System.evtx","originKind":"event","task":null,"opcode":null,"processId":null,"threadId":null,"userSid":null,"keywords":null,"mapped":[]},{"id":530,"eventRecordId":89806,"eventRecordIdText":"89806","timestamp":"2026-10-06T19:42:54.000Z","timestampEpoch":1791315774000,"provider":"Microsoft-Windows-AAD","channel":"Microsoft-Windows-AAD/Operational","eventId":1104,"level":"Information","computer":"CONTOSO-PC01","message":"AAD Cloud AP plugin call Plugin initialize returned success.","eventData":[{"name":"Data","value":"AAD Cloud AP plugin call Plugin initialize returned success."}],"rawXml":"<Event><System><Provider Name=\"Microsoft-Windows-AAD\"/><EventID>1104</EventID><EventRecordID>89806</EventRecordID><TimeCreated SystemTime=\"2026-10-06T19:42:54.000Z\"/><Channel>Microsoft-Windows-AAD/Operational</Channel><Computer>CONTOSO-PC01</Computer></System><EventData><Data>AAD Cloud AP plugin call Plugin initialize returned success.</Data></EventData></Event>","sourceLabel":"C:\\Fixture\\EventLogs\\AAD-Operational.evtx","originKind":"event","task":null,"opcode":null,"processId":null,"threadId":null,"userSid":null,"keywords":null,"mapped":[]},{"id":531,"eventRecordId":89809,"eventRecordIdText":"89809","timestamp":"2026-10-06T19:44:58.000Z","timestampEpoch":1791315898000,"provider":"MsiInstaller","channel":"Application","eventId":1040,"level":"Information","computer":"CONTOSO-PC01","message":"Beginning a Windows Installer transaction.","eventData":[{"name":"Data","value":"Beginning a Windows Installer transaction."}],"rawXml":"<Event><System><Provider Name=\"MsiInstaller\"/><EventID>1040</EventID><EventRecordID>89809</EventRecordID><TimeCreated SystemTime=\"2026-10-06T19:44:58.000Z\"/><Channel>Application</Channel><Computer>CONTOSO-PC01</Computer></System><EventData><Data>Beginning a Windows Installer transaction.</Data></EventData></Event>","sourceLabel":"C:\\Fixture\\EventLogs\\Application.evtx","originKind":"event","task":null,"opcode":null,"processId":null,"threadId":null,"userSid":null,"keywords":null,"mapped":[]},{"id":532,"eventRecordId":89812,"eventRecordIdText":"89812","timestamp":"2026-10-06T19:46:32.000Z","timestampEpoch":1791315992000,"provider":"Service Control Manager","channel":"System","eventId":7040,"level":"Information","computer":"CONTOSO-PC01","message":"The start type of the Background Intelligent Transfer Service service was changed from demand start to auto start.","eventData":[{"name":"Data","value":"The start type of the Background Intelligent Transfer Service service was changed from demand start to auto start."}],"rawXml":"<Event><System><Provider Name=\"Service Control Manager\"/><EventID>7040</EventID><EventRecordID>89812</EventRecordID><TimeCreated SystemTime=\"2026-10-06T19:46:32.000Z\"/><Channel>System</Channel><Computer>CONTOSO-PC01</Computer></System><EventData><Data>The start type of the Background Intelligent Transfer Service service was changed from demand start to auto start.</Data></EventData></Event>","sourceLabel":"C:\\Fixture\\EventLogs\\System.evtx","originKind":"event","task":null,"opcode":null,"processId":null,"threadId":null,"userSid":null,"keywords":null,"mapped":[]},{"id":533,"eventRecordId":89815,"eventRecordIdText":"89815","timestamp":"2026-10-06T19:48:30.000Z","timestampEpoch":1791316110000,"provider":"edgeupdate","channel":"Application","eventId":0,"level":"Information","computer":"CONTOSO-PC01","message":"Service started","eventData":[{"name":"Data","value":"Service started"}],"rawXml":"<Event><System><Provider Name=\"edgeupdate\"/><EventID>0</EventID><EventRecordID>89815</EventRecordID><TimeCreated SystemTime=\"2026-10-06T19:48:30.000Z\"/><Channel>Application</Channel><Computer>CONTOSO-PC01</Computer></System><EventData><Data>Service started</Data></EventData></Event>","sourceLabel":"C:\\Fixture\\EventLogs\\Application.evtx","originKind":"event","task":null,"opcode":null,"processId":null,"threadId":null,"userSid":null,"keywords":null,"mapped":[]},{"id":534,"eventRecordId":89818,"eventRecordIdText":"89818","timestamp":"2026-10-06T19:49:19.000Z","timestampEpoch":1791316159000,"provider":"Microsoft-Windows-Security-SPP","channel":"Application","eventId":16384,"level":"Information","computer":"CONTOSO-PC01","message":"Successfully scheduled Software Protection service for re-start.","eventData":[{"name":"Data","value":"Successfully scheduled Software Protection service for re-start."}],"rawXml":"<Event><System><Provider Name=\"Microsoft-Windows-Security-SPP\"/><EventID>16384</EventID><EventRecordID>89818</EventRecordID><TimeCreated SystemTime=\"2026-10-06T19:49:19.000Z\"/><Channel>Application</Channel><Computer>CONTOSO-PC01</Computer></System><EventData><Data>Successfully scheduled Software Protection service for re-start.</Data></EventData></Event>","sourceLabel":"C:\\Fixture\\EventLogs\\Application.evtx","originKind":"event","task":null,"opcode":null,"processId":null,"threadId":null,"userSid":null,"keywords":null,"mapped":[]},{"id":535,"eventRecordId":89821,"eventRecordIdText":"89821","timestamp":"2026-10-06T19:49:26.000Z","timestampEpoch":1791316166000,"provider":"Service Control Manager","channel":"System","eventId":7036,"level":"Information","computer":"CONTOSO-PC01","message":"The Microsoft Edge Update service entered the stopped state.","eventData":[{"name":"Data","value":"The Microsoft Edge Update service entered the stopped state."}],"rawXml":"<Event><System><Provider Name=\"Service Control Manager\"/><EventID>7036</EventID><EventRecordID>89821</EventRecordID><TimeCreated SystemTime=\"2026-10-06T19:49:26.000Z\"/><Channel>System</Channel><Computer>CONTOSO-PC01</Computer></System><EventData><Data>The Microsoft Edge Update service entered the stopped state.</Data></EventData></Event>","sourceLabel":"C:\\Fixture\\EventLogs\\System.evtx","originKind":"event","task":null,"opcode":null,"processId":null,"threadId":null,"userSid":null,"keywords":null,"mapped":[]},{"id":536,"eventRecordId":89824,"eventRecordIdText":"89824","timestamp":"2026-10-06T19:50:00.000Z","timestampEpoch":1791316200000,"provider":"Microsoft-Windows-Security-SPP","channel":"Application","eventId":16384,"level":"Information","computer":"CONTOSO-PC01","message":"Successfully scheduled Software Protection service for re-start.","eventData":[{"name":"Data","value":"Successfully scheduled Software Protection service for re-start."}],"rawXml":"<Event><System><Provider Name=\"Microsoft-Windows-Security-SPP\"/><EventID>16384</EventID><EventRecordID>89824</EventRecordID><TimeCreated SystemTime=\"2026-10-06T19:50:00.000Z\"/><Channel>Application</Channel><Computer>CONTOSO-PC01</Computer></System><EventData><Data>Successfully scheduled Software Protection service for re-start.</Data></EventData></Event>","sourceLabel":"C:\\Fixture\\EventLogs\\Application.evtx","originKind":"event","task":null,"opcode":null,"processId":null,"threadId":null,"userSid":null,"keywords":null,"mapped":[]},{"id":537,"eventRecordId":89827,"eventRecordIdText":"89827","timestamp":"2026-10-06T19:50:01.000Z","timestampEpoch":1791316201000,"provider":"Microsoft-Windows-AAD","channel":"Microsoft-Windows-AAD/Operational","eventId":1098,"level":"Warning","computer":"CONTOSO-PC01","message":"Token broker operation failed.","eventData":[{"name":"Data","value":"Token broker operation failed."}],"rawXml":"<Event><System><Provider Name=\"Microsoft-Windows-AAD\"/><EventID>1098</EventID><EventRecordID>89827</EventRecordID><TimeCreated SystemTime=\"2026-10-06T19:50:01.000Z\"/><Channel>Microsoft-Windows-AAD/Operational</Channel><Computer>CONTOSO-PC01</Computer></System><EventData><Data>Token broker operation failed.</Data></EventData></Event>","sourceLabel":"C:\\Fixture\\EventLogs\\AAD-Operational.evtx","originKind":"event","task":null,"opcode":null,"processId":null,"threadId":null,"userSid":null,"keywords":null,"mapped":[]},{"id":538,"eventRecordId":89830,"eventRecordIdText":"89830","timestamp":"2026-10-06T19:51:57.000Z","timestampEpoch":1791316317000,"provider":"Microsoft-Windows-AAD","channel":"Microsoft-Windows-AAD/Operational","eventId":1104,"level":"Information","computer":"CONTOSO-PC01","message":"AAD Cloud AP plugin call Plugin initialize returned success.","eventData":[{"name":"Data","value":"AAD Cloud AP plugin call Plugin initialize returned success."}],"rawXml":"<Event><System><Provider Name=\"Microsoft-Windows-AAD\"/><EventID>1104</EventID><EventRecordID>89830</EventRecordID><TimeCreated SystemTime=\"2026-10-06T19:51:57.000Z\"/><Channel>Microsoft-Windows-AAD/Operational</Channel><Computer>CONTOSO-PC01</Computer></System><EventData><Data>AAD Cloud AP plugin call Plugin initialize returned success.</Data></EventData></Event>","sourceLabel":"C:\\Fixture\\EventLogs\\AAD-Operational.evtx","originKind":"event","task":null,"opcode":null,"processId":null,"threadId":null,"userSid":null,"keywords":null,"mapped":[]},{"id":539,"eventRecordId":89833,"eventRecordIdText":"89833","timestamp":"2026-10-06T19:52:21.000Z","timestampEpoch":1791316341000,"provider":"MsiInstaller","channel":"Application","eventId":1040,"level":"Information","computer":"CONTOSO-PC01","message":"Beginning a Windows Installer transaction.","eventData":[{"name":"Data","value":"Beginning a Windows Installer transaction."}],"rawXml":"<Event><System><Provider Name=\"MsiInstaller\"/><EventID>1040</EventID><EventRecordID>89833</EventRecordID><TimeCreated SystemTime=\"2026-10-06T19:52:21.000Z\"/><Channel>Application</Channel><Computer>CONTOSO-PC01</Computer></System><EventData><Data>Beginning a Windows Installer transaction.</Data></EventData></Event>","sourceLabel":"C:\\Fixture\\EventLogs\\Application.evtx","originKind":"event","task":null,"opcode":null,"processId":null,"threadId":null,"userSid":null,"keywords":null,"mapped":[]},{"id":540,"eventRecordId":89836,"eventRecordIdText":"89836","timestamp":"2026-10-06T19:53:01.000Z","timestampEpoch":1791316381000,"provider":"Microsoft-Windows-AAD","channel":"Microsoft-Windows-AAD/Operational","eventId":1104,"level":"Information","computer":"CONTOSO-PC01","message":"AAD Cloud AP plugin call Plugin initialize returned success.","eventData":[{"name":"Data","value":"AAD Cloud AP plugin call Plugin initialize returned success."}],"rawXml":"<Event><System><Provider Name=\"Microsoft-Windows-AAD\"/><EventID>1104</EventID><EventRecordID>89836</EventRecordID><TimeCreated SystemTime=\"2026-10-06T19:53:01.000Z\"/><Channel>Microsoft-Windows-AAD/Operational</Channel><Computer>CONTOSO-PC01</Computer></System><EventData><Data>AAD Cloud AP plugin call Plugin initialize returned success.</Data></EventData></Event>","sourceLabel":"C:\\Fixture\\EventLogs\\AAD-Operational.evtx","originKind":"event","task":null,"opcode":null,"processId":null,"threadId":null,"userSid":null,"keywords":null,"mapped":[]},{"id":541,"eventRecordId":89839,"eventRecordIdText":"89839","timestamp":"2026-10-06T19:53:59.000Z","timestampEpoch":1791316439000,"provider":"Microsoft-Windows-Security-SPP","channel":"Application","eventId":16384,"level":"Information","computer":"CONTOSO-PC01","message":"Successfully scheduled Software Protection service for re-start.","eventData":[{"name":"Data","value":"Successfully scheduled Software Protection service for re-start."}],"rawXml":"<Event><System><Provider Name=\"Microsoft-Windows-Security-SPP\"/><EventID>16384</EventID><EventRecordID>89839</EventRecordID><TimeCreated SystemTime=\"2026-10-06T19:53:59.000Z\"/><Channel>Application</Channel><Computer>CONTOSO-PC01</Computer></System><EventData><Data>Successfully scheduled Software Protection service for re-start.</Data></EventData></Event>","sourceLabel":"C:\\Fixture\\EventLogs\\Application.evtx","originKind":"event","task":null,"opcode":null,"processId":null,"threadId":null,"userSid":null,"keywords":null,"mapped":[]},{"id":542,"eventRecordId":89842,"eventRecordIdText":"89842","timestamp":"2026-10-06T19:55:55.000Z","timestampEpoch":1791316555000,"provider":"Service Control Manager","channel":"System","eventId":7036,"level":"Information","computer":"CONTOSO-PC01","message":"The Microsoft Edge Update service entered the stopped state.","eventData":[{"name":"Data","value":"The Microsoft Edge Update service entered the stopped state."}],"rawXml":"<Event><System><Provider Name=\"Service Control Manager\"/><EventID>7036</EventID><EventRecordID>89842</EventRecordID><TimeCreated SystemTime=\"2026-10-06T19:55:55.000Z\"/><Channel>System</Channel><Computer>CONTOSO-PC01</Computer></System><EventData><Data>The Microsoft Edge Update service entered the stopped state.</Data></EventData></Event>","sourceLabel":"C:\\Fixture\\EventLogs\\System.evtx","originKind":"event","task":null,"opcode":null,"processId":null,"threadId":null,"userSid":null,"keywords":null,"mapped":[]},{"id":543,"eventRecordId":89845,"eventRecordIdText":"89845","timestamp":"2026-10-06T19:56:41.000Z","timestampEpoch":1791316601000,"provider":"edgeupdate","channel":"Application","eventId":0,"level":"Information","computer":"CONTOSO-PC01","message":"Service started","eventData":[{"name":"Data","value":"Service started"}],"rawXml":"<Event><System><Provider Name=\"edgeupdate\"/><EventID>0</EventID><EventRecordID>89845</EventRecordID><TimeCreated SystemTime=\"2026-10-06T19:56:41.000Z\"/><Channel>Application</Channel><Computer>CONTOSO-PC01</Computer></System><EventData><Data>Service started</Data></EventData></Event>","sourceLabel":"C:\\Fixture\\EventLogs\\Application.evtx","originKind":"event","task":null,"opcode":null,"processId":null,"threadId":null,"userSid":null,"keywords":null,"mapped":[]},{"id":544,"eventRecordId":89848,"eventRecordIdText":"89848","timestamp":"2026-10-06T19:56:52.000Z","timestampEpoch":1791316612000,"provider":"Microsoft-Windows-Kernel-General","channel":"System","eventId":16,"level":"Information","computer":"CONTOSO-PC01","message":"The access history in hive \\??\\C:\\Users\\user01\\NTUSER.DAT was cleared.","eventData":[{"name":"Data","value":"The access history in hive \\??\\C:\\Users\\user01\\NTUSER.DAT was cleared."}],"rawXml":"<Event><System><Provider Name=\"Microsoft-Windows-Kernel-General\"/><EventID>16</EventID><EventRecordID>89848</EventRecordID><TimeCreated SystemTime=\"2026-10-06T19:56:52.000Z\"/><Channel>System</Channel><Computer>CONTOSO-PC01</Computer></System><EventData><Data>The access history in hive \\??\\C:\\Users\\user01\\NTUSER.DAT was cleared.</Data></EventData></Event>","sourceLabel":"C:\\Fixture\\EventLogs\\System.evtx","originKind":"event","task":null,"opcode":null,"processId":null,"threadId":null,"userSid":null,"keywords":null,"mapped":[]},{"id":545,"eventRecordId":89851,"eventRecordIdText":"89851","timestamp":"2026-10-06T19:58:57.000Z","timestampEpoch":1791316737000,"provider":"Microsoft-Windows-Kernel-General","channel":"System","eventId":16,"level":"Information","computer":"CONTOSO-PC01","message":"The access history in hive \\??\\C:\\Users\\user01\\NTUSER.DAT was cleared.","eventData":[{"name":"Data","value":"The access history in hive \\??\\C:\\Users\\user01\\NTUSER.DAT was cleared."}],"rawXml":"<Event><System><Provider Name=\"Microsoft-Windows-Kernel-General\"/><EventID>16</EventID><EventRecordID>89851</EventRecordID><TimeCreated SystemTime=\"2026-10-06T19:58:57.000Z\"/><Channel>System</Channel><Computer>CONTOSO-PC01</Computer></System><EventData><Data>The access history in hive \\??\\C:\\Users\\user01\\NTUSER.DAT was cleared.</Data></EventData></Event>","sourceLabel":"C:\\Fixture\\EventLogs\\System.evtx","originKind":"event","task":null,"opcode":null,"processId":null,"threadId":null,"userSid":null,"keywords":null,"mapped":[]},