          {
            "timestampMs": 1791359223000,
            "severity": "warning",
            "message": "Token broker operation failed.",
            "origin": {
              "kind": "event",
              "stableId": "source41:C:\\Fixture\\EventLogs\\AAD-Operational.evtx|machine12:CONTOSO-PC01|channel33:Microsoft-Windows-AAD/Operational|record91678",
              "source": "C:\\Fixture\\EventLogs\\AAD-Operational.evtx",
              "machine": "CONTOSO-PC01",
              "bundle": null,
              "channel": "Microsoft-Windows-AAD/Operational",
              "provider": "Microsoft-Windows-AAD",
              "processId": null,
              "eventId": 1098,
              "recordId": 91678,
              "recordIdText": "91678"
            }
          },
          {
            "timestampMs": 1791359423000,
            "severity": "warning",
            "message": "Http request status: 400. Method: POST.",
            "origin": {
              "kind": "event",
              "stableId": "source41:C:\\Fixture\\EventLogs\\AAD-Operational.evtx|machine12:CONTOSO-PC01|channel33:Microsoft-Windows-AAD/Operational|record91681",
              "source": "C:\\Fixture\\EventLogs\\AAD-Operational.evtx",
              "machine": "CONTOSO-PC01",
              "bundle": null,
              "channel": "Microsoft-Windows-AAD/Operational",
              "provider": "Microsoft-Windows-AAD",
              "processId": null,
              "eventId": 1097,
              "recordId": 91681,
              "recordIdText": "91681"
            }
          },
          {
            "timestampMs": 1791359440000,
            "severity": "warning",
            "message": "Name resolution for the name enrollment.manage.microsoft.com timed out after none of the configured DNS servers responded.",
            "origin": {
              "kind": "event",
              "stableId": "source32:C:\\Fixture\\EventLogs\\System.evtx|machine12:CONTOSO-PC01|channel6:System|record91684",
              "source": "C:\\Fixture\\EventLogs\\System.evtx",
              "machine": "CONTOSO-PC01",
              "bundle": null,
              "channel": "System",
              "provider": "Microsoft-Windows-DNS-Client",
              "processId": null,
              "eventId": 1014,
              "recordId": 91684,
              "recordIdText": "91684"
            }
          },
          {
            "timestampMs": 1791359442000,
            "severity": "info",
            "message": "OAuth response received for resource https://enrollment.manage.microsoft.com/.",
            "origin": {
              "kind": "event",
              "stableId": "source41:C:\\Fixture\\EventLogs\\AAD-Operational.evtx|machine12:CONTOSO-PC01|channel33:Microsoft-Windows-AAD/Operational|record91687",
              "source": "C:\\Fixture\\EventLogs\\AAD-Operational.evtx",
              "machine": "CONTOSO-PC01",
              "bundle": null,
              "channel": "Microsoft-Windows-AAD/Operational",
              "provider": "Microsoft-Windows-AAD",
              "processId": null,
              "eventId": 1081,
              "recordId": 91687,
              "recordIdText": "91687"
            }
          },
          {
            "timestampMs": 1791359443000,
            "severity": "info",
            "message": "Service started",
            "origin": {
              "kind": "event",
              "stableId": "source37:C:\\Fixture\\EventLogs\\Application.evtx|machine12:CONTOSO-PC01|channel11:Application|record91690",
              "source": "C:\\Fixture\\EventLogs\\Application.evtx",
              "machine": "CONTOSO-PC01",
              "bundle": null,
              "channel": "Application",
              "provider": "edgeupdate",
              "processId": null,
              "eventId": 0,
              "recordId": 91690,
              "recordIdText": "91690"
            }
          },
          {
            "timestampMs": 1791359575000,
            "severity": "info",
            "message": "Successfully scheduled Software Protection service for re-start.",
            "origin": {
              "kind": "event",
              "stableId": "source37:C:\\Fixture\\EventLogs\\Application.evtx|machine12:CONTOSO-PC01|channel11:Application|record91693",
              "source": "C:\\Fixture\\EventLogs\\Application.evtx",
              "machine": "CONTOSO-PC01",
              "bundle": null,
              "channel": "Application",
              "provider": "Microsoft-Windows-Security-SPP",
              "processId": null,
              "eventId": 16384,
              "recordId": 91693,
              "recordIdText": "91693"
            }
          },
          {
            "timestampMs": 1791359592000,
            "severity": "warning",
            "message": "Token broker operation failed.",
            "origin": {
              "kind": "event",
              "stableId": "source41:C:\\Fixture\\EventLogs\\AAD-Operational.evtx|machine12:CONTOSO-PC01|channel33:Microsoft-Windows-AAD/Operational|record91696",
              "source": "C:\\Fixture\\EventLogs\\AAD-Operational.evtx",
              "machine": "CONTOSO-PC01",
              "bundle": null,
              "channel": "Microsoft-Windows-AAD/Operational",
              "provider": "Microsoft-Windows-AAD",
              "processId": null,
              "eventId": 1098,
              "recordId": 91696,
              "recordIdText": "91696"
            }
          },
          {
            "timestampMs": 1791359596000,
            "severity": "info",
            "message": "The WinHTTP Web Proxy Auto-Discovery service entered the stopped state.",
            "origin": {
              "kind": "event",
              "stableId": "source32:C:\\Fixture\\EventLogs\\System.evtx|machine12:CONTOSO-PC01|channel6:System|record91699",
              "source": "C:\\Fixture\\EventLogs\\System.evtx",
              "machine": "CONTOSO-PC01",
              "bundle": null,
              "channel": "System",
              "provider": "Service Control Manager",
              "processId": null,
              "eventId": 7036,
              "recordId": 91699,
              "recordIdText": "91699"
            }
          },
          {
            "timestampMs": 1791359682000,
            "severity": "info",
            "message": "MDM PolicyManager: Set policy int, Area: (DeviceLock).",
            "origin": {
              "kind": "event",
              "stableId": "source48:C:\\Fixture\\EventLogs\\DeviceManagement-Admin.evtx|machine12:CONTOSO-PC01|channel72:Microsoft-Windows-DeviceManagement-Enterprise-Diagnostics-Provider/Admin|record91702",
              "source": "C:\\Fixture\\EventLogs\\DeviceManagement-Admin.evtx",
              "machine": "CONTOSO-PC01",
              "bundle": null,
              "channel": "Microsoft-Windows-DeviceManagement-Enterprise-Diagnostics-Provider/Admin",
              "provider": "Microsoft-Windows-DeviceManagement-Enterprise-Diagnostics-Provider",
              "processId": null,
              "eventId": 813,
              "recordId": 91702,
              "recordIdText": "91702"
            }
          },
          {
            "timestampMs": 1791359796000,
            "severity": "info",
            "message": "The Microsoft Edge Update service entered the stopped state.",
            "origin": {
              "kind": "event",
              "stableId": "source32:C:\\Fixture\\EventLogs\\System.evtx|machine12:CONTOSO-PC01|channel6:System|record91705",
              "source": "C:\\Fixture\\EventLogs\\System.evtx",
              "machine": "CONTOSO-PC01",
              "bundle": null,
              "channel": "System",
              "provider": "Service Control Manager",
              "processId": null,
              "eventId": 7036,
              "recordId": 91705,
              "recordIdText": "91705"
            }
          },
          {
            "timestampMs": 1791359858000,
            "severity": "info",
            "message": "The start type of the Background Intelligent Transfer Service service was changed from demand start to auto start.",
            "origin": {
              "kind": "event",
              "stableId": "source32:C:\\Fixture\\EventLogs\\System.evtx|machine12:CONTOSO-PC01|channel6:System|record91708",
              "source": "C:\\Fixture\\EventLogs\\System.evtx",
              "machine": "CONTOSO-PC01",
              "bundle": null,
              "channel": "System",
              "provider": "Service Control Manager",
              "processId": null,
              "eventId": 7040,
              "recordId": 91708,
              "recordIdText": "91708"
            }
          },
          {
            "timestampMs": 1791360071000,
            "severity": "warning",
            "message": "Http request status: 400. Method: POST.",
            "origin": {
              "kind": "event",
              "stableId": "source41:C:\\Fixture\\EventLogs\\AAD-Operational.evtx|machine12:CONTOSO-PC01|channel33:Microsoft-Windows-AAD/Operational|record91711",
              "source": "C:\\Fixture\\EventLogs\\AAD-Operational.evtx",
              "machine": "CONTOSO-PC01",
              "bundle": null,
              "channel": "Microsoft-Windows-AAD/Operational",
              "provider": "Microsoft-Windows-AAD",
              "processId": null,
              "eventId": 1097,
              "recordId": 91711,
              "recordIdText": "91711"
            }
          },
          {
            "timestampMs": 1791360126000,
            "severity": "warning",
            "message": "Name resolution for the name contoso.sharepoint.com timed out after none of the configured DNS servers responded.",
            "origin": {
              "kind": "event",
              "stableId": "source32:C:\\Fixture\\EventLogs\\System.evtx|machine12:CONTOSO-PC01|channel6:System|record91714",
              "source": "C:\\Fixture\\EventLogs\\System.evtx",
              "machine": "CONTOSO-PC01",
              "bundle": null,
              "channel": "System",
              "provider": "Microsoft-Windows-DNS-Client",
              "processId": null,
              "eventId": 1014,
              "recordId": 91714,
              "recordIdText": "91714"
            }
          },
          {
            "timestampMs": 1791360363000,
            "severity": "info",
            "message": "The access history in hive \\??\\C:\\Users\\user01\\NTUSER.DAT was cleared.",
            "origin": {
              "kind": "event",
              "stableId": "source32:C:\\Fixture\\EventLogs\\System.evtx|machine12:CONTOSO-PC01|channel6:System|record91717",
              "source": "C:\\Fixture\\EventLogs\\System.evtx",
              "machine": "CONTOSO-PC01",
              "bundle": null,
              "channel": "System",
              "provider": "Microsoft-Windows-Kernel-General",
              "processId": null,
              "eventId": 16,
              "recordId": 91717,
              "recordIdText": "91717"
            }
          },
          {
            "timestampMs": 1791360372000,
            "severity": "info",
            "message": "Windows Installer installed the product. Product Name: Microsoft 365 Apps.",
            "origin": {
              "kind": "event",
              "stableId": "source37:C:\\Fixture\\EventLogs\\Application.evtx|machine12:CONTOSO-PC01|channel11:Application|record91720",
              "source": "C:\\Fixture\\EventLogs\\Application.evtx",
              "machine": "CONTOSO-PC01",
              "bundle": null,
              "channel": "Application",
              "provider": "MsiInstaller",
              "processId": null,
              "eventId": 1033,
              "recordId": 91720,
              "recordIdText": "91720"
            }
          },
          {
            "timestampMs": 1791360415000,
            "severity": "info",
            "message": "Windows Installer installed the product. Product Name: Adobe Acrobat Reader DC.",
            "origin": {
              "kind": "event",
              "stableId": "source37:C:\\Fixture\\EventLogs\\Application.evtx|machine12:CONTOSO-PC01|channel11:Application|record91723",
              "source": "C:\\Fixture\\EventLogs\\Application.evtx",
              "machine": "CONTOSO-PC01",
              "bundle": null,
              "channel": "Application",
              "provider": "MsiInstaller",
              "processId": null,
              "eventId": 1033,
              "recordId": 91723,
              "recordIdText": "91723"
            }
          },
          {
            "timestampMs": 1791360479000,
            "severity": "info",
            "message": "The Windows Modules Installer service entered the running state.",
            "origin": {
              "kind": "event",
              "stableId": "source32:C:\\Fixture\\EventLogs\\System.evtx|machine12:CONTOSO-PC01|channel6:System|record91726",
              "source": "C:\\Fixture\\EventLogs\\System.evtx",
              "machine": "CONTOSO-PC01",
              "bundle": null,
              "channel": "System",
              "provider": "Service Control Manager",
              "processId": null,
              "eventId": 7036,
              "recordId": 91726,
              "recordIdText": "91726"
            }
          },
          {
            "timestampMs": 1791360497000,
            "severity": "info",
            "message": "Beginning a Windows Installer transaction.",
            "origin": {
              "kind": "event",
              "stableId": "source37:C:\\Fixture\\EventLogs\\Application.evtx|machine12:CONTOSO-PC01|channel11:Application|record91729",
              "source": "C:\\Fixture\\EventLogs\\Application.evtx",
              "machine": "CONTOSO-PC01",
              "bundle": null,
              "channel": "Application",
              "provider": "MsiInstaller",
              "processId": null,
              "eventId": 1040,
              "recordId": 91729,
              "recordIdText": "91729"
            }
          },
          {
            "timestampMs": 1791360638000,
            "severity": "info",
            "message": "Successfully scheduled Software Protection service for re-start.",
            "origin": {
              "kind": "event",
              "stableId": "source37:C:\\Fixture\\EventLogs\\Application.evtx|machine12:CONTOSO-PC01|channel11:Application|record91732",
              "source": "C:\\Fixture\\EventLogs\\Application.evtx",
              "machine": "CONTOSO-PC01",
              "bundle": null,
              "channel": "Application",
              "provider": "Microsoft-Windows-Security-SPP",
              "processId": null,
              "eventId": 16384,
              "recordId": 91732,
              "recordIdText": "91732"
            }
          },
          {
            "timestampMs": 1791360700000,
            "severity": "info",
            "message": "The WinHTTP Web Proxy Auto-Discovery service entered the stopped state.",
            "origin": {
              "kind": "event",
              "stableId": "source32:C:\\Fixture\\EventLogs\\System.evtx|machine12:CONTOSO-PC01|channel6:System|record91735",
              "source": "C:\\Fixture\\EventLogs\\System.evtx",
              "machine": "CONTOSO-PC01",
              "bundle": null,
              "channel": "System",
              "provider": "Service Control Manager",
              "processId": null,
              "eventId": 7036,
              "recordId": 91735,
              "recordIdText": "91735"
            }
          },
          {
            "timestampMs": 1791360727000,
            "severity": "info",
            "message": "The access history in hive \\??\\C:\\Users\\user01\\NTUSER.DAT was cleared.",
            "origin": {
              "kind": "event",
              "stableId": "source32:C:\\Fixture\\EventLogs\\System.evtx|machine12:CONTOSO-PC01|channel6:System|record91738",
              "source": "C:\\Fixture\\EventLogs\\System.evtx",
              "machine": "CONTOSO-PC01",
              "bundle": null,
              "channel": "System",
              "provider": "Microsoft-Windows-Kernel-General",
              "processId": null,
              "eventId": 16,
              "recordId": 91738,
              "recordIdText": "91738"
            }
          },
          {
            "timestampMs": 1791360815000,
            "severity": "info",
            "message": "Service started",
            "origin": {
              "kind": "event",
              "stableId": "source37:C:\\Fixture\\EventLogs\\Application.evtx|machine12:CONTOSO-PC01|channel11:Application|record91741",
              "source": "C:\\Fixture\\EventLogs\\Application.evtx",
              "machine": "CONTOSO-PC01",
              "bundle": null,
              "channel": "Application",
              "provider": "edgeupdate",
              "processId": null,
              "eventId": 0,
              "recordId": 91741,
              "recordIdText": "91741"
            }
          },
          {
            "timestampMs": 1791360902000,
            "severity": "info",
            "message": "The WinHTTP Web Proxy Auto-Discovery service entered the stopped state.",
            "origin": {
              "kind": "event",
              "stableId": "source32:C:\\Fixture\\EventLogs\\System.evtx|machine12:CONTOSO-PC01|channel6:System|record91744",
              "source": "C:\\Fixture\\EventLogs\\System.evtx",
              "machine": "CONTOSO-PC01",
              "bundle": null,
              "channel": "System",
              "provider": "Service Control Manager",
              "processId": null,
              "eventId": 7036,
              "recordId": 91744,
              "recordIdText": "91744"
            }
          },
          {
            "timestampMs": 1791361012000,
            "severity": "info",
            "message": "MDM PolicyManager: Set policy int, Area: (DeviceLock).",
            "origin": {
              "kind": "event",
              "stableId": "source48:C:\\Fixture\\EventLogs\\DeviceManagement-Admin.evtx|machine12:CONTOSO-PC01|channel72:Microsoft-Windows-DeviceManagement-Enterprise-Diagnostics-Provider/Admin|record91747",
              "source": "C:\\Fixture\\EventLogs\\DeviceManagement-Admin.evtx",
              "machine": "CONTOSO-PC01",
              "bundle": null,
              "channel": "Microsoft-Windows-DeviceManagement-Enterprise-Diagnostics-Provider/Admin",
              "provider": "Microsoft-Windows-DeviceManagement-Enterprise-Diagnostics-Provider",
              "processId": null,
              "eventId": 813,
              "recordId": 91747,
              "recordIdText": "91747"
            }
          },
          {
            "timestampMs": 1791361042000,
            "severity": "info",
            "message": "The access history in hive \\??\\C:\\Users\\user01\\NTUSER.DAT was cleared.",
            "origin": {
              "kind": "event",
              "stableId": "source32:C:\\Fixture\\EventLogs\\System.evtx|machine12:CONTOSO-PC01|channel6:System|record91750",
              "source": "C:\\Fixture\\EventLogs\\System.evtx",
              "machine": "CONTOSO-PC01",
              "bundle": null,
              "channel": "System",
              "provider": "Microsoft-Windows-Kernel-General",
              "processId": null,
              "eventId": 16,
              "recordId": 91750,
              "recordIdText": "91750"
            }
          },
          {
            "timestampMs": 1791361072000,
            "severity": "warning",
            "message": "The application-specific permission settings do not grant Local Activation permission for the COM Server application.",
            "origin": {
              "kind": "event",
              "stableId": "source32:C:\\Fixture\\EventLogs\\System.evtx|machine12:CONTOSO-PC01|channel6:System|record91753",
              "source": "C:\\Fixture\\EventLogs\\System.evtx",
              "machine": "CONTOSO-PC01",
              "bundle": null,
              "channel": "System",
              "provider": "Microsoft-Windows-DistributedCOM",
              "processId": null,
              "eventId": 10016,
              "recordId": 91753,
              "recordIdText": "91753"
            }
          },
          {
            "timestampMs": 1791361175000,
            "severity": "info",
            "message": "Successfully scheduled Software Protection service for re-start.",
            "origin": {
              "kind": "event",
              "stableId": "source37:C:\\Fixture\\EventLogs\\Application.evtx|machine12:CONTOSO-PC01|channel11:Application|record91756",
              "source": "C:\\Fixture\\EventLogs\\Application.evtx",
              "machine": "CONTOSO-PC01",
              "bundle": null,
              "channel": "Application",
              "provider": "Microsoft-Windows-Security-SPP",
              "processId": null,
              "eventId": 16384,
              "recordId": 91756,
              "recordIdText": "91756"
            }
          },
          {
            "timestampMs": 1791361271000,
            "severity": "error",
            "message": "Product: Contoso VPN Client 4.2 (x64) -- Installation failed.",
            "origin": {
              "kind": "event",
              "stableId": "source37:C:\\Fixture\\EventLogs\\Application.evtx|machine12:CONTOSO-PC01|channel11:Application|record91759",
              "source": "C:\\Fixture\\EventLogs\\Application.evtx",
              "machine": "CONTOSO-PC01",
              "bundle": null,
              "channel": "Application",
              "provider": "MsiInstaller",
              "processId": null,
              "eventId": 11708,
              "recordId": 91759,
              "recordIdText": "91759"
            }
          },
          {
            "timestampMs": 1791361312000,
            "severity": "info",
            "message": "The start type of the Background Intelligent Transfer Service service was changed from demand start to auto start.",
            "origin": {
              "kind": "event",
              "stableId": "source32:C:\\Fixture\\EventLogs\\System.evtx|machine12:CONTOSO-PC01|channel6:System|record91762",
              "source": "C:\\Fixture\\EventLogs\\System.evtx",
              "machine": "CONTOSO-PC01",
              "bundle": null,
              "channel": "System",
              "provider": "Service Control Manager",
              "processId": null,
              "eventId": 7040,
              "recordId": 91762,
              "recordIdText": "91762"
            }
          },
          {
            "timestampMs": 1791361513000,
            "severity": "info",
            "message": "The Intune Management Extension service entered the running state.",
            "origin": {
              "kind": "event",
              "stableId": "source32:C:\\Fixture\\EventLogs\\System.evtx|machine12:CONTOSO-PC01|channel6:System|record91765",
              "source": "C:\\Fixture\\EventLogs\\System.evtx",
              "machine": "CONTOSO-PC01",
              "bundle": null,
              "channel": "System",
              "provider": "Service Control Manager",
              "processId": null,
              "eventId": 7036,
              "recordId": 91765,
              "recordIdText": "91765"
            }
          },
          {
            "timestampMs": 1791361559000,
            "severity": "warning",
            "message": "Name resolution for the name enterpriseregistration.windows.net timed out after none of the configured DNS servers responded.",
            "origin": {
              "kind": "event",
              "stableId": "source32:C:\\Fixture\\EventLogs\\System.evtx|machine12:CONTOSO-PC01|channel6:System|record91768",
              "source": "C:\\Fixture\\EventLogs\\System.evtx",
              "machine": "CONTOSO-PC01",
              "bundle": null,
              "channel": "System",
              "provider": "Microsoft-Windows-DNS-Client",
              "processId": null,
              "eventId": 1014,
              "recordId": 91768,
              "recordIdText": "91768"
            }
          },
          {
            "timestampMs": 1791361794000,
            "severity": "info",
            "message": "MDM Enroll: auto-enrollment triggered by policy",
            "origin": {
              "kind": "event",
              "stableId": "source48:C:\\Fixture\\EventLogs\\DeviceManagement-Admin.evtx|machine12:CONTOSO-PC01|channel72:Microsoft-Windows-DeviceManagement-Enterprise-Diagnostics-Provider/Admin|record91771",
              "source": "C:\\Fixture\\EventLogs\\DeviceManagement-Admin.evtx",
              "machine": "CONTOSO-PC01",
              "bundle": null,
              "channel": "Microsoft-Windows-DeviceManagement-Enterprise-Diagnostics-Provider/Admin",
              "provider": "Microsoft-Windows-DeviceManagement-Enterprise-Diagnostics-Provider",
              "processId": null,
              "eventId": 72,
              "recordId": 91771,
              "recordIdText": "91771"
            }
          },
          {
            "timestampMs": 1791361800000,
            "severity": "error",
            "message": "Auto MDM Enroll: Failed",
            "origin": {
              "kind": "event",
              "stableId": "source48:C:\\Fixture\\EventLogs\\DeviceManagement-Admin.evtx|machine12:CONTOSO-PC01|channel72:Microsoft-Windows-DeviceManagement-Enterprise-Diagnostics-Provider/Admin|record91774",
              "source": "C:\\Fixture\\EventLogs\\DeviceManagement-Admin.evtx",
              "machine": "CONTOSO-PC01",
              "bundle": null,
              "channel": "Microsoft-Windows-DeviceManagement-Enterprise-Diagnostics-Provider/Admin",
              "provider": "Microsoft-Windows-DeviceManagement-Enterprise-Diagnostics-Provider",
              "processId": null,
              "eventId": 76,
              "recordId": 91774,
              "recordIdText": "91774"
            }
          },
          {
            "timestampMs": 1791361896000,
            "severity": "info",
            "message": "MDM PolicyManager: Set policy int, Area: (DeviceLock).",
            "origin": {
              "kind": "event",
              "stableId": "source48:C:\\Fixture\\EventLogs\\DeviceManagement-Admin.evtx|machine12:CONTOSO-PC01|channel72:Microsoft-Windows-DeviceManagement-Enterprise-Diagnostics-Provider/Admin|record91777",
              "source": "C:\\Fixture\\EventLogs\\DeviceManagement-Admin.evtx",
              "machine": "CONTOSO-PC01",
              "bundle": null,
              "channel": "Microsoft-Windows-DeviceManagement-Enterprise-Diagnostics-Provider/Admin",
              "provider": "Microsoft-Windows-DeviceManagement-Enterprise-Diagnostics-Provider",
              "processId": null,
              "eventId": 813,
              "recordId": 91777,
              "recordIdText": "91777"
            }
          },
          {
            "timestampMs": 1791361951000,
            "severity": "info",
            "message": "MDM PolicyManager: Set policy int, Area: (DeviceLock).",
            "origin": {
              "kind": "event",
              "stableId": "source48:C:\\Fixture\\EventLogs\\DeviceManagement-Admin.evtx|machine12:CONTOSO-PC01|channel72:Microsoft-Windows-DeviceManagement-Enterprise-Diagnostics-Provider/Admin|record91780",
              "source": "C:\\Fixture\\EventLogs\\DeviceManagement-Admin.evtx",
              "machine": "CONTOSO-PC01",
              "bundle": null,
              "channel": "Microsoft-Windows-DeviceManagement-Enterprise-Diagnostics-Provider/Admin",
              "provider": "Microsoft-Windows-DeviceManagement-Enterprise-Diagnostics-Provider",
              "processId": null,
              "eventId": 813,
              "recordId": 91780,
              "recordIdText": "91780"
            }
          },
          {
            "timestampMs": 1791362013000,
            "severity": "info",
            "message": "The Intune Management Extension service entered the stopped state.",
            "origin": {
              "kind": "event",
              "stableId": "source32:C:\\Fixture\\EventLogs\\System.evtx|machine12:CONTOSO-PC01|channel6:System|record91783",
              "source": "C:\\Fixture\\EventLogs\\System.evtx",
              "machine": "CONTOSO-PC01",
              "bundle": null,
              "channel": "System",
              "provider": "Service Control Manager",
              "processId": null,
              "eventId": 7036,
              "recordId": 91783,
              "recordIdText": "91783"
            }
          },
          {
            "timestampMs": 1791362049000,
            "severity": "info",
            "message": "The access history in hive \\??\\C:\\Users\\user01\\NTUSER.DAT was cleared.",
            "origin": {
              "kind": "event",
              "stableId": "source32:C:\\Fixture\\EventLogs\\System.evtx|machine12:CONTOSO-PC01|channel6:System|record91786",
              "source": "C:\\Fixture\\EventLogs\\System.evtx",
              "machine": "CONTOSO-PC01",
              "bundle": null,
              "channel": "System",
              "provider": "Microsoft-Windows-Kernel-General",
              "processId": null,
              "eventId": 16,
              "recordId": 91786,
              "recordIdText": "91786"
            }
          },
          {
            "timestampMs": 1791362073000,
            "severity": "warning",
            "message": "The application-specific permission settings do not grant Local Activation permission for the COM Server application.",
            "origin": {
              "kind": "event",
              "stableId": "source32:C:\\Fixture\\EventLogs\\System.evtx|machine12:CONTOSO-PC01|channel6:System|record91789",
              "source": "C:\\Fixture\\EventLogs\\System.evtx",
              "machine": "CONTOSO-PC01",
              "bundle": null,
              "channel": "System",
              "provider": "Microsoft-Windows-DistributedCOM",
              "processId": null,
              "eventId": 10016,
              "recordId": 91789,
              "recordIdText": "91789"
            }
          },
          {
            "timestampMs": 1791362095000,
            "severity": "warning",
            "message": "Name resolution for the name login.microsoftonline.com timed out after none of the configured DNS servers responded.",
            "origin": {
              "kind": "event",
              "stableId": "source32:C:\\Fixture\\EventLogs\\System.evtx|machine12:CONTOSO-PC01|channel6:System|record91792",
              "source": "C:\\Fixture\\EventLogs\\System.evtx",
              "machine": "CONTOSO-PC01",
              "bundle": null,
              "channel": "System",
              "provider": "Microsoft-Windows-DNS-Client",
              "processId": null,
              "eventId": 1014,
              "recordId": 91792,
              "recordIdText": "91792"
            }
          },
          {
            "timestampMs": 1791362125000,
            "severity": "info",
            "message": "The Delivery Optimization service entered the running state.",
            "origin": {
              "kind": "event",
              "stableId": "source32:C:\\Fixture\\EventLogs\\System.evtx|machine12:CONTOSO-PC01|channel6:System|record91795",
              "source": "C:\\Fixture\\EventLogs\\System.evtx",
              "machine": "CONTOSO-PC01",
              "bundle": null,
              "channel": "System",
              "provider": "Service Control Manager",
              "processId": null,
              "eventId": 7036,
              "recordId": 91795,
              "recordIdText": "91795"
            }
          },
          {
            "timestampMs": 1791362170000,
            "severity": "info",
            "message": "The Delivery Optimization service entered the stopped state.",
            "origin": {
              "kind": "event",
              "stableId": "source32:C:\\Fixture\\EventLogs\\System.evtx|machine12:CONTOSO-PC01|channel6:System|record91798",
              "source": "C:\\Fixture\\EventLogs\\System.evtx",
              "machine": "CONTOSO-PC01",
              "bundle": null,
              "channel": "System",
              "provider": "Service Control Manager",
              "processId": null,
              "eventId": 7036,
              "recordId": 91798,
              "recordIdText": "91798"
            }
          },
          {
            "timestampMs": 1791362226000,
            "severity": "info",
            "message": "The Windows Modules Installer service entered the running state.",
            "origin": {
              "kind": "event",
              "stableId": "source32:C:\\Fixture\\EventLogs\\System.evtx|machine12:CONTOSO-PC01|channel6:System|record91801",
              "source": "C:\\Fixture\\EventLogs\\System.evtx",
              "machine": "CONTOSO-PC01",
              "bundle": null,
              "channel": "System",
              "provider": "Service Control Manager",
              "processId": null,
              "eventId": 7036,
              "recordId": 91801,
              "recordIdText": "91801"
            }
          },
          {
            "timestampMs": 1791362231000,
            "severity": "info",
            "message": "Successfully scheduled Software Protection service for re-start.",
            "origin": {
              "kind": "event",
              "stableId": "source37:C:\\Fixture\\EventLogs\\Application.evtx|machine12:CONTOSO-PC01|channel11:Application|record91804",
              "source": "C:\\Fixture\\EventLogs\\Application.evtx",
              "machine": "CONTOSO-PC01",
              "bundle": null,
              "channel": "Application",
              "provider": "Microsoft-Windows-Security-SPP",
              "processId": null,
              "eventId": 16384,
              "recordId": 91804,
              "recordIdText": "91804"
            }
          },
          {
            "timestampMs": 1791362235000,
            "severity": "warning",
            "message": "Token broker operation failed.",
            "origin": {
              "kind": "event",
              "stableId": "source41:C:\\Fixture\\EventLogs\\AAD-Operational.evtx|machine12:CONTOSO-PC01|channel33:Microsoft-Windows-AAD/Operational|record91807",
              "source": "C:\\Fixture\\EventLogs\\AAD-Operational.evtx",
              "machine": "CONTOSO-PC01",
              "bundle": null,
              "channel": "Microsoft-Windows-AAD/Operational",
              "provider": "Microsoft-Windows-AAD",
              "processId": null,
              "eventId": 1098,
              "recordId": 91807,
              "recordIdText": "91807"
            }
          },
          {
            "timestampMs": 1791362260000,
            "severity": "info",
            "message": "The access history in hive \\??\\C:\\Users\\user01\\NTUSER.DAT was cleared.",
            "origin": {
              "kind": "event",
              "stableId": "source32:C:\\Fixture\\EventLogs\\System.evtx|machine12:CONTOSO-PC01|channel6:System|record91810",
              "source": "C:\\Fixture\\EventLogs\\System.evtx",
              "machine": "CONTOSO-PC01",
              "bundle": null,
              "channel": "System",
              "provider": "Microsoft-Windows-Kernel-General",
              "processId": null,
              "eventId": 16,
              "recordId": 91810,
              "recordIdText": "91810"
            }
          },
          {
            "timestampMs": 1791362335000,
            "severity": "info",
            "message": "The access history in hive \\??\\C:\\Users\\user01\\NTUSER.DAT was cleared.",
            "origin": {
              "kind": "event",
              "stableId": "source32:C:\\Fixture\\EventLogs\\System.evtx|machine12:CONTOSO-PC01|channel6:System|record91813",
              "source": "C:\\Fixture\\EventLogs\\System.evtx",
              "machine": "CONTOSO-PC01",
              "bundle": null,
              "channel": "System",
              "provider": "Microsoft-Windows-Kernel-General",
              "processId": null,
              "eventId": 16,
              "recordId": 91813,
              "recordIdText": "91813"
            }
          },
          {
            "timestampMs": 1791362350000,
            "severity": "warning",
            "message": "The application-specific permission settings do not grant Local Activation permission for the COM Server application.",
            "origin": {
              "kind": "event",
              "stableId": "source32:C:\\Fixture\\EventLogs\\System.evtx|machine12:CONTOSO-PC01|channel6:System|record91816",
              "source": "C:\\Fixture\\EventLogs\\System.evtx",
              "machine": "CONTOSO-PC01",
              "bundle": null,
              "channel": "System",
              "provider": "Microsoft-Windows-DistributedCOM",
              "processId": null,
              "eventId": 10016,
              "recordId": 91816,
              "recordIdText": "91816"
            }
          },
          {
            "timestampMs": 1791362469000,
            "severity": "warning",
            "message": "Name resolution for the name enterpriseregistration.windows.net timed out after none of the configured DNS servers responded.",
            "origin": {
              "kind": "event",
              "stableId": "source32:C:\\Fixture\\EventLogs\\System.evtx|machine12:CONTOSO-PC01|channel6:System|record91819",
              "source": "C:\\Fixture\\EventLogs\\System.evtx",
              "machine": "CONTOSO-PC01",
              "bundle": null,
              "channel": "System",
              "provider": "Microsoft-Windows-DNS-Client",
              "processId": null,
              "eventId": 1014,
              "recordId": 91819,
              "recordIdText": "91819"
            }
          },
          {
            "timestampMs": 1791362500000,
            "severity": "info",
            "message": "The start type of the Background Intelligent Transfer Service service was changed from demand start to auto start.",
            "origin": {
              "kind": "event",
              "stableId": "source32:C:\\Fixture\\EventLogs\\System.evtx|machine12:CONTOSO-PC01|channel6:System|record91822",
              "source": "C:\\Fixture\\EventLogs\\System.evtx",
              "machine": "CONTOSO-PC01",
              "bundle": null,
              "channel": "System",
              "provider": "Service Control Manager",
              "processId": null,
              "eventId": 7040,
              "recordId": 91822,
              "recordIdText": "91822"
            }
          },
          {
            "timestampMs": 1791362542000,
            "severity": "warning",
            "message": "Token broker operation failed.",
            "origin": {
              "kind": "event",
              "stableId": "source41:C:\\Fixture\\EventLogs\\AAD-Operational.evtx|machine12:CONTOSO-PC01|channel33:Microsoft-Windows-AAD/Operational|record91825",
              "source": "C:\\Fixture\\EventLogs\\AAD-Operational.evtx",
              "machine": "CONTOSO-PC01",
              "bundle": null,
              "channel": "Microsoft-Windows-AAD/Operational",
              "provider": "Microsoft-Windows-AAD",
              "processId": null,
              "eventId": 1098,
              "recordId": 91825,
              "recordIdText": "91825"
            }
          },
          {
            "timestampMs": 1791362617000,
            "severity": "info",
            "message": "Windows Installer installed the product. Product Name: Contoso VPN Client 4.2 (x64).",
            "origin": {
              "kind": "event",
              "stableId": "source37:C:\\Fixture\\EventLogs\\Application.evtx|machine12:CONTOSO-PC01|channel11:Application|record91828",
              "source": "C:\\Fixture\\EventLogs\\Application.evtx",
              "machine": "CONTOSO-PC01",
              "bundle": null,
              "channel": "Application",
              "provider": "MsiInstaller",
              "processId": null,
              "eventId": 1033,
              "recordId": 91828,
              "recordIdText": "91828"
            }
          },
          {
            "timestampMs": 1791362723000,
            "severity": "warning",
            "message": "The Contoso Update Service service terminated unexpectedly. It has done this 1 time(s).",
            "origin": {
              "kind": "event",
              "stableId": "source32:C:\\Fixture\\EventLogs\\System.evtx|machine12:CONTOSO-PC01|channel6:System|record91831",
              "source": "C:\\Fixture\\EventLogs\\System.evtx",
              "machine": "CONTOSO-PC01",
              "bundle": null,
              "channel": "System",
              "provider": "Service Control Manager",
              "processId": null,
              "eventId": 7031,
              "recordId": 91831,
              "recordIdText": "91831"
            }
          },
          {
            "timestampMs": 1791362759000,
            "severity": "warning",
            "message": "Token broker operation failed.",
            "origin": {
              "kind": "event",
              "stableId": "source41:C:\\Fixture\\EventLogs\\AAD-Operational.evtx|machine12:CONTOSO-PC01|channel33:Microsoft-Windows-AAD/Operational|record91834",
              "source": "C:\\Fixture\\EventLogs\\AAD-Operational.evtx",
              "machine": "CONTOSO-PC01",
              "bundle": null,
              "channel": "Microsoft-Windows-AAD/Operational",
              "provider": "Microsoft-Windows-AAD",
              "processId": null,
              "eventId": 1098,
              "recordId": 91834,
              "recordIdText": "91834"
            }
          },
          {
            "timestampMs": 1791362777000,
            "severity": "warning",
            "message": "Name resolution for the name login.microsoftonline.com timed out after none of the configured DNS servers responded.",
            "origin": {
              "kind": "event",
              "stableId": "source32:C:\\Fixture\\EventLogs\\System.evtx|machine12:CONTOSO-PC01|channel6:System|record91837",
              "source": "C:\\Fixture\\EventLogs\\System.evtx",
              "machine": "CONTOSO-PC01",
              "bundle": null,
              "channel": "System",
              "provider": "Microsoft-Windows-DNS-Client",
              "processId": null,
              "eventId": 1014,
              "recordId": 91837,
              "recordIdText": "91837"
            }
          },
          {
            "timestampMs": 1791362790000,
            "severity": "warning",
            "message": "Token broker operation failed.",
            "origin": {
              "kind": "event",
              "stableId": "source41:C:\\Fixture\\EventLogs\\AAD-Operational.evtx|machine12:CONTOSO-PC01|channel33:Microsoft-Windows-AAD/Operational|record91840",
              "source": "C:\\Fixture\\EventLogs\\AAD-Operational.evtx",
              "machine": "CONTOSO-PC01",
              "bundle": null,
              "channel": "Microsoft-Windows-AAD/Operational",
              "provider": "Microsoft-Windows-AAD",
              "processId": null,
              "eventId": 1098,
              "recordId": 91840,
              "recordIdText": "91840"
            }
          },
          {
            "timestampMs": 1791362828000,
            "severity": "info",
            "message": "The Microsoft Edge Update service entered the stopped state.",
            "origin": {
              "kind": "event",
              "stableId": "source32:C:\\Fixture\\EventLogs\\System.evtx|machine12:CONTOSO-PC01|channel6:System|record91843",
              "source": "C:\\Fixture\\EventLogs\\System.evtx",
              "machine": "CONTOSO-PC01",
              "bundle": null,
              "channel": "System",
              "provider": "Service Control Manager",
              "processId": null,
              "eventId": 7036,
              "recordId": 91843,
              "recordIdText": "91843"
            }
          },
          {
            "timestampMs": 1791363015000,
            "severity": "warning",
            "message": "Name resolution for the name login.microsoftonline.com timed out after none of the configured DNS servers responded.",
            "origin": {
              "kind": "event",
              "stableId": "source32:C:\\Fixture\\EventLogs\\System.evtx|machine12:CONTOSO-PC01|channel6:System|record91846",
              "source": "C:\\Fixture\\EventLogs\\System.evtx",
              "machine": "CONTOSO-PC01",
              "bundle": null,
              "channel": "System",
              "provider": "Microsoft-Windows-DNS-Client",
              "processId": null,
              "eventId": 1014,
              "recordId": 91846,
              "recordIdText": "91846"
            }
          },
          {
            "timestampMs": 1791363170000,
            "severity": "info",
            "message": "Windows Installer installed the product. Product Name: Contoso VPN Client 4.2 (x64).",
            "origin": {
              "kind": "event",
              "stableId": "source37:C:\\Fixture\\EventLogs\\Application.evtx|machine12:CONTOSO-PC01|channel11:Application|record91849",
              "source": "C:\\Fixture\\EventLogs\\Application.evtx",
              "machine": "CONTOSO-PC01",
              "bundle": null,
              "channel": "Application",
              "provider": "MsiInstaller",
              "processId": null,
              "eventId": 1033,
              "recordId": 91849,
              "recordIdText": "91849"
            }
          },
          {
            "timestampMs": 1791363307000,
            "severity": "info",
            "message": "Service started",
            "origin": {
              "kind": "event",
              "stableId": "source37:C:\\Fixture\\EventLogs\\Application.evtx|machine12:CONTOSO-PC01|channel11:Application|record91852",
              "source": "C:\\Fixture\\EventLogs\\Application.evtx",
              "machine": "CONTOSO-PC01",
              "bundle": null,
              "channel": "Application",
              "provider": "edgeupdate",
              "processId": null,
              "eventId": 0,
              "recordId": 91852,
              "recordIdText": "91852"
            }
          },
          {
            "timestampMs": 1791363334000,
            "severity": "warning",
            "message": "Name resolution for the name enrollment.manage.microsoft.com timed out after none of the configured DNS servers responded.",
            "origin": {
              "kind": "event",
              "stableId": "source32:C:\\Fixture\\EventLogs\\System.evtx|machine12:CONTOSO-PC01|channel6:System|record91855",
              "source": "C:\\Fixture\\EventLogs\\System.evtx",
              "machine": "CONTOSO-PC01",
              "bundle": null,
              "channel": "System",
              "provider": "Microsoft-Windows-DNS-Client",
              "processId": null,
              "eventId": 1014,
              "recordId": 91855,
              "recordIdText": "91855"
            }
          },
          {
            "timestampMs": 1791363345000,
            "severity": "info",
            "message": "The Microsoft Edge Update service entered the running state.",
            "origin": {
              "kind": "event",
              "stableId": "source32:C:\\Fixture\\EventLogs\\System.evtx|machine12:CONTOSO-PC01|channel6:System|record91858",
              "source": "C:\\Fixture\\EventLogs\\System.evtx",
              "machine": "CONTOSO-PC01",
              "bundle": null,
              "channel": "System",
              "provider": "Service Control Manager",
              "processId": null,
              "eventId": 7036,
              "recordId": 91858,
              "recordIdText": "91858"
            }
          },
          {
            "timestampMs": 1791363396000,
            "severity": "warning",
            "message": "Name resolution for the name enterpriseregistration.windows.net timed out after none of the configured DNS servers responded.",
            "origin": {
              "kind": "event",
              "stableId": "source32:C:\\Fixture\\EventLogs\\System.evtx|machine12:CONTOSO-PC01|channel6:System|record91861",
              "source": "C:\\Fixture\\EventLogs\\System.evtx",
              "machine": "CONTOSO-PC01",
              "bundle": null,
              "channel": "System",
              "provider": "Microsoft-Windows-DNS-Client",
              "processId": null,
              "eventId": 1014,
              "recordId": 91861,
              "recordIdText": "91861"
            }
          },
          {
            "timestampMs": 1791363440000,
            "severity": "warning",
            "message": "Token broker operation failed.",
            "origin": {
              "kind": "event",
              "stableId": "source41:C:\\Fixture\\EventLogs\\AAD-Operational.evtx|machine12:CONTOSO-PC01|channel33:Microsoft-Windows-AAD/Operational|record91864",
              "source": "C:\\Fixture\\EventLogs\\AAD-Operational.evtx",
              "machine": "CONTOSO-PC01",
              "bundle": null,
              "channel": "Microsoft-Windows-AAD/Operational",
              "provider": "Microsoft-Windows-AAD",
              "processId": null,
              "eventId": 1098,
              "recordId": 91864,
              "recordIdText": "91864"
            }
          },
