{"id":993,"eventRecordId":91195,"eventRecordIdText":"91195","timestamp":"2026-10-07T04:59:39.000Z","timestampEpoch":1791349179000,"provider":"MsiInstaller","channel":"Application","eventId":1033,"level":"Information","computer":"CONTOSO-PC01","message":"Windows Installer installed the product. Product Name: Adobe Acrobat Reader DC.","eventData":[{"name":"Data","value":"Windows Installer installed the product. Product Name: Adobe Acrobat Reader DC."}],"rawXml":"<Event><System><Provider Name=\"MsiInstaller\"/><EventID>1033</EventID><EventRecordID>91195</EventRecordID><TimeCreated SystemTime=\"2026-10-07T04:59:39.000Z\"/><Channel>Application</Channel><Computer>CONTOSO-PC01</Computer></System><EventData><Data>Windows Installer installed the product. Product Name: Adobe Acrobat Reader DC.</Data></EventData></Event>","sourceLabel":"C:\\Fixture\\EventLogs\\Application.evtx","originKind":"event","task":null,"opcode":null,"processId":null,"threadId":null,"userSid":null,"keywords":null,"mapped":[]},{"id":994,"eventRecordId":91198,"eventRecordIdText":"91198","timestamp":"2026-10-07T05:03:20.000Z","timestampEpoch":1791349400000,"provider":"Microsoft-Windows-User Profiles Service","channel":"Application","eventId":1530,"level":"Warning","computer":"CONTOSO-PC01","message":"Windows detected your registry file is still in use by other applications or services.","eventData":[{"name":"Data","value":"Windows detected your registry file is still in use by other applications or services."}],"rawXml":"<Event><System><Provider Name=\"Microsoft-Windows-User Profiles Service\"/><EventID>1530</EventID><EventRecordID>91198</EventRecordID><TimeCreated SystemTime=\"2026-10-07T05:03:20.000Z\"/><Channel>Application</Channel><Computer>CONTOSO-PC01</Computer></System><EventData><Data>Windows detected your registry file is still in use by other applications or services.</Data></EventData></Event>","sourceLabel":"C:\\Fixture\\EventLogs\\Application.evtx","originKind":"event","task":null,"opcode":null,"processId":null,"threadId":null,"userSid":null,"keywords":null,"mapped":[]},{"id":995,"eventRecordId":91201,"eventRecordIdText":"91201","timestamp":"2026-10-07T05:05:14.000Z","timestampEpoch":1791349514000,"provider":"Microsoft-Windows-AAD","channel":"Microsoft-Windows-AAD/Operational","eventId":1104,"level":"Information","computer":"CONTOSO-PC01","message":"AAD Cloud AP plugin call Plugin initialize returned success.","eventData":[{"name":"Data","value":"AAD Cloud AP plugin call Plugin initialize returned success."}],"rawXml":"<Event><System><Provider Name=\"Microsoft-Windows-AAD\"/><EventID>1104</EventID><EventRecordID>91201</EventRecordID><TimeCreated SystemTime=\"2026-10-07T05:05:14.000Z\"/><Channel>Microsoft-Windows-AAD/Operational</Channel><Computer>CONTOSO-PC01</Computer></System><EventData><Data>AAD Cloud AP plugin call Plugin initialize returned success.</Data></EventData></Event>","sourceLabel":"C:\\Fixture\\EventLogs\\AAD-Operational.evtx","originKind":"event","task":null,"opcode":null,"processId":null,"threadId":null,"userSid":null,"keywords":null,"mapped":[]},{"id":996,"eventRecordId":91204,"eventRecordIdText":"91204","timestamp":"2026-10-07T05:08:47.000Z","timestampEpoch":1791349727000,"provider":"Microsoft-Windows-AAD","channel":"Microsoft-Windows-AAD/Operational","eventId":1104,"level":"Information","computer":"CONTOSO-PC01","message":"AAD Cloud AP plugin call Plugin initialize returned success.","eventData":[{"name":"Data","value":"AAD Cloud AP plugin call Plugin initialize returned success."}],"rawXml":"<Event><System><Provider Name=\"Microsoft-Windows-AAD\"/><EventID>1104</EventID><EventRecordID>91204</EventRecordID><TimeCreated SystemTime=\"2026-10-07T05:08:47.000Z\"/><Channel>Microsoft-Windows-AAD/Operational</Channel><Computer>CONTOSO-PC01</Computer></System><EventData><Data>AAD Cloud AP plugin call Plugin initialize returned success.</Data></EventData></Event>","sourceLabel":"C:\\Fixture\\EventLogs\\AAD-Operational.evtx","originKind":"event","task":null,"opcode":null,"processId":null,"threadId":null,"userSid":null,"keywords":null,"mapped":[]},{"id":997,"eventRecordId":91207,"eventRecordIdText":"91207","timestamp":"2026-10-07T05:08:53.000Z","timestampEpoch":1791349733000,"provider":"Service Control Manager","channel":"System","eventId":7040,"level":"Information","computer":"CONTOSO-PC01","message":"The start type of the Background Intelligent Transfer Service service was changed from demand start to auto start.","eventData":[{"name":"Data","value":"The start type of the Background Intelligent Transfer Service service was changed from demand start to auto start."}],"rawXml":"<Event><System><Provider Name=\"Service Control Manager\"/><EventID>7040</EventID><EventRecordID>91207</EventRecordID><TimeCreated SystemTime=\"2026-10-07T05:08:53.000Z\"/><Channel>System</Channel><Computer>CONTOSO-PC01</Computer></System><EventData><Data>The start type of the Background Intelligent Transfer Service service was changed from demand start to auto start.</Data></EventData></Event>","sourceLabel":"C:\\Fixture\\EventLogs\\System.evtx","originKind":"event","task":null,"opcode":null,"processId":null,"threadId":null,"userSid":null,"keywords":null,"mapped":[]},{"id":998,"eventRecordId":91210,"eventRecordIdText":"91210","timestamp":"2026-10-07T05:09:24.000Z","timestampEpoch":1791349764000,"provider":"Service Control Manager","channel":"System","eventId":7036,"level":"Information","computer":"CONTOSO-PC01","message":"The Intune Management Extension service entered the running state.","eventData":[{"name":"Data","value":"The Intune Management Extension service entered the running state."}],"rawXml":"<Event><System><Provider Name=\"Service Control Manager\"/><EventID>7036</EventID><EventRecordID>91210</EventRecordID><TimeCreated SystemTime=\"2026-10-07T05:09:24.000Z\"/><Channel>System</Channel><Computer>CONTOSO-PC01</Computer></System><EventData><Data>The Intune Management Extension service entered the running state.</Data></EventData></Event>","sourceLabel":"C:\\Fixture\\EventLogs\\System.evtx","originKind":"event","task":null,"opcode":null,"processId":null,"threadId":null,"userSid":null,"keywords":null,"mapped":[]},{"id":999,"eventRecordId":91213,"eventRecordIdText":"91213","timestamp":"2026-10-07T05:11:14.000Z","timestampEpoch":1791349874000,"provider":"Microsoft-Windows-Kernel-General","channel":"System","eventId":16,"level":"Information","computer":"CONTOSO-PC01","message":"The access history in hive \\??\\C:\\Users\\user01\\NTUSER.DAT was cleared.","eventData":[{"name":"Data","value":"The access history in hive \\??\\C:\\Users\\user01\\NTUSER.DAT was cleared."}],"rawXml":"<Event><System><Provider Name=\"Microsoft-Windows-Kernel-General\"/><EventID>16</EventID><EventRecordID>91213</EventRecordID><TimeCreated SystemTime=\"2026-10-07T05:11:14.000Z\"/><Channel>System</Channel><Computer>CONTOSO-PC01</Computer></System><EventData><Data>The access history in hive \\??\\C:\\Users\\user01\\NTUSER.DAT was cleared.</Data></EventData></Event>","sourceLabel":"C:\\Fixture\\EventLogs\\System.evtx","originKind":"event","task":null,"opcode":null,"processId":null,"threadId":null,"userSid":null,"keywords":null,"mapped":[]},{"id":1000,"eventRecordId":91216,"eventRecordIdText":"91216","timestamp":"2026-10-07T05:11:54.000Z","timestampEpoch":1791349914000,"provider":"Microsoft-Windows-User Profiles Service","channel":"Application","eventId":1530,"level":"Warning","computer":"CONTOSO-PC01","message":"Windows detected your registry file is still in use by other applications or services.","eventData":[{"name":"Data","value":"Windows detected your registry file is still in use by other applications or services."}],"rawXml":"<Event><System><Provider Name=\"Microsoft-Windows-User Profiles Service\"/><EventID>1530</EventID><EventRecordID>91216</EventRecordID><TimeCreated SystemTime=\"2026-10-07T05:11:54.000Z\"/><Channel>Application</Channel><Computer>CONTOSO-PC01</Computer></System><EventData><Data>Windows detected your registry file is still in use by other applications or services.</Data></EventData></Event>","sourceLabel":"C:\\Fixture\\EventLogs\\Application.evtx","originKind":"event","task":null,"opcode":null,"processId":null,"threadId":null,"userSid":null,"keywords":null,"mapped":[]},{"id":1001,"eventRecordId":91219,"eventRecordIdText":"91219","timestamp":"2026-10-07T05:12:00.000Z","timestampEpoch":1791349920000,"provider":"Service Control Manager","channel":"System","eventId":7036,"level":"Information","computer":"CONTOSO-PC01","message":"The Windows Update service entered the stopped state.","eventData":[{"name":"Data","value":"The Windows Update service entered the stopped state."}],"rawXml":"<Event><System><Provider Name=\"Service Control Manager\"/><EventID>7036</EventID><EventRecordID>91219</EventRecordID><TimeCreated SystemTime=\"2026-10-07T05:12:00.000Z\"/><Channel>System</Channel><Computer>CONTOSO-PC01</Computer></System><EventData><Data>The Windows Update service entered the stopped state.</Data></EventData></Event>","sourceLabel":"C:\\Fixture\\EventLogs\\System.evtx","originKind":"event","task":null,"opcode":null,"processId":null,"threadId":null,"userSid":null,"keywords":null,"mapped":[]},{"id":1002,"eventRecordId":91222,"eventRecordIdText":"91222","timestamp":"2026-10-07T05:14:38.000Z","timestampEpoch":1791350078000,"provider":"edgeupdate","channel":"Application","eventId":0,"level":"Information","computer":"CONTOSO-PC01","message":"Service started","eventData":[{"name":"Data","value":"Service started"}],"rawXml":"<Event><System><Provider Name=\"edgeupdate\"/><EventID>0</EventID><EventRecordID>91222</EventRecordID><TimeCreated SystemTime=\"2026-10-07T05:14:38.000Z\"/><Channel>Application</Channel><Computer>CONTOSO-PC01</Computer></System><EventData><Data>Service started</Data></EventData></Event>","sourceLabel":"C:\\Fixture\\EventLogs\\Application.evtx","originKind":"event","task":null,"opcode":null,"processId":null,"threadId":null,"userSid":null,"keywords":null,"mapped":[]},{"id":1003,"eventRecordId":91225,"eventRecordIdText":"91225","timestamp":"2026-10-07T05:18:40.000Z","timestampEpoch":1791350320000,"provider":"Service Control Manager","channel":"System","eventId":7036,"level":"Information","computer":"CONTOSO-PC01","message":"The Microsoft Edge Update service entered the running state.","eventData":[{"name":"Data","value":"The Microsoft Edge Update service entered the running state."}],"rawXml":"<Event><System><Provider Name=\"Service Control Manager\"/><EventID>7036</EventID><EventRecordID>91225</EventRecordID><TimeCreated SystemTime=\"2026-10-07T05:18:40.000Z\"/><Channel>System</Channel><Computer>CONTOSO-PC01</Computer></System><EventData><Data>The Microsoft Edge Update service entered the running state.</Data></EventData></Event>","sourceLabel":"C:\\Fixture\\EventLogs\\System.evtx","originKind":"event","task":null,"opcode":null,"processId":null,"threadId":null,"userSid":null,"keywords":null,"mapped":[]},{"id":1004,"eventRecordId":91228,"eventRecordIdText":"91228","timestamp":"2026-10-07T05:19:11.000Z","timestampEpoch":1791350351000,"provider":"edgeupdate","channel":"Application","eventId":0,"level":"Information","computer":"CONTOSO-PC01","message":"Service started","eventData":[{"name":"Data","value":"Service started"}],"rawXml":"<Event><System><Provider Name=\"edgeupdate\"/><EventID>0</EventID><EventRecordID>91228</EventRecordID><TimeCreated SystemTime=\"2026-10-07T05:19:11.000Z\"/><Channel>Application</Channel><Computer>CONTOSO-PC01</Computer></System><EventData><Data>Service started</Data></EventData></Event>","sourceLabel":"C:\\Fixture\\EventLogs\\Application.evtx","originKind":"event","task":null,"opcode":null,"processId":null,"threadId":null,"userSid":null,"keywords":null,"mapped":[]},{"id":1005,"eventRecordId":91231,"eventRecordIdText":"91231","timestamp":"2026-10-07T05:20:02.000Z","timestampEpoch":1791350402000,"provider":"Microsoft-Windows-DeviceManagement-Enterprise-Diagnostics-Provider","channel":"Microsoft-Windows-DeviceManagement-Enterprise-Diagnostics-Provider/Admin","eventId":813,"level":"Information","computer":"CONTOSO-PC01","message":"MDM PolicyManager: Set policy int, Area: (DeviceLock).","eventData":[{"name":"Data","value":"MDM PolicyManager: Set policy int, Area: (DeviceLock)."}],"rawXml":"<Event><System><Provider Name=\"Microsoft-Windows-DeviceManagement-Enterprise-Diagnostics-Provider\"/><EventID>813</EventID><EventRecordID>91231</EventRecordID><TimeCreated SystemTime=\"2026-10-07T05:20:02.000Z\"/><Channel>Microsoft-Windows-DeviceManagement-Enterprise-Diagnostics-Provider/Admin</Channel><Computer>CONTOSO-PC01</Computer></System><EventData><Data>MDM PolicyManager: Set policy int, Area: (DeviceLock).</Data></EventData></Event>","sourceLabel":"C:\\Fixture\\EventLogs\\DeviceManagement-Admin.evtx","originKind":"event","task":null,"opcode":null,"processId":null,"threadId":null,"userSid":null,"keywords":null,"mapped":[]},{"id":1006,"eventRecordId":91234,"eventRecordIdText":"91234","timestamp":"2026-10-07T05:20:41.000Z","timestampEpoch":1791350441000,"provider":"Service Control Manager","channel":"System","eventId":7031,"level":"Warning","computer":"CONTOSO-PC01","message":"The Contoso Update Service service terminated unexpectedly. It has done this 1 time(s).","eventData":[{"name":"Data","value":"The Contoso Update Service service terminated unexpectedly. It has done this 1 time(s)."}],"rawXml":"<Event><System><Provider Name=\"Service Control Manager\"/><EventID>7031</EventID><EventRecordID>91234</EventRecordID><TimeCreated SystemTime=\"2026-10-07T05:20:41.000Z\"/><Channel>System</Channel><Computer>CONTOSO-PC01</Computer></System><EventData><Data>The Contoso Update Service service terminated unexpectedly. It has done this 1 time(s).</Data></EventData></Event>","sourceLabel":"C:\\Fixture\\EventLogs\\System.evtx","originKind":"event","task":null,"opcode":null,"processId":null,"threadId":null,"userSid":null,"keywords":null,"mapped":[]},{"id":1007,"eventRecordId":91237,"eventRecordIdText":"91237","timestamp":"2026-10-07T05:21:02.000Z","timestampEpoch":1791350462000,"provider":"Application Error","channel":"Application","eventId":1000,"level":"Error","computer":"CONTOSO-PC01","message":"Faulting application name: ContosoAgent.exe, version: 4.2.0.1, faulting module: ntdll.dll","eventData":[{"name":"Data","value":"Faulting application name: ContosoAgent.exe, version: 4.2.0.1, faulting module: ntdll.dll"}],"rawXml":"<Event><System><Provider Name=\"Application Error\"/><EventID>1000</EventID><EventRecordID>91237</EventRecordID><TimeCreated SystemTime=\"2026-10-07T05:21:02.000Z\"/><Channel>Application</Channel><Computer>CONTOSO-PC01</Computer></System><EventData><Data>Faulting application name: ContosoAgent.exe, version: 4.2.0.1, faulting module: ntdll.dll</Data></EventData></Event>","sourceLabel":"C:\\Fixture\\EventLogs\\Application.evtx","originKind":"event","task":null,"opcode":null,"processId":null,"threadId":null,"userSid":null,"keywords":null,"mapped":[]},{"id":1008,"eventRecordId":91240,"eventRecordIdText":"91240","timestamp":"2026-10-07T05:22:12.000Z","timestampEpoch":1791350532000,"provider":"edgeupdate","channel":"Application","eventId":0,"level":"Information","computer":"CONTOSO-PC01","message":"Service started","eventData":[{"name":"Data","value":"Service started"}],"rawXml":"<Event><System><Provider Name=\"edgeupdate\"/><EventID>0</EventID><EventRecordID>91240</EventRecordID><TimeCreated SystemTime=\"2026-10-07T05:22:12.000Z\"/><Channel>Application</Channel><Computer>CONTOSO-PC01</Computer></System><EventData><Data>Service started</Data></EventData></Event>","sourceLabel":"C:\\Fixture\\EventLogs\\Application.evtx","originKind":"event","task":null,"opcode":null,"processId":null,"threadId":null,"userSid":null,"keywords":null,"mapped":[]},{"id":1009,"eventRecordId":91243,"eventRecordIdText":"91243","timestamp":"2026-10-07T05:22:30.000Z","timestampEpoch":1791350550000,"provider":"Microsoft-Windows-Kernel-General","channel":"System","eventId":1,"level":"Information","computer":"CONTOSO-PC01","message":"The system time has changed.","eventData":[{"name":"Data","value":"The system time has changed."}],"rawXml":"<Event><System><Provider Name=\"Microsoft-Windows-Kernel-General\"/><EventID>1</EventID><EventRecordID>91243</EventRecordID><TimeCreated SystemTime=\"2026-10-07T05:22:30.000Z\"/><Channel>System</Channel><Computer>CONTOSO-PC01</Computer></System><EventData><Data>The system time has changed.</Data></EventData></Event>","sourceLabel":"C:\\Fixture\\EventLogs\\System.evtx","originKind":"event","task":null,"opcode":null,"processId":null,"threadId":null,"userSid":null,"keywords":null,"mapped":[]},{"id":1010,"eventRecordId":91246,"eventRecordIdText":"91246","timestamp":"2026-10-07T05:24:18.000Z","timestampEpoch":1791350658000,"provider":"Service Control Manager","channel":"System","eventId":7036,"level":"Information","computer":"CONTOSO-PC01","message":"The Windows Update service entered the stopped state.","eventData":[{"name":"Data","value":"The Windows Update service entered the stopped state."}],"rawXml":"<Event><System><Provider Name=\"Service Control Manager\"/><EventID>7036</EventID><EventRecordID>91246</EventRecordID><TimeCreated SystemTime=\"2026-10-07T05:24:18.000Z\"/><Channel>System</Channel><Computer>CONTOSO-PC01</Computer></System><EventData><Data>The Windows Update service entered the stopped state.</Data></EventData></Event>","sourceLabel":"C:\\Fixture\\EventLogs\\System.evtx","originKind":"event","task":null,"opcode":null,"processId":null,"threadId":null,"userSid":null,"keywords":null,"mapped":[]},{"id":1011,"eventRecordId":91249,"eventRecordIdText":"91249","timestamp":"2026-10-07T05:24:30.000Z","timestampEpoch":1791350670000,"provider":"Microsoft-Windows-Security-SPP","channel":"Application","eventId":16384,"level":"Information","computer":"CONTOSO-PC01","message":"Successfully scheduled Software Protection service for re-start.","eventData":[{"name":"Data","value":"Successfully scheduled Software Protection service for re-start."}],"rawXml":"<Event><System><Provider Name=\"Microsoft-Windows-Security-SPP\"/><EventID>16384</EventID><EventRecordID>91249</EventRecordID><TimeCreated SystemTime=\"2026-10-07T05:24:30.000Z\"/><Channel>Application</Channel><Computer>CONTOSO-PC01</Computer></System><EventData><Data>Successfully scheduled Software Protection service for re-start.</Data></EventData></Event>","sourceLabel":"C:\\Fixture\\EventLogs\\Application.evtx","originKind":"event","task":null,"opcode":null,"processId":null,"threadId":null,"userSid":null,"keywords":null,"mapped":[]},{"id":1012,"eventRecordId":91252,"eventRecordIdText":"91252","timestamp":"2026-10-07T05:25:50.000Z","timestampEpoch":1791350750000,"provider":"Service Control Manager","channel":"System","eventId":7040,"level":"Information","computer":"CONTOSO-PC01","message":"The start type of the Background Intelligent Transfer Service service was changed from demand start to auto start.","eventData":[{"name":"Data","value":"The start type of the Background Intelligent Transfer Service service was changed from demand start to auto start."}],"rawXml":"<Event><System><Provider Name=\"Service Control Manager\"/><EventID>7040</EventID><EventRecordID>91252</EventRecordID><TimeCreated SystemTime=\"2026-10-07T05:25:50.000Z\"/><Channel>System</Channel><Computer>CONTOSO-PC01</Computer></System><EventData><Data>The start type of the Background Intelligent Transfer Service service was changed from demand start to auto start.</Data></EventData></Event>","sourceLabel":"C:\\Fixture\\EventLogs\\System.evtx","originKind":"event","task":null,"opcode":null,"processId":null,"threadId":null,"userSid":null,"keywords":null,"mapped":[]},{"id":1013,"eventRecordId":91255,"eventRecordIdText":"91255","timestamp":"2026-10-07T05:26:33.000Z","timestampEpoch":1791350793000,"provider":"Microsoft-Windows-User Profiles Service","channel":"Application","eventId":1530,"level":"Warning","computer":"CONTOSO-PC01","message":"Windows detected your registry file is still in use by other applications or services.","eventData":[{"name":"Data","value":"Windows detected your registry file is still in use by other applications or services."}],"rawXml":"<Event><System><Provider Name=\"Microsoft-Windows-User Profiles Service\"/><EventID>1530</EventID><EventRecordID>91255</EventRecordID><TimeCreated SystemTime=\"2026-10-07T05:26:33.000Z\"/><Channel>Application</Channel><Computer>CONTOSO-PC01</Computer></System><EventData><Data>Windows detected your registry file is still in use by other applications or services.</Data></EventData></Event>","sourceLabel":"C:\\Fixture\\EventLogs\\Application.evtx","originKind":"event","task":null,"opcode":null,"processId":null,"threadId":null,"userSid":null,"keywords":null,"mapped":[]},{"id":1014,"eventRecordId":91258,"eventRecordIdText":"91258","timestamp":"2026-10-07T05:26:37.000Z","timestampEpoch":1791350797000,"provider":"Microsoft-Windows-Security-SPP","channel":"Application","eventId":16384,"level":"Information","computer":"CONTOSO-PC01","message":"Successfully scheduled Software Protection service for re-start.","eventData":[{"name":"Data","value":"Successfully scheduled Software Protection service for re-start."}],"rawXml":"<Event><System><Provider Name=\"Microsoft-Windows-Security-SPP\"/><EventID>16384</EventID><EventRecordID>91258</EventRecordID><TimeCreated SystemTime=\"2026-10-07T05:26:37.000Z\"/><Channel>Application</Channel><Computer>CONTOSO-PC01</Computer></System><EventData><Data>Successfully scheduled Software Protection service for re-start.</Data></EventData></Event>","sourceLabel":"C:\\Fixture\\EventLogs\\Application.evtx","originKind":"event","task":null,"opcode":null,"processId":null,"threadId":null,"userSid":null,"keywords":null,"mapped":[]},{"id":1015,"eventRecordId":91261,"eventRecordIdText":"91261","timestamp":"2026-10-07T05:28:04.000Z","timestampEpoch":1791350884000,"provider":"Application Error","channel":"Application","eventId":1000,"level":"Error","computer":"CONTOSO-PC01","message":"Faulting application name: ContosoAgent.exe, version: 4.2.0.1, faulting module: ntdll.dll","eventData":[{"name":"Data","value":"Faulting application name: ContosoAgent.exe, version: 4.2.0.1, faulting module: ntdll.dll"}],"rawXml":"<Event><System><Provider Name=\"Application Error\"/><EventID>1000</EventID><EventRecordID>91261</EventRecordID><TimeCreated SystemTime=\"2026-10-07T05:28:04.000Z\"/><Channel>Application</Channel><Computer>CONTOSO-PC01</Computer></System><EventData><Data>Faulting application name: ContosoAgent.exe, version: 4.2.0.1, faulting module: ntdll.dll</Data></EventData></Event>","sourceLabel":"C:\\Fixture\\EventLogs\\Application.evtx","originKind":"event","task":null,"opcode":null,"processId":null,"threadId":null,"userSid":null,"keywords":null,"mapped":[]},{"id":1016,"eventRecordId":91264,"eventRecordIdText":"91264","timestamp":"2026-10-07T05:28:43.000Z","timestampEpoch":1791350923000,"provider":"Service Control Manager","channel":"System","eventId":7040,"level":"Information","computer":"CONTOSO-PC01","message":"The start type of the Background Intelligent Transfer Service service was changed from demand start to auto start.","eventData":[{"name":"Data","value":"The start type of the Background Intelligent Transfer Service service was changed from demand start to auto start."}],"rawXml":"<Event><System><Provider Name=\"Service Control Manager\"/><EventID>7040</EventID><EventRecordID>91264</EventRecordID><TimeCreated SystemTime=\"2026-10-07T05:28:43.000Z\"/><Channel>System</Channel><Computer>CONTOSO-PC01</Computer></System><EventData><Data>The start type of the Background Intelligent Transfer Service service was changed from demand start to auto start.</Data></EventData></Event>","sourceLabel":"C:\\Fixture\\EventLogs\\System.evtx","originKind":"event","task":null,"opcode":null,"processId":null,"threadId":null,"userSid":null,"keywords":null,"mapped":[]},{"id":1017,"eventRecordId":91267,"eventRecordIdText":"91267","timestamp":"2026-10-07T05:29:54.000Z","timestampEpoch":1791350994000,"provider":"Microsoft-Windows-DeviceManagement-Enterprise-Diagnostics-Provider","channel":"Microsoft-Windows-DeviceManagement-Enterprise-Diagnostics-Provider/Admin","eventId":72,"level":"Information","computer":"CONTOSO-PC01","message":"MDM Enroll: auto-enrollment triggered by policy","eventData":[{"name":"Data","value":"MDM Enroll: auto-enrollment triggered by policy"}],"rawXml":"<Event><System><Provider Name=\"Microsoft-Windows-DeviceManagement-Enterprise-Diagnostics-Provider\"/><EventID>72</EventID><EventRecordID>91267</EventRecordID><TimeCreated SystemTime=\"2026-10-07T05:29:54.000Z\"/><Channel>Microsoft-Windows-DeviceManagement-Enterprise-Diagnostics-Provider/Admin</Channel><Computer>CONTOSO-PC01</Computer></System><EventData><Data>MDM Enroll: auto-enrollment triggered by policy</Data></EventData></Event>","sourceLabel":"C:\\Fixture\\EventLogs\\DeviceManagement-Admin.evtx","originKind":"event","task":null,"opcode":null,"processId":null,"threadId":null,"userSid":null,"keywords":null,"mapped":[]},{"id":1018,"eventRecordId":91270,"eventRecordIdText":"91270","timestamp":"2026-10-07T05:29:58.000Z","timestampEpoch":1791350998000,"provider":"edgeupdate","channel":"Application","eventId":0,"level":"Information","computer":"CONTOSO-PC01","message":"Service started","eventData":[{"name":"Data","value":"Service started"}],"rawXml":"<Event><System><Provider Name=\"edgeupdate\"/><EventID>0</EventID><EventRecordID>91270</EventRecordID><TimeCreated SystemTime=\"2026-10-07T05:29:58.000Z\"/><Channel>Application</Channel><Computer>CONTOSO-PC01</Computer></System><EventData><Data>Service started</Data></EventData></Event>","sourceLabel":"C:\\Fixture\\EventLogs\\Application.evtx","originKind":"event","task":null,"opcode":null,"processId":null,"threadId":null,"userSid":null,"keywords":null,"mapped":[]},{"id":1019,"eventRecordId":91273,"eventRecordIdText":"91273","timestamp":"2026-10-07T05:30:00.000Z","timestampEpoch":1791351000000,"provider":"Microsoft-Windows-DeviceManagement-Enterprise-Diagnostics-Provider","channel":"Microsoft-Windows-DeviceManagement-Enterprise-Diagnostics-Provider/Admin","eventId":76,"level":"Error","computer":"CONTOSO-PC01","message":"Auto MDM Enroll: Failed","eventData":[{"name":"Data","value":"Auto MDM Enroll: Failed"}],"rawXml":"<Event><System><Provider Name=\"Microsoft-Windows-DeviceManagement-Enterprise-Diagnostics-Provider\"/><EventID>76</EventID><EventRecordID>91273</EventRecordID><TimeCreated SystemTime=\"2026-10-07T05:30:00.000Z\"/><Channel>Microsoft-Windows-DeviceManagement-Enterprise-Diagnostics-Provider/Admin</Channel><Computer>CONTOSO-PC01</Computer></System><EventData><Data>Auto MDM Enroll: Failed</Data></EventData></Event>","sourceLabel":"C:\\Fixture\\EventLogs\\DeviceManagement-Admin.evtx","originKind":"event","task":null,"opcode":null,"processId":null,"threadId":null,"userSid":null,"keywords":null,"mapped":[]},{"id":1020,"eventRecordId":91276,"eventRecordIdText":"91276","timestamp":"2026-10-07T05:30:16.000Z","timestampEpoch":1791351016000,"provider":"Microsoft-Windows-DeviceManagement-Enterprise-Diagnostics-Provider","channel":"Microsoft-Windows-DeviceManagement-Enterprise-Diagnostics-Provider/Admin","eventId":813,"level":"Information","computer":"CONTOSO-PC01","message":"MDM PolicyManager: Set policy int, Area: (DeviceLock).","eventData":[{"name":"Data","value":"MDM PolicyManager: Set policy int, Area: (DeviceLock)."}],"rawXml":"<Event><System><Provider Name=\"Microsoft-Windows-DeviceManagement-Enterprise-Diagnostics-Provider\"/><EventID>813</EventID><EventRecordID>91276</EventRecordID><TimeCreated SystemTime=\"2026-10-07T05:30:16.000Z\"/><Channel>Microsoft-Windows-DeviceManagement-Enterprise-Diagnostics-Provider/Admin</Channel><Computer>CONTOSO-PC01</Computer></System><EventData><Data>MDM PolicyManager: Set policy int, Area: (DeviceLock).</Data></EventData></Event>","sourceLabel":"C:\\Fixture\\EventLogs\\DeviceManagement-Admin.evtx","originKind":"event","task":null,"opcode":null,"processId":null,"threadId":null,"userSid":null,"keywords":null,"mapped":[]},{"id":1021,"eventRecordId":91279,"eventRecordIdText":"91279","timestamp":"2026-10-07T05:30:31.000Z","timestampEpoch":1791351031000,"provider":"Service Control Manager","channel":"System","eventId":7036,"level":"Information","computer":"CONTOSO-PC01","message":"The Microsoft Edge Update service entered the stopped state.","eventData":[{"name":"Data","value":"The Microsoft Edge Update service entered the stopped state."}],"rawXml":"<Event><System><Provider Name=\"Service Control Manager\"/><EventID>7036</EventID><EventRecordID>91279</EventRecordID><TimeCreated SystemTime=\"2026-10-07T05:30:31.000Z\"/><Channel>System</Channel><Computer>CONTOSO-PC01</Computer></System><EventData><Data>The Microsoft Edge Update service entered the stopped state.</Data></EventData></Event>","sourceLabel":"C:\\Fixture\\EventLogs\\System.evtx","originKind":"event","task":null,"opcode":null,"processId":null,"threadId":null,"userSid":null,"keywords":null,"mapped":[]},{"id":1022,"eventRecordId":91282,"eventRecordIdText":"91282","timestamp":"2026-10-07T05:31:56.000Z","timestampEpoch":1791351116000,"provider":"Microsoft-Windows-Kernel-General","channel":"System","eventId":16,"level":"Information","computer":"CONTOSO-PC01","message":"The access history in hive \\??\\C:\\Users\\user01\\NTUSER.DAT was cleared.","eventData":[{"name":"Data","value":"The access history in hive \\??\\C:\\Users\\user01\\NTUSER.DAT was cleared."}],"rawXml":"<Event><System><Provider Name=\"Microsoft-Windows-Kernel-General\"/><EventID>16</EventID><EventRecordID>91282</EventRecordID><TimeCreated SystemTime=\"2026-10-07T05:31:56.000Z\"/><Channel>System</Channel><Computer>CONTOSO-PC01</Computer></System><EventData><Data>The access history in hive \\??\\C:\\Users\\user01\\NTUSER.DAT was cleared.</Data></EventData></Event>","sourceLabel":"C:\\Fixture\\EventLogs\\System.evtx","originKind":"event","task":null,"opcode":null,"processId":null,"threadId":null,"userSid":null,"keywords":null,"mapped":[]},{"id":1023,"eventRecordId":91285,"eventRecordIdText":"91285","timestamp":"2026-10-07T05:34:32.000Z","timestampEpoch":1791351272000,"provider":"Service Control Manager","channel":"System","eventId":7036,"level":"Information","computer":"CONTOSO-PC01","message":"The WinHTTP Web Proxy Auto-Discovery service entered the running state.","eventData":[{"name":"Data","value":"The WinHTTP Web Proxy Auto-Discovery service entered the running state."}],"rawXml":"<Event><System><Provider Name=\"Service Control Manager\"/><EventID>7036</EventID><EventRecordID>91285</EventRecordID><TimeCreated SystemTime=\"2026-10-07T05:34:32.000Z\"/><Channel>System</Channel><Computer>CONTOSO-PC01</Computer></System><EventData><Data>The WinHTTP Web Proxy Auto-Discovery service entered the running state.</Data></EventData></Event>","sourceLabel":"C:\\Fixture\\EventLogs\\System.evtx","originKind":"event","task":null,"opcode":null,"processId":null,"threadId":null,"userSid":null,"keywords":null,"mapped":[]},{"id":1024,"eventRecordId":91288,"eventRecordIdText":"91288","timestamp":"2026-10-07T05:35:02.000Z","timestampEpoch":1791351302000,"provider":"MsiInstaller","channel":"Application","eventId":1040,"level":"Information","computer":"CONTOSO-PC01","message":"Beginning a Windows Installer transaction.","eventData":[{"name":"Data","value":"Beginning a Windows Installer transaction."}],"rawXml":"<Event><System><Provider Name=\"MsiInstaller\"/><EventID>1040</EventID><EventRecordID>91288</EventRecordID><TimeCreated SystemTime=\"2026-10-07T05:35:02.000Z\"/><Channel>Application</Channel><Computer>CONTOSO-PC01</Computer></System><EventData><Data>Beginning a Windows Installer transaction.</Data></EventData></Event>","sourceLabel":"C:\\Fixture\\EventLogs\\Application.evtx","originKind":"event","task":null,"opcode":null,"processId":null,"threadId":null,"userSid":null,"keywords":null,"mapped":[]},{"id":1025,"eventRecordId":91291,"eventRecordIdText":"91291","timestamp":"2026-10-07T05:35:52.000Z","timestampEpoch":1791351352000,"provider":"Microsoft-Windows-DeviceManagement-Enterprise-Diagnostics-Provider","channel":"Microsoft-Windows-DeviceManagement-Enterprise-Diagnostics-Provider/Admin","eventId":813,"level":"Information","computer":"CONTOSO-PC01","message":"MDM PolicyManager: Set policy int, Area: (DeviceLock).","eventData":[{"name":"Data","value":"MDM PolicyManager: Set policy int, Area: (DeviceLock)."}],"rawXml":"<Event><System><Provider Name=\"Microsoft-Windows-DeviceManagement-Enterprise-Diagnostics-Provider\"/><EventID>813</EventID><EventRecordID>91291</EventRecordID><TimeCreated SystemTime=\"2026-10-07T05:35:52.000Z\"/><Channel>Microsoft-Windows-DeviceManagement-Enterprise-Diagnostics-Provider/Admin</Channel><Computer>CONTOSO-PC01</Computer></System><EventData><Data>MDM PolicyManager: Set policy int, Area: (DeviceLock).</Data></EventData></Event>","sourceLabel":"C:\\Fixture\\EventLogs\\DeviceManagement-Admin.evtx","originKind":"event","task":null,"opcode":null,"processId":null,"threadId":null,"userSid":null,"keywords":null,"mapped":[]},{"id":1026,"eventRecordId":91294,"eventRecordIdText":"91294","timestamp":"2026-10-07T05:38:01.000Z","timestampEpoch":1791351481000,"provider":"Service Control Manager","channel":"System","eventId":7036,"level":"Information","computer":"CONTOSO-PC01","message":"The Background Intelligent Transfer Service service entered the stopped state.","eventData":[{"name":"Data","value":"The Background Intelligent Transfer Service service entered the stopped state."}],"rawXml":"<Event><System><Provider Name=\"Service Control Manager\"/><EventID>7036</EventID><EventRecordID>91294</EventRecordID><TimeCreated SystemTime=\"2026-10-07T05:38:01.000Z\"/><Channel>System</Channel><Computer>CONTOSO-PC01</Computer></System><EventData><Data>The Background Intelligent Transfer Service service entered the stopped state.</Data></EventData></Event>","sourceLabel":"C:\\Fixture\\EventLogs\\System.evtx","originKind":"event","task":null,"opcode":null,"processId":null,"threadId":null,"userSid":null,"keywords":null,"mapped":[]},{"id":1027,"eventRecordId":91297,"eventRecordIdText":"91297","timestamp":"2026-10-07T05:38:36.000Z","timestampEpoch":1791351516000,"provider":"Microsoft-Windows-AAD","channel":"Microsoft-Windows-AAD/Operational","eventId":1104,"level":"Information","computer":"CONTOSO-PC01","message":"AAD Cloud AP plugin call Plugin initialize returned success.","eventData":[{"name":"Data","value":"AAD Cloud AP plugin call Plugin initialize returned success."}],"rawXml":"<Event><System><Provider Name=\"Microsoft-Windows-AAD\"/><EventID>1104</EventID><EventRecordID>91297</EventRecordID><TimeCreated SystemTime=\"2026-10-07T05:38:36.000Z\"/><Channel>Microsoft-Windows-AAD/Operational</Channel><Computer>CONTOSO-PC01</Computer></System><EventData><Data>AAD Cloud AP plugin call Plugin initialize returned success.</Data></EventData></Event>","sourceLabel":"C:\\Fixture\\EventLogs\\AAD-Operational.evtx","originKind":"event","task":null,"opcode":null,"processId":null,"threadId":null,"userSid":null,"keywords":null,"mapped":[]},{"id":1028,"eventRecordId":91300,"eventRecordIdText":"91300","timestamp":"2026-10-07T05:41:31.000Z","timestampEpoch":1791351691000,"provider":"Service Control Manager","channel":"System","eventId":7036,"level":"Information","computer":"CONTOSO-PC01","message":"The Microsoft Edge Update service entered the stopped state.","eventData":[{"name":"Data","value":"The Microsoft Edge Update service entered the stopped state."}],"rawXml":"<Event><System><Provider Name=\"Service Control Manager\"/><EventID>7036</EventID><EventRecordID>91300</EventRecordID><TimeCreated SystemTime=\"2026-10-07T05:41:31.000Z\"/><Channel>System</Channel><Computer>CONTOSO-PC01</Computer></System><EventData><Data>The Microsoft Edge Update service entered the stopped state.</Data></EventData></Event>","sourceLabel":"C:\\Fixture\\EventLogs\\System.evtx","originKind":"event","task":null,"opcode":null,"processId":null,"threadId":null,"userSid":null,"keywords":null,"mapped":[]},{"id":1029,"eventRecordId":91303,"eventRecordIdText":"91303","timestamp":"2026-10-07T05:42:05.000Z","timestampEpoch":1791351725000,"provider":"Microsoft-Windows-AAD","channel":"Microsoft-Windows-AAD/Operational","eventId":1098,"level":"Warning","computer":"CONTOSO-PC01","message":"Token broker operation failed.","eventData":[{"name":"Data","value":"Token broker operation failed."}],"rawXml":"<Event><System><Provider Name=\"Microsoft-Windows-AAD\"/><EventID>1098</EventID><EventRecordID>91303</EventRecordID><TimeCreated SystemTime=\"2026-10-07T05:42:05.000Z\"/><Channel>Microsoft-Windows-AAD/Operational</Channel><Computer>CONTOSO-PC01</Computer></System><EventData><Data>Token broker operation failed.</Data></EventData></Event>","sourceLabel":"C:\\Fixture\\EventLogs\\AAD-Operational.evtx","originKind":"event","task":null,"opcode":null,"processId":null,"threadId":null,"userSid":null,"keywords":null,"mapped":[]},{"id":1030,"eventRecordId":91306,"eventRecordIdText":"91306","timestamp":"2026-10-07T05:43:43.000Z","timestampEpoch":1791351823000,"provider":"edgeupdate","channel":"Application","eventId":0,"level":"Information","computer":"CONTOSO-PC01","message":"Service started","eventData":[{"name":"Data","value":"Service started"}],"rawXml":"<Event><System><Provider Name=\"edgeupdate\"/><EventID>0</EventID><EventRecordID>91306</EventRecordID><TimeCreated SystemTime=\"2026-10-07T05:43:43.000Z\"/><Channel>Application</Channel><Computer>CONTOSO-PC01</Computer></System><EventData><Data>Service started</Data></EventData></Event>","sourceLabel":"C:\\Fixture\\EventLogs\\Application.evtx","originKind":"event","task":null,"opcode":null,"processId":null,"threadId":null,"userSid":null,"keywords":null,"mapped":[]},{"id":1031,"eventRecordId":91309,"eventRecordIdText":"91309","timestamp":"2026-10-07T05:43:53.000Z","timestampEpoch":1791351833000,"provider":"Microsoft-Windows-DNS-Client","channel":"System","eventId":1014,"level":"Warning","computer":"CONTOSO-PC01","message":"Name resolution for the name login.microsoftonline.com timed out after none of the configured DNS servers responded.","eventData":[{"name":"Data","value":"Name resolution for the name login.microsoftonline.com timed out after none of the configured DNS servers responded."}],"rawXml":"<Event><System><Provider Name=\"Microsoft-Windows-DNS-Client\"/><EventID>1014</EventID><EventRecordID>91309</EventRecordID><TimeCreated SystemTime=\"2026-10-07T05:43:53.000Z\"/><Channel>System</Channel><Computer>CONTOSO-PC01</Computer></System><EventData><Data>Name resolution for the name login.microsoftonline.com timed out after none of the configured DNS servers responded.</Data></EventData></Event>","sourceLabel":"C:\\Fixture\\EventLogs\\System.evtx","originKind":"event","task":null,"opcode":null,"processId":null,"threadId":null,"userSid":null,"keywords":null,"mapped":[]},{"id":1032,"eventRecordId":91312,"eventRecordIdText":"91312","timestamp":"2026-10-07T05:47:04.000Z","timestampEpoch":1791352024000,"provider":"Service Control Manager","channel":"System","eventId":7036,"level":"Information","computer":"CONTOSO-PC01","message":"The Background Intelligent Transfer Service service entered the running state.","eventData":[{"name":"Data","value":"The Background Intelligent Transfer Service service entered the running state."}],"rawXml":"<Event><System><Provider Name=\"Service Control Manager\"/><EventID>7036</EventID><EventRecordID>91312</EventRecordID><TimeCreated SystemTime=\"2026-10-07T05:47:04.000Z\"/><Channel>System</Channel><Computer>CONTOSO-PC01</Computer></System><EventData><Data>The Background Intelligent Transfer Service service entered the running state.</Data></EventData></Event>","sourceLabel":"C:\\Fixture\\EventLogs\\System.evtx","originKind":"event","task":null,"opcode":null,"processId":null,"threadId":null,"userSid":null,"keywords":null,"mapped":[]},{"id":1033,"eventRecordId":91315,"eventRecordIdText":"91315","timestamp":"2026-10-07T05:47:14.000Z","timestampEpoch":1791352034000,"provider":"Microsoft-Windows-User Profiles Service","channel":"Application","eventId":1530,"level":"Warning","computer":"CONTOSO-PC01","message":"Windows detected your registry file is still in use by other applications or services.","eventData":[{"name":"Data","value":"Windows detected your registry file is still in use by other applications or services."}],"rawXml":"<Event><System><Provider Name=\"Microsoft-Windows-User Profiles Service\"/><EventID>1530</EventID><EventRecordID>91315</EventRecordID><TimeCreated SystemTime=\"2026-10-07T05:47:14.000Z\"/><Channel>Application</Channel><Computer>CONTOSO-PC01</Computer></System><EventData><Data>Windows detected your registry file is still in use by other applications or services.</Data></EventData></Event>","sourceLabel":"C:\\Fixture\\EventLogs\\Application.evtx","originKind":"event","task":null,"opcode":null,"processId":null,"threadId":null,"userSid":null,"keywords":null,"mapped":[]},{"id":1034,"eventRecordId":91318,"eventRecordIdText":"91318","timestamp":"2026-10-07T05:47:43.000Z","timestampEpoch":1791352063000,"provider":"Microsoft-Windows-Kernel-General","channel":"System","eventId":1,"level":"Information","computer":"CONTOSO-PC01","message":"The system time has changed.","eventData":[{"name":"Data","value":"The system time has changed."}],"rawXml":"<Event><System><Provider Name=\"Microsoft-Windows-Kernel-General\"/><EventID>1</EventID><EventRecordID>91318</EventRecordID><TimeCreated SystemTime=\"2026-10-07T05:47:43.000Z\"/><Channel>System</Channel><Computer>CONTOSO-PC01</Computer></System><EventData><Data>The system time has changed.</Data></EventData></Event>","sourceLabel":"C:\\Fixture\\EventLogs\\System.evtx","originKind":"event","task":null,"opcode":null,"processId":null,"threadId":null,"userSid":null,"keywords":null,"mapped":[]},{"id":1035,"eventRecordId":91321,"eventRecordIdText":"91321","timestamp":"2026-10-07T05:47:50.000Z","timestampEpoch":1791352070000,"provider":"Microsoft-Windows-DistributedCOM","channel":"System","eventId":10016,"level":"Warning","computer":"CONTOSO-PC01","message":"The application-specific permission settings do not grant Local Activation permission for the COM Server application.","eventData":[{"name":"Data","value":"The application-specific permission settings do not grant Local Activation permission for the COM Server application."}],"rawXml":"<Event><System><Provider Name=\"Microsoft-Windows-DistributedCOM\"/><EventID>10016</EventID><EventRecordID>91321</EventRecordID><TimeCreated SystemTime=\"2026-10-07T05:47:50.000Z\"/><Channel>System</Channel><Computer>CONTOSO-PC01</Computer></System><EventData><Data>The application-specific permission settings do not grant Local Activation permission for the COM Server application.</Data></EventData></Event>","sourceLabel":"C:\\Fixture\\EventLogs\\System.evtx","originKind":"event","task":null,"opcode":null,"processId":null,"threadId":null,"userSid":null,"keywords":null,"mapped":[]},{"id":1036,"eventRecordId":91324,"eventRecordIdText":"91324","timestamp":"2026-10-07T05:48:27.000Z","timestampEpoch":1791352107000,"provider":"Microsoft-Windows-Security-SPP","channel":"Application","eventId":16384,"level":"Information","computer":"CONTOSO-PC01","message":"Successfully scheduled Software Protection service for re-start.","eventData":[{"name":"Data","value":"Successfully scheduled Software Protection service for re-start."}],"rawXml":"<Event><System><Provider Name=\"Microsoft-Windows-Security-SPP\"/><EventID>16384</EventID><EventRecordID>91324</EventRecordID><TimeCreated SystemTime=\"2026-10-07T05:48:27.000Z\"/><Channel>Application</Channel><Computer>CONTOSO-PC01</Computer></System><EventData><Data>Successfully scheduled Software Protection service for re-start.</Data></EventData></Event>","sourceLabel":"C:\\Fixture\\EventLogs\\Application.evtx","originKind":"event","task":null,"opcode":null,"processId":null,"threadId":null,"userSid":null,"keywords":null,"mapped":[]},{"id":1037,"eventRecordId":91327,"eventRecordIdText":"91327","timestamp":"2026-10-07T05:49:58.000Z","timestampEpoch":1791352198000,"provider":"Microsoft-Windows-Kernel-General","channel":"System","eventId":16,"level":"Information","computer":"CONTOSO-PC01","message":"The access history in hive \\??\\C:\\Users\\user01\\NTUSER.DAT was cleared.","eventData":[{"name":"Data","value":"The access history in hive \\??\\C:\\Users\\user01\\NTUSER.DAT was cleared."}],"rawXml":"<Event><System><Provider Name=\"Microsoft-Windows-Kernel-General\"/><EventID>16</EventID><EventRecordID>91327</EventRecordID><TimeCreated SystemTime=\"2026-10-07T05:49:58.000Z\"/><Channel>System</Channel><Computer>CONTOSO-PC01</Computer></System><EventData><Data>The access history in hive \\??\\C:\\Users\\user01\\NTUSER.DAT was cleared.</Data></EventData></Event>","sourceLabel":"C:\\Fixture\\EventLogs\\System.evtx","originKind":"event","task":null,"opcode":null,"processId":null,"threadId":null,"userSid":null,"keywords":null,"mapped":[]},{"id":1038,"eventRecordId":91330,"eventRecordIdText":"91330","timestamp":"2026-10-07T05:54:21.000Z","timestampEpoch":1791352461000,"provider":"Microsoft-Windows-AAD","channel":"Microsoft-Windows-AAD/Operational","eventId":1104,"level":"Information","computer":"CONTOSO-PC01","message":"AAD Cloud AP plugin call Plugin initialize returned success.","eventData":[{"name":"Data","value":"AAD Cloud AP plugin call Plugin initialize returned success."}],"rawXml":"<Event><System><Provider Name=\"Microsoft-Windows-AAD\"/><EventID>1104</EventID><EventRecordID>91330</EventRecordID><TimeCreated SystemTime=\"2026-10-07T05:54:21.000Z\"/><Channel>Microsoft-Windows-AAD/Operational</Channel><Computer>CONTOSO-PC01</Computer></System><EventData><Data>AAD Cloud AP plugin call Plugin initialize returned success.</Data></EventData></Event>","sourceLabel":"C:\\Fixture\\EventLogs\\AAD-Operational.evtx","originKind":"event","task":null,"opcode":null,"processId":null,"threadId":null,"userSid":null,"keywords":null,"mapped":[]},{"id":1039,"eventRecordId":91333,"eventRecordIdText":"91333","timestamp":"2026-10-07T05:54:36.000Z","timestampEpoch":1791352476000,"provider":"edgeupdate","channel":"Application","eventId":0,"level":"Information","computer":"CONTOSO-PC01","message":"Service started","eventData":[{"name":"Data","value":"Service started"}],"rawXml":"<Event><System><Provider Name=\"edgeupdate\"/><EventID>0</EventID><EventRecordID>91333</EventRecordID><TimeCreated SystemTime=\"2026-10-07T05:54:36.000Z\"/><Channel>Application</Channel><Computer>CONTOSO-PC01</Computer></System><EventData><Data>Service started</Data></EventData></Event>","sourceLabel":"C:\\Fixture\\EventLogs\\Application.evtx","originKind":"event","task":null,"opcode":null,"processId":null,"threadId":null,"userSid":null,"keywords":null,"mapped":[]},{"id":1040,"eventRecordId":91336,"eventRecordIdText":"91336","timestamp":"2026-10-07T05:55:22.000Z","timestampEpoch":1791352522000,"provider":"Service Control Manager","channel":"System","eventId":7036,"level":"Information","computer":"CONTOSO-PC01","message":"The Windows Modules Installer service entered the running state.","eventData":[{"name":"Data","value":"The Windows Modules Installer service entered the running state."}],"rawXml":"<Event><System><Provider Name=\"Service Control Manager\"/><EventID>7036</EventID><EventRecordID>91336</EventRecordID><TimeCreated SystemTime=\"2026-10-07T05:55:22.000Z\"/><Channel>System</Channel><Computer>CONTOSO-PC01</Computer></System><EventData><Data>The Windows Modules Installer service entered the running state.</Data></EventData></Event>","sourceLabel":"C:\\Fixture\\EventLogs\\System.evtx","originKind":"event","task":null,"opcode":null,"processId":null,"threadId":null,"userSid":null,"keywords":null,"mapped":[]},{"id":1041,"eventRecordId":91339,"eventRecordIdText":"91339","timestamp":"2026-10-07T05:55:27.000Z","timestampEpoch":1791352527000,"provider":"Microsoft-Windows-AAD","channel":"Microsoft-Windows-AAD/Operational","eventId":1097,"level":"Warning","computer":"CONTOSO-PC01","message":"Http request status: 400. Method: POST.","eventData":[{"name":"Data","value":"Http request status: 400. Method: POST."}],"rawXml":"<Event><System><Provider Name=\"Microsoft-Windows-AAD\"/><EventID>1097</EventID><EventRecordID>91339</EventRecordID><TimeCreated SystemTime=\"2026-10-07T05:55:27.000Z\"/><Channel>Microsoft-Windows-AAD/Operational</Channel><Computer>CONTOSO-PC01</Computer></System><EventData><Data>Http request status: 400. Method: POST.</Data></EventData></Event>","sourceLabel":"C:\\Fixture\\EventLogs\\AAD-Operational.evtx","originKind":"event","task":null,"opcode":null,"processId":null,"threadId":null,"userSid":null,"keywords":null,"mapped":[]},{"id":1042,"eventRecordId":91342,"eventRecordIdText":"91342","timestamp":"2026-10-07T05:55:32.000Z","timestampEpoch":1791352532000,"provider":"Microsoft-Windows-Security-SPP","channel":"Application","eventId":16384,"level":"Information","computer":"CONTOSO-PC01","message":"Successfully scheduled Software Protection service for re-start.","eventData":[{"name":"Data","value":"Successfully scheduled Software Protection service for re-start."}],"rawXml":"<Event><System><Provider Name=\"Microsoft-Windows-Security-SPP\"/><EventID>16384</EventID><EventRecordID>91342</EventRecordID><TimeCreated SystemTime=\"2026-10-07T05:55:32.000Z\"/><Channel>Application</Channel><Computer>CONTOSO-PC01</Computer></System><EventData><Data>Successfully scheduled Software Protection service for re-start.</Data></EventData></Event>","sourceLabel":"C:\\Fixture\\EventLogs\\Application.evtx","originKind":"event","task":null,"opcode":null,"processId":null,"threadId":null,"userSid":null,"keywords":null,"mapped":[]},