          {
            "timestampMs": 1791351481000,
            "severity": "info",
            "message": "The Background Intelligent Transfer Service service entered the stopped state.",
            "origin": {
              "kind": "event",
              "stableId": "source32:C:\\Fixture\\EventLogs\\System.evtx|machine12:CONTOSO-PC01|channel6:System|record91294",
              "source": "C:\\Fixture\\EventLogs\\System.evtx",
              "machine": "CONTOSO-PC01",
              "bundle": null,
              "channel": "System",
              "provider": "Service Control Manager",
              "processId": null,
              "eventId": 7036,
              "recordId": 91294,
              "recordIdText": "91294"
            }
          },
          {
            "timestampMs": 1791351516000,
            "severity": "info",
            "message": "AAD Cloud AP plugin call Plugin initialize returned success.",
            "origin": {
              "kind": "event",
              "stableId": "source41:C:\\Fixture\\EventLogs\\AAD-Operational.evtx|machine12:CONTOSO-PC01|channel33:Microsoft-Windows-AAD/Operational|record91297",
              "source": "C:\\Fixture\\EventLogs\\AAD-Operational.evtx",
              "machine": "CONTOSO-PC01",
              "bundle": null,
              "channel": "Microsoft-Windows-AAD/Operational",
              "provider": "Microsoft-Windows-AAD",
              "processId": null,
              "eventId": 1104,
              "recordId": 91297,
              "recordIdText": "91297"
            }
          },
          {
            "timestampMs": 1791351691000,
            "severity": "info",
            "message": "The Microsoft Edge Update service entered the stopped state.",
            "origin": {
              "kind": "event",
              "stableId": "source32:C:\\Fixture\\EventLogs\\System.evtx|machine12:CONTOSO-PC01|channel6:System|record91300",
              "source": "C:\\Fixture\\EventLogs\\System.evtx",
              "machine": "CONTOSO-PC01",
              "bundle": null,
              "channel": "System",
              "provider": "Service Control Manager",
              "processId": null,
              "eventId": 7036,
              "recordId": 91300,
              "recordIdText": "91300"
            }
          },
          {
            "timestampMs": 1791351725000,
            "severity": "warning",
            "message": "Token broker operation failed.",
            "origin": {
              "kind": "event",
              "stableId": "source41:C:\\Fixture\\EventLogs\\AAD-Operational.evtx|machine12:CONTOSO-PC01|channel33:Microsoft-Windows-AAD/Operational|record91303",
              "source": "C:\\Fixture\\EventLogs\\AAD-Operational.evtx",
              "machine": "CONTOSO-PC01",
              "bundle": null,
              "channel": "Microsoft-Windows-AAD/Operational",
              "provider": "Microsoft-Windows-AAD",
              "processId": null,
              "eventId": 1098,
              "recordId": 91303,
              "recordIdText": "91303"
            }
          },
          {
            "timestampMs": 1791351823000,
            "severity": "info",
            "message": "Service started",
            "origin": {
              "kind": "event",
              "stableId": "source37:C:\\Fixture\\EventLogs\\Application.evtx|machine12:CONTOSO-PC01|channel11:Application|record91306",
              "source": "C:\\Fixture\\EventLogs\\Application.evtx",
              "machine": "CONTOSO-PC01",
              "bundle": null,
              "channel": "Application",
              "provider": "edgeupdate",
              "processId": null,
              "eventId": 0,
              "recordId": 91306,
              "recordIdText": "91306"
            }
          },
          {
            "timestampMs": 1791351833000,
            "severity": "warning",
            "message": "Name resolution for the name login.microsoftonline.com timed out after none of the configured DNS servers responded.",
            "origin": {
              "kind": "event",
              "stableId": "source32:C:\\Fixture\\EventLogs\\System.evtx|machine12:CONTOSO-PC01|channel6:System|record91309",
              "source": "C:\\Fixture\\EventLogs\\System.evtx",
              "machine": "CONTOSO-PC01",
              "bundle": null,
              "channel": "System",
              "provider": "Microsoft-Windows-DNS-Client",
              "processId": null,
              "eventId": 1014,
              "recordId": 91309,
              "recordIdText": "91309"
            }
          },
          {
            "timestampMs": 1791352024000,
            "severity": "info",
            "message": "The Background Intelligent Transfer Service service entered the running state.",
            "origin": {
              "kind": "event",
              "stableId": "source32:C:\\Fixture\\EventLogs\\System.evtx|machine12:CONTOSO-PC01|channel6:System|record91312",
              "source": "C:\\Fixture\\EventLogs\\System.evtx",
              "machine": "CONTOSO-PC01",
              "bundle": null,
              "channel": "System",
              "provider": "Service Control Manager",
              "processId": null,
              "eventId": 7036,
              "recordId": 91312,
              "recordIdText": "91312"
            }
          },
          {
            "timestampMs": 1791352034000,
            "severity": "warning",
            "message": "Windows detected your registry file is still in use by other applications or services.",
            "origin": {
              "kind": "event",
              "stableId": "source37:C:\\Fixture\\EventLogs\\Application.evtx|machine12:CONTOSO-PC01|channel11:Application|record91315",
              "source": "C:\\Fixture\\EventLogs\\Application.evtx",
              "machine": "CONTOSO-PC01",
              "bundle": null,
              "channel": "Application",
              "provider": "Microsoft-Windows-User Profiles Service",
              "processId": null,
              "eventId": 1530,
              "recordId": 91315,
              "recordIdText": "91315"
            }
          },
          {
            "timestampMs": 1791352063000,
            "severity": "info",
            "message": "The system time has changed.",
            "origin": {
              "kind": "event",
              "stableId": "source32:C:\\Fixture\\EventLogs\\System.evtx|machine12:CONTOSO-PC01|channel6:System|record91318",
              "source": "C:\\Fixture\\EventLogs\\System.evtx",
              "machine": "CONTOSO-PC01",
              "bundle": null,
              "channel": "System",
              "provider": "Microsoft-Windows-Kernel-General",
              "processId": null,
              "eventId": 1,
              "recordId": 91318,
              "recordIdText": "91318"
            }
          },
          {
            "timestampMs": 1791352070000,
            "severity": "warning",
            "message": "The application-specific permission settings do not grant Local Activation permission for the COM Server application.",
            "origin": {
              "kind": "event",
              "stableId": "source32:C:\\Fixture\\EventLogs\\System.evtx|machine12:CONTOSO-PC01|channel6:System|record91321",
              "source": "C:\\Fixture\\EventLogs\\System.evtx",
              "machine": "CONTOSO-PC01",
              "bundle": null,
              "channel": "System",
              "provider": "Microsoft-Windows-DistributedCOM",
              "processId": null,
              "eventId": 10016,
              "recordId": 91321,
              "recordIdText": "91321"
            }
          },
          {
            "timestampMs": 1791352107000,
            "severity": "info",
            "message": "Successfully scheduled Software Protection service for re-start.",
            "origin": {
              "kind": "event",
              "stableId": "source37:C:\\Fixture\\EventLogs\\Application.evtx|machine12:CONTOSO-PC01|channel11:Application|record91324",
              "source": "C:\\Fixture\\EventLogs\\Application.evtx",
              "machine": "CONTOSO-PC01",
              "bundle": null,
              "channel": "Application",
              "provider": "Microsoft-Windows-Security-SPP",
              "processId": null,
              "eventId": 16384,
              "recordId": 91324,
              "recordIdText": "91324"
            }
          },
          {
            "timestampMs": 1791352198000,
            "severity": "info",
            "message": "The access history in hive \\??\\C:\\Users\\user01\\NTUSER.DAT was cleared.",
            "origin": {
              "kind": "event",
              "stableId": "source32:C:\\Fixture\\EventLogs\\System.evtx|machine12:CONTOSO-PC01|channel6:System|record91327",
              "source": "C:\\Fixture\\EventLogs\\System.evtx",
              "machine": "CONTOSO-PC01",
              "bundle": null,
              "channel": "System",
              "provider": "Microsoft-Windows-Kernel-General",
              "processId": null,
              "eventId": 16,
              "recordId": 91327,
              "recordIdText": "91327"
            }
          },
          {
            "timestampMs": 1791352461000,
            "severity": "info",
            "message": "AAD Cloud AP plugin call Plugin initialize returned success.",
            "origin": {
              "kind": "event",
              "stableId": "source41:C:\\Fixture\\EventLogs\\AAD-Operational.evtx|machine12:CONTOSO-PC01|channel33:Microsoft-Windows-AAD/Operational|record91330",
              "source": "C:\\Fixture\\EventLogs\\AAD-Operational.evtx",
              "machine": "CONTOSO-PC01",
              "bundle": null,
              "channel": "Microsoft-Windows-AAD/Operational",
              "provider": "Microsoft-Windows-AAD",
              "processId": null,
              "eventId": 1104,
              "recordId": 91330,
              "recordIdText": "91330"
            }
          },
          {
            "timestampMs": 1791352476000,
            "severity": "info",
            "message": "Service started",
            "origin": {
              "kind": "event",
              "stableId": "source37:C:\\Fixture\\EventLogs\\Application.evtx|machine12:CONTOSO-PC01|channel11:Application|record91333",
              "source": "C:\\Fixture\\EventLogs\\Application.evtx",
              "machine": "CONTOSO-PC01",
              "bundle": null,
              "channel": "Application",
              "provider": "edgeupdate",
              "processId": null,
              "eventId": 0,
              "recordId": 91333,
              "recordIdText": "91333"
            }
          },
          {
            "timestampMs": 1791352522000,
            "severity": "info",
            "message": "The Windows Modules Installer service entered the running state.",
            "origin": {
              "kind": "event",
              "stableId": "source32:C:\\Fixture\\EventLogs\\System.evtx|machine12:CONTOSO-PC01|channel6:System|record91336",
              "source": "C:\\Fixture\\EventLogs\\System.evtx",
              "machine": "CONTOSO-PC01",
              "bundle": null,
              "channel": "System",
              "provider": "Service Control Manager",
              "processId": null,
              "eventId": 7036,
              "recordId": 91336,
              "recordIdText": "91336"
            }
          },
          {
            "timestampMs": 1791352527000,
            "severity": "warning",
            "message": "Http request status: 400. Method: POST.",
            "origin": {
              "kind": "event",
              "stableId": "source41:C:\\Fixture\\EventLogs\\AAD-Operational.evtx|machine12:CONTOSO-PC01|channel33:Microsoft-Windows-AAD/Operational|record91339",
              "source": "C:\\Fixture\\EventLogs\\AAD-Operational.evtx",
              "machine": "CONTOSO-PC01",
              "bundle": null,
              "channel": "Microsoft-Windows-AAD/Operational",
              "provider": "Microsoft-Windows-AAD",
              "processId": null,
              "eventId": 1097,
              "recordId": 91339,
              "recordIdText": "91339"
            }
          },
          {
            "timestampMs": 1791352532000,
            "severity": "info",
            "message": "Successfully scheduled Software Protection service for re-start.",
            "origin": {
              "kind": "event",
              "stableId": "source37:C:\\Fixture\\EventLogs\\Application.evtx|machine12:CONTOSO-PC01|channel11:Application|record91342",
              "source": "C:\\Fixture\\EventLogs\\Application.evtx",
              "machine": "CONTOSO-PC01",
              "bundle": null,
              "channel": "Application",
              "provider": "Microsoft-Windows-Security-SPP",
              "processId": null,
              "eventId": 16384,
              "recordId": 91342,
              "recordIdText": "91342"
            }
          },
          {
            "timestampMs": 1791352621000,
            "severity": "info",
            "message": "The start type of the Background Intelligent Transfer Service service was changed from demand start to auto start.",
            "origin": {
              "kind": "event",
              "stableId": "source32:C:\\Fixture\\EventLogs\\System.evtx|machine12:CONTOSO-PC01|channel6:System|record91345",
              "source": "C:\\Fixture\\EventLogs\\System.evtx",
              "machine": "CONTOSO-PC01",
              "bundle": null,
              "channel": "System",
              "provider": "Service Control Manager",
              "processId": null,
              "eventId": 7040,
              "recordId": 91345,
              "recordIdText": "91345"
            }
          },
          {
            "timestampMs": 1791352711000,
            "severity": "warning",
            "message": "Name resolution for the name login.microsoftonline.com timed out after none of the configured DNS servers responded.",
            "origin": {
              "kind": "event",
              "stableId": "source32:C:\\Fixture\\EventLogs\\System.evtx|machine12:CONTOSO-PC01|channel6:System|record91348",
              "source": "C:\\Fixture\\EventLogs\\System.evtx",
              "machine": "CONTOSO-PC01",
              "bundle": null,
              "channel": "System",
              "provider": "Microsoft-Windows-DNS-Client",
              "processId": null,
              "eventId": 1014,
              "recordId": 91348,
              "recordIdText": "91348"
            }
          },
          {
            "timestampMs": 1791352754000,
            "severity": "info",
            "message": "The Windows Modules Installer service entered the stopped state.",
            "origin": {
              "kind": "event",
              "stableId": "source32:C:\\Fixture\\EventLogs\\System.evtx|machine12:CONTOSO-PC01|channel6:System|record91351",
              "source": "C:\\Fixture\\EventLogs\\System.evtx",
              "machine": "CONTOSO-PC01",
              "bundle": null,
              "channel": "System",
              "provider": "Service Control Manager",
              "processId": null,
              "eventId": 7036,
              "recordId": 91351,
              "recordIdText": "91351"
            }
          },
          {
            "timestampMs": 1791352755000,
            "severity": "info",
            "message": "Successfully scheduled Software Protection service for re-start.",
            "origin": {
              "kind": "event",
              "stableId": "source37:C:\\Fixture\\EventLogs\\Application.evtx|machine12:CONTOSO-PC01|channel11:Application|record91354",
              "source": "C:\\Fixture\\EventLogs\\Application.evtx",
              "machine": "CONTOSO-PC01",
              "bundle": null,
              "channel": "Application",
              "provider": "Microsoft-Windows-Security-SPP",
              "processId": null,
              "eventId": 16384,
              "recordId": 91354,
              "recordIdText": "91354"
            }
          },
          {
            "timestampMs": 1791352794000,
            "severity": "info",
            "message": "The WinHTTP Web Proxy Auto-Discovery service entered the running state.",
            "origin": {
              "kind": "event",
              "stableId": "source32:C:\\Fixture\\EventLogs\\System.evtx|machine12:CONTOSO-PC01|channel6:System|record91357",
              "source": "C:\\Fixture\\EventLogs\\System.evtx",
              "machine": "CONTOSO-PC01",
              "bundle": null,
              "channel": "System",
              "provider": "Service Control Manager",
              "processId": null,
              "eventId": 7036,
              "recordId": 91357,
              "recordIdText": "91357"
            }
          },
          {
            "timestampMs": 1791352820000,
            "severity": "info",
            "message": "The Background Intelligent Transfer Service service entered the running state.",
            "origin": {
              "kind": "event",
              "stableId": "source32:C:\\Fixture\\EventLogs\\System.evtx|machine12:CONTOSO-PC01|channel6:System|record91360",
              "source": "C:\\Fixture\\EventLogs\\System.evtx",
              "machine": "CONTOSO-PC01",
              "bundle": null,
              "channel": "System",
              "provider": "Service Control Manager",
              "processId": null,
              "eventId": 7036,
              "recordId": 91360,
              "recordIdText": "91360"
            }
          },
          {
            "timestampMs": 1791352825000,
            "severity": "info",
            "message": "AAD Cloud AP plugin call Plugin initialize returned success.",
            "origin": {
              "kind": "event",
              "stableId": "source41:C:\\Fixture\\EventLogs\\AAD-Operational.evtx|machine12:CONTOSO-PC01|channel33:Microsoft-Windows-AAD/Operational|record91363",
              "source": "C:\\Fixture\\EventLogs\\AAD-Operational.evtx",
              "machine": "CONTOSO-PC01",
              "bundle": null,
              "channel": "Microsoft-Windows-AAD/Operational",
              "provider": "Microsoft-Windows-AAD",
              "processId": null,
              "eventId": 1104,
              "recordId": 91363,
              "recordIdText": "91363"
            }
          },
          {
            "timestampMs": 1791352851000,
            "severity": "info",
            "message": "The start type of the Background Intelligent Transfer Service service was changed from demand start to auto start.",
            "origin": {
              "kind": "event",
              "stableId": "source32:C:\\Fixture\\EventLogs\\System.evtx|machine12:CONTOSO-PC01|channel6:System|record91366",
              "source": "C:\\Fixture\\EventLogs\\System.evtx",
              "machine": "CONTOSO-PC01",
              "bundle": null,
              "channel": "System",
              "provider": "Service Control Manager",
              "processId": null,
              "eventId": 7040,
              "recordId": 91366,
              "recordIdText": "91366"
            }
          },
          {
            "timestampMs": 1791352854000,
            "severity": "warning",
            "message": "Name resolution for the name enterpriseregistration.windows.net timed out after none of the configured DNS servers responded.",
            "origin": {
              "kind": "event",
              "stableId": "source32:C:\\Fixture\\EventLogs\\System.evtx|machine12:CONTOSO-PC01|channel6:System|record91369",
              "source": "C:\\Fixture\\EventLogs\\System.evtx",
              "machine": "CONTOSO-PC01",
              "bundle": null,
              "channel": "System",
              "provider": "Microsoft-Windows-DNS-Client",
              "processId": null,
              "eventId": 1014,
              "recordId": 91369,
              "recordIdText": "91369"
            }
          },
          {
            "timestampMs": 1791352909000,
            "severity": "warning",
            "message": "Name resolution for the name enrollment.manage.microsoft.com timed out after none of the configured DNS servers responded.",
            "origin": {
              "kind": "event",
              "stableId": "source32:C:\\Fixture\\EventLogs\\System.evtx|machine12:CONTOSO-PC01|channel6:System|record91372",
              "source": "C:\\Fixture\\EventLogs\\System.evtx",
              "machine": "CONTOSO-PC01",
              "bundle": null,
              "channel": "System",
              "provider": "Microsoft-Windows-DNS-Client",
              "processId": null,
              "eventId": 1014,
              "recordId": 91372,
              "recordIdText": "91372"
            }
          },
          {
            "timestampMs": 1791352949000,
            "severity": "info",
            "message": "The Intune Management Extension service entered the stopped state.",
            "origin": {
              "kind": "event",
              "stableId": "source32:C:\\Fixture\\EventLogs\\System.evtx|machine12:CONTOSO-PC01|channel6:System|record91375",
              "source": "C:\\Fixture\\EventLogs\\System.evtx",
              "machine": "CONTOSO-PC01",
              "bundle": null,
              "channel": "System",
              "provider": "Service Control Manager",
              "processId": null,
              "eventId": 7036,
              "recordId": 91375,
              "recordIdText": "91375"
            }
          },
          {
            "timestampMs": 1791352971000,
            "severity": "info",
            "message": "Service started",
            "origin": {
              "kind": "event",
              "stableId": "source37:C:\\Fixture\\EventLogs\\Application.evtx|machine12:CONTOSO-PC01|channel11:Application|record91378",
              "source": "C:\\Fixture\\EventLogs\\Application.evtx",
              "machine": "CONTOSO-PC01",
              "bundle": null,
              "channel": "Application",
              "provider": "edgeupdate",
              "processId": null,
              "eventId": 0,
              "recordId": 91378,
              "recordIdText": "91378"
            }
          },
          {
            "timestampMs": 1791353045000,
            "severity": "info",
            "message": "OAuth response received for resource https://enrollment.manage.microsoft.com/.",
            "origin": {
              "kind": "event",
              "stableId": "source41:C:\\Fixture\\EventLogs\\AAD-Operational.evtx|machine12:CONTOSO-PC01|channel33:Microsoft-Windows-AAD/Operational|record91381",
              "source": "C:\\Fixture\\EventLogs\\AAD-Operational.evtx",
              "machine": "CONTOSO-PC01",
              "bundle": null,
              "channel": "Microsoft-Windows-AAD/Operational",
              "provider": "Microsoft-Windows-AAD",
              "processId": null,
              "eventId": 1081,
              "recordId": 91381,
              "recordIdText": "91381"
            }
          },
          {
            "timestampMs": 1791353054000,
            "severity": "info",
            "message": "AAD Cloud AP plugin call Plugin initialize returned success.",
            "origin": {
              "kind": "event",
              "stableId": "source41:C:\\Fixture\\EventLogs\\AAD-Operational.evtx|machine12:CONTOSO-PC01|channel33:Microsoft-Windows-AAD/Operational|record91384",
              "source": "C:\\Fixture\\EventLogs\\AAD-Operational.evtx",
              "machine": "CONTOSO-PC01",
              "bundle": null,
              "channel": "Microsoft-Windows-AAD/Operational",
              "provider": "Microsoft-Windows-AAD",
              "processId": null,
              "eventId": 1104,
              "recordId": 91384,
              "recordIdText": "91384"
            }
          },
          {
            "timestampMs": 1791353110000,
            "severity": "info",
            "message": "The Delivery Optimization service entered the running state.",
            "origin": {
              "kind": "event",
              "stableId": "source32:C:\\Fixture\\EventLogs\\System.evtx|machine12:CONTOSO-PC01|channel6:System|record91387",
              "source": "C:\\Fixture\\EventLogs\\System.evtx",
              "machine": "CONTOSO-PC01",
              "bundle": null,
              "channel": "System",
              "provider": "Service Control Manager",
              "processId": null,
              "eventId": 7036,
              "recordId": 91387,
              "recordIdText": "91387"
            }
          },
          {
            "timestampMs": 1791353200000,
            "severity": "error",
            "message": "Faulting application name: ContosoAgent.exe, version: 4.2.0.1, faulting module: ntdll.dll",
            "origin": {
              "kind": "event",
              "stableId": "source37:C:\\Fixture\\EventLogs\\Application.evtx|machine12:CONTOSO-PC01|channel11:Application|record91390",
              "source": "C:\\Fixture\\EventLogs\\Application.evtx",
              "machine": "CONTOSO-PC01",
              "bundle": null,
              "channel": "Application",
              "provider": "Application Error",
              "processId": null,
              "eventId": 1000,
              "recordId": 91390,
              "recordIdText": "91390"
            }
          },
          {
            "timestampMs": 1791353209000,
            "severity": "info",
            "message": "AAD Cloud AP plugin call Plugin initialize returned success.",
            "origin": {
              "kind": "event",
              "stableId": "source41:C:\\Fixture\\EventLogs\\AAD-Operational.evtx|machine12:CONTOSO-PC01|channel33:Microsoft-Windows-AAD/Operational|record91393",
              "source": "C:\\Fixture\\EventLogs\\AAD-Operational.evtx",
              "machine": "CONTOSO-PC01",
              "bundle": null,
              "channel": "Microsoft-Windows-AAD/Operational",
              "provider": "Microsoft-Windows-AAD",
              "processId": null,
              "eventId": 1104,
              "recordId": 91393,
              "recordIdText": "91393"
            }
          },
          {
            "timestampMs": 1791353222000,
            "severity": "info",
            "message": "OAuth response received for resource https://enrollment.manage.microsoft.com/.",
            "origin": {
              "kind": "event",
              "stableId": "source41:C:\\Fixture\\EventLogs\\AAD-Operational.evtx|machine12:CONTOSO-PC01|channel33:Microsoft-Windows-AAD/Operational|record91396",
              "source": "C:\\Fixture\\EventLogs\\AAD-Operational.evtx",
              "machine": "CONTOSO-PC01",
              "bundle": null,
              "channel": "Microsoft-Windows-AAD/Operational",
              "provider": "Microsoft-Windows-AAD",
              "processId": null,
              "eventId": 1081,
              "recordId": 91396,
              "recordIdText": "91396"
            }
          },
          {
            "timestampMs": 1791353296000,
            "severity": "info",
            "message": "The Intune Management Extension service entered the running state.",
            "origin": {
              "kind": "event",
              "stableId": "source32:C:\\Fixture\\EventLogs\\System.evtx|machine12:CONTOSO-PC01|channel6:System|record91399",
              "source": "C:\\Fixture\\EventLogs\\System.evtx",
              "machine": "CONTOSO-PC01",
              "bundle": null,
              "channel": "System",
              "provider": "Service Control Manager",
              "processId": null,
              "eventId": 7036,
              "recordId": 91399,
              "recordIdText": "91399"
            }
          },
          {
            "timestampMs": 1791353315000,
            "severity": "info",
            "message": "The Microsoft Edge Update service entered the stopped state.",
            "origin": {
              "kind": "event",
              "stableId": "source32:C:\\Fixture\\EventLogs\\System.evtx|machine12:CONTOSO-PC01|channel6:System|record91402",
              "source": "C:\\Fixture\\EventLogs\\System.evtx",
              "machine": "CONTOSO-PC01",
              "bundle": null,
              "channel": "System",
              "provider": "Service Control Manager",
              "processId": null,
              "eventId": 7036,
              "recordId": 91402,
              "recordIdText": "91402"
            }
          },
          {
            "timestampMs": 1791353372000,
            "severity": "info",
            "message": "Service started",
            "origin": {
              "kind": "event",
              "stableId": "source37:C:\\Fixture\\EventLogs\\Application.evtx|machine12:CONTOSO-PC01|channel11:Application|record91405",
              "source": "C:\\Fixture\\EventLogs\\Application.evtx",
              "machine": "CONTOSO-PC01",
              "bundle": null,
              "channel": "Application",
              "provider": "edgeupdate",
              "processId": null,
              "eventId": 0,
              "recordId": 91405,
              "recordIdText": "91405"
            }
          },
          {
            "timestampMs": 1791353373000,
            "severity": "info",
            "message": "The Background Intelligent Transfer Service service entered the running state.",
            "origin": {
              "kind": "event",
              "stableId": "source32:C:\\Fixture\\EventLogs\\System.evtx|machine12:CONTOSO-PC01|channel6:System|record91408",
              "source": "C:\\Fixture\\EventLogs\\System.evtx",
              "machine": "CONTOSO-PC01",
              "bundle": null,
              "channel": "System",
              "provider": "Service Control Manager",
              "processId": null,
              "eventId": 7036,
              "recordId": 91408,
              "recordIdText": "91408"
            }
          },
          {
            "timestampMs": 1791353398000,
            "severity": "warning",
            "message": "Windows detected your registry file is still in use by other applications or services.",
            "origin": {
              "kind": "event",
              "stableId": "source37:C:\\Fixture\\EventLogs\\Application.evtx|machine12:CONTOSO-PC01|channel11:Application|record91411",
              "source": "C:\\Fixture\\EventLogs\\Application.evtx",
              "machine": "CONTOSO-PC01",
              "bundle": null,
              "channel": "Application",
              "provider": "Microsoft-Windows-User Profiles Service",
              "processId": null,
              "eventId": 1530,
              "recordId": 91411,
              "recordIdText": "91411"
            }
          },
          {
            "timestampMs": 1791353487000,
            "severity": "info",
            "message": "The Windows Modules Installer service entered the running state.",
            "origin": {
              "kind": "event",
              "stableId": "source32:C:\\Fixture\\EventLogs\\System.evtx|machine12:CONTOSO-PC01|channel6:System|record91414",
              "source": "C:\\Fixture\\EventLogs\\System.evtx",
              "machine": "CONTOSO-PC01",
              "bundle": null,
              "channel": "System",
              "provider": "Service Control Manager",
              "processId": null,
              "eventId": 7036,
              "recordId": 91414,
              "recordIdText": "91414"
            }
          },
          {
            "timestampMs": 1791353488000,
            "severity": "info",
            "message": "Service started",
            "origin": {
              "kind": "event",
              "stableId": "source37:C:\\Fixture\\EventLogs\\Application.evtx|machine12:CONTOSO-PC01|channel11:Application|record91417",
              "source": "C:\\Fixture\\EventLogs\\Application.evtx",
              "machine": "CONTOSO-PC01",
              "bundle": null,
              "channel": "Application",
              "provider": "edgeupdate",
              "processId": null,
              "eventId": 0,
              "recordId": 91417,
              "recordIdText": "91417"
            }
          },
          {
            "timestampMs": 1791353505000,
            "severity": "info",
            "message": "Service started",
            "origin": {
              "kind": "event",
              "stableId": "source37:C:\\Fixture\\EventLogs\\Application.evtx|machine12:CONTOSO-PC01|channel11:Application|record91420",
              "source": "C:\\Fixture\\EventLogs\\Application.evtx",
              "machine": "CONTOSO-PC01",
              "bundle": null,
              "channel": "Application",
              "provider": "edgeupdate",
              "processId": null,
              "eventId": 0,
              "recordId": 91420,
              "recordIdText": "91420"
            }
          },
          {
            "timestampMs": 1791353511000,
            "severity": "info",
            "message": "Service started",
            "origin": {
              "kind": "event",
              "stableId": "source37:C:\\Fixture\\EventLogs\\Application.evtx|machine12:CONTOSO-PC01|channel11:Application|record91423",
              "source": "C:\\Fixture\\EventLogs\\Application.evtx",
              "machine": "CONTOSO-PC01",
              "bundle": null,
              "channel": "Application",
              "provider": "edgeupdate",
              "processId": null,
              "eventId": 0,
              "recordId": 91423,
              "recordIdText": "91423"
            }
          },
          {
            "timestampMs": 1791353611000,
            "severity": "info",
            "message": "The Windows Modules Installer service entered the stopped state.",
            "origin": {
              "kind": "event",
              "stableId": "source32:C:\\Fixture\\EventLogs\\System.evtx|machine12:CONTOSO-PC01|channel6:System|record91426",
              "source": "C:\\Fixture\\EventLogs\\System.evtx",
              "machine": "CONTOSO-PC01",
              "bundle": null,
              "channel": "System",
              "provider": "Service Control Manager",
              "processId": null,
              "eventId": 7036,
              "recordId": 91426,
              "recordIdText": "91426"
            }
          },
          {
            "timestampMs": 1791353667000,
            "severity": "info",
            "message": "The access history in hive \\??\\C:\\Users\\user01\\NTUSER.DAT was cleared.",
            "origin": {
              "kind": "event",
              "stableId": "source32:C:\\Fixture\\EventLogs\\System.evtx|machine12:CONTOSO-PC01|channel6:System|record91429",
              "source": "C:\\Fixture\\EventLogs\\System.evtx",
              "machine": "CONTOSO-PC01",
              "bundle": null,
              "channel": "System",
              "provider": "Microsoft-Windows-Kernel-General",
              "processId": null,
              "eventId": 16,
              "recordId": 91429,
              "recordIdText": "91429"
            }
          },
          {
            "timestampMs": 1791353844000,
            "severity": "info",
            "message": "Successfully scheduled Software Protection service for re-start.",
            "origin": {
              "kind": "event",
              "stableId": "source37:C:\\Fixture\\EventLogs\\Application.evtx|machine12:CONTOSO-PC01|channel11:Application|record91432",
              "source": "C:\\Fixture\\EventLogs\\Application.evtx",
              "machine": "CONTOSO-PC01",
              "bundle": null,
              "channel": "Application",
              "provider": "Microsoft-Windows-Security-SPP",
              "processId": null,
              "eventId": 16384,
              "recordId": 91432,
              "recordIdText": "91432"
            }
          },
          {
            "timestampMs": 1791354042000,
            "severity": "info",
            "message": "Beginning a Windows Installer transaction.",
            "origin": {
              "kind": "event",
              "stableId": "source37:C:\\Fixture\\EventLogs\\Application.evtx|machine12:CONTOSO-PC01|channel11:Application|record91435",
              "source": "C:\\Fixture\\EventLogs\\Application.evtx",
              "machine": "CONTOSO-PC01",
              "bundle": null,
              "channel": "Application",
              "provider": "MsiInstaller",
              "processId": null,
              "eventId": 1040,
              "recordId": 91435,
              "recordIdText": "91435"
            }
          },
          {
            "timestampMs": 1791354083000,
            "severity": "info",
            "message": "Service started",
            "origin": {
              "kind": "event",
              "stableId": "source37:C:\\Fixture\\EventLogs\\Application.evtx|machine12:CONTOSO-PC01|channel11:Application|record91438",
              "source": "C:\\Fixture\\EventLogs\\Application.evtx",
              "machine": "CONTOSO-PC01",
              "bundle": null,
              "channel": "Application",
              "provider": "edgeupdate",
              "processId": null,
              "eventId": 0,
              "recordId": 91438,
              "recordIdText": "91438"
            }
          },
          {
            "timestampMs": 1791354113000,
            "severity": "info",
            "message": "OAuth response received for resource https://enrollment.manage.microsoft.com/.",
            "origin": {
              "kind": "event",
              "stableId": "source41:C:\\Fixture\\EventLogs\\AAD-Operational.evtx|machine12:CONTOSO-PC01|channel33:Microsoft-Windows-AAD/Operational|record91441",
              "source": "C:\\Fixture\\EventLogs\\AAD-Operational.evtx",
              "machine": "CONTOSO-PC01",
              "bundle": null,
              "channel": "Microsoft-Windows-AAD/Operational",
              "provider": "Microsoft-Windows-AAD",
              "processId": null,
              "eventId": 1081,
              "recordId": 91441,
              "recordIdText": "91441"
            }
          },
          {
            "timestampMs": 1791354139000,
            "severity": "info",
            "message": "AAD Cloud AP plugin call Plugin initialize returned success.",
            "origin": {
              "kind": "event",
              "stableId": "source41:C:\\Fixture\\EventLogs\\AAD-Operational.evtx|machine12:CONTOSO-PC01|channel33:Microsoft-Windows-AAD/Operational|record91444",
              "source": "C:\\Fixture\\EventLogs\\AAD-Operational.evtx",
              "machine": "CONTOSO-PC01",
              "bundle": null,
              "channel": "Microsoft-Windows-AAD/Operational",
              "provider": "Microsoft-Windows-AAD",
              "processId": null,
              "eventId": 1104,
              "recordId": 91444,
              "recordIdText": "91444"
            }
          },
          {
            "timestampMs": 1791354169000,
            "severity": "info",
            "message": "Successfully scheduled Software Protection service for re-start.",
            "origin": {
              "kind": "event",
              "stableId": "source37:C:\\Fixture\\EventLogs\\Application.evtx|machine12:CONTOSO-PC01|channel11:Application|record91447",
              "source": "C:\\Fixture\\EventLogs\\Application.evtx",
              "machine": "CONTOSO-PC01",
              "bundle": null,
              "channel": "Application",
              "provider": "Microsoft-Windows-Security-SPP",
              "processId": null,
              "eventId": 16384,
              "recordId": 91447,
              "recordIdText": "91447"
            }
          },
          {
            "timestampMs": 1791354173000,
            "severity": "info",
            "message": "The Microsoft Edge Update service entered the stopped state.",
            "origin": {
              "kind": "event",
              "stableId": "source32:C:\\Fixture\\EventLogs\\System.evtx|machine12:CONTOSO-PC01|channel6:System|record91450",
              "source": "C:\\Fixture\\EventLogs\\System.evtx",
              "machine": "CONTOSO-PC01",
              "bundle": null,
              "channel": "System",
              "provider": "Service Control Manager",
              "processId": null,
              "eventId": 7036,
              "recordId": 91450,
              "recordIdText": "91450"
            }
          },
          {
            "timestampMs": 1791354215000,
            "severity": "info",
            "message": "MDM PolicyManager: Set policy int, Area: (DeviceLock).",
            "origin": {
              "kind": "event",
              "stableId": "source48:C:\\Fixture\\EventLogs\\DeviceManagement-Admin.evtx|machine12:CONTOSO-PC01|channel72:Microsoft-Windows-DeviceManagement-Enterprise-Diagnostics-Provider/Admin|record91453",
              "source": "C:\\Fixture\\EventLogs\\DeviceManagement-Admin.evtx",
              "machine": "CONTOSO-PC01",
              "bundle": null,
              "channel": "Microsoft-Windows-DeviceManagement-Enterprise-Diagnostics-Provider/Admin",
              "provider": "Microsoft-Windows-DeviceManagement-Enterprise-Diagnostics-Provider",
              "processId": null,
              "eventId": 813,
              "recordId": 91453,
              "recordIdText": "91453"
            }
          },
          {
            "timestampMs": 1791354219000,
            "severity": "warning",
            "message": "Token broker operation failed.",
            "origin": {
              "kind": "event",
              "stableId": "source41:C:\\Fixture\\EventLogs\\AAD-Operational.evtx|machine12:CONTOSO-PC01|channel33:Microsoft-Windows-AAD/Operational|record91456",
              "source": "C:\\Fixture\\EventLogs\\AAD-Operational.evtx",
              "machine": "CONTOSO-PC01",
              "bundle": null,
              "channel": "Microsoft-Windows-AAD/Operational",
              "provider": "Microsoft-Windows-AAD",
              "processId": null,
              "eventId": 1098,
              "recordId": 91456,
              "recordIdText": "91456"
            }
          },
          {
            "timestampMs": 1791354407000,
            "severity": "info",
            "message": "The WinHTTP Web Proxy Auto-Discovery service entered the stopped state.",
            "origin": {
              "kind": "event",
              "stableId": "source32:C:\\Fixture\\EventLogs\\System.evtx|machine12:CONTOSO-PC01|channel6:System|record91459",
              "source": "C:\\Fixture\\EventLogs\\System.evtx",
              "machine": "CONTOSO-PC01",
              "bundle": null,
              "channel": "System",
              "provider": "Service Control Manager",
              "processId": null,
              "eventId": 7036,
              "recordId": 91459,
              "recordIdText": "91459"
            }
          },
          {
            "timestampMs": 1791354429000,
            "severity": "warning",
            "message": "The application-specific permission settings do not grant Local Activation permission for the COM Server application.",
            "origin": {
              "kind": "event",
              "stableId": "source32:C:\\Fixture\\EventLogs\\System.evtx|machine12:CONTOSO-PC01|channel6:System|record91462",
              "source": "C:\\Fixture\\EventLogs\\System.evtx",
              "machine": "CONTOSO-PC01",
              "bundle": null,
              "channel": "System",
              "provider": "Microsoft-Windows-DistributedCOM",
              "processId": null,
              "eventId": 10016,
              "recordId": 91462,
              "recordIdText": "91462"
            }
          },
          {
            "timestampMs": 1791354594000,
            "severity": "info",
            "message": "MDM Enroll: auto-enrollment triggered by policy",
            "origin": {
              "kind": "event",
              "stableId": "source48:C:\\Fixture\\EventLogs\\DeviceManagement-Admin.evtx|machine12:CONTOSO-PC01|channel72:Microsoft-Windows-DeviceManagement-Enterprise-Diagnostics-Provider/Admin|record91465",
              "source": "C:\\Fixture\\EventLogs\\DeviceManagement-Admin.evtx",
              "machine": "CONTOSO-PC01",
              "bundle": null,
              "channel": "Microsoft-Windows-DeviceManagement-Enterprise-Diagnostics-Provider/Admin",
              "provider": "Microsoft-Windows-DeviceManagement-Enterprise-Diagnostics-Provider",
              "processId": null,
              "eventId": 72,
              "recordId": 91465,
              "recordIdText": "91465"
            }
          },
          {
            "timestampMs": 1791354600000,
            "severity": "error",
            "message": "Auto MDM Enroll: Failed",
            "origin": {
              "kind": "event",
              "stableId": "source48:C:\\Fixture\\EventLogs\\DeviceManagement-Admin.evtx|machine12:CONTOSO-PC01|channel72:Microsoft-Windows-DeviceManagement-Enterprise-Diagnostics-Provider/Admin|record91468",
              "source": "C:\\Fixture\\EventLogs\\DeviceManagement-Admin.evtx",
              "machine": "CONTOSO-PC01",
              "bundle": null,
              "channel": "Microsoft-Windows-DeviceManagement-Enterprise-Diagnostics-Provider/Admin",
              "provider": "Microsoft-Windows-DeviceManagement-Enterprise-Diagnostics-Provider",
              "processId": null,
              "eventId": 76,
              "recordId": 91468,
              "recordIdText": "91468"
            }
          },
          {
            "timestampMs": 1791354613000,
            "severity": "info",
            "message": "The Background Intelligent Transfer Service service entered the running state.",
            "origin": {
              "kind": "event",
              "stableId": "source32:C:\\Fixture\\EventLogs\\System.evtx|machine12:CONTOSO-PC01|channel6:System|record91471",
              "source": "C:\\Fixture\\EventLogs\\System.evtx",
              "machine": "CONTOSO-PC01",
              "bundle": null,
              "channel": "System",
              "provider": "Service Control Manager",
              "processId": null,
              "eventId": 7036,
              "recordId": 91471,
              "recordIdText": "91471"
            }
          },
          {
            "timestampMs": 1791354730000,
            "severity": "warning",
            "message": "Token broker operation failed.",
            "origin": {
              "kind": "event",
              "stableId": "source41:C:\\Fixture\\EventLogs\\AAD-Operational.evtx|machine12:CONTOSO-PC01|channel33:Microsoft-Windows-AAD/Operational|record91474",
              "source": "C:\\Fixture\\EventLogs\\AAD-Operational.evtx",
              "machine": "CONTOSO-PC01",
              "bundle": null,
              "channel": "Microsoft-Windows-AAD/Operational",
              "provider": "Microsoft-Windows-AAD",
              "processId": null,
              "eventId": 1098,
              "recordId": 91474,
              "recordIdText": "91474"
            }
          },
          {
            "timestampMs": 1791355052000,
            "severity": "info",
            "message": "The WinHTTP Web Proxy Auto-Discovery service entered the stopped state.",
            "origin": {
              "kind": "event",
              "stableId": "source32:C:\\Fixture\\EventLogs\\System.evtx|machine12:CONTOSO-PC01|channel6:System|record91477",
              "source": "C:\\Fixture\\EventLogs\\System.evtx",
              "machine": "CONTOSO-PC01",
              "bundle": null,
              "channel": "System",
              "provider": "Service Control Manager",
              "processId": null,
              "eventId": 7036,
              "recordId": 91477,
              "recordIdText": "91477"
            }
          },
          {
            "timestampMs": 1791355102000,
            "severity": "warning",
            "message": "Name resolution for the name login.microsoftonline.com timed out after none of the configured DNS servers responded.",
            "origin": {
              "kind": "event",
              "stableId": "source32:C:\\Fixture\\EventLogs\\System.evtx|machine12:CONTOSO-PC01|channel6:System|record91480",
              "source": "C:\\Fixture\\EventLogs\\System.evtx",
              "machine": "CONTOSO-PC01",
              "bundle": null,
              "channel": "System",
              "provider": "Microsoft-Windows-DNS-Client",
              "processId": null,
              "eventId": 1014,
              "recordId": 91480,
              "recordIdText": "91480"
            }
          },
          {
            "timestampMs": 1791355140000,
            "severity": "info",
            "message": "AAD Cloud AP plugin call Plugin initialize returned success.",
            "origin": {
              "kind": "event",
              "stableId": "source41:C:\\Fixture\\EventLogs\\AAD-Operational.evtx|machine12:CONTOSO-PC01|channel33:Microsoft-Windows-AAD/Operational|record91483",
              "source": "C:\\Fixture\\EventLogs\\AAD-Operational.evtx",
              "machine": "CONTOSO-PC01",
              "bundle": null,
              "channel": "Microsoft-Windows-AAD/Operational",
              "provider": "Microsoft-Windows-AAD",
              "processId": null,
              "eventId": 1104,
              "recordId": 91483,
              "recordIdText": "91483"
            }
          },
