{"id":49,"eventRecordId":88363,"eventRecordIdText":"88363","timestamp":"2026-10-06T11:05:18.000Z","timestampEpoch":1791284718000,"provider":"Microsoft-Windows-DeviceManagement-Enterprise-Diagnostics-Provider","channel":"Microsoft-Windows-DeviceManagement-Enterprise-Diagnostics-Provider/Admin","eventId":813,"level":"Information","computer":"CONTOSO-PC01","message":"MDM PolicyManager: Set policy int, Area: (DeviceLock).","eventData":[{"name":"Data","value":"MDM PolicyManager: Set policy int, Area: (DeviceLock)."}],"rawXml":"<Event><System><Provider Name=\"Microsoft-Windows-DeviceManagement-Enterprise-Diagnostics-Provider\"/><EventID>813</EventID><EventRecordID>88363</EventRecordID><TimeCreated SystemTime=\"2026-10-06T11:05:18.000Z\"/><Channel>Microsoft-Windows-DeviceManagement-Enterprise-Diagnostics-Provider/Admin</Channel><Computer>CONTOSO-PC01</Computer></System><EventData><Data>MDM PolicyManager: Set policy int, Area: (DeviceLock).</Data></EventData></Event>","sourceLabel":"C:\\Fixture\\EventLogs\\DeviceManagement-Admin.evtx","originKind":"event","task":null,"opcode":null,"processId":null,"threadId":null,"userSid":null,"keywords":null,"mapped":[]},{"id":50,"eventRecordId":88366,"eventRecordIdText":"88366","timestamp":"2026-10-06T11:06:17.000Z","timestampEpoch":1791284777000,"provider":"edgeupdate","channel":"Application","eventId":0,"level":"Information","computer":"CONTOSO-PC01","message":"Service started","eventData":[{"name":"Data","value":"Service started"}],"rawXml":"<Event><System><Provider Name=\"edgeupdate\"/><EventID>0</EventID><EventRecordID>88366</EventRecordID><TimeCreated SystemTime=\"2026-10-06T11:06:17.000Z\"/><Channel>Application</Channel><Computer>CONTOSO-PC01</Computer></System><EventData><Data>Service started</Data></EventData></Event>","sourceLabel":"C:\\Fixture\\EventLogs\\Application.evtx","originKind":"event","task":null,"opcode":null,"processId":null,"threadId":null,"userSid":null,"keywords":null,"mapped":[]},{"id":51,"eventRecordId":88369,"eventRecordIdText":"88369","timestamp":"2026-10-06T11:07:20.000Z","timestampEpoch":1791284840000,"provider":"Service Control Manager","channel":"System","eventId":7040,"level":"Information","computer":"CONTOSO-PC01","message":"The start type of the Background Intelligent Transfer Service service was changed from demand start to auto start.","eventData":[{"name":"Data","value":"The start type of the Background Intelligent Transfer Service service was changed from demand start to auto start."}],"rawXml":"<Event><System><Provider Name=\"Service Control Manager\"/><EventID>7040</EventID><EventRecordID>88369</EventRecordID><TimeCreated SystemTime=\"2026-10-06T11:07:20.000Z\"/><Channel>System</Channel><Computer>CONTOSO-PC01</Computer></System><EventData><Data>The start type of the Background Intelligent Transfer Service service was changed from demand start to auto start.</Data></EventData></Event>","sourceLabel":"C:\\Fixture\\EventLogs\\System.evtx","originKind":"event","task":null,"opcode":null,"processId":null,"threadId":null,"userSid":null,"keywords":null,"mapped":[]},{"id":52,"eventRecordId":88372,"eventRecordIdText":"88372","timestamp":"2026-10-06T11:11:43.000Z","timestampEpoch":1791285103000,"provider":"Service Control Manager","channel":"System","eventId":7036,"level":"Information","computer":"CONTOSO-PC01","message":"The Windows Modules Installer service entered the running state.","eventData":[{"name":"Data","value":"The Windows Modules Installer service entered the running state."}],"rawXml":"<Event><System><Provider Name=\"Service Control Manager\"/><EventID>7036</EventID><EventRecordID>88372</EventRecordID><TimeCreated SystemTime=\"2026-10-06T11:11:43.000Z\"/><Channel>System</Channel><Computer>CONTOSO-PC01</Computer></System><EventData><Data>The Windows Modules Installer service entered the running state.</Data></EventData></Event>","sourceLabel":"C:\\Fixture\\EventLogs\\System.evtx","originKind":"event","task":null,"opcode":null,"processId":null,"threadId":null,"userSid":null,"keywords":null,"mapped":[]},{"id":53,"eventRecordId":88375,"eventRecordIdText":"88375","timestamp":"2026-10-06T11:16:26.000Z","timestampEpoch":1791285386000,"provider":"Service Control Manager","channel":"System","eventId":7031,"level":"Warning","computer":"CONTOSO-PC01","message":"The Contoso Update Service service terminated unexpectedly. It has done this 1 time(s).","eventData":[{"name":"Data","value":"The Contoso Update Service service terminated unexpectedly. It has done this 1 time(s)."}],"rawXml":"<Event><System><Provider Name=\"Service Control Manager\"/><EventID>7031</EventID><EventRecordID>88375</EventRecordID><TimeCreated SystemTime=\"2026-10-06T11:16:26.000Z\"/><Channel>System</Channel><Computer>CONTOSO-PC01</Computer></System><EventData><Data>The Contoso Update Service service terminated unexpectedly. It has done this 1 time(s).</Data></EventData></Event>","sourceLabel":"C:\\Fixture\\EventLogs\\System.evtx","originKind":"event","task":null,"opcode":null,"processId":null,"threadId":null,"userSid":null,"keywords":null,"mapped":[]},{"id":54,"eventRecordId":88378,"eventRecordIdText":"88378","timestamp":"2026-10-06T11:16:27.000Z","timestampEpoch":1791285387000,"provider":"Microsoft-Windows-DeviceManagement-Enterprise-Diagnostics-Provider","channel":"Microsoft-Windows-DeviceManagement-Enterprise-Diagnostics-Provider/Admin","eventId":813,"level":"Information","computer":"CONTOSO-PC01","message":"MDM PolicyManager: Set policy int, Area: (DeviceLock).","eventData":[{"name":"Data","value":"MDM PolicyManager: Set policy int, Area: (DeviceLock)."}],"rawXml":"<Event><System><Provider Name=\"Microsoft-Windows-DeviceManagement-Enterprise-Diagnostics-Provider\"/><EventID>813</EventID><EventRecordID>88378</EventRecordID><TimeCreated SystemTime=\"2026-10-06T11:16:27.000Z\"/><Channel>Microsoft-Windows-DeviceManagement-Enterprise-Diagnostics-Provider/Admin</Channel><Computer>CONTOSO-PC01</Computer></System><EventData><Data>MDM PolicyManager: Set policy int, Area: (DeviceLock).</Data></EventData></Event>","sourceLabel":"C:\\Fixture\\EventLogs\\DeviceManagement-Admin.evtx","originKind":"event","task":null,"opcode":null,"processId":null,"threadId":null,"userSid":null,"keywords":null,"mapped":[]},{"id":55,"eventRecordId":88381,"eventRecordIdText":"88381","timestamp":"2026-10-06T11:17:25.000Z","timestampEpoch":1791285445000,"provider":"edgeupdate","channel":"Application","eventId":0,"level":"Information","computer":"CONTOSO-PC01","message":"Service started","eventData":[{"name":"Data","value":"Service started"}],"rawXml":"<Event><System><Provider Name=\"edgeupdate\"/><EventID>0</EventID><EventRecordID>88381</EventRecordID><TimeCreated SystemTime=\"2026-10-06T11:17:25.000Z\"/><Channel>Application</Channel><Computer>CONTOSO-PC01</Computer></System><EventData><Data>Service started</Data></EventData></Event>","sourceLabel":"C:\\Fixture\\EventLogs\\Application.evtx","originKind":"event","task":null,"opcode":null,"processId":null,"threadId":null,"userSid":null,"keywords":null,"mapped":[]},{"id":56,"eventRecordId":88384,"eventRecordIdText":"88384","timestamp":"2026-10-06T11:17:50.000Z","timestampEpoch":1791285470000,"provider":"Service Control Manager","channel":"System","eventId":7036,"level":"Information","computer":"CONTOSO-PC01","message":"The Windows Modules Installer service entered the stopped state.","eventData":[{"name":"Data","value":"The Windows Modules Installer service entered the stopped state."}],"rawXml":"<Event><System><Provider Name=\"Service Control Manager\"/><EventID>7036</EventID><EventRecordID>88384</EventRecordID><TimeCreated SystemTime=\"2026-10-06T11:17:50.000Z\"/><Channel>System</Channel><Computer>CONTOSO-PC01</Computer></System><EventData><Data>The Windows Modules Installer service entered the stopped state.</Data></EventData></Event>","sourceLabel":"C:\\Fixture\\EventLogs\\System.evtx","originKind":"event","task":null,"opcode":null,"processId":null,"threadId":null,"userSid":null,"keywords":null,"mapped":[]},{"id":57,"eventRecordId":88387,"eventRecordIdText":"88387","timestamp":"2026-10-06T11:19:05.000Z","timestampEpoch":1791285545000,"provider":"Service Control Manager","channel":"System","eventId":7036,"level":"Information","computer":"CONTOSO-PC01","message":"The Background Intelligent Transfer Service service entered the stopped state.","eventData":[{"name":"Data","value":"The Background Intelligent Transfer Service service entered the stopped state."}],"rawXml":"<Event><System><Provider Name=\"Service Control Manager\"/><EventID>7036</EventID><EventRecordID>88387</EventRecordID><TimeCreated SystemTime=\"2026-10-06T11:19:05.000Z\"/><Channel>System</Channel><Computer>CONTOSO-PC01</Computer></System><EventData><Data>The Background Intelligent Transfer Service service entered the stopped state.</Data></EventData></Event>","sourceLabel":"C:\\Fixture\\EventLogs\\System.evtx","originKind":"event","task":null,"opcode":null,"processId":null,"threadId":null,"userSid":null,"keywords":null,"mapped":[]},{"id":58,"eventRecordId":88390,"eventRecordIdText":"88390","timestamp":"2026-10-06T11:19:10.000Z","timestampEpoch":1791285550000,"provider":"edgeupdate","channel":"Application","eventId":0,"level":"Information","computer":"CONTOSO-PC01","message":"Service started","eventData":[{"name":"Data","value":"Service started"}],"rawXml":"<Event><System><Provider Name=\"edgeupdate\"/><EventID>0</EventID><EventRecordID>88390</EventRecordID><TimeCreated SystemTime=\"2026-10-06T11:19:10.000Z\"/><Channel>Application</Channel><Computer>CONTOSO-PC01</Computer></System><EventData><Data>Service started</Data></EventData></Event>","sourceLabel":"C:\\Fixture\\EventLogs\\Application.evtx","originKind":"event","task":null,"opcode":null,"processId":null,"threadId":null,"userSid":null,"keywords":null,"mapped":[]},{"id":59,"eventRecordId":88393,"eventRecordIdText":"88393","timestamp":"2026-10-06T11:19:12.000Z","timestampEpoch":1791285552000,"provider":"Service Control Manager","channel":"System","eventId":7036,"level":"Information","computer":"CONTOSO-PC01","message":"The WinHTTP Web Proxy Auto-Discovery service entered the stopped state.","eventData":[{"name":"Data","value":"The WinHTTP Web Proxy Auto-Discovery service entered the stopped state."}],"rawXml":"<Event><System><Provider Name=\"Service Control Manager\"/><EventID>7036</EventID><EventRecordID>88393</EventRecordID><TimeCreated SystemTime=\"2026-10-06T11:19:12.000Z\"/><Channel>System</Channel><Computer>CONTOSO-PC01</Computer></System><EventData><Data>The WinHTTP Web Proxy Auto-Discovery service entered the stopped state.</Data></EventData></Event>","sourceLabel":"C:\\Fixture\\EventLogs\\System.evtx","originKind":"event","task":null,"opcode":null,"processId":null,"threadId":null,"userSid":null,"keywords":null,"mapped":[]},{"id":60,"eventRecordId":88396,"eventRecordIdText":"88396","timestamp":"2026-10-06T11:21:06.000Z","timestampEpoch":1791285666000,"provider":"Microsoft-Windows-Security-SPP","channel":"Application","eventId":16384,"level":"Information","computer":"CONTOSO-PC01","message":"Successfully scheduled Software Protection service for re-start.","eventData":[{"name":"Data","value":"Successfully scheduled Software Protection service for re-start."}],"rawXml":"<Event><System><Provider Name=\"Microsoft-Windows-Security-SPP\"/><EventID>16384</EventID><EventRecordID>88396</EventRecordID><TimeCreated SystemTime=\"2026-10-06T11:21:06.000Z\"/><Channel>Application</Channel><Computer>CONTOSO-PC01</Computer></System><EventData><Data>Successfully scheduled Software Protection service for re-start.</Data></EventData></Event>","sourceLabel":"C:\\Fixture\\EventLogs\\Application.evtx","originKind":"event","task":null,"opcode":null,"processId":null,"threadId":null,"userSid":null,"keywords":null,"mapped":[]},{"id":61,"eventRecordId":88399,"eventRecordIdText":"88399","timestamp":"2026-10-06T11:21:15.000Z","timestampEpoch":1791285675000,"provider":"Service Control Manager","channel":"System","eventId":7036,"level":"Information","computer":"CONTOSO-PC01","message":"The Windows Update service entered the running state.","eventData":[{"name":"Data","value":"The Windows Update service entered the running state."}],"rawXml":"<Event><System><Provider Name=\"Service Control Manager\"/><EventID>7036</EventID><EventRecordID>88399</EventRecordID><TimeCreated SystemTime=\"2026-10-06T11:21:15.000Z\"/><Channel>System</Channel><Computer>CONTOSO-PC01</Computer></System><EventData><Data>The Windows Update service entered the running state.</Data></EventData></Event>","sourceLabel":"C:\\Fixture\\EventLogs\\System.evtx","originKind":"event","task":null,"opcode":null,"processId":null,"threadId":null,"userSid":null,"keywords":null,"mapped":[]},{"id":62,"eventRecordId":88402,"eventRecordIdText":"88402","timestamp":"2026-10-06T11:21:16.000Z","timestampEpoch":1791285676000,"provider":"Microsoft-Windows-Security-SPP","channel":"Application","eventId":16384,"level":"Information","computer":"CONTOSO-PC01","message":"Successfully scheduled Software Protection service for re-start.","eventData":[{"name":"Data","value":"Successfully scheduled Software Protection service for re-start."}],"rawXml":"<Event><System><Provider Name=\"Microsoft-Windows-Security-SPP\"/><EventID>16384</EventID><EventRecordID>88402</EventRecordID><TimeCreated SystemTime=\"2026-10-06T11:21:16.000Z\"/><Channel>Application</Channel><Computer>CONTOSO-PC01</Computer></System><EventData><Data>Successfully scheduled Software Protection service for re-start.</Data></EventData></Event>","sourceLabel":"C:\\Fixture\\EventLogs\\Application.evtx","originKind":"event","task":null,"opcode":null,"processId":null,"threadId":null,"userSid":null,"keywords":null,"mapped":[]},{"id":63,"eventRecordId":88405,"eventRecordIdText":"88405","timestamp":"2026-10-06T11:21:17.000Z","timestampEpoch":1791285677000,"provider":"Microsoft-Windows-Kernel-General","channel":"System","eventId":16,"level":"Information","computer":"CONTOSO-PC01","message":"The access history in hive \\??\\C:\\Users\\user01\\NTUSER.DAT was cleared.","eventData":[{"name":"Data","value":"The access history in hive \\??\\C:\\Users\\user01\\NTUSER.DAT was cleared."}],"rawXml":"<Event><System><Provider Name=\"Microsoft-Windows-Kernel-General\"/><EventID>16</EventID><EventRecordID>88405</EventRecordID><TimeCreated SystemTime=\"2026-10-06T11:21:17.000Z\"/><Channel>System</Channel><Computer>CONTOSO-PC01</Computer></System><EventData><Data>The access history in hive \\??\\C:\\Users\\user01\\NTUSER.DAT was cleared.</Data></EventData></Event>","sourceLabel":"C:\\Fixture\\EventLogs\\System.evtx","originKind":"event","task":null,"opcode":null,"processId":null,"threadId":null,"userSid":null,"keywords":null,"mapped":[]},{"id":64,"eventRecordId":88408,"eventRecordIdText":"88408","timestamp":"2026-10-06T11:22:44.000Z","timestampEpoch":1791285764000,"provider":"Service Control Manager","channel":"System","eventId":7036,"level":"Information","computer":"CONTOSO-PC01","message":"The Windows Modules Installer service entered the stopped state.","eventData":[{"name":"Data","value":"The Windows Modules Installer service entered the stopped state."}],"rawXml":"<Event><System><Provider Name=\"Service Control Manager\"/><EventID>7036</EventID><EventRecordID>88408</EventRecordID><TimeCreated SystemTime=\"2026-10-06T11:22:44.000Z\"/><Channel>System</Channel><Computer>CONTOSO-PC01</Computer></System><EventData><Data>The Windows Modules Installer service entered the stopped state.</Data></EventData></Event>","sourceLabel":"C:\\Fixture\\EventLogs\\System.evtx","originKind":"event","task":null,"opcode":null,"processId":null,"threadId":null,"userSid":null,"keywords":null,"mapped":[]},{"id":65,"eventRecordId":88411,"eventRecordIdText":"88411","timestamp":"2026-10-06T11:24:23.000Z","timestampEpoch":1791285863000,"provider":"Microsoft-Windows-AAD","channel":"Microsoft-Windows-AAD/Operational","eventId":1081,"level":"Information","computer":"CONTOSO-PC01","message":"OAuth response received for resource https://enrollment.manage.microsoft.com/.","eventData":[{"name":"Data","value":"OAuth response received for resource https://enrollment.manage.microsoft.com/."}],"rawXml":"<Event><System><Provider Name=\"Microsoft-Windows-AAD\"/><EventID>1081</EventID><EventRecordID>88411</EventRecordID><TimeCreated SystemTime=\"2026-10-06T11:24:23.000Z\"/><Channel>Microsoft-Windows-AAD/Operational</Channel><Computer>CONTOSO-PC01</Computer></System><EventData><Data>OAuth response received for resource https://enrollment.manage.microsoft.com/.</Data></EventData></Event>","sourceLabel":"C:\\Fixture\\EventLogs\\AAD-Operational.evtx","originKind":"event","task":null,"opcode":null,"processId":null,"threadId":null,"userSid":null,"keywords":null,"mapped":[]},{"id":66,"eventRecordId":88414,"eventRecordIdText":"88414","timestamp":"2026-10-06T11:24:26.000Z","timestampEpoch":1791285866000,"provider":"Service Control Manager","channel":"System","eventId":7036,"level":"Information","computer":"CONTOSO-PC01","message":"The Microsoft Edge Update service entered the stopped state.","eventData":[{"name":"Data","value":"The Microsoft Edge Update service entered the stopped state."}],"rawXml":"<Event><System><Provider Name=\"Service Control Manager\"/><EventID>7036</EventID><EventRecordID>88414</EventRecordID><TimeCreated SystemTime=\"2026-10-06T11:24:26.000Z\"/><Channel>System</Channel><Computer>CONTOSO-PC01</Computer></System><EventData><Data>The Microsoft Edge Update service entered the stopped state.</Data></EventData></Event>","sourceLabel":"C:\\Fixture\\EventLogs\\System.evtx","originKind":"event","task":null,"opcode":null,"processId":null,"threadId":null,"userSid":null,"keywords":null,"mapped":[]},{"id":67,"eventRecordId":88417,"eventRecordIdText":"88417","timestamp":"2026-10-06T11:28:30.000Z","timestampEpoch":1791286110000,"provider":"Service Control Manager","channel":"System","eventId":7036,"level":"Information","computer":"CONTOSO-PC01","message":"The Windows Update service entered the running state.","eventData":[{"name":"Data","value":"The Windows Update service entered the running state."}],"rawXml":"<Event><System><Provider Name=\"Service Control Manager\"/><EventID>7036</EventID><EventRecordID>88417</EventRecordID><TimeCreated SystemTime=\"2026-10-06T11:28:30.000Z\"/><Channel>System</Channel><Computer>CONTOSO-PC01</Computer></System><EventData><Data>The Windows Update service entered the running state.</Data></EventData></Event>","sourceLabel":"C:\\Fixture\\EventLogs\\System.evtx","originKind":"event","task":null,"opcode":null,"processId":null,"threadId":null,"userSid":null,"keywords":null,"mapped":[]},{"id":68,"eventRecordId":88420,"eventRecordIdText":"88420","timestamp":"2026-10-06T11:30:55.000Z","timestampEpoch":1791286255000,"provider":"Microsoft-Windows-AAD","channel":"Microsoft-Windows-AAD/Operational","eventId":1104,"level":"Information","computer":"CONTOSO-PC01","message":"AAD Cloud AP plugin call Plugin initialize returned success.","eventData":[{"name":"Data","value":"AAD Cloud AP plugin call Plugin initialize returned success."}],"rawXml":"<Event><System><Provider Name=\"Microsoft-Windows-AAD\"/><EventID>1104</EventID><EventRecordID>88420</EventRecordID><TimeCreated SystemTime=\"2026-10-06T11:30:55.000Z\"/><Channel>Microsoft-Windows-AAD/Operational</Channel><Computer>CONTOSO-PC01</Computer></System><EventData><Data>AAD Cloud AP plugin call Plugin initialize returned success.</Data></EventData></Event>","sourceLabel":"C:\\Fixture\\EventLogs\\AAD-Operational.evtx","originKind":"event","task":null,"opcode":null,"processId":null,"threadId":null,"userSid":null,"keywords":null,"mapped":[]},{"id":69,"eventRecordId":88423,"eventRecordIdText":"88423","timestamp":"2026-10-06T11:31:41.000Z","timestampEpoch":1791286301000,"provider":"Microsoft-Windows-Security-SPP","channel":"Application","eventId":16384,"level":"Information","computer":"CONTOSO-PC01","message":"Successfully scheduled Software Protection service for re-start.","eventData":[{"name":"Data","value":"Successfully scheduled Software Protection service for re-start."}],"rawXml":"<Event><System><Provider Name=\"Microsoft-Windows-Security-SPP\"/><EventID>16384</EventID><EventRecordID>88423</EventRecordID><TimeCreated SystemTime=\"2026-10-06T11:31:41.000Z\"/><Channel>Application</Channel><Computer>CONTOSO-PC01</Computer></System><EventData><Data>Successfully scheduled Software Protection service for re-start.</Data></EventData></Event>","sourceLabel":"C:\\Fixture\\EventLogs\\Application.evtx","originKind":"event","task":null,"opcode":null,"processId":null,"threadId":null,"userSid":null,"keywords":null,"mapped":[]},{"id":70,"eventRecordId":88426,"eventRecordIdText":"88426","timestamp":"2026-10-06T11:33:14.000Z","timestampEpoch":1791286394000,"provider":"Microsoft-Windows-DNS-Client","channel":"System","eventId":1014,"level":"Warning","computer":"CONTOSO-PC01","message":"Name resolution for the name enterpriseregistration.windows.net timed out after none of the configured DNS servers responded.","eventData":[{"name":"Data","value":"Name resolution for the name enterpriseregistration.windows.net timed out after none of the configured DNS servers responded."}],"rawXml":"<Event><System><Provider Name=\"Microsoft-Windows-DNS-Client\"/><EventID>1014</EventID><EventRecordID>88426</EventRecordID><TimeCreated SystemTime=\"2026-10-06T11:33:14.000Z\"/><Channel>System</Channel><Computer>CONTOSO-PC01</Computer></System><EventData><Data>Name resolution for the name enterpriseregistration.windows.net timed out after none of the configured DNS servers responded.</Data></EventData></Event>","sourceLabel":"C:\\Fixture\\EventLogs\\System.evtx","originKind":"event","task":null,"opcode":null,"processId":null,"threadId":null,"userSid":null,"keywords":null,"mapped":[]},{"id":71,"eventRecordId":88429,"eventRecordIdText":"88429","timestamp":"2026-10-06T11:33:58.000Z","timestampEpoch":1791286438000,"provider":"Microsoft-Windows-AAD","channel":"Microsoft-Windows-AAD/Operational","eventId":1104,"level":"Information","computer":"CONTOSO-PC01","message":"AAD Cloud AP plugin call Plugin initialize returned success.","eventData":[{"name":"Data","value":"AAD Cloud AP plugin call Plugin initialize returned success."}],"rawXml":"<Event><System><Provider Name=\"Microsoft-Windows-AAD\"/><EventID>1104</EventID><EventRecordID>88429</EventRecordID><TimeCreated SystemTime=\"2026-10-06T11:33:58.000Z\"/><Channel>Microsoft-Windows-AAD/Operational</Channel><Computer>CONTOSO-PC01</Computer></System><EventData><Data>AAD Cloud AP plugin call Plugin initialize returned success.</Data></EventData></Event>","sourceLabel":"C:\\Fixture\\EventLogs\\AAD-Operational.evtx","originKind":"event","task":null,"opcode":null,"processId":null,"threadId":null,"userSid":null,"keywords":null,"mapped":[]},{"id":72,"eventRecordId":88432,"eventRecordIdText":"88432","timestamp":"2026-10-06T11:34:03.000Z","timestampEpoch":1791286443000,"provider":"Microsoft-Windows-AAD","channel":"Microsoft-Windows-AAD/Operational","eventId":1081,"level":"Information","computer":"CONTOSO-PC01","message":"OAuth response received for resource https://enrollment.manage.microsoft.com/.","eventData":[{"name":"Data","value":"OAuth response received for resource https://enrollment.manage.microsoft.com/."}],"rawXml":"<Event><System><Provider Name=\"Microsoft-Windows-AAD\"/><EventID>1081</EventID><EventRecordID>88432</EventRecordID><TimeCreated SystemTime=\"2026-10-06T11:34:03.000Z\"/><Channel>Microsoft-Windows-AAD/Operational</Channel><Computer>CONTOSO-PC01</Computer></System><EventData><Data>OAuth response received for resource https://enrollment.manage.microsoft.com/.</Data></EventData></Event>","sourceLabel":"C:\\Fixture\\EventLogs\\AAD-Operational.evtx","originKind":"event","task":null,"opcode":null,"processId":null,"threadId":null,"userSid":null,"keywords":null,"mapped":[]},{"id":73,"eventRecordId":88435,"eventRecordIdText":"88435","timestamp":"2026-10-06T11:35:19.000Z","timestampEpoch":1791286519000,"provider":"edgeupdate","channel":"Application","eventId":0,"level":"Information","computer":"CONTOSO-PC01","message":"Service started","eventData":[{"name":"Data","value":"Service started"}],"rawXml":"<Event><System><Provider Name=\"edgeupdate\"/><EventID>0</EventID><EventRecordID>88435</EventRecordID><TimeCreated SystemTime=\"2026-10-06T11:35:19.000Z\"/><Channel>Application</Channel><Computer>CONTOSO-PC01</Computer></System><EventData><Data>Service started</Data></EventData></Event>","sourceLabel":"C:\\Fixture\\EventLogs\\Application.evtx","originKind":"event","task":null,"opcode":null,"processId":null,"threadId":null,"userSid":null,"keywords":null,"mapped":[]},{"id":74,"eventRecordId":88438,"eventRecordIdText":"88438","timestamp":"2026-10-06T11:38:05.000Z","timestampEpoch":1791286685000,"provider":"Microsoft-Windows-Kernel-General","channel":"System","eventId":16,"level":"Information","computer":"CONTOSO-PC01","message":"The access history in hive \\??\\C:\\Users\\user01\\NTUSER.DAT was cleared.","eventData":[{"name":"Data","value":"The access history in hive \\??\\C:\\Users\\user01\\NTUSER.DAT was cleared."}],"rawXml":"<Event><System><Provider Name=\"Microsoft-Windows-Kernel-General\"/><EventID>16</EventID><EventRecordID>88438</EventRecordID><TimeCreated SystemTime=\"2026-10-06T11:38:05.000Z\"/><Channel>System</Channel><Computer>CONTOSO-PC01</Computer></System><EventData><Data>The access history in hive \\??\\C:\\Users\\user01\\NTUSER.DAT was cleared.</Data></EventData></Event>","sourceLabel":"C:\\Fixture\\EventLogs\\System.evtx","originKind":"event","task":null,"opcode":null,"processId":null,"threadId":null,"userSid":null,"keywords":null,"mapped":[]},{"id":75,"eventRecordId":88441,"eventRecordIdText":"88441","timestamp":"2026-10-06T11:40:51.000Z","timestampEpoch":1791286851000,"provider":"Microsoft-Windows-Security-SPP","channel":"Application","eventId":16384,"level":"Information","computer":"CONTOSO-PC01","message":"Successfully scheduled Software Protection service for re-start.","eventData":[{"name":"Data","value":"Successfully scheduled Software Protection service for re-start."}],"rawXml":"<Event><System><Provider Name=\"Microsoft-Windows-Security-SPP\"/><EventID>16384</EventID><EventRecordID>88441</EventRecordID><TimeCreated SystemTime=\"2026-10-06T11:40:51.000Z\"/><Channel>Application</Channel><Computer>CONTOSO-PC01</Computer></System><EventData><Data>Successfully scheduled Software Protection service for re-start.</Data></EventData></Event>","sourceLabel":"C:\\Fixture\\EventLogs\\Application.evtx","originKind":"event","task":null,"opcode":null,"processId":null,"threadId":null,"userSid":null,"keywords":null,"mapped":[]},{"id":76,"eventRecordId":88444,"eventRecordIdText":"88444","timestamp":"2026-10-06T11:41:02.000Z","timestampEpoch":1791286862000,"provider":"Service Control Manager","channel":"System","eventId":7036,"level":"Information","computer":"CONTOSO-PC01","message":"The Delivery Optimization service entered the stopped state.","eventData":[{"name":"Data","value":"The Delivery Optimization service entered the stopped state."}],"rawXml":"<Event><System><Provider Name=\"Service Control Manager\"/><EventID>7036</EventID><EventRecordID>88444</EventRecordID><TimeCreated SystemTime=\"2026-10-06T11:41:02.000Z\"/><Channel>System</Channel><Computer>CONTOSO-PC01</Computer></System><EventData><Data>The Delivery Optimization service entered the stopped state.</Data></EventData></Event>","sourceLabel":"C:\\Fixture\\EventLogs\\System.evtx","originKind":"event","task":null,"opcode":null,"processId":null,"threadId":null,"userSid":null,"keywords":null,"mapped":[]},{"id":77,"eventRecordId":88447,"eventRecordIdText":"88447","timestamp":"2026-10-06T11:41:36.000Z","timestampEpoch":1791286896000,"provider":"edgeupdate","channel":"Application","eventId":0,"level":"Information","computer":"CONTOSO-PC01","message":"Service started","eventData":[{"name":"Data","value":"Service started"}],"rawXml":"<Event><System><Provider Name=\"edgeupdate\"/><EventID>0</EventID><EventRecordID>88447</EventRecordID><TimeCreated SystemTime=\"2026-10-06T11:41:36.000Z\"/><Channel>Application</Channel><Computer>CONTOSO-PC01</Computer></System><EventData><Data>Service started</Data></EventData></Event>","sourceLabel":"C:\\Fixture\\EventLogs\\Application.evtx","originKind":"event","task":null,"opcode":null,"processId":null,"threadId":null,"userSid":null,"keywords":null,"mapped":[]},{"id":78,"eventRecordId":88450,"eventRecordIdText":"88450","timestamp":"2026-10-06T11:41:40.000Z","timestampEpoch":1791286900000,"provider":"Service Control Manager","channel":"System","eventId":7036,"level":"Information","computer":"CONTOSO-PC01","message":"The Windows Update service entered the stopped state.","eventData":[{"name":"Data","value":"The Windows Update service entered the stopped state."}],"rawXml":"<Event><System><Provider Name=\"Service Control Manager\"/><EventID>7036</EventID><EventRecordID>88450</EventRecordID><TimeCreated SystemTime=\"2026-10-06T11:41:40.000Z\"/><Channel>System</Channel><Computer>CONTOSO-PC01</Computer></System><EventData><Data>The Windows Update service entered the stopped state.</Data></EventData></Event>","sourceLabel":"C:\\Fixture\\EventLogs\\System.evtx","originKind":"event","task":null,"opcode":null,"processId":null,"threadId":null,"userSid":null,"keywords":null,"mapped":[]},{"id":79,"eventRecordId":88453,"eventRecordIdText":"88453","timestamp":"2026-10-06T11:43:56.000Z","timestampEpoch":1791287036000,"provider":"edgeupdate","channel":"Application","eventId":0,"level":"Information","computer":"CONTOSO-PC01","message":"Service started","eventData":[{"name":"Data","value":"Service started"}],"rawXml":"<Event><System><Provider Name=\"edgeupdate\"/><EventID>0</EventID><EventRecordID>88453</EventRecordID><TimeCreated SystemTime=\"2026-10-06T11:43:56.000Z\"/><Channel>Application</Channel><Computer>CONTOSO-PC01</Computer></System><EventData><Data>Service started</Data></EventData></Event>","sourceLabel":"C:\\Fixture\\EventLogs\\Application.evtx","originKind":"event","task":null,"opcode":null,"processId":null,"threadId":null,"userSid":null,"keywords":null,"mapped":[]},{"id":80,"eventRecordId":88456,"eventRecordIdText":"88456","timestamp":"2026-10-06T11:44:01.000Z","timestampEpoch":1791287041000,"provider":"Service Control Manager","channel":"System","eventId":7036,"level":"Information","computer":"CONTOSO-PC01","message":"The Windows Update service entered the stopped state.","eventData":[{"name":"Data","value":"The Windows Update service entered the stopped state."}],"rawXml":"<Event><System><Provider Name=\"Service Control Manager\"/><EventID>7036</EventID><EventRecordID>88456</EventRecordID><TimeCreated SystemTime=\"2026-10-06T11:44:01.000Z\"/><Channel>System</Channel><Computer>CONTOSO-PC01</Computer></System><EventData><Data>The Windows Update service entered the stopped state.</Data></EventData></Event>","sourceLabel":"C:\\Fixture\\EventLogs\\System.evtx","originKind":"event","task":null,"opcode":null,"processId":null,"threadId":null,"userSid":null,"keywords":null,"mapped":[]},{"id":81,"eventRecordId":88459,"eventRecordIdText":"88459","timestamp":"2026-10-06T11:44:11.000Z","timestampEpoch":1791287051000,"provider":"Service Control Manager","channel":"System","eventId":7036,"level":"Information","computer":"CONTOSO-PC01","message":"The Microsoft Edge Update service entered the running state.","eventData":[{"name":"Data","value":"The Microsoft Edge Update service entered the running state."}],"rawXml":"<Event><System><Provider Name=\"Service Control Manager\"/><EventID>7036</EventID><EventRecordID>88459</EventRecordID><TimeCreated SystemTime=\"2026-10-06T11:44:11.000Z\"/><Channel>System</Channel><Computer>CONTOSO-PC01</Computer></System><EventData><Data>The Microsoft Edge Update service entered the running state.</Data></EventData></Event>","sourceLabel":"C:\\Fixture\\EventLogs\\System.evtx","originKind":"event","task":null,"opcode":null,"processId":null,"threadId":null,"userSid":null,"keywords":null,"mapped":[]},{"id":82,"eventRecordId":88462,"eventRecordIdText":"88462","timestamp":"2026-10-06T11:44:28.000Z","timestampEpoch":1791287068000,"provider":"Microsoft-Windows-AAD","channel":"Microsoft-Windows-AAD/Operational","eventId":1104,"level":"Information","computer":"CONTOSO-PC01","message":"AAD Cloud AP plugin call Plugin initialize returned success.","eventData":[{"name":"Data","value":"AAD Cloud AP plugin call Plugin initialize returned success."}],"rawXml":"<Event><System><Provider Name=\"Microsoft-Windows-AAD\"/><EventID>1104</EventID><EventRecordID>88462</EventRecordID><TimeCreated SystemTime=\"2026-10-06T11:44:28.000Z\"/><Channel>Microsoft-Windows-AAD/Operational</Channel><Computer>CONTOSO-PC01</Computer></System><EventData><Data>AAD Cloud AP plugin call Plugin initialize returned success.</Data></EventData></Event>","sourceLabel":"C:\\Fixture\\EventLogs\\AAD-Operational.evtx","originKind":"event","task":null,"opcode":null,"processId":null,"threadId":null,"userSid":null,"keywords":null,"mapped":[]},{"id":83,"eventRecordId":88465,"eventRecordIdText":"88465","timestamp":"2026-10-06T11:44:47.000Z","timestampEpoch":1791287087000,"provider":"Service Control Manager","channel":"System","eventId":7036,"level":"Information","computer":"CONTOSO-PC01","message":"The Microsoft Edge Update service entered the stopped state.","eventData":[{"name":"Data","value":"The Microsoft Edge Update service entered the stopped state."}],"rawXml":"<Event><System><Provider Name=\"Service Control Manager\"/><EventID>7036</EventID><EventRecordID>88465</EventRecordID><TimeCreated SystemTime=\"2026-10-06T11:44:47.000Z\"/><Channel>System</Channel><Computer>CONTOSO-PC01</Computer></System><EventData><Data>The Microsoft Edge Update service entered the stopped state.</Data></EventData></Event>","sourceLabel":"C:\\Fixture\\EventLogs\\System.evtx","originKind":"event","task":null,"opcode":null,"processId":null,"threadId":null,"userSid":null,"keywords":null,"mapped":[]},{"id":84,"eventRecordId":88468,"eventRecordIdText":"88468","timestamp":"2026-10-06T11:44:59.000Z","timestampEpoch":1791287099000,"provider":"MsiInstaller","channel":"Application","eventId":1033,"level":"Information","computer":"CONTOSO-PC01","message":"Windows Installer installed the product. Product Name: Microsoft 365 Apps.","eventData":[{"name":"Data","value":"Windows Installer installed the product. Product Name: Microsoft 365 Apps."}],"rawXml":"<Event><System><Provider Name=\"MsiInstaller\"/><EventID>1033</EventID><EventRecordID>88468</EventRecordID><TimeCreated SystemTime=\"2026-10-06T11:44:59.000Z\"/><Channel>Application</Channel><Computer>CONTOSO-PC01</Computer></System><EventData><Data>Windows Installer installed the product. Product Name: Microsoft 365 Apps.</Data></EventData></Event>","sourceLabel":"C:\\Fixture\\EventLogs\\Application.evtx","originKind":"event","task":null,"opcode":null,"processId":null,"threadId":null,"userSid":null,"keywords":null,"mapped":[]},{"id":85,"eventRecordId":88471,"eventRecordIdText":"88471","timestamp":"2026-10-06T11:45:13.000Z","timestampEpoch":1791287113000,"provider":"Service Control Manager","channel":"System","eventId":7036,"level":"Information","computer":"CONTOSO-PC01","message":"The Intune Management Extension service entered the stopped state.","eventData":[{"name":"Data","value":"The Intune Management Extension service entered the stopped state."}],"rawXml":"<Event><System><Provider Name=\"Service Control Manager\"/><EventID>7036</EventID><EventRecordID>88471</EventRecordID><TimeCreated SystemTime=\"2026-10-06T11:45:13.000Z\"/><Channel>System</Channel><Computer>CONTOSO-PC01</Computer></System><EventData><Data>The Intune Management Extension service entered the stopped state.</Data></EventData></Event>","sourceLabel":"C:\\Fixture\\EventLogs\\System.evtx","originKind":"event","task":null,"opcode":null,"processId":null,"threadId":null,"userSid":null,"keywords":null,"mapped":[]},{"id":86,"eventRecordId":88474,"eventRecordIdText":"88474","timestamp":"2026-10-06T11:45:31.000Z","timestampEpoch":1791287131000,"provider":"Microsoft-Windows-Kernel-General","channel":"System","eventId":16,"level":"Information","computer":"CONTOSO-PC01","message":"The access history in hive \\??\\C:\\Users\\user01\\NTUSER.DAT was cleared.","eventData":[{"name":"Data","value":"The access history in hive \\??\\C:\\Users\\user01\\NTUSER.DAT was cleared."}],"rawXml":"<Event><System><Provider Name=\"Microsoft-Windows-Kernel-General\"/><EventID>16</EventID><EventRecordID>88474</EventRecordID><TimeCreated SystemTime=\"2026-10-06T11:45:31.000Z\"/><Channel>System</Channel><Computer>CONTOSO-PC01</Computer></System><EventData><Data>The access history in hive \\??\\C:\\Users\\user01\\NTUSER.DAT was cleared.</Data></EventData></Event>","sourceLabel":"C:\\Fixture\\EventLogs\\System.evtx","originKind":"event","task":null,"opcode":null,"processId":null,"threadId":null,"userSid":null,"keywords":null,"mapped":[]},{"id":87,"eventRecordId":88477,"eventRecordIdText":"88477","timestamp":"2026-10-06T11:45:32.000Z","timestampEpoch":1791287132000,"provider":"Service Control Manager","channel":"System","eventId":7040,"level":"Information","computer":"CONTOSO-PC01","message":"The start type of the Background Intelligent Transfer Service service was changed from demand start to auto start.","eventData":[{"name":"Data","value":"The start type of the Background Intelligent Transfer Service service was changed from demand start to auto start."}],"rawXml":"<Event><System><Provider Name=\"Service Control Manager\"/><EventID>7040</EventID><EventRecordID>88477</EventRecordID><TimeCreated SystemTime=\"2026-10-06T11:45:32.000Z\"/><Channel>System</Channel><Computer>CONTOSO-PC01</Computer></System><EventData><Data>The start type of the Background Intelligent Transfer Service service was changed from demand start to auto start.</Data></EventData></Event>","sourceLabel":"C:\\Fixture\\EventLogs\\System.evtx","originKind":"event","task":null,"opcode":null,"processId":null,"threadId":null,"userSid":null,"keywords":null,"mapped":[]},{"id":88,"eventRecordId":88480,"eventRecordIdText":"88480","timestamp":"2026-10-06T11:46:55.000Z","timestampEpoch":1791287215000,"provider":"edgeupdate","channel":"Application","eventId":0,"level":"Information","computer":"CONTOSO-PC01","message":"Service started","eventData":[{"name":"Data","value":"Service started"}],"rawXml":"<Event><System><Provider Name=\"edgeupdate\"/><EventID>0</EventID><EventRecordID>88480</EventRecordID><TimeCreated SystemTime=\"2026-10-06T11:46:55.000Z\"/><Channel>Application</Channel><Computer>CONTOSO-PC01</Computer></System><EventData><Data>Service started</Data></EventData></Event>","sourceLabel":"C:\\Fixture\\EventLogs\\Application.evtx","originKind":"event","task":null,"opcode":null,"processId":null,"threadId":null,"userSid":null,"keywords":null,"mapped":[]},{"id":89,"eventRecordId":88483,"eventRecordIdText":"88483","timestamp":"2026-10-06T11:47:01.000Z","timestampEpoch":1791287221000,"provider":"Microsoft-Windows-Security-SPP","channel":"Application","eventId":16384,"level":"Information","computer":"CONTOSO-PC01","message":"Successfully scheduled Software Protection service for re-start.","eventData":[{"name":"Data","value":"Successfully scheduled Software Protection service for re-start."}],"rawXml":"<Event><System><Provider Name=\"Microsoft-Windows-Security-SPP\"/><EventID>16384</EventID><EventRecordID>88483</EventRecordID><TimeCreated SystemTime=\"2026-10-06T11:47:01.000Z\"/><Channel>Application</Channel><Computer>CONTOSO-PC01</Computer></System><EventData><Data>Successfully scheduled Software Protection service for re-start.</Data></EventData></Event>","sourceLabel":"C:\\Fixture\\EventLogs\\Application.evtx","originKind":"event","task":null,"opcode":null,"processId":null,"threadId":null,"userSid":null,"keywords":null,"mapped":[]},{"id":90,"eventRecordId":88486,"eventRecordIdText":"88486","timestamp":"2026-10-06T11:48:26.000Z","timestampEpoch":1791287306000,"provider":"Windows Error Reporting","channel":"Application","eventId":1001,"level":"Information","computer":"CONTOSO-PC01","message":"Fault bucket 2187364520, type 4. Event Name: APPCRASH","eventData":[{"name":"Data","value":"Fault bucket 2187364520, type 4. Event Name: APPCRASH"}],"rawXml":"<Event><System><Provider Name=\"Windows Error Reporting\"/><EventID>1001</EventID><EventRecordID>88486</EventRecordID><TimeCreated SystemTime=\"2026-10-06T11:48:26.000Z\"/><Channel>Application</Channel><Computer>CONTOSO-PC01</Computer></System><EventData><Data>Fault bucket 2187364520, type 4. Event Name: APPCRASH</Data></EventData></Event>","sourceLabel":"C:\\Fixture\\EventLogs\\Application.evtx","originKind":"event","task":null,"opcode":null,"processId":null,"threadId":null,"userSid":null,"keywords":null,"mapped":[]},{"id":91,"eventRecordId":88489,"eventRecordIdText":"88489","timestamp":"2026-10-06T11:49:02.000Z","timestampEpoch":1791287342000,"provider":"Service Control Manager","channel":"System","eventId":7036,"level":"Information","computer":"CONTOSO-PC01","message":"The Windows Update service entered the running state.","eventData":[{"name":"Data","value":"The Windows Update service entered the running state."}],"rawXml":"<Event><System><Provider Name=\"Service Control Manager\"/><EventID>7036</EventID><EventRecordID>88489</EventRecordID><TimeCreated SystemTime=\"2026-10-06T11:49:02.000Z\"/><Channel>System</Channel><Computer>CONTOSO-PC01</Computer></System><EventData><Data>The Windows Update service entered the running state.</Data></EventData></Event>","sourceLabel":"C:\\Fixture\\EventLogs\\System.evtx","originKind":"event","task":null,"opcode":null,"processId":null,"threadId":null,"userSid":null,"keywords":null,"mapped":[]},{"id":92,"eventRecordId":88492,"eventRecordIdText":"88492","timestamp":"2026-10-06T11:49:22.000Z","timestampEpoch":1791287362000,"provider":"Microsoft-Windows-AAD","channel":"Microsoft-Windows-AAD/Operational","eventId":1104,"level":"Information","computer":"CONTOSO-PC01","message":"AAD Cloud AP plugin call Plugin initialize returned success.","eventData":[{"name":"Data","value":"AAD Cloud AP plugin call Plugin initialize returned success."}],"rawXml":"<Event><System><Provider Name=\"Microsoft-Windows-AAD\"/><EventID>1104</EventID><EventRecordID>88492</EventRecordID><TimeCreated SystemTime=\"2026-10-06T11:49:22.000Z\"/><Channel>Microsoft-Windows-AAD/Operational</Channel><Computer>CONTOSO-PC01</Computer></System><EventData><Data>AAD Cloud AP plugin call Plugin initialize returned success.</Data></EventData></Event>","sourceLabel":"C:\\Fixture\\EventLogs\\AAD-Operational.evtx","originKind":"event","task":null,"opcode":null,"processId":null,"threadId":null,"userSid":null,"keywords":null,"mapped":[]},{"id":93,"eventRecordId":88498,"eventRecordIdText":"88498","timestamp":"2026-10-06T11:49:25.000Z","timestampEpoch":1791287365000,"provider":"Service Control Manager","channel":"System","eventId":7040,"level":"Information","computer":"CONTOSO-PC01","message":"The start type of the Background Intelligent Transfer Service service was changed from demand start to auto start.","eventData":[{"name":"Data","value":"The start type of the Background Intelligent Transfer Service service was changed from demand start to auto start."}],"rawXml":"<Event><System><Provider Name=\"Service Control Manager\"/><EventID>7040</EventID><EventRecordID>88498</EventRecordID><TimeCreated SystemTime=\"2026-10-06T11:49:25.000Z\"/><Channel>System</Channel><Computer>CONTOSO-PC01</Computer></System><EventData><Data>The start type of the Background Intelligent Transfer Service service was changed from demand start to auto start.</Data></EventData></Event>","sourceLabel":"C:\\Fixture\\EventLogs\\System.evtx","originKind":"event","task":null,"opcode":null,"processId":null,"threadId":null,"userSid":null,"keywords":null,"mapped":[]},{"id":94,"eventRecordId":88495,"eventRecordIdText":"88495","timestamp":"2026-10-06T11:49:25.000Z","timestampEpoch":1791287365000,"provider":"Application Error","channel":"Application","eventId":1000,"level":"Error","computer":"CONTOSO-PC01","message":"Faulting application name: ContosoAgent.exe, version: 4.2.0.1, faulting module: ntdll.dll","eventData":[{"name":"Data","value":"Faulting application name: ContosoAgent.exe, version: 4.2.0.1, faulting module: ntdll.dll"}],"rawXml":"<Event><System><Provider Name=\"Application Error\"/><EventID>1000</EventID><EventRecordID>88495</EventRecordID><TimeCreated SystemTime=\"2026-10-06T11:49:25.000Z\"/><Channel>Application</Channel><Computer>CONTOSO-PC01</Computer></System><EventData><Data>Faulting application name: ContosoAgent.exe, version: 4.2.0.1, faulting module: ntdll.dll</Data></EventData></Event>","sourceLabel":"C:\\Fixture\\EventLogs\\Application.evtx","originKind":"event","task":null,"opcode":null,"processId":null,"threadId":null,"userSid":null,"keywords":null,"mapped":[]},{"id":95,"eventRecordId":88501,"eventRecordIdText":"88501","timestamp":"2026-10-06T11:49:47.000Z","timestampEpoch":1791287387000,"provider":"Service Control Manager","channel":"System","eventId":7040,"level":"Information","computer":"CONTOSO-PC01","message":"The start type of the Background Intelligent Transfer Service service was changed from demand start to auto start.","eventData":[{"name":"Data","value":"The start type of the Background Intelligent Transfer Service service was changed from demand start to auto start."}],"rawXml":"<Event><System><Provider Name=\"Service Control Manager\"/><EventID>7040</EventID><EventRecordID>88501</EventRecordID><TimeCreated SystemTime=\"2026-10-06T11:49:47.000Z\"/><Channel>System</Channel><Computer>CONTOSO-PC01</Computer></System><EventData><Data>The start type of the Background Intelligent Transfer Service service was changed from demand start to auto start.</Data></EventData></Event>","sourceLabel":"C:\\Fixture\\EventLogs\\System.evtx","originKind":"event","task":null,"opcode":null,"processId":null,"threadId":null,"userSid":null,"keywords":null,"mapped":[]},{"id":96,"eventRecordId":88504,"eventRecordIdText":"88504","timestamp":"2026-10-06T11:51:43.000Z","timestampEpoch":1791287503000,"provider":"Microsoft-Windows-Security-SPP","channel":"Application","eventId":16384,"level":"Information","computer":"CONTOSO-PC01","message":"Successfully scheduled Software Protection service for re-start.","eventData":[{"name":"Data","value":"Successfully scheduled Software Protection service for re-start."}],"rawXml":"<Event><System><Provider Name=\"Microsoft-Windows-Security-SPP\"/><EventID>16384</EventID><EventRecordID>88504</EventRecordID><TimeCreated SystemTime=\"2026-10-06T11:51:43.000Z\"/><Channel>Application</Channel><Computer>CONTOSO-PC01</Computer></System><EventData><Data>Successfully scheduled Software Protection service for re-start.</Data></EventData></Event>","sourceLabel":"C:\\Fixture\\EventLogs\\Application.evtx","originKind":"event","task":null,"opcode":null,"processId":null,"threadId":null,"userSid":null,"keywords":null,"mapped":[]},{"id":97,"eventRecordId":88507,"eventRecordIdText":"88507","timestamp":"2026-10-06T11:57:00.000Z","timestampEpoch":1791287820000,"provider":"edgeupdate","channel":"Application","eventId":0,"level":"Information","computer":"CONTOSO-PC01","message":"Service started","eventData":[{"name":"Data","value":"Service started"}],"rawXml":"<Event><System><Provider Name=\"edgeupdate\"/><EventID>0</EventID><EventRecordID>88507</EventRecordID><TimeCreated SystemTime=\"2026-10-06T11:57:00.000Z\"/><Channel>Application</Channel><Computer>CONTOSO-PC01</Computer></System><EventData><Data>Service started</Data></EventData></Event>","sourceLabel":"C:\\Fixture\\EventLogs\\Application.evtx","originKind":"event","task":null,"opcode":null,"processId":null,"threadId":null,"userSid":null,"keywords":null,"mapped":[]},{"id":98,"eventRecordId":88510,"eventRecordIdText":"88510","timestamp":"2026-10-06T11:57:14.000Z","timestampEpoch":1791287834000,"provider":"Microsoft-Windows-DeviceManagement-Enterprise-Diagnostics-Provider","channel":"Microsoft-Windows-DeviceManagement-Enterprise-Diagnostics-Provider/Admin","eventId":813,"level":"Information","computer":"CONTOSO-PC01","message":"MDM PolicyManager: Set policy int, Area: (DeviceLock).","eventData":[{"name":"Data","value":"MDM PolicyManager: Set policy int, Area: (DeviceLock)."}],"rawXml":"<Event><System><Provider Name=\"Microsoft-Windows-DeviceManagement-Enterprise-Diagnostics-Provider\"/><EventID>813</EventID><EventRecordID>88510</EventRecordID><TimeCreated SystemTime=\"2026-10-06T11:57:14.000Z\"/><Channel>Microsoft-Windows-DeviceManagement-Enterprise-Diagnostics-Provider/Admin</Channel><Computer>CONTOSO-PC01</Computer></System><EventData><Data>MDM PolicyManager: Set policy int, Area: (DeviceLock).</Data></EventData></Event>","sourceLabel":"C:\\Fixture\\EventLogs\\DeviceManagement-Admin.evtx","originKind":"event","task":null,"opcode":null,"processId":null,"threadId":null,"userSid":null,"keywords":null,"mapped":[]},