{"id":1141,"eventRecordId":91639,"eventRecordIdText":"91639","timestamp":"2026-10-07T07:29:54.000Z","timestampEpoch":1791358194000,"provider":"Microsoft-Windows-DeviceManagement-Enterprise-Diagnostics-Provider","channel":"Microsoft-Windows-DeviceManagement-Enterprise-Diagnostics-Provider/Admin","eventId":72,"level":"Information","computer":"CONTOSO-PC01","message":"MDM Enroll: auto-enrollment triggered by policy","eventData":[{"name":"Data","value":"MDM Enroll: auto-enrollment triggered by policy"}],"rawXml":"<Event><System><Provider Name=\"Microsoft-Windows-DeviceManagement-Enterprise-Diagnostics-Provider\"/><EventID>72</EventID><EventRecordID>91639</EventRecordID><TimeCreated SystemTime=\"2026-10-07T07:29:54.000Z\"/><Channel>Microsoft-Windows-DeviceManagement-Enterprise-Diagnostics-Provider/Admin</Channel><Computer>CONTOSO-PC01</Computer></System><EventData><Data>MDM Enroll: auto-enrollment triggered by policy</Data></EventData></Event>","sourceLabel":"C:\\Fixture\\EventLogs\\DeviceManagement-Admin.evtx","originKind":"event","task":null,"opcode":null,"processId":null,"threadId":null,"userSid":null,"keywords":null,"mapped":[]},{"id":1142,"eventRecordId":91642,"eventRecordIdText":"91642","timestamp":"2026-10-07T07:30:00.000Z","timestampEpoch":1791358200000,"provider":"Microsoft-Windows-DeviceManagement-Enterprise-Diagnostics-Provider","channel":"Microsoft-Windows-DeviceManagement-Enterprise-Diagnostics-Provider/Admin","eventId":76,"level":"Error","computer":"CONTOSO-PC01","message":"Auto MDM Enroll: Failed","eventData":[{"name":"Data","value":"Auto MDM Enroll: Failed"}],"rawXml":"<Event><System><Provider Name=\"Microsoft-Windows-DeviceManagement-Enterprise-Diagnostics-Provider\"/><EventID>76</EventID><EventRecordID>91642</EventRecordID><TimeCreated SystemTime=\"2026-10-07T07:30:00.000Z\"/><Channel>Microsoft-Windows-DeviceManagement-Enterprise-Diagnostics-Provider/Admin</Channel><Computer>CONTOSO-PC01</Computer></System><EventData><Data>Auto MDM Enroll: Failed</Data></EventData></Event>","sourceLabel":"C:\\Fixture\\EventLogs\\DeviceManagement-Admin.evtx","originKind":"event","task":null,"opcode":null,"processId":null,"threadId":null,"userSid":null,"keywords":null,"mapped":[]},{"id":1143,"eventRecordId":91645,"eventRecordIdText":"91645","timestamp":"2026-10-07T07:32:26.000Z","timestampEpoch":1791358346000,"provider":"edgeupdate","channel":"Application","eventId":0,"level":"Information","computer":"CONTOSO-PC01","message":"Service started","eventData":[{"name":"Data","value":"Service started"}],"rawXml":"<Event><System><Provider Name=\"edgeupdate\"/><EventID>0</EventID><EventRecordID>91645</EventRecordID><TimeCreated SystemTime=\"2026-10-07T07:32:26.000Z\"/><Channel>Application</Channel><Computer>CONTOSO-PC01</Computer></System><EventData><Data>Service started</Data></EventData></Event>","sourceLabel":"C:\\Fixture\\EventLogs\\Application.evtx","originKind":"event","task":null,"opcode":null,"processId":null,"threadId":null,"userSid":null,"keywords":null,"mapped":[]},{"id":1144,"eventRecordId":91648,"eventRecordIdText":"91648","timestamp":"2026-10-07T07:32:30.000Z","timestampEpoch":1791358350000,"provider":"Service Control Manager","channel":"System","eventId":7040,"level":"Information","computer":"CONTOSO-PC01","message":"The start type of the Background Intelligent Transfer Service service was changed from demand start to auto start.","eventData":[{"name":"Data","value":"The start type of the Background Intelligent Transfer Service service was changed from demand start to auto start."}],"rawXml":"<Event><System><Provider Name=\"Service Control Manager\"/><EventID>7040</EventID><EventRecordID>91648</EventRecordID><TimeCreated SystemTime=\"2026-10-07T07:32:30.000Z\"/><Channel>System</Channel><Computer>CONTOSO-PC01</Computer></System><EventData><Data>The start type of the Background Intelligent Transfer Service service was changed from demand start to auto start.</Data></EventData></Event>","sourceLabel":"C:\\Fixture\\EventLogs\\System.evtx","originKind":"event","task":null,"opcode":null,"processId":null,"threadId":null,"userSid":null,"keywords":null,"mapped":[]},{"id":1145,"eventRecordId":91651,"eventRecordIdText":"91651","timestamp":"2026-10-07T07:35:35.000Z","timestampEpoch":1791358535000,"provider":"Service Control Manager","channel":"System","eventId":7040,"level":"Information","computer":"CONTOSO-PC01","message":"The start type of the Background Intelligent Transfer Service service was changed from demand start to auto start.","eventData":[{"name":"Data","value":"The start type of the Background Intelligent Transfer Service service was changed from demand start to auto start."}],"rawXml":"<Event><System><Provider Name=\"Service Control Manager\"/><EventID>7040</EventID><EventRecordID>91651</EventRecordID><TimeCreated SystemTime=\"2026-10-07T07:35:35.000Z\"/><Channel>System</Channel><Computer>CONTOSO-PC01</Computer></System><EventData><Data>The start type of the Background Intelligent Transfer Service service was changed from demand start to auto start.</Data></EventData></Event>","sourceLabel":"C:\\Fixture\\EventLogs\\System.evtx","originKind":"event","task":null,"opcode":null,"processId":null,"threadId":null,"userSid":null,"keywords":null,"mapped":[]},{"id":1146,"eventRecordId":91654,"eventRecordIdText":"91654","timestamp":"2026-10-07T07:37:21.000Z","timestampEpoch":1791358641000,"provider":"Service Control Manager","channel":"System","eventId":7031,"level":"Warning","computer":"CONTOSO-PC01","message":"The Contoso Update Service service terminated unexpectedly. It has done this 1 time(s).","eventData":[{"name":"Data","value":"The Contoso Update Service service terminated unexpectedly. It has done this 1 time(s)."}],"rawXml":"<Event><System><Provider Name=\"Service Control Manager\"/><EventID>7031</EventID><EventRecordID>91654</EventRecordID><TimeCreated SystemTime=\"2026-10-07T07:37:21.000Z\"/><Channel>System</Channel><Computer>CONTOSO-PC01</Computer></System><EventData><Data>The Contoso Update Service service terminated unexpectedly. It has done this 1 time(s).</Data></EventData></Event>","sourceLabel":"C:\\Fixture\\EventLogs\\System.evtx","originKind":"event","task":null,"opcode":null,"processId":null,"threadId":null,"userSid":null,"keywords":null,"mapped":[]},{"id":1147,"eventRecordId":91657,"eventRecordIdText":"91657","timestamp":"2026-10-07T07:37:50.000Z","timestampEpoch":1791358670000,"provider":"edgeupdate","channel":"Application","eventId":0,"level":"Information","computer":"CONTOSO-PC01","message":"Service started","eventData":[{"name":"Data","value":"Service started"}],"rawXml":"<Event><System><Provider Name=\"edgeupdate\"/><EventID>0</EventID><EventRecordID>91657</EventRecordID><TimeCreated SystemTime=\"2026-10-07T07:37:50.000Z\"/><Channel>Application</Channel><Computer>CONTOSO-PC01</Computer></System><EventData><Data>Service started</Data></EventData></Event>","sourceLabel":"C:\\Fixture\\EventLogs\\Application.evtx","originKind":"event","task":null,"opcode":null,"processId":null,"threadId":null,"userSid":null,"keywords":null,"mapped":[]},{"id":1148,"eventRecordId":91660,"eventRecordIdText":"91660","timestamp":"2026-10-07T07:39:37.000Z","timestampEpoch":1791358777000,"provider":"Microsoft-Windows-DNS-Client","channel":"System","eventId":1014,"level":"Warning","computer":"CONTOSO-PC01","message":"Name resolution for the name enterpriseregistration.windows.net timed out after none of the configured DNS servers responded.","eventData":[{"name":"Data","value":"Name resolution for the name enterpriseregistration.windows.net timed out after none of the configured DNS servers responded."}],"rawXml":"<Event><System><Provider Name=\"Microsoft-Windows-DNS-Client\"/><EventID>1014</EventID><EventRecordID>91660</EventRecordID><TimeCreated SystemTime=\"2026-10-07T07:39:37.000Z\"/><Channel>System</Channel><Computer>CONTOSO-PC01</Computer></System><EventData><Data>Name resolution for the name enterpriseregistration.windows.net timed out after none of the configured DNS servers responded.</Data></EventData></Event>","sourceLabel":"C:\\Fixture\\EventLogs\\System.evtx","originKind":"event","task":null,"opcode":null,"processId":null,"threadId":null,"userSid":null,"keywords":null,"mapped":[]},{"id":1149,"eventRecordId":91663,"eventRecordIdText":"91663","timestamp":"2026-10-07T07:42:54.000Z","timestampEpoch":1791358974000,"provider":"Service Control Manager","channel":"System","eventId":7040,"level":"Information","computer":"CONTOSO-PC01","message":"The start type of the Background Intelligent Transfer Service service was changed from demand start to auto start.","eventData":[{"name":"Data","value":"The start type of the Background Intelligent Transfer Service service was changed from demand start to auto start."}],"rawXml":"<Event><System><Provider Name=\"Service Control Manager\"/><EventID>7040</EventID><EventRecordID>91663</EventRecordID><TimeCreated SystemTime=\"2026-10-07T07:42:54.000Z\"/><Channel>System</Channel><Computer>CONTOSO-PC01</Computer></System><EventData><Data>The start type of the Background Intelligent Transfer Service service was changed from demand start to auto start.</Data></EventData></Event>","sourceLabel":"C:\\Fixture\\EventLogs\\System.evtx","originKind":"event","task":null,"opcode":null,"processId":null,"threadId":null,"userSid":null,"keywords":null,"mapped":[]},{"id":1150,"eventRecordId":91666,"eventRecordIdText":"91666","timestamp":"2026-10-07T07:44:31.000Z","timestampEpoch":1791359071000,"provider":"Microsoft-Windows-AAD","channel":"Microsoft-Windows-AAD/Operational","eventId":1098,"level":"Warning","computer":"CONTOSO-PC01","message":"Token broker operation failed.","eventData":[{"name":"Data","value":"Token broker operation failed."}],"rawXml":"<Event><System><Provider Name=\"Microsoft-Windows-AAD\"/><EventID>1098</EventID><EventRecordID>91666</EventRecordID><TimeCreated SystemTime=\"2026-10-07T07:44:31.000Z\"/><Channel>Microsoft-Windows-AAD/Operational</Channel><Computer>CONTOSO-PC01</Computer></System><EventData><Data>Token broker operation failed.</Data></EventData></Event>","sourceLabel":"C:\\Fixture\\EventLogs\\AAD-Operational.evtx","originKind":"event","task":null,"opcode":null,"processId":null,"threadId":null,"userSid":null,"keywords":null,"mapped":[]},{"id":1151,"eventRecordId":91669,"eventRecordIdText":"91669","timestamp":"2026-10-07T07:46:11.000Z","timestampEpoch":1791359171000,"provider":"Service Control Manager","channel":"System","eventId":7036,"level":"Information","computer":"CONTOSO-PC01","message":"The WinHTTP Web Proxy Auto-Discovery service entered the stopped state.","eventData":[{"name":"Data","value":"The WinHTTP Web Proxy Auto-Discovery service entered the stopped state."}],"rawXml":"<Event><System><Provider Name=\"Service Control Manager\"/><EventID>7036</EventID><EventRecordID>91669</EventRecordID><TimeCreated SystemTime=\"2026-10-07T07:46:11.000Z\"/><Channel>System</Channel><Computer>CONTOSO-PC01</Computer></System><EventData><Data>The WinHTTP Web Proxy Auto-Discovery service entered the stopped state.</Data></EventData></Event>","sourceLabel":"C:\\Fixture\\EventLogs\\System.evtx","originKind":"event","task":null,"opcode":null,"processId":null,"threadId":null,"userSid":null,"keywords":null,"mapped":[]},{"id":1152,"eventRecordId":91672,"eventRecordIdText":"91672","timestamp":"2026-10-07T07:46:30.000Z","timestampEpoch":1791359190000,"provider":"edgeupdate","channel":"Application","eventId":0,"level":"Information","computer":"CONTOSO-PC01","message":"Service started","eventData":[{"name":"Data","value":"Service started"}],"rawXml":"<Event><System><Provider Name=\"edgeupdate\"/><EventID>0</EventID><EventRecordID>91672</EventRecordID><TimeCreated SystemTime=\"2026-10-07T07:46:30.000Z\"/><Channel>Application</Channel><Computer>CONTOSO-PC01</Computer></System><EventData><Data>Service started</Data></EventData></Event>","sourceLabel":"C:\\Fixture\\EventLogs\\Application.evtx","originKind":"event","task":null,"opcode":null,"processId":null,"threadId":null,"userSid":null,"keywords":null,"mapped":[]},{"id":1153,"eventRecordId":91675,"eventRecordIdText":"91675","timestamp":"2026-10-07T07:47:00.000Z","timestampEpoch":1791359220000,"provider":"Microsoft-Windows-AAD","channel":"Microsoft-Windows-AAD/Operational","eventId":1104,"level":"Information","computer":"CONTOSO-PC01","message":"AAD Cloud AP plugin call Plugin initialize returned success.","eventData":[{"name":"Data","value":"AAD Cloud AP plugin call Plugin initialize returned success."}],"rawXml":"<Event><System><Provider Name=\"Microsoft-Windows-AAD\"/><EventID>1104</EventID><EventRecordID>91675</EventRecordID><TimeCreated SystemTime=\"2026-10-07T07:47:00.000Z\"/><Channel>Microsoft-Windows-AAD/Operational</Channel><Computer>CONTOSO-PC01</Computer></System><EventData><Data>AAD Cloud AP plugin call Plugin initialize returned success.</Data></EventData></Event>","sourceLabel":"C:\\Fixture\\EventLogs\\AAD-Operational.evtx","originKind":"event","task":null,"opcode":null,"processId":null,"threadId":null,"userSid":null,"keywords":null,"mapped":[]},{"id":1154,"eventRecordId":91678,"eventRecordIdText":"91678","timestamp":"2026-10-07T07:47:03.000Z","timestampEpoch":1791359223000,"provider":"Microsoft-Windows-AAD","channel":"Microsoft-Windows-AAD/Operational","eventId":1098,"level":"Warning","computer":"CONTOSO-PC01","message":"Token broker operation failed.","eventData":[{"name":"Data","value":"Token broker operation failed."}],"rawXml":"<Event><System><Provider Name=\"Microsoft-Windows-AAD\"/><EventID>1098</EventID><EventRecordID>91678</EventRecordID><TimeCreated SystemTime=\"2026-10-07T07:47:03.000Z\"/><Channel>Microsoft-Windows-AAD/Operational</Channel><Computer>CONTOSO-PC01</Computer></System><EventData><Data>Token broker operation failed.</Data></EventData></Event>","sourceLabel":"C:\\Fixture\\EventLogs\\AAD-Operational.evtx","originKind":"event","task":null,"opcode":null,"processId":null,"threadId":null,"userSid":null,"keywords":null,"mapped":[]},{"id":1155,"eventRecordId":91681,"eventRecordIdText":"91681","timestamp":"2026-10-07T07:50:23.000Z","timestampEpoch":1791359423000,"provider":"Microsoft-Windows-AAD","channel":"Microsoft-Windows-AAD/Operational","eventId":1097,"level":"Warning","computer":"CONTOSO-PC01","message":"Http request status: 400. Method: POST.","eventData":[{"name":"Data","value":"Http request status: 400. Method: POST."}],"rawXml":"<Event><System><Provider Name=\"Microsoft-Windows-AAD\"/><EventID>1097</EventID><EventRecordID>91681</EventRecordID><TimeCreated SystemTime=\"2026-10-07T07:50:23.000Z\"/><Channel>Microsoft-Windows-AAD/Operational</Channel><Computer>CONTOSO-PC01</Computer></System><EventData><Data>Http request status: 400. Method: POST.</Data></EventData></Event>","sourceLabel":"C:\\Fixture\\EventLogs\\AAD-Operational.evtx","originKind":"event","task":null,"opcode":null,"processId":null,"threadId":null,"userSid":null,"keywords":null,"mapped":[]},{"id":1156,"eventRecordId":91684,"eventRecordIdText":"91684","timestamp":"2026-10-07T07:50:40.000Z","timestampEpoch":1791359440000,"provider":"Microsoft-Windows-DNS-Client","channel":"System","eventId":1014,"level":"Warning","computer":"CONTOSO-PC01","message":"Name resolution for the name enrollment.manage.microsoft.com timed out after none of the configured DNS servers responded.","eventData":[{"name":"Data","value":"Name resolution for the name enrollment.manage.microsoft.com timed out after none of the configured DNS servers responded."}],"rawXml":"<Event><System><Provider Name=\"Microsoft-Windows-DNS-Client\"/><EventID>1014</EventID><EventRecordID>91684</EventRecordID><TimeCreated SystemTime=\"2026-10-07T07:50:40.000Z\"/><Channel>System</Channel><Computer>CONTOSO-PC01</Computer></System><EventData><Data>Name resolution for the name enrollment.manage.microsoft.com timed out after none of the configured DNS servers responded.</Data></EventData></Event>","sourceLabel":"C:\\Fixture\\EventLogs\\System.evtx","originKind":"event","task":null,"opcode":null,"processId":null,"threadId":null,"userSid":null,"keywords":null,"mapped":[]},{"id":1157,"eventRecordId":91687,"eventRecordIdText":"91687","timestamp":"2026-10-07T07:50:42.000Z","timestampEpoch":1791359442000,"provider":"Microsoft-Windows-AAD","channel":"Microsoft-Windows-AAD/Operational","eventId":1081,"level":"Information","computer":"CONTOSO-PC01","message":"OAuth response received for resource https://enrollment.manage.microsoft.com/.","eventData":[{"name":"Data","value":"OAuth response received for resource https://enrollment.manage.microsoft.com/."}],"rawXml":"<Event><System><Provider Name=\"Microsoft-Windows-AAD\"/><EventID>1081</EventID><EventRecordID>91687</EventRecordID><TimeCreated SystemTime=\"2026-10-07T07:50:42.000Z\"/><Channel>Microsoft-Windows-AAD/Operational</Channel><Computer>CONTOSO-PC01</Computer></System><EventData><Data>OAuth response received for resource https://enrollment.manage.microsoft.com/.</Data></EventData></Event>","sourceLabel":"C:\\Fixture\\EventLogs\\AAD-Operational.evtx","originKind":"event","task":null,"opcode":null,"processId":null,"threadId":null,"userSid":null,"keywords":null,"mapped":[]},{"id":1158,"eventRecordId":91690,"eventRecordIdText":"91690","timestamp":"2026-10-07T07:50:43.000Z","timestampEpoch":1791359443000,"provider":"edgeupdate","channel":"Application","eventId":0,"level":"Information","computer":"CONTOSO-PC01","message":"Service started","eventData":[{"name":"Data","value":"Service started"}],"rawXml":"<Event><System><Provider Name=\"edgeupdate\"/><EventID>0</EventID><EventRecordID>91690</EventRecordID><TimeCreated SystemTime=\"2026-10-07T07:50:43.000Z\"/><Channel>Application</Channel><Computer>CONTOSO-PC01</Computer></System><EventData><Data>Service started</Data></EventData></Event>","sourceLabel":"C:\\Fixture\\EventLogs\\Application.evtx","originKind":"event","task":null,"opcode":null,"processId":null,"threadId":null,"userSid":null,"keywords":null,"mapped":[]},{"id":1159,"eventRecordId":91693,"eventRecordIdText":"91693","timestamp":"2026-10-07T07:52:55.000Z","timestampEpoch":1791359575000,"provider":"Microsoft-Windows-Security-SPP","channel":"Application","eventId":16384,"level":"Information","computer":"CONTOSO-PC01","message":"Successfully scheduled Software Protection service for re-start.","eventData":[{"name":"Data","value":"Successfully scheduled Software Protection service for re-start."}],"rawXml":"<Event><System><Provider Name=\"Microsoft-Windows-Security-SPP\"/><EventID>16384</EventID><EventRecordID>91693</EventRecordID><TimeCreated SystemTime=\"2026-10-07T07:52:55.000Z\"/><Channel>Application</Channel><Computer>CONTOSO-PC01</Computer></System><EventData><Data>Successfully scheduled Software Protection service for re-start.</Data></EventData></Event>","sourceLabel":"C:\\Fixture\\EventLogs\\Application.evtx","originKind":"event","task":null,"opcode":null,"processId":null,"threadId":null,"userSid":null,"keywords":null,"mapped":[]},{"id":1160,"eventRecordId":91696,"eventRecordIdText":"91696","timestamp":"2026-10-07T07:53:12.000Z","timestampEpoch":1791359592000,"provider":"Microsoft-Windows-AAD","channel":"Microsoft-Windows-AAD/Operational","eventId":1098,"level":"Warning","computer":"CONTOSO-PC01","message":"Token broker operation failed.","eventData":[{"name":"Data","value":"Token broker operation failed."}],"rawXml":"<Event><System><Provider Name=\"Microsoft-Windows-AAD\"/><EventID>1098</EventID><EventRecordID>91696</EventRecordID><TimeCreated SystemTime=\"2026-10-07T07:53:12.000Z\"/><Channel>Microsoft-Windows-AAD/Operational</Channel><Computer>CONTOSO-PC01</Computer></System><EventData><Data>Token broker operation failed.</Data></EventData></Event>","sourceLabel":"C:\\Fixture\\EventLogs\\AAD-Operational.evtx","originKind":"event","task":null,"opcode":null,"processId":null,"threadId":null,"userSid":null,"keywords":null,"mapped":[]},{"id":1161,"eventRecordId":91699,"eventRecordIdText":"91699","timestamp":"2026-10-07T07:53:16.000Z","timestampEpoch":1791359596000,"provider":"Service Control Manager","channel":"System","eventId":7036,"level":"Information","computer":"CONTOSO-PC01","message":"The WinHTTP Web Proxy Auto-Discovery service entered the stopped state.","eventData":[{"name":"Data","value":"The WinHTTP Web Proxy Auto-Discovery service entered the stopped state."}],"rawXml":"<Event><System><Provider Name=\"Service Control Manager\"/><EventID>7036</EventID><EventRecordID>91699</EventRecordID><TimeCreated SystemTime=\"2026-10-07T07:53:16.000Z\"/><Channel>System</Channel><Computer>CONTOSO-PC01</Computer></System><EventData><Data>The WinHTTP Web Proxy Auto-Discovery service entered the stopped state.</Data></EventData></Event>","sourceLabel":"C:\\Fixture\\EventLogs\\System.evtx","originKind":"event","task":null,"opcode":null,"processId":null,"threadId":null,"userSid":null,"keywords":null,"mapped":[]},{"id":1162,"eventRecordId":91702,"eventRecordIdText":"91702","timestamp":"2026-10-07T07:54:42.000Z","timestampEpoch":1791359682000,"provider":"Microsoft-Windows-DeviceManagement-Enterprise-Diagnostics-Provider","channel":"Microsoft-Windows-DeviceManagement-Enterprise-Diagnostics-Provider/Admin","eventId":813,"level":"Information","computer":"CONTOSO-PC01","message":"MDM PolicyManager: Set policy int, Area: (DeviceLock).","eventData":[{"name":"Data","value":"MDM PolicyManager: Set policy int, Area: (DeviceLock)."}],"rawXml":"<Event><System><Provider Name=\"Microsoft-Windows-DeviceManagement-Enterprise-Diagnostics-Provider\"/><EventID>813</EventID><EventRecordID>91702</EventRecordID><TimeCreated SystemTime=\"2026-10-07T07:54:42.000Z\"/><Channel>Microsoft-Windows-DeviceManagement-Enterprise-Diagnostics-Provider/Admin</Channel><Computer>CONTOSO-PC01</Computer></System><EventData><Data>MDM PolicyManager: Set policy int, Area: (DeviceLock).</Data></EventData></Event>","sourceLabel":"C:\\Fixture\\EventLogs\\DeviceManagement-Admin.evtx","originKind":"event","task":null,"opcode":null,"processId":null,"threadId":null,"userSid":null,"keywords":null,"mapped":[]},{"id":1163,"eventRecordId":91705,"eventRecordIdText":"91705","timestamp":"2026-10-07T07:56:36.000Z","timestampEpoch":1791359796000,"provider":"Service Control Manager","channel":"System","eventId":7036,"level":"Information","computer":"CONTOSO-PC01","message":"The Microsoft Edge Update service entered the stopped state.","eventData":[{"name":"Data","value":"The Microsoft Edge Update service entered the stopped state."}],"rawXml":"<Event><System><Provider Name=\"Service Control Manager\"/><EventID>7036</EventID><EventRecordID>91705</EventRecordID><TimeCreated SystemTime=\"2026-10-07T07:56:36.000Z\"/><Channel>System</Channel><Computer>CONTOSO-PC01</Computer></System><EventData><Data>The Microsoft Edge Update service entered the stopped state.</Data></EventData></Event>","sourceLabel":"C:\\Fixture\\EventLogs\\System.evtx","originKind":"event","task":null,"opcode":null,"processId":null,"threadId":null,"userSid":null,"keywords":null,"mapped":[]},{"id":1164,"eventRecordId":91708,"eventRecordIdText":"91708","timestamp":"2026-10-07T07:57:38.000Z","timestampEpoch":1791359858000,"provider":"Service Control Manager","channel":"System","eventId":7040,"level":"Information","computer":"CONTOSO-PC01","message":"The start type of the Background Intelligent Transfer Service service was changed from demand start to auto start.","eventData":[{"name":"Data","value":"The start type of the Background Intelligent Transfer Service service was changed from demand start to auto start."}],"rawXml":"<Event><System><Provider Name=\"Service Control Manager\"/><EventID>7040</EventID><EventRecordID>91708</EventRecordID><TimeCreated SystemTime=\"2026-10-07T07:57:38.000Z\"/><Channel>System</Channel><Computer>CONTOSO-PC01</Computer></System><EventData><Data>The start type of the Background Intelligent Transfer Service service was changed from demand start to auto start.</Data></EventData></Event>","sourceLabel":"C:\\Fixture\\EventLogs\\System.evtx","originKind":"event","task":null,"opcode":null,"processId":null,"threadId":null,"userSid":null,"keywords":null,"mapped":[]},{"id":1165,"eventRecordId":91711,"eventRecordIdText":"91711","timestamp":"2026-10-07T08:01:11.000Z","timestampEpoch":1791360071000,"provider":"Microsoft-Windows-AAD","channel":"Microsoft-Windows-AAD/Operational","eventId":1097,"level":"Warning","computer":"CONTOSO-PC01","message":"Http request status: 400. Method: POST.","eventData":[{"name":"Data","value":"Http request status: 400. Method: POST."}],"rawXml":"<Event><System><Provider Name=\"Microsoft-Windows-AAD\"/><EventID>1097</EventID><EventRecordID>91711</EventRecordID><TimeCreated SystemTime=\"2026-10-07T08:01:11.000Z\"/><Channel>Microsoft-Windows-AAD/Operational</Channel><Computer>CONTOSO-PC01</Computer></System><EventData><Data>Http request status: 400. Method: POST.</Data></EventData></Event>","sourceLabel":"C:\\Fixture\\EventLogs\\AAD-Operational.evtx","originKind":"event","task":null,"opcode":null,"processId":null,"threadId":null,"userSid":null,"keywords":null,"mapped":[]},{"id":1166,"eventRecordId":91714,"eventRecordIdText":"91714","timestamp":"2026-10-07T08:02:06.000Z","timestampEpoch":1791360126000,"provider":"Microsoft-Windows-DNS-Client","channel":"System","eventId":1014,"level":"Warning","computer":"CONTOSO-PC01","message":"Name resolution for the name contoso.sharepoint.com timed out after none of the configured DNS servers responded.","eventData":[{"name":"Data","value":"Name resolution for the name contoso.sharepoint.com timed out after none of the configured DNS servers responded."}],"rawXml":"<Event><System><Provider Name=\"Microsoft-Windows-DNS-Client\"/><EventID>1014</EventID><EventRecordID>91714</EventRecordID><TimeCreated SystemTime=\"2026-10-07T08:02:06.000Z\"/><Channel>System</Channel><Computer>CONTOSO-PC01</Computer></System><EventData><Data>Name resolution for the name contoso.sharepoint.com timed out after none of the configured DNS servers responded.</Data></EventData></Event>","sourceLabel":"C:\\Fixture\\EventLogs\\System.evtx","originKind":"event","task":null,"opcode":null,"processId":null,"threadId":null,"userSid":null,"keywords":null,"mapped":[]},{"id":1167,"eventRecordId":91717,"eventRecordIdText":"91717","timestamp":"2026-10-07T08:06:03.000Z","timestampEpoch":1791360363000,"provider":"Microsoft-Windows-Kernel-General","channel":"System","eventId":16,"level":"Information","computer":"CONTOSO-PC01","message":"The access history in hive \\??\\C:\\Users\\user01\\NTUSER.DAT was cleared.","eventData":[{"name":"Data","value":"The access history in hive \\??\\C:\\Users\\user01\\NTUSER.DAT was cleared."}],"rawXml":"<Event><System><Provider Name=\"Microsoft-Windows-Kernel-General\"/><EventID>16</EventID><EventRecordID>91717</EventRecordID><TimeCreated SystemTime=\"2026-10-07T08:06:03.000Z\"/><Channel>System</Channel><Computer>CONTOSO-PC01</Computer></System><EventData><Data>The access history in hive \\??\\C:\\Users\\user01\\NTUSER.DAT was cleared.</Data></EventData></Event>","sourceLabel":"C:\\Fixture\\EventLogs\\System.evtx","originKind":"event","task":null,"opcode":null,"processId":null,"threadId":null,"userSid":null,"keywords":null,"mapped":[]},{"id":1168,"eventRecordId":91720,"eventRecordIdText":"91720","timestamp":"2026-10-07T08:06:12.000Z","timestampEpoch":1791360372000,"provider":"MsiInstaller","channel":"Application","eventId":1033,"level":"Information","computer":"CONTOSO-PC01","message":"Windows Installer installed the product. Product Name: Microsoft 365 Apps.","eventData":[{"name":"Data","value":"Windows Installer installed the product. Product Name: Microsoft 365 Apps."}],"rawXml":"<Event><System><Provider Name=\"MsiInstaller\"/><EventID>1033</EventID><EventRecordID>91720</EventRecordID><TimeCreated SystemTime=\"2026-10-07T08:06:12.000Z\"/><Channel>Application</Channel><Computer>CONTOSO-PC01</Computer></System><EventData><Data>Windows Installer installed the product. Product Name: Microsoft 365 Apps.</Data></EventData></Event>","sourceLabel":"C:\\Fixture\\EventLogs\\Application.evtx","originKind":"event","task":null,"opcode":null,"processId":null,"threadId":null,"userSid":null,"keywords":null,"mapped":[]},{"id":1169,"eventRecordId":91723,"eventRecordIdText":"91723","timestamp":"2026-10-07T08:06:55.000Z","timestampEpoch":1791360415000,"provider":"MsiInstaller","channel":"Application","eventId":1033,"level":"Information","computer":"CONTOSO-PC01","message":"Windows Installer installed the product. Product Name: Adobe Acrobat Reader DC.","eventData":[{"name":"Data","value":"Windows Installer installed the product. Product Name: Adobe Acrobat Reader DC."}],"rawXml":"<Event><System><Provider Name=\"MsiInstaller\"/><EventID>1033</EventID><EventRecordID>91723</EventRecordID><TimeCreated SystemTime=\"2026-10-07T08:06:55.000Z\"/><Channel>Application</Channel><Computer>CONTOSO-PC01</Computer></System><EventData><Data>Windows Installer installed the product. Product Name: Adobe Acrobat Reader DC.</Data></EventData></Event>","sourceLabel":"C:\\Fixture\\EventLogs\\Application.evtx","originKind":"event","task":null,"opcode":null,"processId":null,"threadId":null,"userSid":null,"keywords":null,"mapped":[]},{"id":1170,"eventRecordId":91726,"eventRecordIdText":"91726","timestamp":"2026-10-07T08:07:59.000Z","timestampEpoch":1791360479000,"provider":"Service Control Manager","channel":"System","eventId":7036,"level":"Information","computer":"CONTOSO-PC01","message":"The Windows Modules Installer service entered the running state.","eventData":[{"name":"Data","value":"The Windows Modules Installer service entered the running state."}],"rawXml":"<Event><System><Provider Name=\"Service Control Manager\"/><EventID>7036</EventID><EventRecordID>91726</EventRecordID><TimeCreated SystemTime=\"2026-10-07T08:07:59.000Z\"/><Channel>System</Channel><Computer>CONTOSO-PC01</Computer></System><EventData><Data>The Windows Modules Installer service entered the running state.</Data></EventData></Event>","sourceLabel":"C:\\Fixture\\EventLogs\\System.evtx","originKind":"event","task":null,"opcode":null,"processId":null,"threadId":null,"userSid":null,"keywords":null,"mapped":[]},{"id":1171,"eventRecordId":91729,"eventRecordIdText":"91729","timestamp":"2026-10-07T08:08:17.000Z","timestampEpoch":1791360497000,"provider":"MsiInstaller","channel":"Application","eventId":1040,"level":"Information","computer":"CONTOSO-PC01","message":"Beginning a Windows Installer transaction.","eventData":[{"name":"Data","value":"Beginning a Windows Installer transaction."}],"rawXml":"<Event><System><Provider Name=\"MsiInstaller\"/><EventID>1040</EventID><EventRecordID>91729</EventRecordID><TimeCreated SystemTime=\"2026-10-07T08:08:17.000Z\"/><Channel>Application</Channel><Computer>CONTOSO-PC01</Computer></System><EventData><Data>Beginning a Windows Installer transaction.</Data></EventData></Event>","sourceLabel":"C:\\Fixture\\EventLogs\\Application.evtx","originKind":"event","task":null,"opcode":null,"processId":null,"threadId":null,"userSid":null,"keywords":null,"mapped":[]},{"id":1172,"eventRecordId":91732,"eventRecordIdText":"91732","timestamp":"2026-10-07T08:10:38.000Z","timestampEpoch":1791360638000,"provider":"Microsoft-Windows-Security-SPP","channel":"Application","eventId":16384,"level":"Information","computer":"CONTOSO-PC01","message":"Successfully scheduled Software Protection service for re-start.","eventData":[{"name":"Data","value":"Successfully scheduled Software Protection service for re-start."}],"rawXml":"<Event><System><Provider Name=\"Microsoft-Windows-Security-SPP\"/><EventID>16384</EventID><EventRecordID>91732</EventRecordID><TimeCreated SystemTime=\"2026-10-07T08:10:38.000Z\"/><Channel>Application</Channel><Computer>CONTOSO-PC01</Computer></System><EventData><Data>Successfully scheduled Software Protection service for re-start.</Data></EventData></Event>","sourceLabel":"C:\\Fixture\\EventLogs\\Application.evtx","originKind":"event","task":null,"opcode":null,"processId":null,"threadId":null,"userSid":null,"keywords":null,"mapped":[]},{"id":1173,"eventRecordId":91735,"eventRecordIdText":"91735","timestamp":"2026-10-07T08:11:40.000Z","timestampEpoch":1791360700000,"provider":"Service Control Manager","channel":"System","eventId":7036,"level":"Information","computer":"CONTOSO-PC01","message":"The WinHTTP Web Proxy Auto-Discovery service entered the stopped state.","eventData":[{"name":"Data","value":"The WinHTTP Web Proxy Auto-Discovery service entered the stopped state."}],"rawXml":"<Event><System><Provider Name=\"Service Control Manager\"/><EventID>7036</EventID><EventRecordID>91735</EventRecordID><TimeCreated SystemTime=\"2026-10-07T08:11:40.000Z\"/><Channel>System</Channel><Computer>CONTOSO-PC01</Computer></System><EventData><Data>The WinHTTP Web Proxy Auto-Discovery service entered the stopped state.</Data></EventData></Event>","sourceLabel":"C:\\Fixture\\EventLogs\\System.evtx","originKind":"event","task":null,"opcode":null,"processId":null,"threadId":null,"userSid":null,"keywords":null,"mapped":[]},{"id":1174,"eventRecordId":91738,"eventRecordIdText":"91738","timestamp":"2026-10-07T08:12:07.000Z","timestampEpoch":1791360727000,"provider":"Microsoft-Windows-Kernel-General","channel":"System","eventId":16,"level":"Information","computer":"CONTOSO-PC01","message":"The access history in hive \\??\\C:\\Users\\user01\\NTUSER.DAT was cleared.","eventData":[{"name":"Data","value":"The access history in hive \\??\\C:\\Users\\user01\\NTUSER.DAT was cleared."}],"rawXml":"<Event><System><Provider Name=\"Microsoft-Windows-Kernel-General\"/><EventID>16</EventID><EventRecordID>91738</EventRecordID><TimeCreated SystemTime=\"2026-10-07T08:12:07.000Z\"/><Channel>System</Channel><Computer>CONTOSO-PC01</Computer></System><EventData><Data>The access history in hive \\??\\C:\\Users\\user01\\NTUSER.DAT was cleared.</Data></EventData></Event>","sourceLabel":"C:\\Fixture\\EventLogs\\System.evtx","originKind":"event","task":null,"opcode":null,"processId":null,"threadId":null,"userSid":null,"keywords":null,"mapped":[]},{"id":1175,"eventRecordId":91741,"eventRecordIdText":"91741","timestamp":"2026-10-07T08:13:35.000Z","timestampEpoch":1791360815000,"provider":"edgeupdate","channel":"Application","eventId":0,"level":"Information","computer":"CONTOSO-PC01","message":"Service started","eventData":[{"name":"Data","value":"Service started"}],"rawXml":"<Event><System><Provider Name=\"edgeupdate\"/><EventID>0</EventID><EventRecordID>91741</EventRecordID><TimeCreated SystemTime=\"2026-10-07T08:13:35.000Z\"/><Channel>Application</Channel><Computer>CONTOSO-PC01</Computer></System><EventData><Data>Service started</Data></EventData></Event>","sourceLabel":"C:\\Fixture\\EventLogs\\Application.evtx","originKind":"event","task":null,"opcode":null,"processId":null,"threadId":null,"userSid":null,"keywords":null,"mapped":[]},{"id":1176,"eventRecordId":91744,"eventRecordIdText":"91744","timestamp":"2026-10-07T08:15:02.000Z","timestampEpoch":1791360902000,"provider":"Service Control Manager","channel":"System","eventId":7036,"level":"Information","computer":"CONTOSO-PC01","message":"The WinHTTP Web Proxy Auto-Discovery service entered the stopped state.","eventData":[{"name":"Data","value":"The WinHTTP Web Proxy Auto-Discovery service entered the stopped state."}],"rawXml":"<Event><System><Provider Name=\"Service Control Manager\"/><EventID>7036</EventID><EventRecordID>91744</EventRecordID><TimeCreated SystemTime=\"2026-10-07T08:15:02.000Z\"/><Channel>System</Channel><Computer>CONTOSO-PC01</Computer></System><EventData><Data>The WinHTTP Web Proxy Auto-Discovery service entered the stopped state.</Data></EventData></Event>","sourceLabel":"C:\\Fixture\\EventLogs\\System.evtx","originKind":"event","task":null,"opcode":null,"processId":null,"threadId":null,"userSid":null,"keywords":null,"mapped":[]},{"id":1177,"eventRecordId":91747,"eventRecordIdText":"91747","timestamp":"2026-10-07T08:16:52.000Z","timestampEpoch":1791361012000,"provider":"Microsoft-Windows-DeviceManagement-Enterprise-Diagnostics-Provider","channel":"Microsoft-Windows-DeviceManagement-Enterprise-Diagnostics-Provider/Admin","eventId":813,"level":"Information","computer":"CONTOSO-PC01","message":"MDM PolicyManager: Set policy int, Area: (DeviceLock).","eventData":[{"name":"Data","value":"MDM PolicyManager: Set policy int, Area: (DeviceLock)."}],"rawXml":"<Event><System><Provider Name=\"Microsoft-Windows-DeviceManagement-Enterprise-Diagnostics-Provider\"/><EventID>813</EventID><EventRecordID>91747</EventRecordID><TimeCreated SystemTime=\"2026-10-07T08:16:52.000Z\"/><Channel>Microsoft-Windows-DeviceManagement-Enterprise-Diagnostics-Provider/Admin</Channel><Computer>CONTOSO-PC01</Computer></System><EventData><Data>MDM PolicyManager: Set policy int, Area: (DeviceLock).</Data></EventData></Event>","sourceLabel":"C:\\Fixture\\EventLogs\\DeviceManagement-Admin.evtx","originKind":"event","task":null,"opcode":null,"processId":null,"threadId":null,"userSid":null,"keywords":null,"mapped":[]},{"id":1178,"eventRecordId":91750,"eventRecordIdText":"91750","timestamp":"2026-10-07T08:17:22.000Z","timestampEpoch":1791361042000,"provider":"Microsoft-Windows-Kernel-General","channel":"System","eventId":16,"level":"Information","computer":"CONTOSO-PC01","message":"The access history in hive \\??\\C:\\Users\\user01\\NTUSER.DAT was cleared.","eventData":[{"name":"Data","value":"The access history in hive \\??\\C:\\Users\\user01\\NTUSER.DAT was cleared."}],"rawXml":"<Event><System><Provider Name=\"Microsoft-Windows-Kernel-General\"/><EventID>16</EventID><EventRecordID>91750</EventRecordID><TimeCreated SystemTime=\"2026-10-07T08:17:22.000Z\"/><Channel>System</Channel><Computer>CONTOSO-PC01</Computer></System><EventData><Data>The access history in hive \\??\\C:\\Users\\user01\\NTUSER.DAT was cleared.</Data></EventData></Event>","sourceLabel":"C:\\Fixture\\EventLogs\\System.evtx","originKind":"event","task":null,"opcode":null,"processId":null,"threadId":null,"userSid":null,"keywords":null,"mapped":[]},{"id":1179,"eventRecordId":91753,"eventRecordIdText":"91753","timestamp":"2026-10-07T08:17:52.000Z","timestampEpoch":1791361072000,"provider":"Microsoft-Windows-DistributedCOM","channel":"System","eventId":10016,"level":"Warning","computer":"CONTOSO-PC01","message":"The application-specific permission settings do not grant Local Activation permission for the COM Server application.","eventData":[{"name":"Data","value":"The application-specific permission settings do not grant Local Activation permission for the COM Server application."}],"rawXml":"<Event><System><Provider Name=\"Microsoft-Windows-DistributedCOM\"/><EventID>10016</EventID><EventRecordID>91753</EventRecordID><TimeCreated SystemTime=\"2026-10-07T08:17:52.000Z\"/><Channel>System</Channel><Computer>CONTOSO-PC01</Computer></System><EventData><Data>The application-specific permission settings do not grant Local Activation permission for the COM Server application.</Data></EventData></Event>","sourceLabel":"C:\\Fixture\\EventLogs\\System.evtx","originKind":"event","task":null,"opcode":null,"processId":null,"threadId":null,"userSid":null,"keywords":null,"mapped":[]},{"id":1180,"eventRecordId":91756,"eventRecordIdText":"91756","timestamp":"2026-10-07T08:19:35.000Z","timestampEpoch":1791361175000,"provider":"Microsoft-Windows-Security-SPP","channel":"Application","eventId":16384,"level":"Information","computer":"CONTOSO-PC01","message":"Successfully scheduled Software Protection service for re-start.","eventData":[{"name":"Data","value":"Successfully scheduled Software Protection service for re-start."}],"rawXml":"<Event><System><Provider Name=\"Microsoft-Windows-Security-SPP\"/><EventID>16384</EventID><EventRecordID>91756</EventRecordID><TimeCreated SystemTime=\"2026-10-07T08:19:35.000Z\"/><Channel>Application</Channel><Computer>CONTOSO-PC01</Computer></System><EventData><Data>Successfully scheduled Software Protection service for re-start.</Data></EventData></Event>","sourceLabel":"C:\\Fixture\\EventLogs\\Application.evtx","originKind":"event","task":null,"opcode":null,"processId":null,"threadId":null,"userSid":null,"keywords":null,"mapped":[]},{"id":1181,"eventRecordId":91759,"eventRecordIdText":"91759","timestamp":"2026-10-07T08:21:11.000Z","timestampEpoch":1791361271000,"provider":"MsiInstaller","channel":"Application","eventId":11708,"level":"Error","computer":"CONTOSO-PC01","message":"Product: Contoso VPN Client 4.2 (x64) -- Installation failed.","eventData":[{"name":"Data","value":"Product: Contoso VPN Client 4.2 (x64) -- Installation failed."}],"rawXml":"<Event><System><Provider Name=\"MsiInstaller\"/><EventID>11708</EventID><EventRecordID>91759</EventRecordID><TimeCreated SystemTime=\"2026-10-07T08:21:11.000Z\"/><Channel>Application</Channel><Computer>CONTOSO-PC01</Computer></System><EventData><Data>Product: Contoso VPN Client 4.2 (x64) -- Installation failed.</Data></EventData></Event>","sourceLabel":"C:\\Fixture\\EventLogs\\Application.evtx","originKind":"event","task":null,"opcode":null,"processId":null,"threadId":null,"userSid":null,"keywords":null,"mapped":[]},{"id":1182,"eventRecordId":91762,"eventRecordIdText":"91762","timestamp":"2026-10-07T08:21:52.000Z","timestampEpoch":1791361312000,"provider":"Service Control Manager","channel":"System","eventId":7040,"level":"Information","computer":"CONTOSO-PC01","message":"The start type of the Background Intelligent Transfer Service service was changed from demand start to auto start.","eventData":[{"name":"Data","value":"The start type of the Background Intelligent Transfer Service service was changed from demand start to auto start."}],"rawXml":"<Event><System><Provider Name=\"Service Control Manager\"/><EventID>7040</EventID><EventRecordID>91762</EventRecordID><TimeCreated SystemTime=\"2026-10-07T08:21:52.000Z\"/><Channel>System</Channel><Computer>CONTOSO-PC01</Computer></System><EventData><Data>The start type of the Background Intelligent Transfer Service service was changed from demand start to auto start.</Data></EventData></Event>","sourceLabel":"C:\\Fixture\\EventLogs\\System.evtx","originKind":"event","task":null,"opcode":null,"processId":null,"threadId":null,"userSid":null,"keywords":null,"mapped":[]},{"id":1183,"eventRecordId":91765,"eventRecordIdText":"91765","timestamp":"2026-10-07T08:25:13.000Z","timestampEpoch":1791361513000,"provider":"Service Control Manager","channel":"System","eventId":7036,"level":"Information","computer":"CONTOSO-PC01","message":"The Intune Management Extension service entered the running state.","eventData":[{"name":"Data","value":"The Intune Management Extension service entered the running state."}],"rawXml":"<Event><System><Provider Name=\"Service Control Manager\"/><EventID>7036</EventID><EventRecordID>91765</EventRecordID><TimeCreated SystemTime=\"2026-10-07T08:25:13.000Z\"/><Channel>System</Channel><Computer>CONTOSO-PC01</Computer></System><EventData><Data>The Intune Management Extension service entered the running state.</Data></EventData></Event>","sourceLabel":"C:\\Fixture\\EventLogs\\System.evtx","originKind":"event","task":null,"opcode":null,"processId":null,"threadId":null,"userSid":null,"keywords":null,"mapped":[]},{"id":1184,"eventRecordId":91768,"eventRecordIdText":"91768","timestamp":"2026-10-07T08:25:59.000Z","timestampEpoch":1791361559000,"provider":"Microsoft-Windows-DNS-Client","channel":"System","eventId":1014,"level":"Warning","computer":"CONTOSO-PC01","message":"Name resolution for the name enterpriseregistration.windows.net timed out after none of the configured DNS servers responded.","eventData":[{"name":"Data","value":"Name resolution for the name enterpriseregistration.windows.net timed out after none of the configured DNS servers responded."}],"rawXml":"<Event><System><Provider Name=\"Microsoft-Windows-DNS-Client\"/><EventID>1014</EventID><EventRecordID>91768</EventRecordID><TimeCreated SystemTime=\"2026-10-07T08:25:59.000Z\"/><Channel>System</Channel><Computer>CONTOSO-PC01</Computer></System><EventData><Data>Name resolution for the name enterpriseregistration.windows.net timed out after none of the configured DNS servers responded.</Data></EventData></Event>","sourceLabel":"C:\\Fixture\\EventLogs\\System.evtx","originKind":"event","task":null,"opcode":null,"processId":null,"threadId":null,"userSid":null,"keywords":null,"mapped":[]},{"id":1185,"eventRecordId":91771,"eventRecordIdText":"91771","timestamp":"2026-10-07T08:29:54.000Z","timestampEpoch":1791361794000,"provider":"Microsoft-Windows-DeviceManagement-Enterprise-Diagnostics-Provider","channel":"Microsoft-Windows-DeviceManagement-Enterprise-Diagnostics-Provider/Admin","eventId":72,"level":"Information","computer":"CONTOSO-PC01","message":"MDM Enroll: auto-enrollment triggered by policy","eventData":[{"name":"Data","value":"MDM Enroll: auto-enrollment triggered by policy"}],"rawXml":"<Event><System><Provider Name=\"Microsoft-Windows-DeviceManagement-Enterprise-Diagnostics-Provider\"/><EventID>72</EventID><EventRecordID>91771</EventRecordID><TimeCreated SystemTime=\"2026-10-07T08:29:54.000Z\"/><Channel>Microsoft-Windows-DeviceManagement-Enterprise-Diagnostics-Provider/Admin</Channel><Computer>CONTOSO-PC01</Computer></System><EventData><Data>MDM Enroll: auto-enrollment triggered by policy</Data></EventData></Event>","sourceLabel":"C:\\Fixture\\EventLogs\\DeviceManagement-Admin.evtx","originKind":"event","task":null,"opcode":null,"processId":null,"threadId":null,"userSid":null,"keywords":null,"mapped":[]},{"id":1186,"eventRecordId":91774,"eventRecordIdText":"91774","timestamp":"2026-10-07T08:30:00.000Z","timestampEpoch":1791361800000,"provider":"Microsoft-Windows-DeviceManagement-Enterprise-Diagnostics-Provider","channel":"Microsoft-Windows-DeviceManagement-Enterprise-Diagnostics-Provider/Admin","eventId":76,"level":"Error","computer":"CONTOSO-PC01","message":"Auto MDM Enroll: Failed","eventData":[{"name":"Data","value":"Auto MDM Enroll: Failed"}],"rawXml":"<Event><System><Provider Name=\"Microsoft-Windows-DeviceManagement-Enterprise-Diagnostics-Provider\"/><EventID>76</EventID><EventRecordID>91774</EventRecordID><TimeCreated SystemTime=\"2026-10-07T08:30:00.000Z\"/><Channel>Microsoft-Windows-DeviceManagement-Enterprise-Diagnostics-Provider/Admin</Channel><Computer>CONTOSO-PC01</Computer></System><EventData><Data>Auto MDM Enroll: Failed</Data></EventData></Event>","sourceLabel":"C:\\Fixture\\EventLogs\\DeviceManagement-Admin.evtx","originKind":"event","task":null,"opcode":null,"processId":null,"threadId":null,"userSid":null,"keywords":null,"mapped":[]},{"id":1187,"eventRecordId":91777,"eventRecordIdText":"91777","timestamp":"2026-10-07T08:31:36.000Z","timestampEpoch":1791361896000,"provider":"Microsoft-Windows-DeviceManagement-Enterprise-Diagnostics-Provider","channel":"Microsoft-Windows-DeviceManagement-Enterprise-Diagnostics-Provider/Admin","eventId":813,"level":"Information","computer":"CONTOSO-PC01","message":"MDM PolicyManager: Set policy int, Area: (DeviceLock).","eventData":[{"name":"Data","value":"MDM PolicyManager: Set policy int, Area: (DeviceLock)."}],"rawXml":"<Event><System><Provider Name=\"Microsoft-Windows-DeviceManagement-Enterprise-Diagnostics-Provider\"/><EventID>813</EventID><EventRecordID>91777</EventRecordID><TimeCreated SystemTime=\"2026-10-07T08:31:36.000Z\"/><Channel>Microsoft-Windows-DeviceManagement-Enterprise-Diagnostics-Provider/Admin</Channel><Computer>CONTOSO-PC01</Computer></System><EventData><Data>MDM PolicyManager: Set policy int, Area: (DeviceLock).</Data></EventData></Event>","sourceLabel":"C:\\Fixture\\EventLogs\\DeviceManagement-Admin.evtx","originKind":"event","task":null,"opcode":null,"processId":null,"threadId":null,"userSid":null,"keywords":null,"mapped":[]},{"id":1188,"eventRecordId":91780,"eventRecordIdText":"91780","timestamp":"2026-10-07T08:32:31.000Z","timestampEpoch":1791361951000,"provider":"Microsoft-Windows-DeviceManagement-Enterprise-Diagnostics-Provider","channel":"Microsoft-Windows-DeviceManagement-Enterprise-Diagnostics-Provider/Admin","eventId":813,"level":"Information","computer":"CONTOSO-PC01","message":"MDM PolicyManager: Set policy int, Area: (DeviceLock).","eventData":[{"name":"Data","value":"MDM PolicyManager: Set policy int, Area: (DeviceLock)."}],"rawXml":"<Event><System><Provider Name=\"Microsoft-Windows-DeviceManagement-Enterprise-Diagnostics-Provider\"/><EventID>813</EventID><EventRecordID>91780</EventRecordID><TimeCreated SystemTime=\"2026-10-07T08:32:31.000Z\"/><Channel>Microsoft-Windows-DeviceManagement-Enterprise-Diagnostics-Provider/Admin</Channel><Computer>CONTOSO-PC01</Computer></System><EventData><Data>MDM PolicyManager: Set policy int, Area: (DeviceLock).</Data></EventData></Event>","sourceLabel":"C:\\Fixture\\EventLogs\\DeviceManagement-Admin.evtx","originKind":"event","task":null,"opcode":null,"processId":null,"threadId":null,"userSid":null,"keywords":null,"mapped":[]},{"id":1189,"eventRecordId":91783,"eventRecordIdText":"91783","timestamp":"2026-10-07T08:33:33.000Z","timestampEpoch":1791362013000,"provider":"Service Control Manager","channel":"System","eventId":7036,"level":"Information","computer":"CONTOSO-PC01","message":"The Intune Management Extension service entered the stopped state.","eventData":[{"name":"Data","value":"The Intune Management Extension service entered the stopped state."}],"rawXml":"<Event><System><Provider Name=\"Service Control Manager\"/><EventID>7036</EventID><EventRecordID>91783</EventRecordID><TimeCreated SystemTime=\"2026-10-07T08:33:33.000Z\"/><Channel>System</Channel><Computer>CONTOSO-PC01</Computer></System><EventData><Data>The Intune Management Extension service entered the stopped state.</Data></EventData></Event>","sourceLabel":"C:\\Fixture\\EventLogs\\System.evtx","originKind":"event","task":null,"opcode":null,"processId":null,"threadId":null,"userSid":null,"keywords":null,"mapped":[]},