          {
            "timestampMs": 1791285676000,
            "severity": "info",
            "message": "Successfully scheduled Software Protection service for re-start.",
            "origin": {
              "kind": "event",
              "stableId": "source37:C:\\Fixture\\EventLogs\\Application.evtx|machine12:CONTOSO-PC01|channel11:Application|record88402",
              "source": "C:\\Fixture\\EventLogs\\Application.evtx",
              "machine": "CONTOSO-PC01",
              "bundle": null,
              "channel": "Application",
              "provider": "Microsoft-Windows-Security-SPP",
              "processId": null,
              "eventId": 16384,
              "recordId": 88402,
              "recordIdText": "88402"
            }
          },
          {
            "timestampMs": 1791285677000,
            "severity": "info",
            "message": "The access history in hive \\??\\C:\\Users\\user01\\NTUSER.DAT was cleared.",
            "origin": {
              "kind": "event",
              "stableId": "source32:C:\\Fixture\\EventLogs\\System.evtx|machine12:CONTOSO-PC01|channel6:System|record88405",
              "source": "C:\\Fixture\\EventLogs\\System.evtx",
              "machine": "CONTOSO-PC01",
              "bundle": null,
              "channel": "System",
              "provider": "Microsoft-Windows-Kernel-General",
              "processId": null,
              "eventId": 16,
              "recordId": 88405,
              "recordIdText": "88405"
            }
          },
          {
            "timestampMs": 1791285764000,
            "severity": "info",
            "message": "The Windows Modules Installer service entered the stopped state.",
            "origin": {
              "kind": "event",
              "stableId": "source32:C:\\Fixture\\EventLogs\\System.evtx|machine12:CONTOSO-PC01|channel6:System|record88408",
              "source": "C:\\Fixture\\EventLogs\\System.evtx",
              "machine": "CONTOSO-PC01",
              "bundle": null,
              "channel": "System",
              "provider": "Service Control Manager",
              "processId": null,
              "eventId": 7036,
              "recordId": 88408,
              "recordIdText": "88408"
            }
          },
          {
            "timestampMs": 1791285863000,
            "severity": "info",
            "message": "OAuth response received for resource https://enrollment.manage.microsoft.com/.",
            "origin": {
              "kind": "event",
              "stableId": "source41:C:\\Fixture\\EventLogs\\AAD-Operational.evtx|machine12:CONTOSO-PC01|channel33:Microsoft-Windows-AAD/Operational|record88411",
              "source": "C:\\Fixture\\EventLogs\\AAD-Operational.evtx",
              "machine": "CONTOSO-PC01",
              "bundle": null,
              "channel": "Microsoft-Windows-AAD/Operational",
              "provider": "Microsoft-Windows-AAD",
              "processId": null,
              "eventId": 1081,
              "recordId": 88411,
              "recordIdText": "88411"
            }
          },
          {
            "timestampMs": 1791285866000,
            "severity": "info",
            "message": "The Microsoft Edge Update service entered the stopped state.",
            "origin": {
              "kind": "event",
              "stableId": "source32:C:\\Fixture\\EventLogs\\System.evtx|machine12:CONTOSO-PC01|channel6:System|record88414",
              "source": "C:\\Fixture\\EventLogs\\System.evtx",
              "machine": "CONTOSO-PC01",
              "bundle": null,
              "channel": "System",
              "provider": "Service Control Manager",
              "processId": null,
              "eventId": 7036,
              "recordId": 88414,
              "recordIdText": "88414"
            }
          },
          {
            "timestampMs": 1791286110000,
            "severity": "info",
            "message": "The Windows Update service entered the running state.",
            "origin": {
              "kind": "event",
              "stableId": "source32:C:\\Fixture\\EventLogs\\System.evtx|machine12:CONTOSO-PC01|channel6:System|record88417",
              "source": "C:\\Fixture\\EventLogs\\System.evtx",
              "machine": "CONTOSO-PC01",
              "bundle": null,
              "channel": "System",
              "provider": "Service Control Manager",
              "processId": null,
              "eventId": 7036,
              "recordId": 88417,
              "recordIdText": "88417"
            }
          },
          {
            "timestampMs": 1791286255000,
            "severity": "info",
            "message": "AAD Cloud AP plugin call Plugin initialize returned success.",
            "origin": {
              "kind": "event",
              "stableId": "source41:C:\\Fixture\\EventLogs\\AAD-Operational.evtx|machine12:CONTOSO-PC01|channel33:Microsoft-Windows-AAD/Operational|record88420",
              "source": "C:\\Fixture\\EventLogs\\AAD-Operational.evtx",
              "machine": "CONTOSO-PC01",
              "bundle": null,
              "channel": "Microsoft-Windows-AAD/Operational",
              "provider": "Microsoft-Windows-AAD",
              "processId": null,
              "eventId": 1104,
              "recordId": 88420,
              "recordIdText": "88420"
            }
          },
          {
            "timestampMs": 1791286301000,
            "severity": "info",
            "message": "Successfully scheduled Software Protection service for re-start.",
            "origin": {
              "kind": "event",
              "stableId": "source37:C:\\Fixture\\EventLogs\\Application.evtx|machine12:CONTOSO-PC01|channel11:Application|record88423",
              "source": "C:\\Fixture\\EventLogs\\Application.evtx",
              "machine": "CONTOSO-PC01",
              "bundle": null,
              "channel": "Application",
              "provider": "Microsoft-Windows-Security-SPP",
              "processId": null,
              "eventId": 16384,
              "recordId": 88423,
              "recordIdText": "88423"
            }
          },
          {
            "timestampMs": 1791286394000,
            "severity": "warning",
            "message": "Name resolution for the name enterpriseregistration.windows.net timed out after none of the configured DNS servers responded.",
            "origin": {
              "kind": "event",
              "stableId": "source32:C:\\Fixture\\EventLogs\\System.evtx|machine12:CONTOSO-PC01|channel6:System|record88426",
              "source": "C:\\Fixture\\EventLogs\\System.evtx",
              "machine": "CONTOSO-PC01",
              "bundle": null,
              "channel": "System",
              "provider": "Microsoft-Windows-DNS-Client",
              "processId": null,
              "eventId": 1014,
              "recordId": 88426,
              "recordIdText": "88426"
            }
          },
          {
            "timestampMs": 1791286438000,
            "severity": "info",
            "message": "AAD Cloud AP plugin call Plugin initialize returned success.",
            "origin": {
              "kind": "event",
              "stableId": "source41:C:\\Fixture\\EventLogs\\AAD-Operational.evtx|machine12:CONTOSO-PC01|channel33:Microsoft-Windows-AAD/Operational|record88429",
              "source": "C:\\Fixture\\EventLogs\\AAD-Operational.evtx",
              "machine": "CONTOSO-PC01",
              "bundle": null,
              "channel": "Microsoft-Windows-AAD/Operational",
              "provider": "Microsoft-Windows-AAD",
              "processId": null,
              "eventId": 1104,
              "recordId": 88429,
              "recordIdText": "88429"
            }
          },
          {
            "timestampMs": 1791286443000,
            "severity": "info",
            "message": "OAuth response received for resource https://enrollment.manage.microsoft.com/.",
            "origin": {
              "kind": "event",
              "stableId": "source41:C:\\Fixture\\EventLogs\\AAD-Operational.evtx|machine12:CONTOSO-PC01|channel33:Microsoft-Windows-AAD/Operational|record88432",
              "source": "C:\\Fixture\\EventLogs\\AAD-Operational.evtx",
              "machine": "CONTOSO-PC01",
              "bundle": null,
              "channel": "Microsoft-Windows-AAD/Operational",
              "provider": "Microsoft-Windows-AAD",
              "processId": null,
              "eventId": 1081,
              "recordId": 88432,
              "recordIdText": "88432"
            }
          },
          {
            "timestampMs": 1791286519000,
            "severity": "info",
            "message": "Service started",
            "origin": {
              "kind": "event",
              "stableId": "source37:C:\\Fixture\\EventLogs\\Application.evtx|machine12:CONTOSO-PC01|channel11:Application|record88435",
              "source": "C:\\Fixture\\EventLogs\\Application.evtx",
              "machine": "CONTOSO-PC01",
              "bundle": null,
              "channel": "Application",
              "provider": "edgeupdate",
              "processId": null,
              "eventId": 0,
              "recordId": 88435,
              "recordIdText": "88435"
            }
          },
          {
            "timestampMs": 1791286685000,
            "severity": "info",
            "message": "The access history in hive \\??\\C:\\Users\\user01\\NTUSER.DAT was cleared.",
            "origin": {
              "kind": "event",
              "stableId": "source32:C:\\Fixture\\EventLogs\\System.evtx|machine12:CONTOSO-PC01|channel6:System|record88438",
              "source": "C:\\Fixture\\EventLogs\\System.evtx",
              "machine": "CONTOSO-PC01",
              "bundle": null,
              "channel": "System",
              "provider": "Microsoft-Windows-Kernel-General",
              "processId": null,
              "eventId": 16,
              "recordId": 88438,
              "recordIdText": "88438"
            }
          },
          {
            "timestampMs": 1791286851000,
            "severity": "info",
            "message": "Successfully scheduled Software Protection service for re-start.",
            "origin": {
              "kind": "event",
              "stableId": "source37:C:\\Fixture\\EventLogs\\Application.evtx|machine12:CONTOSO-PC01|channel11:Application|record88441",
              "source": "C:\\Fixture\\EventLogs\\Application.evtx",
              "machine": "CONTOSO-PC01",
              "bundle": null,
              "channel": "Application",
              "provider": "Microsoft-Windows-Security-SPP",
              "processId": null,
              "eventId": 16384,
              "recordId": 88441,
              "recordIdText": "88441"
            }
          },
          {
            "timestampMs": 1791286862000,
            "severity": "info",
            "message": "The Delivery Optimization service entered the stopped state.",
            "origin": {
              "kind": "event",
              "stableId": "source32:C:\\Fixture\\EventLogs\\System.evtx|machine12:CONTOSO-PC01|channel6:System|record88444",
              "source": "C:\\Fixture\\EventLogs\\System.evtx",
              "machine": "CONTOSO-PC01",
              "bundle": null,
              "channel": "System",
              "provider": "Service Control Manager",
              "processId": null,
              "eventId": 7036,
              "recordId": 88444,
              "recordIdText": "88444"
            }
          },
          {
            "timestampMs": 1791286896000,
            "severity": "info",
            "message": "Service started",
            "origin": {
              "kind": "event",
              "stableId": "source37:C:\\Fixture\\EventLogs\\Application.evtx|machine12:CONTOSO-PC01|channel11:Application|record88447",
              "source": "C:\\Fixture\\EventLogs\\Application.evtx",
              "machine": "CONTOSO-PC01",
              "bundle": null,
              "channel": "Application",
              "provider": "edgeupdate",
              "processId": null,
              "eventId": 0,
              "recordId": 88447,
              "recordIdText": "88447"
            }
          },
          {
            "timestampMs": 1791286900000,
            "severity": "info",
            "message": "The Windows Update service entered the stopped state.",
            "origin": {
              "kind": "event",
              "stableId": "source32:C:\\Fixture\\EventLogs\\System.evtx|machine12:CONTOSO-PC01|channel6:System|record88450",
              "source": "C:\\Fixture\\EventLogs\\System.evtx",
              "machine": "CONTOSO-PC01",
              "bundle": null,
              "channel": "System",
              "provider": "Service Control Manager",
              "processId": null,
              "eventId": 7036,
              "recordId": 88450,
              "recordIdText": "88450"
            }
          },
          {
            "timestampMs": 1791287036000,
            "severity": "info",
            "message": "Service started",
            "origin": {
              "kind": "event",
              "stableId": "source37:C:\\Fixture\\EventLogs\\Application.evtx|machine12:CONTOSO-PC01|channel11:Application|record88453",
              "source": "C:\\Fixture\\EventLogs\\Application.evtx",
              "machine": "CONTOSO-PC01",
              "bundle": null,
              "channel": "Application",
              "provider": "edgeupdate",
              "processId": null,
              "eventId": 0,
              "recordId": 88453,
              "recordIdText": "88453"
            }
          },
          {
            "timestampMs": 1791287041000,
            "severity": "info",
            "message": "The Windows Update service entered the stopped state.",
            "origin": {
              "kind": "event",
              "stableId": "source32:C:\\Fixture\\EventLogs\\System.evtx|machine12:CONTOSO-PC01|channel6:System|record88456",
              "source": "C:\\Fixture\\EventLogs\\System.evtx",
              "machine": "CONTOSO-PC01",
              "bundle": null,
              "channel": "System",
              "provider": "Service Control Manager",
              "processId": null,
              "eventId": 7036,
              "recordId": 88456,
              "recordIdText": "88456"
            }
          },
          {
            "timestampMs": 1791287051000,
            "severity": "info",
            "message": "The Microsoft Edge Update service entered the running state.",
            "origin": {
              "kind": "event",
              "stableId": "source32:C:\\Fixture\\EventLogs\\System.evtx|machine12:CONTOSO-PC01|channel6:System|record88459",
              "source": "C:\\Fixture\\EventLogs\\System.evtx",
              "machine": "CONTOSO-PC01",
              "bundle": null,
              "channel": "System",
              "provider": "Service Control Manager",
              "processId": null,
              "eventId": 7036,
              "recordId": 88459,
              "recordIdText": "88459"
            }
          },
          {
            "timestampMs": 1791287068000,
            "severity": "info",
            "message": "AAD Cloud AP plugin call Plugin initialize returned success.",
            "origin": {
              "kind": "event",
              "stableId": "source41:C:\\Fixture\\EventLogs\\AAD-Operational.evtx|machine12:CONTOSO-PC01|channel33:Microsoft-Windows-AAD/Operational|record88462",
              "source": "C:\\Fixture\\EventLogs\\AAD-Operational.evtx",
              "machine": "CONTOSO-PC01",
              "bundle": null,
              "channel": "Microsoft-Windows-AAD/Operational",
              "provider": "Microsoft-Windows-AAD",
              "processId": null,
              "eventId": 1104,
              "recordId": 88462,
              "recordIdText": "88462"
            }
          },
          {
            "timestampMs": 1791287087000,
            "severity": "info",
            "message": "The Microsoft Edge Update service entered the stopped state.",
            "origin": {
              "kind": "event",
              "stableId": "source32:C:\\Fixture\\EventLogs\\System.evtx|machine12:CONTOSO-PC01|channel6:System|record88465",
              "source": "C:\\Fixture\\EventLogs\\System.evtx",
              "machine": "CONTOSO-PC01",
              "bundle": null,
              "channel": "System",
              "provider": "Service Control Manager",
              "processId": null,
              "eventId": 7036,
              "recordId": 88465,
              "recordIdText": "88465"
            }
          },
          {
            "timestampMs": 1791287099000,
            "severity": "info",
            "message": "Windows Installer installed the product. Product Name: Microsoft 365 Apps.",
            "origin": {
              "kind": "event",
              "stableId": "source37:C:\\Fixture\\EventLogs\\Application.evtx|machine12:CONTOSO-PC01|channel11:Application|record88468",
              "source": "C:\\Fixture\\EventLogs\\Application.evtx",
              "machine": "CONTOSO-PC01",
              "bundle": null,
              "channel": "Application",
              "provider": "MsiInstaller",
              "processId": null,
              "eventId": 1033,
              "recordId": 88468,
              "recordIdText": "88468"
            }
          },
          {
            "timestampMs": 1791287113000,
            "severity": "info",
            "message": "The Intune Management Extension service entered the stopped state.",
            "origin": {
              "kind": "event",
              "stableId": "source32:C:\\Fixture\\EventLogs\\System.evtx|machine12:CONTOSO-PC01|channel6:System|record88471",
              "source": "C:\\Fixture\\EventLogs\\System.evtx",
              "machine": "CONTOSO-PC01",
              "bundle": null,
              "channel": "System",
              "provider": "Service Control Manager",
              "processId": null,
              "eventId": 7036,
              "recordId": 88471,
              "recordIdText": "88471"
            }
          },
          {
            "timestampMs": 1791287131000,
            "severity": "info",
            "message": "The access history in hive \\??\\C:\\Users\\user01\\NTUSER.DAT was cleared.",
            "origin": {
              "kind": "event",
              "stableId": "source32:C:\\Fixture\\EventLogs\\System.evtx|machine12:CONTOSO-PC01|channel6:System|record88474",
              "source": "C:\\Fixture\\EventLogs\\System.evtx",
              "machine": "CONTOSO-PC01",
              "bundle": null,
              "channel": "System",
              "provider": "Microsoft-Windows-Kernel-General",
              "processId": null,
              "eventId": 16,
              "recordId": 88474,
              "recordIdText": "88474"
            }
          },
          {
            "timestampMs": 1791287132000,
            "severity": "info",
            "message": "The start type of the Background Intelligent Transfer Service service was changed from demand start to auto start.",
            "origin": {
              "kind": "event",
              "stableId": "source32:C:\\Fixture\\EventLogs\\System.evtx|machine12:CONTOSO-PC01|channel6:System|record88477",
              "source": "C:\\Fixture\\EventLogs\\System.evtx",
              "machine": "CONTOSO-PC01",
              "bundle": null,
              "channel": "System",
              "provider": "Service Control Manager",
              "processId": null,
              "eventId": 7040,
              "recordId": 88477,
              "recordIdText": "88477"
            }
          },
          {
            "timestampMs": 1791287215000,
            "severity": "info",
            "message": "Service started",
            "origin": {
              "kind": "event",
              "stableId": "source37:C:\\Fixture\\EventLogs\\Application.evtx|machine12:CONTOSO-PC01|channel11:Application|record88480",
              "source": "C:\\Fixture\\EventLogs\\Application.evtx",
              "machine": "CONTOSO-PC01",
              "bundle": null,
              "channel": "Application",
              "provider": "edgeupdate",
              "processId": null,
              "eventId": 0,
              "recordId": 88480,
              "recordIdText": "88480"
            }
          },
          {
            "timestampMs": 1791287221000,
            "severity": "info",
            "message": "Successfully scheduled Software Protection service for re-start.",
            "origin": {
              "kind": "event",
              "stableId": "source37:C:\\Fixture\\EventLogs\\Application.evtx|machine12:CONTOSO-PC01|channel11:Application|record88483",
              "source": "C:\\Fixture\\EventLogs\\Application.evtx",
              "machine": "CONTOSO-PC01",
              "bundle": null,
              "channel": "Application",
              "provider": "Microsoft-Windows-Security-SPP",
              "processId": null,
              "eventId": 16384,
              "recordId": 88483,
              "recordIdText": "88483"
            }
          },
          {
            "timestampMs": 1791287306000,
            "severity": "info",
            "message": "Fault bucket 2187364520, type 4. Event Name: APPCRASH",
            "origin": {
              "kind": "event",
              "stableId": "source37:C:\\Fixture\\EventLogs\\Application.evtx|machine12:CONTOSO-PC01|channel11:Application|record88486",
              "source": "C:\\Fixture\\EventLogs\\Application.evtx",
              "machine": "CONTOSO-PC01",
              "bundle": null,
              "channel": "Application",
              "provider": "Windows Error Reporting",
              "processId": null,
              "eventId": 1001,
              "recordId": 88486,
              "recordIdText": "88486"
            }
          },
          {
            "timestampMs": 1791287342000,
            "severity": "info",
            "message": "The Windows Update service entered the running state.",
            "origin": {
              "kind": "event",
              "stableId": "source32:C:\\Fixture\\EventLogs\\System.evtx|machine12:CONTOSO-PC01|channel6:System|record88489",
              "source": "C:\\Fixture\\EventLogs\\System.evtx",
              "machine": "CONTOSO-PC01",
              "bundle": null,
              "channel": "System",
              "provider": "Service Control Manager",
              "processId": null,
              "eventId": 7036,
              "recordId": 88489,
              "recordIdText": "88489"
            }
          },
          {
            "timestampMs": 1791287362000,
            "severity": "info",
            "message": "AAD Cloud AP plugin call Plugin initialize returned success.",
            "origin": {
              "kind": "event",
              "stableId": "source41:C:\\Fixture\\EventLogs\\AAD-Operational.evtx|machine12:CONTOSO-PC01|channel33:Microsoft-Windows-AAD/Operational|record88492",
              "source": "C:\\Fixture\\EventLogs\\AAD-Operational.evtx",
              "machine": "CONTOSO-PC01",
              "bundle": null,
              "channel": "Microsoft-Windows-AAD/Operational",
              "provider": "Microsoft-Windows-AAD",
              "processId": null,
              "eventId": 1104,
              "recordId": 88492,
              "recordIdText": "88492"
            }
          },
          {
            "timestampMs": 1791287365000,
            "severity": "error",
            "message": "Faulting application name: ContosoAgent.exe, version: 4.2.0.1, faulting module: ntdll.dll",
            "origin": {
              "kind": "event",
              "stableId": "source37:C:\\Fixture\\EventLogs\\Application.evtx|machine12:CONTOSO-PC01|channel11:Application|record88495",
              "source": "C:\\Fixture\\EventLogs\\Application.evtx",
              "machine": "CONTOSO-PC01",
              "bundle": null,
              "channel": "Application",
              "provider": "Application Error",
              "processId": null,
              "eventId": 1000,
              "recordId": 88495,
              "recordIdText": "88495"
            }
          },
          {
            "timestampMs": 1791287365000,
            "severity": "info",
            "message": "The start type of the Background Intelligent Transfer Service service was changed from demand start to auto start.",
            "origin": {
              "kind": "event",
              "stableId": "source32:C:\\Fixture\\EventLogs\\System.evtx|machine12:CONTOSO-PC01|channel6:System|record88498",
              "source": "C:\\Fixture\\EventLogs\\System.evtx",
              "machine": "CONTOSO-PC01",
              "bundle": null,
              "channel": "System",
              "provider": "Service Control Manager",
              "processId": null,
              "eventId": 7040,
              "recordId": 88498,
              "recordIdText": "88498"
            }
          },
          {
            "timestampMs": 1791287387000,
            "severity": "info",
            "message": "The start type of the Background Intelligent Transfer Service service was changed from demand start to auto start.",
            "origin": {
              "kind": "event",
              "stableId": "source32:C:\\Fixture\\EventLogs\\System.evtx|machine12:CONTOSO-PC01|channel6:System|record88501",
              "source": "C:\\Fixture\\EventLogs\\System.evtx",
              "machine": "CONTOSO-PC01",
              "bundle": null,
              "channel": "System",
              "provider": "Service Control Manager",
              "processId": null,
              "eventId": 7040,
              "recordId": 88501,
              "recordIdText": "88501"
            }
          },
          {
            "timestampMs": 1791287503000,
            "severity": "info",
            "message": "Successfully scheduled Software Protection service for re-start.",
            "origin": {
              "kind": "event",
              "stableId": "source37:C:\\Fixture\\EventLogs\\Application.evtx|machine12:CONTOSO-PC01|channel11:Application|record88504",
              "source": "C:\\Fixture\\EventLogs\\Application.evtx",
              "machine": "CONTOSO-PC01",
              "bundle": null,
              "channel": "Application",
              "provider": "Microsoft-Windows-Security-SPP",
              "processId": null,
              "eventId": 16384,
              "recordId": 88504,
              "recordIdText": "88504"
            }
          },
          {
            "timestampMs": 1791287820000,
            "severity": "info",
            "message": "Service started",
            "origin": {
              "kind": "event",
              "stableId": "source37:C:\\Fixture\\EventLogs\\Application.evtx|machine12:CONTOSO-PC01|channel11:Application|record88507",
              "source": "C:\\Fixture\\EventLogs\\Application.evtx",
              "machine": "CONTOSO-PC01",
              "bundle": null,
              "channel": "Application",
              "provider": "edgeupdate",
              "processId": null,
              "eventId": 0,
              "recordId": 88507,
              "recordIdText": "88507"
            }
          },
          {
            "timestampMs": 1791287834000,
            "severity": "info",
            "message": "MDM PolicyManager: Set policy int, Area: (DeviceLock).",
            "origin": {
              "kind": "event",
              "stableId": "source48:C:\\Fixture\\EventLogs\\DeviceManagement-Admin.evtx|machine12:CONTOSO-PC01|channel72:Microsoft-Windows-DeviceManagement-Enterprise-Diagnostics-Provider/Admin|record88510",
              "source": "C:\\Fixture\\EventLogs\\DeviceManagement-Admin.evtx",
              "machine": "CONTOSO-PC01",
              "bundle": null,
              "channel": "Microsoft-Windows-DeviceManagement-Enterprise-Diagnostics-Provider/Admin",
              "provider": "Microsoft-Windows-DeviceManagement-Enterprise-Diagnostics-Provider",
              "processId": null,
              "eventId": 813,
              "recordId": 88510,
              "recordIdText": "88510"
            }
          },
          {
            "timestampMs": 1791287888000,
            "severity": "info",
            "message": "Successfully scheduled Software Protection service for re-start.",
            "origin": {
              "kind": "event",
              "stableId": "source37:C:\\Fixture\\EventLogs\\Application.evtx|machine12:CONTOSO-PC01|channel11:Application|record88513",
              "source": "C:\\Fixture\\EventLogs\\Application.evtx",
              "machine": "CONTOSO-PC01",
              "bundle": null,
              "channel": "Application",
              "provider": "Microsoft-Windows-Security-SPP",
              "processId": null,
              "eventId": 16384,
              "recordId": 88513,
              "recordIdText": "88513"
            }
          },
          {
            "timestampMs": 1791287889000,
            "severity": "info",
            "message": "The access history in hive \\??\\C:\\Users\\user01\\NTUSER.DAT was cleared.",
            "origin": {
              "kind": "event",
              "stableId": "source32:C:\\Fixture\\EventLogs\\System.evtx|machine12:CONTOSO-PC01|channel6:System|record88516",
              "source": "C:\\Fixture\\EventLogs\\System.evtx",
              "machine": "CONTOSO-PC01",
              "bundle": null,
              "channel": "System",
              "provider": "Microsoft-Windows-Kernel-General",
              "processId": null,
              "eventId": 16,
              "recordId": 88516,
              "recordIdText": "88516"
            }
          },
          {
            "timestampMs": 1791288061000,
            "severity": "info",
            "message": "MDM PolicyManager: Set policy int, Area: (DeviceLock).",
            "origin": {
              "kind": "event",
              "stableId": "source48:C:\\Fixture\\EventLogs\\DeviceManagement-Admin.evtx|machine12:CONTOSO-PC01|channel72:Microsoft-Windows-DeviceManagement-Enterprise-Diagnostics-Provider/Admin|record88519",
              "source": "C:\\Fixture\\EventLogs\\DeviceManagement-Admin.evtx",
              "machine": "CONTOSO-PC01",
              "bundle": null,
              "channel": "Microsoft-Windows-DeviceManagement-Enterprise-Diagnostics-Provider/Admin",
              "provider": "Microsoft-Windows-DeviceManagement-Enterprise-Diagnostics-Provider",
              "processId": null,
              "eventId": 813,
              "recordId": 88519,
              "recordIdText": "88519"
            }
          },
          {
            "timestampMs": 1791288098000,
            "severity": "warning",
            "message": "The application-specific permission settings do not grant Local Activation permission for the COM Server application.",
            "origin": {
              "kind": "event",
              "stableId": "source32:C:\\Fixture\\EventLogs\\System.evtx|machine12:CONTOSO-PC01|channel6:System|record88522",
              "source": "C:\\Fixture\\EventLogs\\System.evtx",
              "machine": "CONTOSO-PC01",
              "bundle": null,
              "channel": "System",
              "provider": "Microsoft-Windows-DistributedCOM",
              "processId": null,
              "eventId": 10016,
              "recordId": 88522,
              "recordIdText": "88522"
            }
          },
          {
            "timestampMs": 1791288213000,
            "severity": "info",
            "message": "The start type of the Background Intelligent Transfer Service service was changed from demand start to auto start.",
            "origin": {
              "kind": "event",
              "stableId": "source32:C:\\Fixture\\EventLogs\\System.evtx|machine12:CONTOSO-PC01|channel6:System|record88525",
              "source": "C:\\Fixture\\EventLogs\\System.evtx",
              "machine": "CONTOSO-PC01",
              "bundle": null,
              "channel": "System",
              "provider": "Service Control Manager",
              "processId": null,
              "eventId": 7040,
              "recordId": 88525,
              "recordIdText": "88525"
            }
          },
          {
            "timestampMs": 1791288314000,
            "severity": "info",
            "message": "Windows Installer installed the product. Product Name: Company Portal.",
            "origin": {
              "kind": "event",
              "stableId": "source37:C:\\Fixture\\EventLogs\\Application.evtx|machine12:CONTOSO-PC01|channel11:Application|record88528",
              "source": "C:\\Fixture\\EventLogs\\Application.evtx",
              "machine": "CONTOSO-PC01",
              "bundle": null,
              "channel": "Application",
              "provider": "MsiInstaller",
              "processId": null,
              "eventId": 1033,
              "recordId": 88528,
              "recordIdText": "88528"
            }
          },
          {
            "timestampMs": 1791288385000,
            "severity": "info",
            "message": "Successfully scheduled Software Protection service for re-start.",
            "origin": {
              "kind": "event",
              "stableId": "source37:C:\\Fixture\\EventLogs\\Application.evtx|machine12:CONTOSO-PC01|channel11:Application|record88531",
              "source": "C:\\Fixture\\EventLogs\\Application.evtx",
              "machine": "CONTOSO-PC01",
              "bundle": null,
              "channel": "Application",
              "provider": "Microsoft-Windows-Security-SPP",
              "processId": null,
              "eventId": 16384,
              "recordId": 88531,
              "recordIdText": "88531"
            }
          },
          {
            "timestampMs": 1791288452000,
            "severity": "info",
            "message": "The access history in hive \\??\\C:\\Users\\user01\\NTUSER.DAT was cleared.",
            "origin": {
              "kind": "event",
              "stableId": "source32:C:\\Fixture\\EventLogs\\System.evtx|machine12:CONTOSO-PC01|channel6:System|record88534",
              "source": "C:\\Fixture\\EventLogs\\System.evtx",
              "machine": "CONTOSO-PC01",
              "bundle": null,
              "channel": "System",
              "provider": "Microsoft-Windows-Kernel-General",
              "processId": null,
              "eventId": 16,
              "recordId": 88534,
              "recordIdText": "88534"
            }
          },
          {
            "timestampMs": 1791288516000,
            "severity": "info",
            "message": "Service started",
            "origin": {
              "kind": "event",
              "stableId": "source37:C:\\Fixture\\EventLogs\\Application.evtx|machine12:CONTOSO-PC01|channel11:Application|record88537",
              "source": "C:\\Fixture\\EventLogs\\Application.evtx",
              "machine": "CONTOSO-PC01",
              "bundle": null,
              "channel": "Application",
              "provider": "edgeupdate",
              "processId": null,
              "eventId": 0,
              "recordId": 88537,
              "recordIdText": "88537"
            }
          },
          {
            "timestampMs": 1791288552000,
            "severity": "info",
            "message": "Successfully scheduled Software Protection service for re-start.",
            "origin": {
              "kind": "event",
              "stableId": "source37:C:\\Fixture\\EventLogs\\Application.evtx|machine12:CONTOSO-PC01|channel11:Application|record88540",
              "source": "C:\\Fixture\\EventLogs\\Application.evtx",
              "machine": "CONTOSO-PC01",
              "bundle": null,
              "channel": "Application",
              "provider": "Microsoft-Windows-Security-SPP",
              "processId": null,
              "eventId": 16384,
              "recordId": 88540,
              "recordIdText": "88540"
            }
          },
          {
            "timestampMs": 1791288614000,
            "severity": "info",
            "message": "MDM PolicyManager: Set policy int, Area: (DeviceLock).",
            "origin": {
              "kind": "event",
              "stableId": "source48:C:\\Fixture\\EventLogs\\DeviceManagement-Admin.evtx|machine12:CONTOSO-PC01|channel72:Microsoft-Windows-DeviceManagement-Enterprise-Diagnostics-Provider/Admin|record88543",
              "source": "C:\\Fixture\\EventLogs\\DeviceManagement-Admin.evtx",
              "machine": "CONTOSO-PC01",
              "bundle": null,
              "channel": "Microsoft-Windows-DeviceManagement-Enterprise-Diagnostics-Provider/Admin",
              "provider": "Microsoft-Windows-DeviceManagement-Enterprise-Diagnostics-Provider",
              "processId": null,
              "eventId": 813,
              "recordId": 88543,
              "recordIdText": "88543"
            }
          },
          {
            "timestampMs": 1791288695000,
            "severity": "info",
            "message": "Fault bucket 2187364520, type 4. Event Name: APPCRASH",
            "origin": {
              "kind": "event",
              "stableId": "source37:C:\\Fixture\\EventLogs\\Application.evtx|machine12:CONTOSO-PC01|channel11:Application|record88546",
              "source": "C:\\Fixture\\EventLogs\\Application.evtx",
              "machine": "CONTOSO-PC01",
              "bundle": null,
              "channel": "Application",
              "provider": "Windows Error Reporting",
              "processId": null,
              "eventId": 1001,
              "recordId": 88546,
              "recordIdText": "88546"
            }
          },
          {
            "timestampMs": 1791288711000,
            "severity": "info",
            "message": "The Windows Update service entered the running state.",
            "origin": {
              "kind": "event",
              "stableId": "source32:C:\\Fixture\\EventLogs\\System.evtx|machine12:CONTOSO-PC01|channel6:System|record88549",
              "source": "C:\\Fixture\\EventLogs\\System.evtx",
              "machine": "CONTOSO-PC01",
              "bundle": null,
              "channel": "System",
              "provider": "Service Control Manager",
              "processId": null,
              "eventId": 7036,
              "recordId": 88549,
              "recordIdText": "88549"
            }
          },
          {
            "timestampMs": 1791288751000,
            "severity": "info",
            "message": "The Intune Management Extension service entered the stopped state.",
            "origin": {
              "kind": "event",
              "stableId": "source32:C:\\Fixture\\EventLogs\\System.evtx|machine12:CONTOSO-PC01|channel6:System|record88552",
              "source": "C:\\Fixture\\EventLogs\\System.evtx",
              "machine": "CONTOSO-PC01",
              "bundle": null,
              "channel": "System",
              "provider": "Service Control Manager",
              "processId": null,
              "eventId": 7036,
              "recordId": 88552,
              "recordIdText": "88552"
            }
          },
          {
            "timestampMs": 1791288874000,
            "severity": "info",
            "message": "The access history in hive \\??\\C:\\Users\\user01\\NTUSER.DAT was cleared.",
            "origin": {
              "kind": "event",
              "stableId": "source32:C:\\Fixture\\EventLogs\\System.evtx|machine12:CONTOSO-PC01|channel6:System|record88555",
              "source": "C:\\Fixture\\EventLogs\\System.evtx",
              "machine": "CONTOSO-PC01",
              "bundle": null,
              "channel": "System",
              "provider": "Microsoft-Windows-Kernel-General",
              "processId": null,
              "eventId": 16,
              "recordId": 88555,
              "recordIdText": "88555"
            }
          },
          {
            "timestampMs": 1791289002000,
            "severity": "info",
            "message": "The access history in hive \\??\\C:\\Users\\user01\\NTUSER.DAT was cleared.",
            "origin": {
              "kind": "event",
              "stableId": "source32:C:\\Fixture\\EventLogs\\System.evtx|machine12:CONTOSO-PC01|channel6:System|record88558",
              "source": "C:\\Fixture\\EventLogs\\System.evtx",
              "machine": "CONTOSO-PC01",
              "bundle": null,
              "channel": "System",
              "provider": "Microsoft-Windows-Kernel-General",
              "processId": null,
              "eventId": 16,
              "recordId": 88558,
              "recordIdText": "88558"
            }
          },
          {
            "timestampMs": 1791289024000,
            "severity": "info",
            "message": "The start type of the Background Intelligent Transfer Service service was changed from demand start to auto start.",
            "origin": {
              "kind": "event",
              "stableId": "source32:C:\\Fixture\\EventLogs\\System.evtx|machine12:CONTOSO-PC01|channel6:System|record88561",
              "source": "C:\\Fixture\\EventLogs\\System.evtx",
              "machine": "CONTOSO-PC01",
              "bundle": null,
              "channel": "System",
              "provider": "Service Control Manager",
              "processId": null,
              "eventId": 7040,
              "recordId": 88561,
              "recordIdText": "88561"
            }
          },
          {
            "timestampMs": 1791289070000,
            "severity": "info",
            "message": "The access history in hive \\??\\C:\\Users\\user01\\NTUSER.DAT was cleared.",
            "origin": {
              "kind": "event",
              "stableId": "source32:C:\\Fixture\\EventLogs\\System.evtx|machine12:CONTOSO-PC01|channel6:System|record88564",
              "source": "C:\\Fixture\\EventLogs\\System.evtx",
              "machine": "CONTOSO-PC01",
              "bundle": null,
              "channel": "System",
              "provider": "Microsoft-Windows-Kernel-General",
              "processId": null,
              "eventId": 16,
              "recordId": 88564,
              "recordIdText": "88564"
            }
          },
          {
            "timestampMs": 1791289099000,
            "severity": "warning",
            "message": "Windows detected your registry file is still in use by other applications or services.",
            "origin": {
              "kind": "event",
              "stableId": "source37:C:\\Fixture\\EventLogs\\Application.evtx|machine12:CONTOSO-PC01|channel11:Application|record88567",
              "source": "C:\\Fixture\\EventLogs\\Application.evtx",
              "machine": "CONTOSO-PC01",
              "bundle": null,
              "channel": "Application",
              "provider": "Microsoft-Windows-User Profiles Service",
              "processId": null,
              "eventId": 1530,
              "recordId": 88567,
              "recordIdText": "88567"
            }
          },
          {
            "timestampMs": 1791289124000,
            "severity": "info",
            "message": "AAD Cloud AP plugin call Plugin initialize returned success.",
            "origin": {
              "kind": "event",
              "stableId": "source41:C:\\Fixture\\EventLogs\\AAD-Operational.evtx|machine12:CONTOSO-PC01|channel33:Microsoft-Windows-AAD/Operational|record88570",
              "source": "C:\\Fixture\\EventLogs\\AAD-Operational.evtx",
              "machine": "CONTOSO-PC01",
              "bundle": null,
              "channel": "Microsoft-Windows-AAD/Operational",
              "provider": "Microsoft-Windows-AAD",
              "processId": null,
              "eventId": 1104,
              "recordId": 88570,
              "recordIdText": "88570"
            }
          },
          {
            "timestampMs": 1791289131000,
            "severity": "info",
            "message": "The WinHTTP Web Proxy Auto-Discovery service entered the stopped state.",
            "origin": {
              "kind": "event",
              "stableId": "source32:C:\\Fixture\\EventLogs\\System.evtx|machine12:CONTOSO-PC01|channel6:System|record88573",
              "source": "C:\\Fixture\\EventLogs\\System.evtx",
              "machine": "CONTOSO-PC01",
              "bundle": null,
              "channel": "System",
              "provider": "Service Control Manager",
              "processId": null,
              "eventId": 7036,
              "recordId": 88573,
              "recordIdText": "88573"
            }
          },
          {
            "timestampMs": 1791289146000,
            "severity": "info",
            "message": "AAD Cloud AP plugin call Plugin initialize returned success.",
            "origin": {
              "kind": "event",
              "stableId": "source41:C:\\Fixture\\EventLogs\\AAD-Operational.evtx|machine12:CONTOSO-PC01|channel33:Microsoft-Windows-AAD/Operational|record88576",
              "source": "C:\\Fixture\\EventLogs\\AAD-Operational.evtx",
              "machine": "CONTOSO-PC01",
              "bundle": null,
              "channel": "Microsoft-Windows-AAD/Operational",
              "provider": "Microsoft-Windows-AAD",
              "processId": null,
              "eventId": 1104,
              "recordId": 88576,
              "recordIdText": "88576"
            }
          },
          {
            "timestampMs": 1791289171000,
            "severity": "info",
            "message": "AAD Cloud AP plugin call Plugin initialize returned success.",
            "origin": {
              "kind": "event",
              "stableId": "source41:C:\\Fixture\\EventLogs\\AAD-Operational.evtx|machine12:CONTOSO-PC01|channel33:Microsoft-Windows-AAD/Operational|record88579",
              "source": "C:\\Fixture\\EventLogs\\AAD-Operational.evtx",
              "machine": "CONTOSO-PC01",
              "bundle": null,
              "channel": "Microsoft-Windows-AAD/Operational",
              "provider": "Microsoft-Windows-AAD",
              "processId": null,
              "eventId": 1104,
              "recordId": 88579,
              "recordIdText": "88579"
            }
          },
          {
            "timestampMs": 1791289172000,
            "severity": "info",
            "message": "The access history in hive \\??\\C:\\Users\\user01\\NTUSER.DAT was cleared.",
            "origin": {
              "kind": "event",
              "stableId": "source32:C:\\Fixture\\EventLogs\\System.evtx|machine12:CONTOSO-PC01|channel6:System|record88582",
              "source": "C:\\Fixture\\EventLogs\\System.evtx",
              "machine": "CONTOSO-PC01",
              "bundle": null,
              "channel": "System",
              "provider": "Microsoft-Windows-Kernel-General",
              "processId": null,
              "eventId": 16,
              "recordId": 88582,
              "recordIdText": "88582"
            }
          },
          {
            "timestampMs": 1791289194000,
            "severity": "warning",
            "message": "The application-specific permission settings do not grant Local Activation permission for the COM Server application.",
            "origin": {
              "kind": "event",
              "stableId": "source32:C:\\Fixture\\EventLogs\\System.evtx|machine12:CONTOSO-PC01|channel6:System|record88585",
              "source": "C:\\Fixture\\EventLogs\\System.evtx",
              "machine": "CONTOSO-PC01",
              "bundle": null,
              "channel": "System",
              "provider": "Microsoft-Windows-DistributedCOM",
              "processId": null,
              "eventId": 10016,
              "recordId": 88585,
              "recordIdText": "88585"
            }
          },
          {
            "timestampMs": 1791289301000,
            "severity": "warning",
            "message": "The Contoso Update Service service terminated unexpectedly. It has done this 1 time(s).",
            "origin": {
              "kind": "event",
              "stableId": "source32:C:\\Fixture\\EventLogs\\System.evtx|machine12:CONTOSO-PC01|channel6:System|record88588",
              "source": "C:\\Fixture\\EventLogs\\System.evtx",
              "machine": "CONTOSO-PC01",
              "bundle": null,
              "channel": "System",
              "provider": "Service Control Manager",
              "processId": null,
              "eventId": 7031,
              "recordId": 88588,
              "recordIdText": "88588"
            }
          },
          {
            "timestampMs": 1791289418000,
            "severity": "info",
            "message": "Service started",
            "origin": {
              "kind": "event",
              "stableId": "source37:C:\\Fixture\\EventLogs\\Application.evtx|machine12:CONTOSO-PC01|channel11:Application|record88591",
              "source": "C:\\Fixture\\EventLogs\\Application.evtx",
              "machine": "CONTOSO-PC01",
              "bundle": null,
              "channel": "Application",
              "provider": "edgeupdate",
              "processId": null,
              "eventId": 0,
              "recordId": 88591,
              "recordIdText": "88591"
            }
          },
