{"id":843,"eventRecordId":90745,"eventRecordIdText":"90745","timestamp":"2026-10-07T02:19:38.000Z","timestampEpoch":1791339578000,"provider":"Microsoft-Windows-User Profiles Service","channel":"Application","eventId":1530,"level":"Warning","computer":"CONTOSO-PC01","message":"Windows detected your registry file is still in use by other applications or services.","eventData":[{"name":"Data","value":"Windows detected your registry file is still in use by other applications or services."}],"rawXml":"<Event><System><Provider Name=\"Microsoft-Windows-User Profiles Service\"/><EventID>1530</EventID><EventRecordID>90745</EventRecordID><TimeCreated SystemTime=\"2026-10-07T02:19:38.000Z\"/><Channel>Application</Channel><Computer>CONTOSO-PC01</Computer></System><EventData><Data>Windows detected your registry file is still in use by other applications or services.</Data></EventData></Event>","sourceLabel":"C:\\Fixture\\EventLogs\\Application.evtx","originKind":"event","task":null,"opcode":null,"processId":null,"threadId":null,"userSid":null,"keywords":null,"mapped":[]},{"id":844,"eventRecordId":90748,"eventRecordIdText":"90748","timestamp":"2026-10-07T02:20:10.000Z","timestampEpoch":1791339610000,"provider":"Microsoft-Windows-DistributedCOM","channel":"System","eventId":10016,"level":"Warning","computer":"CONTOSO-PC01","message":"The application-specific permission settings do not grant Local Activation permission for the COM Server application.","eventData":[{"name":"Data","value":"The application-specific permission settings do not grant Local Activation permission for the COM Server application."}],"rawXml":"<Event><System><Provider Name=\"Microsoft-Windows-DistributedCOM\"/><EventID>10016</EventID><EventRecordID>90748</EventRecordID><TimeCreated SystemTime=\"2026-10-07T02:20:10.000Z\"/><Channel>System</Channel><Computer>CONTOSO-PC01</Computer></System><EventData><Data>The application-specific permission settings do not grant Local Activation permission for the COM Server application.</Data></EventData></Event>","sourceLabel":"C:\\Fixture\\EventLogs\\System.evtx","originKind":"event","task":null,"opcode":null,"processId":null,"threadId":null,"userSid":null,"keywords":null,"mapped":[]},{"id":845,"eventRecordId":90751,"eventRecordIdText":"90751","timestamp":"2026-10-07T02:21:16.000Z","timestampEpoch":1791339676000,"provider":"Microsoft-Windows-User Profiles Service","channel":"Application","eventId":1530,"level":"Warning","computer":"CONTOSO-PC01","message":"Windows detected your registry file is still in use by other applications or services.","eventData":[{"name":"Data","value":"Windows detected your registry file is still in use by other applications or services."}],"rawXml":"<Event><System><Provider Name=\"Microsoft-Windows-User Profiles Service\"/><EventID>1530</EventID><EventRecordID>90751</EventRecordID><TimeCreated SystemTime=\"2026-10-07T02:21:16.000Z\"/><Channel>Application</Channel><Computer>CONTOSO-PC01</Computer></System><EventData><Data>Windows detected your registry file is still in use by other applications or services.</Data></EventData></Event>","sourceLabel":"C:\\Fixture\\EventLogs\\Application.evtx","originKind":"event","task":null,"opcode":null,"processId":null,"threadId":null,"userSid":null,"keywords":null,"mapped":[]},{"id":846,"eventRecordId":90754,"eventRecordIdText":"90754","timestamp":"2026-10-07T02:21:39.000Z","timestampEpoch":1791339699000,"provider":"Windows Error Reporting","channel":"Application","eventId":1001,"level":"Information","computer":"CONTOSO-PC01","message":"Fault bucket 2187364520, type 4. Event Name: APPCRASH","eventData":[{"name":"Data","value":"Fault bucket 2187364520, type 4. Event Name: APPCRASH"}],"rawXml":"<Event><System><Provider Name=\"Windows Error Reporting\"/><EventID>1001</EventID><EventRecordID>90754</EventRecordID><TimeCreated SystemTime=\"2026-10-07T02:21:39.000Z\"/><Channel>Application</Channel><Computer>CONTOSO-PC01</Computer></System><EventData><Data>Fault bucket 2187364520, type 4. Event Name: APPCRASH</Data></EventData></Event>","sourceLabel":"C:\\Fixture\\EventLogs\\Application.evtx","originKind":"event","task":null,"opcode":null,"processId":null,"threadId":null,"userSid":null,"keywords":null,"mapped":[]},{"id":847,"eventRecordId":90757,"eventRecordIdText":"90757","timestamp":"2026-10-07T02:22:04.000Z","timestampEpoch":1791339724000,"provider":"Service Control Manager","channel":"System","eventId":7036,"level":"Information","computer":"CONTOSO-PC01","message":"The Delivery Optimization service entered the running state.","eventData":[{"name":"Data","value":"The Delivery Optimization service entered the running state."}],"rawXml":"<Event><System><Provider Name=\"Service Control Manager\"/><EventID>7036</EventID><EventRecordID>90757</EventRecordID><TimeCreated SystemTime=\"2026-10-07T02:22:04.000Z\"/><Channel>System</Channel><Computer>CONTOSO-PC01</Computer></System><EventData><Data>The Delivery Optimization service entered the running state.</Data></EventData></Event>","sourceLabel":"C:\\Fixture\\EventLogs\\System.evtx","originKind":"event","task":null,"opcode":null,"processId":null,"threadId":null,"userSid":null,"keywords":null,"mapped":[]},{"id":848,"eventRecordId":90760,"eventRecordIdText":"90760","timestamp":"2026-10-07T02:23:15.000Z","timestampEpoch":1791339795000,"provider":"MsiInstaller","channel":"Application","eventId":1033,"level":"Information","computer":"CONTOSO-PC01","message":"Windows Installer installed the product. Product Name: Adobe Acrobat Reader DC.","eventData":[{"name":"Data","value":"Windows Installer installed the product. Product Name: Adobe Acrobat Reader DC."}],"rawXml":"<Event><System><Provider Name=\"MsiInstaller\"/><EventID>1033</EventID><EventRecordID>90760</EventRecordID><TimeCreated SystemTime=\"2026-10-07T02:23:15.000Z\"/><Channel>Application</Channel><Computer>CONTOSO-PC01</Computer></System><EventData><Data>Windows Installer installed the product. Product Name: Adobe Acrobat Reader DC.</Data></EventData></Event>","sourceLabel":"C:\\Fixture\\EventLogs\\Application.evtx","originKind":"event","task":null,"opcode":null,"processId":null,"threadId":null,"userSid":null,"keywords":null,"mapped":[]},{"id":849,"eventRecordId":90763,"eventRecordIdText":"90763","timestamp":"2026-10-07T02:26:34.000Z","timestampEpoch":1791339994000,"provider":"Microsoft-Windows-DeviceManagement-Enterprise-Diagnostics-Provider","channel":"Microsoft-Windows-DeviceManagement-Enterprise-Diagnostics-Provider/Admin","eventId":72,"level":"Information","computer":"CONTOSO-PC01","message":"MDM Enroll: auto-enrollment triggered by policy","eventData":[{"name":"Data","value":"MDM Enroll: auto-enrollment triggered by policy"}],"rawXml":"<Event><System><Provider Name=\"Microsoft-Windows-DeviceManagement-Enterprise-Diagnostics-Provider\"/><EventID>72</EventID><EventRecordID>90763</EventRecordID><TimeCreated SystemTime=\"2026-10-07T02:26:34.000Z\"/><Channel>Microsoft-Windows-DeviceManagement-Enterprise-Diagnostics-Provider/Admin</Channel><Computer>CONTOSO-PC01</Computer></System><EventData><Data>MDM Enroll: auto-enrollment triggered by policy</Data></EventData></Event>","sourceLabel":"C:\\Fixture\\EventLogs\\DeviceManagement-Admin.evtx","originKind":"event","task":null,"opcode":null,"processId":null,"threadId":null,"userSid":null,"keywords":null,"mapped":[]},{"id":850,"eventRecordId":90766,"eventRecordIdText":"90766","timestamp":"2026-10-07T02:26:40.000Z","timestampEpoch":1791340000000,"provider":"Microsoft-Windows-DeviceManagement-Enterprise-Diagnostics-Provider","channel":"Microsoft-Windows-DeviceManagement-Enterprise-Diagnostics-Provider/Admin","eventId":76,"level":"Error","computer":"CONTOSO-PC01","message":"Auto MDM Enroll: Failed","eventData":[{"name":"Data","value":"Auto MDM Enroll: Failed"}],"rawXml":"<Event><System><Provider Name=\"Microsoft-Windows-DeviceManagement-Enterprise-Diagnostics-Provider\"/><EventID>76</EventID><EventRecordID>90766</EventRecordID><TimeCreated SystemTime=\"2026-10-07T02:26:40.000Z\"/><Channel>Microsoft-Windows-DeviceManagement-Enterprise-Diagnostics-Provider/Admin</Channel><Computer>CONTOSO-PC01</Computer></System><EventData><Data>Auto MDM Enroll: Failed</Data></EventData></Event>","sourceLabel":"C:\\Fixture\\EventLogs\\DeviceManagement-Admin.evtx","originKind":"event","task":null,"opcode":null,"processId":null,"threadId":null,"userSid":null,"keywords":null,"mapped":[]},{"id":851,"eventRecordId":90769,"eventRecordIdText":"90769","timestamp":"2026-10-07T02:30:31.000Z","timestampEpoch":1791340231000,"provider":"Microsoft-Windows-DistributedCOM","channel":"System","eventId":10016,"level":"Warning","computer":"CONTOSO-PC01","message":"The application-specific permission settings do not grant Local Activation permission for the COM Server application.","eventData":[{"name":"Data","value":"The application-specific permission settings do not grant Local Activation permission for the COM Server application."}],"rawXml":"<Event><System><Provider Name=\"Microsoft-Windows-DistributedCOM\"/><EventID>10016</EventID><EventRecordID>90769</EventRecordID><TimeCreated SystemTime=\"2026-10-07T02:30:31.000Z\"/><Channel>System</Channel><Computer>CONTOSO-PC01</Computer></System><EventData><Data>The application-specific permission settings do not grant Local Activation permission for the COM Server application.</Data></EventData></Event>","sourceLabel":"C:\\Fixture\\EventLogs\\System.evtx","originKind":"event","task":null,"opcode":null,"processId":null,"threadId":null,"userSid":null,"keywords":null,"mapped":[]},{"id":852,"eventRecordId":90772,"eventRecordIdText":"90772","timestamp":"2026-10-07T02:30:37.000Z","timestampEpoch":1791340237000,"provider":"Service Control Manager","channel":"System","eventId":7036,"level":"Information","computer":"CONTOSO-PC01","message":"The Background Intelligent Transfer Service service entered the running state.","eventData":[{"name":"Data","value":"The Background Intelligent Transfer Service service entered the running state."}],"rawXml":"<Event><System><Provider Name=\"Service Control Manager\"/><EventID>7036</EventID><EventRecordID>90772</EventRecordID><TimeCreated SystemTime=\"2026-10-07T02:30:37.000Z\"/><Channel>System</Channel><Computer>CONTOSO-PC01</Computer></System><EventData><Data>The Background Intelligent Transfer Service service entered the running state.</Data></EventData></Event>","sourceLabel":"C:\\Fixture\\EventLogs\\System.evtx","originKind":"event","task":null,"opcode":null,"processId":null,"threadId":null,"userSid":null,"keywords":null,"mapped":[]},{"id":853,"eventRecordId":90775,"eventRecordIdText":"90775","timestamp":"2026-10-07T02:33:40.000Z","timestampEpoch":1791340420000,"provider":"Service Control Manager","channel":"System","eventId":7036,"level":"Information","computer":"CONTOSO-PC01","message":"The WinHTTP Web Proxy Auto-Discovery service entered the running state.","eventData":[{"name":"Data","value":"The WinHTTP Web Proxy Auto-Discovery service entered the running state."}],"rawXml":"<Event><System><Provider Name=\"Service Control Manager\"/><EventID>7036</EventID><EventRecordID>90775</EventRecordID><TimeCreated SystemTime=\"2026-10-07T02:33:40.000Z\"/><Channel>System</Channel><Computer>CONTOSO-PC01</Computer></System><EventData><Data>The WinHTTP Web Proxy Auto-Discovery service entered the running state.</Data></EventData></Event>","sourceLabel":"C:\\Fixture\\EventLogs\\System.evtx","originKind":"event","task":null,"opcode":null,"processId":null,"threadId":null,"userSid":null,"keywords":null,"mapped":[]},{"id":854,"eventRecordId":90778,"eventRecordIdText":"90778","timestamp":"2026-10-07T02:34:14.000Z","timestampEpoch":1791340454000,"provider":"Application Error","channel":"Application","eventId":1000,"level":"Error","computer":"CONTOSO-PC01","message":"Faulting application name: ContosoAgent.exe, version: 4.2.0.1, faulting module: ntdll.dll","eventData":[{"name":"Data","value":"Faulting application name: ContosoAgent.exe, version: 4.2.0.1, faulting module: ntdll.dll"}],"rawXml":"<Event><System><Provider Name=\"Application Error\"/><EventID>1000</EventID><EventRecordID>90778</EventRecordID><TimeCreated SystemTime=\"2026-10-07T02:34:14.000Z\"/><Channel>Application</Channel><Computer>CONTOSO-PC01</Computer></System><EventData><Data>Faulting application name: ContosoAgent.exe, version: 4.2.0.1, faulting module: ntdll.dll</Data></EventData></Event>","sourceLabel":"C:\\Fixture\\EventLogs\\Application.evtx","originKind":"event","task":null,"opcode":null,"processId":null,"threadId":null,"userSid":null,"keywords":null,"mapped":[]},{"id":855,"eventRecordId":90781,"eventRecordIdText":"90781","timestamp":"2026-10-07T02:37:40.000Z","timestampEpoch":1791340660000,"provider":"edgeupdate","channel":"Application","eventId":0,"level":"Information","computer":"CONTOSO-PC01","message":"Service started","eventData":[{"name":"Data","value":"Service started"}],"rawXml":"<Event><System><Provider Name=\"edgeupdate\"/><EventID>0</EventID><EventRecordID>90781</EventRecordID><TimeCreated SystemTime=\"2026-10-07T02:37:40.000Z\"/><Channel>Application</Channel><Computer>CONTOSO-PC01</Computer></System><EventData><Data>Service started</Data></EventData></Event>","sourceLabel":"C:\\Fixture\\EventLogs\\Application.evtx","originKind":"event","task":null,"opcode":null,"processId":null,"threadId":null,"userSid":null,"keywords":null,"mapped":[]},{"id":856,"eventRecordId":90784,"eventRecordIdText":"90784","timestamp":"2026-10-07T02:37:55.000Z","timestampEpoch":1791340675000,"provider":"edgeupdate","channel":"Application","eventId":0,"level":"Information","computer":"CONTOSO-PC01","message":"Service started","eventData":[{"name":"Data","value":"Service started"}],"rawXml":"<Event><System><Provider Name=\"edgeupdate\"/><EventID>0</EventID><EventRecordID>90784</EventRecordID><TimeCreated SystemTime=\"2026-10-07T02:37:55.000Z\"/><Channel>Application</Channel><Computer>CONTOSO-PC01</Computer></System><EventData><Data>Service started</Data></EventData></Event>","sourceLabel":"C:\\Fixture\\EventLogs\\Application.evtx","originKind":"event","task":null,"opcode":null,"processId":null,"threadId":null,"userSid":null,"keywords":null,"mapped":[]},{"id":857,"eventRecordId":90787,"eventRecordIdText":"90787","timestamp":"2026-10-07T02:38:23.000Z","timestampEpoch":1791340703000,"provider":"Service Control Manager","channel":"System","eventId":7036,"level":"Information","computer":"CONTOSO-PC01","message":"The Windows Modules Installer service entered the stopped state.","eventData":[{"name":"Data","value":"The Windows Modules Installer service entered the stopped state."}],"rawXml":"<Event><System><Provider Name=\"Service Control Manager\"/><EventID>7036</EventID><EventRecordID>90787</EventRecordID><TimeCreated SystemTime=\"2026-10-07T02:38:23.000Z\"/><Channel>System</Channel><Computer>CONTOSO-PC01</Computer></System><EventData><Data>The Windows Modules Installer service entered the stopped state.</Data></EventData></Event>","sourceLabel":"C:\\Fixture\\EventLogs\\System.evtx","originKind":"event","task":null,"opcode":null,"processId":null,"threadId":null,"userSid":null,"keywords":null,"mapped":[]},{"id":858,"eventRecordId":90790,"eventRecordIdText":"90790","timestamp":"2026-10-07T02:38:51.000Z","timestampEpoch":1791340731000,"provider":"Microsoft-Windows-Security-SPP","channel":"Application","eventId":16384,"level":"Information","computer":"CONTOSO-PC01","message":"Successfully scheduled Software Protection service for re-start.","eventData":[{"name":"Data","value":"Successfully scheduled Software Protection service for re-start."}],"rawXml":"<Event><System><Provider Name=\"Microsoft-Windows-Security-SPP\"/><EventID>16384</EventID><EventRecordID>90790</EventRecordID><TimeCreated SystemTime=\"2026-10-07T02:38:51.000Z\"/><Channel>Application</Channel><Computer>CONTOSO-PC01</Computer></System><EventData><Data>Successfully scheduled Software Protection service for re-start.</Data></EventData></Event>","sourceLabel":"C:\\Fixture\\EventLogs\\Application.evtx","originKind":"event","task":null,"opcode":null,"processId":null,"threadId":null,"userSid":null,"keywords":null,"mapped":[]},{"id":859,"eventRecordId":90793,"eventRecordIdText":"90793","timestamp":"2026-10-07T02:40:30.000Z","timestampEpoch":1791340830000,"provider":"Service Control Manager","channel":"System","eventId":7031,"level":"Warning","computer":"CONTOSO-PC01","message":"The Contoso Update Service service terminated unexpectedly. It has done this 1 time(s).","eventData":[{"name":"Data","value":"The Contoso Update Service service terminated unexpectedly. It has done this 1 time(s)."}],"rawXml":"<Event><System><Provider Name=\"Service Control Manager\"/><EventID>7031</EventID><EventRecordID>90793</EventRecordID><TimeCreated SystemTime=\"2026-10-07T02:40:30.000Z\"/><Channel>System</Channel><Computer>CONTOSO-PC01</Computer></System><EventData><Data>The Contoso Update Service service terminated unexpectedly. It has done this 1 time(s).</Data></EventData></Event>","sourceLabel":"C:\\Fixture\\EventLogs\\System.evtx","originKind":"event","task":null,"opcode":null,"processId":null,"threadId":null,"userSid":null,"keywords":null,"mapped":[]},{"id":860,"eventRecordId":90796,"eventRecordIdText":"90796","timestamp":"2026-10-07T02:41:15.000Z","timestampEpoch":1791340875000,"provider":"Microsoft-Windows-DeviceManagement-Enterprise-Diagnostics-Provider","channel":"Microsoft-Windows-DeviceManagement-Enterprise-Diagnostics-Provider/Admin","eventId":813,"level":"Information","computer":"CONTOSO-PC01","message":"MDM PolicyManager: Set policy int, Area: (DeviceLock).","eventData":[{"name":"Data","value":"MDM PolicyManager: Set policy int, Area: (DeviceLock)."}],"rawXml":"<Event><System><Provider Name=\"Microsoft-Windows-DeviceManagement-Enterprise-Diagnostics-Provider\"/><EventID>813</EventID><EventRecordID>90796</EventRecordID><TimeCreated SystemTime=\"2026-10-07T02:41:15.000Z\"/><Channel>Microsoft-Windows-DeviceManagement-Enterprise-Diagnostics-Provider/Admin</Channel><Computer>CONTOSO-PC01</Computer></System><EventData><Data>MDM PolicyManager: Set policy int, Area: (DeviceLock).</Data></EventData></Event>","sourceLabel":"C:\\Fixture\\EventLogs\\DeviceManagement-Admin.evtx","originKind":"event","task":null,"opcode":null,"processId":null,"threadId":null,"userSid":null,"keywords":null,"mapped":[]},{"id":861,"eventRecordId":90799,"eventRecordIdText":"90799","timestamp":"2026-10-07T02:44:04.000Z","timestampEpoch":1791341044000,"provider":"edgeupdate","channel":"Application","eventId":0,"level":"Information","computer":"CONTOSO-PC01","message":"Service started","eventData":[{"name":"Data","value":"Service started"}],"rawXml":"<Event><System><Provider Name=\"edgeupdate\"/><EventID>0</EventID><EventRecordID>90799</EventRecordID><TimeCreated SystemTime=\"2026-10-07T02:44:04.000Z\"/><Channel>Application</Channel><Computer>CONTOSO-PC01</Computer></System><EventData><Data>Service started</Data></EventData></Event>","sourceLabel":"C:\\Fixture\\EventLogs\\Application.evtx","originKind":"event","task":null,"opcode":null,"processId":null,"threadId":null,"userSid":null,"keywords":null,"mapped":[]},{"id":862,"eventRecordId":90802,"eventRecordIdText":"90802","timestamp":"2026-10-07T02:44:55.000Z","timestampEpoch":1791341095000,"provider":"Microsoft-Windows-Security-SPP","channel":"Application","eventId":16384,"level":"Information","computer":"CONTOSO-PC01","message":"Successfully scheduled Software Protection service for re-start.","eventData":[{"name":"Data","value":"Successfully scheduled Software Protection service for re-start."}],"rawXml":"<Event><System><Provider Name=\"Microsoft-Windows-Security-SPP\"/><EventID>16384</EventID><EventRecordID>90802</EventRecordID><TimeCreated SystemTime=\"2026-10-07T02:44:55.000Z\"/><Channel>Application</Channel><Computer>CONTOSO-PC01</Computer></System><EventData><Data>Successfully scheduled Software Protection service for re-start.</Data></EventData></Event>","sourceLabel":"C:\\Fixture\\EventLogs\\Application.evtx","originKind":"event","task":null,"opcode":null,"processId":null,"threadId":null,"userSid":null,"keywords":null,"mapped":[]},{"id":863,"eventRecordId":90805,"eventRecordIdText":"90805","timestamp":"2026-10-07T02:45:53.000Z","timestampEpoch":1791341153000,"provider":"Service Control Manager","channel":"System","eventId":7036,"level":"Information","computer":"CONTOSO-PC01","message":"The Windows Modules Installer service entered the running state.","eventData":[{"name":"Data","value":"The Windows Modules Installer service entered the running state."}],"rawXml":"<Event><System><Provider Name=\"Service Control Manager\"/><EventID>7036</EventID><EventRecordID>90805</EventRecordID><TimeCreated SystemTime=\"2026-10-07T02:45:53.000Z\"/><Channel>System</Channel><Computer>CONTOSO-PC01</Computer></System><EventData><Data>The Windows Modules Installer service entered the running state.</Data></EventData></Event>","sourceLabel":"C:\\Fixture\\EventLogs\\System.evtx","originKind":"event","task":null,"opcode":null,"processId":null,"threadId":null,"userSid":null,"keywords":null,"mapped":[]},{"id":864,"eventRecordId":90808,"eventRecordIdText":"90808","timestamp":"2026-10-07T02:45:57.000Z","timestampEpoch":1791341157000,"provider":"Microsoft-Windows-Security-SPP","channel":"Application","eventId":16384,"level":"Information","computer":"CONTOSO-PC01","message":"Successfully scheduled Software Protection service for re-start.","eventData":[{"name":"Data","value":"Successfully scheduled Software Protection service for re-start."}],"rawXml":"<Event><System><Provider Name=\"Microsoft-Windows-Security-SPP\"/><EventID>16384</EventID><EventRecordID>90808</EventRecordID><TimeCreated SystemTime=\"2026-10-07T02:45:57.000Z\"/><Channel>Application</Channel><Computer>CONTOSO-PC01</Computer></System><EventData><Data>Successfully scheduled Software Protection service for re-start.</Data></EventData></Event>","sourceLabel":"C:\\Fixture\\EventLogs\\Application.evtx","originKind":"event","task":null,"opcode":null,"processId":null,"threadId":null,"userSid":null,"keywords":null,"mapped":[]},{"id":865,"eventRecordId":90811,"eventRecordIdText":"90811","timestamp":"2026-10-07T02:46:33.000Z","timestampEpoch":1791341193000,"provider":"Microsoft-Windows-DistributedCOM","channel":"System","eventId":10016,"level":"Warning","computer":"CONTOSO-PC01","message":"The application-specific permission settings do not grant Local Activation permission for the COM Server application.","eventData":[{"name":"Data","value":"The application-specific permission settings do not grant Local Activation permission for the COM Server application."}],"rawXml":"<Event><System><Provider Name=\"Microsoft-Windows-DistributedCOM\"/><EventID>10016</EventID><EventRecordID>90811</EventRecordID><TimeCreated SystemTime=\"2026-10-07T02:46:33.000Z\"/><Channel>System</Channel><Computer>CONTOSO-PC01</Computer></System><EventData><Data>The application-specific permission settings do not grant Local Activation permission for the COM Server application.</Data></EventData></Event>","sourceLabel":"C:\\Fixture\\EventLogs\\System.evtx","originKind":"event","task":null,"opcode":null,"processId":null,"threadId":null,"userSid":null,"keywords":null,"mapped":[]},{"id":866,"eventRecordId":90814,"eventRecordIdText":"90814","timestamp":"2026-10-07T02:47:10.000Z","timestampEpoch":1791341230000,"provider":"Service Control Manager","channel":"System","eventId":7036,"level":"Information","computer":"CONTOSO-PC01","message":"The Intune Management Extension service entered the stopped state.","eventData":[{"name":"Data","value":"The Intune Management Extension service entered the stopped state."}],"rawXml":"<Event><System><Provider Name=\"Service Control Manager\"/><EventID>7036</EventID><EventRecordID>90814</EventRecordID><TimeCreated SystemTime=\"2026-10-07T02:47:10.000Z\"/><Channel>System</Channel><Computer>CONTOSO-PC01</Computer></System><EventData><Data>The Intune Management Extension service entered the stopped state.</Data></EventData></Event>","sourceLabel":"C:\\Fixture\\EventLogs\\System.evtx","originKind":"event","task":null,"opcode":null,"processId":null,"threadId":null,"userSid":null,"keywords":null,"mapped":[]},{"id":867,"eventRecordId":90817,"eventRecordIdText":"90817","timestamp":"2026-10-07T02:50:51.000Z","timestampEpoch":1791341451000,"provider":"Microsoft-Windows-DistributedCOM","channel":"System","eventId":10016,"level":"Warning","computer":"CONTOSO-PC01","message":"The application-specific permission settings do not grant Local Activation permission for the COM Server application.","eventData":[{"name":"Data","value":"The application-specific permission settings do not grant Local Activation permission for the COM Server application."}],"rawXml":"<Event><System><Provider Name=\"Microsoft-Windows-DistributedCOM\"/><EventID>10016</EventID><EventRecordID>90817</EventRecordID><TimeCreated SystemTime=\"2026-10-07T02:50:51.000Z\"/><Channel>System</Channel><Computer>CONTOSO-PC01</Computer></System><EventData><Data>The application-specific permission settings do not grant Local Activation permission for the COM Server application.</Data></EventData></Event>","sourceLabel":"C:\\Fixture\\EventLogs\\System.evtx","originKind":"event","task":null,"opcode":null,"processId":null,"threadId":null,"userSid":null,"keywords":null,"mapped":[]},{"id":868,"eventRecordId":90820,"eventRecordIdText":"90820","timestamp":"2026-10-07T02:50:52.000Z","timestampEpoch":1791341452000,"provider":"Service Control Manager","channel":"System","eventId":7040,"level":"Information","computer":"CONTOSO-PC01","message":"The start type of the Background Intelligent Transfer Service service was changed from demand start to auto start.","eventData":[{"name":"Data","value":"The start type of the Background Intelligent Transfer Service service was changed from demand start to auto start."}],"rawXml":"<Event><System><Provider Name=\"Service Control Manager\"/><EventID>7040</EventID><EventRecordID>90820</EventRecordID><TimeCreated SystemTime=\"2026-10-07T02:50:52.000Z\"/><Channel>System</Channel><Computer>CONTOSO-PC01</Computer></System><EventData><Data>The start type of the Background Intelligent Transfer Service service was changed from demand start to auto start.</Data></EventData></Event>","sourceLabel":"C:\\Fixture\\EventLogs\\System.evtx","originKind":"event","task":null,"opcode":null,"processId":null,"threadId":null,"userSid":null,"keywords":null,"mapped":[]},{"id":869,"eventRecordId":90823,"eventRecordIdText":"90823","timestamp":"2026-10-07T02:51:34.000Z","timestampEpoch":1791341494000,"provider":"Service Control Manager","channel":"System","eventId":7036,"level":"Information","computer":"CONTOSO-PC01","message":"The Windows Update service entered the running state.","eventData":[{"name":"Data","value":"The Windows Update service entered the running state."}],"rawXml":"<Event><System><Provider Name=\"Service Control Manager\"/><EventID>7036</EventID><EventRecordID>90823</EventRecordID><TimeCreated SystemTime=\"2026-10-07T02:51:34.000Z\"/><Channel>System</Channel><Computer>CONTOSO-PC01</Computer></System><EventData><Data>The Windows Update service entered the running state.</Data></EventData></Event>","sourceLabel":"C:\\Fixture\\EventLogs\\System.evtx","originKind":"event","task":null,"opcode":null,"processId":null,"threadId":null,"userSid":null,"keywords":null,"mapped":[]},{"id":870,"eventRecordId":90826,"eventRecordIdText":"90826","timestamp":"2026-10-07T02:53:03.000Z","timestampEpoch":1791341583000,"provider":"edgeupdate","channel":"Application","eventId":0,"level":"Information","computer":"CONTOSO-PC01","message":"Service started","eventData":[{"name":"Data","value":"Service started"}],"rawXml":"<Event><System><Provider Name=\"edgeupdate\"/><EventID>0</EventID><EventRecordID>90826</EventRecordID><TimeCreated SystemTime=\"2026-10-07T02:53:03.000Z\"/><Channel>Application</Channel><Computer>CONTOSO-PC01</Computer></System><EventData><Data>Service started</Data></EventData></Event>","sourceLabel":"C:\\Fixture\\EventLogs\\Application.evtx","originKind":"event","task":null,"opcode":null,"processId":null,"threadId":null,"userSid":null,"keywords":null,"mapped":[]},{"id":871,"eventRecordId":90829,"eventRecordIdText":"90829","timestamp":"2026-10-07T02:54:36.000Z","timestampEpoch":1791341676000,"provider":"Service Control Manager","channel":"System","eventId":7036,"level":"Information","computer":"CONTOSO-PC01","message":"The Background Intelligent Transfer Service service entered the running state.","eventData":[{"name":"Data","value":"The Background Intelligent Transfer Service service entered the running state."}],"rawXml":"<Event><System><Provider Name=\"Service Control Manager\"/><EventID>7036</EventID><EventRecordID>90829</EventRecordID><TimeCreated SystemTime=\"2026-10-07T02:54:36.000Z\"/><Channel>System</Channel><Computer>CONTOSO-PC01</Computer></System><EventData><Data>The Background Intelligent Transfer Service service entered the running state.</Data></EventData></Event>","sourceLabel":"C:\\Fixture\\EventLogs\\System.evtx","originKind":"event","task":null,"opcode":null,"processId":null,"threadId":null,"userSid":null,"keywords":null,"mapped":[]},{"id":872,"eventRecordId":90832,"eventRecordIdText":"90832","timestamp":"2026-10-07T02:55:15.000Z","timestampEpoch":1791341715000,"provider":"Microsoft-Windows-Kernel-General","channel":"System","eventId":16,"level":"Information","computer":"CONTOSO-PC01","message":"The access history in hive \\??\\C:\\Users\\user01\\NTUSER.DAT was cleared.","eventData":[{"name":"Data","value":"The access history in hive \\??\\C:\\Users\\user01\\NTUSER.DAT was cleared."}],"rawXml":"<Event><System><Provider Name=\"Microsoft-Windows-Kernel-General\"/><EventID>16</EventID><EventRecordID>90832</EventRecordID><TimeCreated SystemTime=\"2026-10-07T02:55:15.000Z\"/><Channel>System</Channel><Computer>CONTOSO-PC01</Computer></System><EventData><Data>The access history in hive \\??\\C:\\Users\\user01\\NTUSER.DAT was cleared.</Data></EventData></Event>","sourceLabel":"C:\\Fixture\\EventLogs\\System.evtx","originKind":"event","task":null,"opcode":null,"processId":null,"threadId":null,"userSid":null,"keywords":null,"mapped":[]},{"id":873,"eventRecordId":90835,"eventRecordIdText":"90835","timestamp":"2026-10-07T02:55:46.000Z","timestampEpoch":1791341746000,"provider":"Microsoft-Windows-AAD","channel":"Microsoft-Windows-AAD/Operational","eventId":1104,"level":"Information","computer":"CONTOSO-PC01","message":"AAD Cloud AP plugin call Plugin initialize returned success.","eventData":[{"name":"Data","value":"AAD Cloud AP plugin call Plugin initialize returned success."}],"rawXml":"<Event><System><Provider Name=\"Microsoft-Windows-AAD\"/><EventID>1104</EventID><EventRecordID>90835</EventRecordID><TimeCreated SystemTime=\"2026-10-07T02:55:46.000Z\"/><Channel>Microsoft-Windows-AAD/Operational</Channel><Computer>CONTOSO-PC01</Computer></System><EventData><Data>AAD Cloud AP plugin call Plugin initialize returned success.</Data></EventData></Event>","sourceLabel":"C:\\Fixture\\EventLogs\\AAD-Operational.evtx","originKind":"event","task":null,"opcode":null,"processId":null,"threadId":null,"userSid":null,"keywords":null,"mapped":[]},{"id":874,"eventRecordId":90838,"eventRecordIdText":"90838","timestamp":"2026-10-07T02:59:00.000Z","timestampEpoch":1791341940000,"provider":"edgeupdate","channel":"Application","eventId":0,"level":"Information","computer":"CONTOSO-PC01","message":"Service started","eventData":[{"name":"Data","value":"Service started"}],"rawXml":"<Event><System><Provider Name=\"edgeupdate\"/><EventID>0</EventID><EventRecordID>90838</EventRecordID><TimeCreated SystemTime=\"2026-10-07T02:59:00.000Z\"/><Channel>Application</Channel><Computer>CONTOSO-PC01</Computer></System><EventData><Data>Service started</Data></EventData></Event>","sourceLabel":"C:\\Fixture\\EventLogs\\Application.evtx","originKind":"event","task":null,"opcode":null,"processId":null,"threadId":null,"userSid":null,"keywords":null,"mapped":[]},{"id":875,"eventRecordId":90841,"eventRecordIdText":"90841","timestamp":"2026-10-07T02:59:28.000Z","timestampEpoch":1791341968000,"provider":"Microsoft-Windows-Security-SPP","channel":"Application","eventId":16384,"level":"Information","computer":"CONTOSO-PC01","message":"Successfully scheduled Software Protection service for re-start.","eventData":[{"name":"Data","value":"Successfully scheduled Software Protection service for re-start."}],"rawXml":"<Event><System><Provider Name=\"Microsoft-Windows-Security-SPP\"/><EventID>16384</EventID><EventRecordID>90841</EventRecordID><TimeCreated SystemTime=\"2026-10-07T02:59:28.000Z\"/><Channel>Application</Channel><Computer>CONTOSO-PC01</Computer></System><EventData><Data>Successfully scheduled Software Protection service for re-start.</Data></EventData></Event>","sourceLabel":"C:\\Fixture\\EventLogs\\Application.evtx","originKind":"event","task":null,"opcode":null,"processId":null,"threadId":null,"userSid":null,"keywords":null,"mapped":[]},{"id":876,"eventRecordId":90844,"eventRecordIdText":"90844","timestamp":"2026-10-07T03:00:28.000Z","timestampEpoch":1791342028000,"provider":"Service Control Manager","channel":"System","eventId":7040,"level":"Information","computer":"CONTOSO-PC01","message":"The start type of the Background Intelligent Transfer Service service was changed from demand start to auto start.","eventData":[{"name":"Data","value":"The start type of the Background Intelligent Transfer Service service was changed from demand start to auto start."}],"rawXml":"<Event><System><Provider Name=\"Service Control Manager\"/><EventID>7040</EventID><EventRecordID>90844</EventRecordID><TimeCreated SystemTime=\"2026-10-07T03:00:28.000Z\"/><Channel>System</Channel><Computer>CONTOSO-PC01</Computer></System><EventData><Data>The start type of the Background Intelligent Transfer Service service was changed from demand start to auto start.</Data></EventData></Event>","sourceLabel":"C:\\Fixture\\EventLogs\\System.evtx","originKind":"event","task":null,"opcode":null,"processId":null,"threadId":null,"userSid":null,"keywords":null,"mapped":[]},{"id":877,"eventRecordId":90847,"eventRecordIdText":"90847","timestamp":"2026-10-07T03:00:35.000Z","timestampEpoch":1791342035000,"provider":"Service Control Manager","channel":"System","eventId":7031,"level":"Warning","computer":"CONTOSO-PC01","message":"The Contoso Update Service service terminated unexpectedly. It has done this 1 time(s).","eventData":[{"name":"Data","value":"The Contoso Update Service service terminated unexpectedly. It has done this 1 time(s)."}],"rawXml":"<Event><System><Provider Name=\"Service Control Manager\"/><EventID>7031</EventID><EventRecordID>90847</EventRecordID><TimeCreated SystemTime=\"2026-10-07T03:00:35.000Z\"/><Channel>System</Channel><Computer>CONTOSO-PC01</Computer></System><EventData><Data>The Contoso Update Service service terminated unexpectedly. It has done this 1 time(s).</Data></EventData></Event>","sourceLabel":"C:\\Fixture\\EventLogs\\System.evtx","originKind":"event","task":null,"opcode":null,"processId":null,"threadId":null,"userSid":null,"keywords":null,"mapped":[]},{"id":878,"eventRecordId":90850,"eventRecordIdText":"90850","timestamp":"2026-10-07T03:00:37.000Z","timestampEpoch":1791342037000,"provider":"Microsoft-Windows-AAD","channel":"Microsoft-Windows-AAD/Operational","eventId":1104,"level":"Information","computer":"CONTOSO-PC01","message":"AAD Cloud AP plugin call Plugin initialize returned success.","eventData":[{"name":"Data","value":"AAD Cloud AP plugin call Plugin initialize returned success."}],"rawXml":"<Event><System><Provider Name=\"Microsoft-Windows-AAD\"/><EventID>1104</EventID><EventRecordID>90850</EventRecordID><TimeCreated SystemTime=\"2026-10-07T03:00:37.000Z\"/><Channel>Microsoft-Windows-AAD/Operational</Channel><Computer>CONTOSO-PC01</Computer></System><EventData><Data>AAD Cloud AP plugin call Plugin initialize returned success.</Data></EventData></Event>","sourceLabel":"C:\\Fixture\\EventLogs\\AAD-Operational.evtx","originKind":"event","task":null,"opcode":null,"processId":null,"threadId":null,"userSid":null,"keywords":null,"mapped":[]},{"id":879,"eventRecordId":90853,"eventRecordIdText":"90853","timestamp":"2026-10-07T03:01:12.000Z","timestampEpoch":1791342072000,"provider":"Microsoft-Windows-AAD","channel":"Microsoft-Windows-AAD/Operational","eventId":1081,"level":"Information","computer":"CONTOSO-PC01","message":"OAuth response received for resource https://enrollment.manage.microsoft.com/.","eventData":[{"name":"Data","value":"OAuth response received for resource https://enrollment.manage.microsoft.com/."}],"rawXml":"<Event><System><Provider Name=\"Microsoft-Windows-AAD\"/><EventID>1081</EventID><EventRecordID>90853</EventRecordID><TimeCreated SystemTime=\"2026-10-07T03:01:12.000Z\"/><Channel>Microsoft-Windows-AAD/Operational</Channel><Computer>CONTOSO-PC01</Computer></System><EventData><Data>OAuth response received for resource https://enrollment.manage.microsoft.com/.</Data></EventData></Event>","sourceLabel":"C:\\Fixture\\EventLogs\\AAD-Operational.evtx","originKind":"event","task":null,"opcode":null,"processId":null,"threadId":null,"userSid":null,"keywords":null,"mapped":[]},{"id":880,"eventRecordId":90856,"eventRecordIdText":"90856","timestamp":"2026-10-07T03:01:28.000Z","timestampEpoch":1791342088000,"provider":"Microsoft-Windows-DNS-Client","channel":"System","eventId":1014,"level":"Warning","computer":"CONTOSO-PC01","message":"Name resolution for the name enrollment.manage.microsoft.com timed out after none of the configured DNS servers responded.","eventData":[{"name":"Data","value":"Name resolution for the name enrollment.manage.microsoft.com timed out after none of the configured DNS servers responded."}],"rawXml":"<Event><System><Provider Name=\"Microsoft-Windows-DNS-Client\"/><EventID>1014</EventID><EventRecordID>90856</EventRecordID><TimeCreated SystemTime=\"2026-10-07T03:01:28.000Z\"/><Channel>System</Channel><Computer>CONTOSO-PC01</Computer></System><EventData><Data>Name resolution for the name enrollment.manage.microsoft.com timed out after none of the configured DNS servers responded.</Data></EventData></Event>","sourceLabel":"C:\\Fixture\\EventLogs\\System.evtx","originKind":"event","task":null,"opcode":null,"processId":null,"threadId":null,"userSid":null,"keywords":null,"mapped":[]},{"id":881,"eventRecordId":90859,"eventRecordIdText":"90859","timestamp":"2026-10-07T03:02:07.000Z","timestampEpoch":1791342127000,"provider":"Microsoft-Windows-AAD","channel":"Microsoft-Windows-AAD/Operational","eventId":1104,"level":"Information","computer":"CONTOSO-PC01","message":"AAD Cloud AP plugin call Plugin initialize returned success.","eventData":[{"name":"Data","value":"AAD Cloud AP plugin call Plugin initialize returned success."}],"rawXml":"<Event><System><Provider Name=\"Microsoft-Windows-AAD\"/><EventID>1104</EventID><EventRecordID>90859</EventRecordID><TimeCreated SystemTime=\"2026-10-07T03:02:07.000Z\"/><Channel>Microsoft-Windows-AAD/Operational</Channel><Computer>CONTOSO-PC01</Computer></System><EventData><Data>AAD Cloud AP plugin call Plugin initialize returned success.</Data></EventData></Event>","sourceLabel":"C:\\Fixture\\EventLogs\\AAD-Operational.evtx","originKind":"event","task":null,"opcode":null,"processId":null,"threadId":null,"userSid":null,"keywords":null,"mapped":[]},{"id":882,"eventRecordId":90862,"eventRecordIdText":"90862","timestamp":"2026-10-07T03:02:28.000Z","timestampEpoch":1791342148000,"provider":"Microsoft-Windows-Kernel-General","channel":"System","eventId":16,"level":"Information","computer":"CONTOSO-PC01","message":"The access history in hive \\??\\C:\\Users\\user01\\NTUSER.DAT was cleared.","eventData":[{"name":"Data","value":"The access history in hive \\??\\C:\\Users\\user01\\NTUSER.DAT was cleared."}],"rawXml":"<Event><System><Provider Name=\"Microsoft-Windows-Kernel-General\"/><EventID>16</EventID><EventRecordID>90862</EventRecordID><TimeCreated SystemTime=\"2026-10-07T03:02:28.000Z\"/><Channel>System</Channel><Computer>CONTOSO-PC01</Computer></System><EventData><Data>The access history in hive \\??\\C:\\Users\\user01\\NTUSER.DAT was cleared.</Data></EventData></Event>","sourceLabel":"C:\\Fixture\\EventLogs\\System.evtx","originKind":"event","task":null,"opcode":null,"processId":null,"threadId":null,"userSid":null,"keywords":null,"mapped":[]},{"id":883,"eventRecordId":90865,"eventRecordIdText":"90865","timestamp":"2026-10-07T03:02:35.000Z","timestampEpoch":1791342155000,"provider":"Service Control Manager","channel":"System","eventId":7036,"level":"Information","computer":"CONTOSO-PC01","message":"The Windows Update service entered the running state.","eventData":[{"name":"Data","value":"The Windows Update service entered the running state."}],"rawXml":"<Event><System><Provider Name=\"Service Control Manager\"/><EventID>7036</EventID><EventRecordID>90865</EventRecordID><TimeCreated SystemTime=\"2026-10-07T03:02:35.000Z\"/><Channel>System</Channel><Computer>CONTOSO-PC01</Computer></System><EventData><Data>The Windows Update service entered the running state.</Data></EventData></Event>","sourceLabel":"C:\\Fixture\\EventLogs\\System.evtx","originKind":"event","task":null,"opcode":null,"processId":null,"threadId":null,"userSid":null,"keywords":null,"mapped":[]},{"id":884,"eventRecordId":90868,"eventRecordIdText":"90868","timestamp":"2026-10-07T03:02:43.000Z","timestampEpoch":1791342163000,"provider":"Microsoft-Windows-Security-SPP","channel":"Application","eventId":16384,"level":"Information","computer":"CONTOSO-PC01","message":"Successfully scheduled Software Protection service for re-start.","eventData":[{"name":"Data","value":"Successfully scheduled Software Protection service for re-start."}],"rawXml":"<Event><System><Provider Name=\"Microsoft-Windows-Security-SPP\"/><EventID>16384</EventID><EventRecordID>90868</EventRecordID><TimeCreated SystemTime=\"2026-10-07T03:02:43.000Z\"/><Channel>Application</Channel><Computer>CONTOSO-PC01</Computer></System><EventData><Data>Successfully scheduled Software Protection service for re-start.</Data></EventData></Event>","sourceLabel":"C:\\Fixture\\EventLogs\\Application.evtx","originKind":"event","task":null,"opcode":null,"processId":null,"threadId":null,"userSid":null,"keywords":null,"mapped":[]},{"id":885,"eventRecordId":90871,"eventRecordIdText":"90871","timestamp":"2026-10-07T03:03:09.000Z","timestampEpoch":1791342189000,"provider":"Microsoft-Windows-DistributedCOM","channel":"System","eventId":10016,"level":"Warning","computer":"CONTOSO-PC01","message":"The application-specific permission settings do not grant Local Activation permission for the COM Server application.","eventData":[{"name":"Data","value":"The application-specific permission settings do not grant Local Activation permission for the COM Server application."}],"rawXml":"<Event><System><Provider Name=\"Microsoft-Windows-DistributedCOM\"/><EventID>10016</EventID><EventRecordID>90871</EventRecordID><TimeCreated SystemTime=\"2026-10-07T03:03:09.000Z\"/><Channel>System</Channel><Computer>CONTOSO-PC01</Computer></System><EventData><Data>The application-specific permission settings do not grant Local Activation permission for the COM Server application.</Data></EventData></Event>","sourceLabel":"C:\\Fixture\\EventLogs\\System.evtx","originKind":"event","task":null,"opcode":null,"processId":null,"threadId":null,"userSid":null,"keywords":null,"mapped":[]},{"id":886,"eventRecordId":90874,"eventRecordIdText":"90874","timestamp":"2026-10-07T03:03:57.000Z","timestampEpoch":1791342237000,"provider":"Microsoft-Windows-DNS-Client","channel":"System","eventId":1014,"level":"Warning","computer":"CONTOSO-PC01","message":"Name resolution for the name login.microsoftonline.com timed out after none of the configured DNS servers responded.","eventData":[{"name":"Data","value":"Name resolution for the name login.microsoftonline.com timed out after none of the configured DNS servers responded."}],"rawXml":"<Event><System><Provider Name=\"Microsoft-Windows-DNS-Client\"/><EventID>1014</EventID><EventRecordID>90874</EventRecordID><TimeCreated SystemTime=\"2026-10-07T03:03:57.000Z\"/><Channel>System</Channel><Computer>CONTOSO-PC01</Computer></System><EventData><Data>Name resolution for the name login.microsoftonline.com timed out after none of the configured DNS servers responded.</Data></EventData></Event>","sourceLabel":"C:\\Fixture\\EventLogs\\System.evtx","originKind":"event","task":null,"opcode":null,"processId":null,"threadId":null,"userSid":null,"keywords":null,"mapped":[]},{"id":887,"eventRecordId":90877,"eventRecordIdText":"90877","timestamp":"2026-10-07T03:04:41.000Z","timestampEpoch":1791342281000,"provider":"Microsoft-Windows-Kernel-General","channel":"System","eventId":16,"level":"Information","computer":"CONTOSO-PC01","message":"The access history in hive \\??\\C:\\Users\\user01\\NTUSER.DAT was cleared.","eventData":[{"name":"Data","value":"The access history in hive \\??\\C:\\Users\\user01\\NTUSER.DAT was cleared."}],"rawXml":"<Event><System><Provider Name=\"Microsoft-Windows-Kernel-General\"/><EventID>16</EventID><EventRecordID>90877</EventRecordID><TimeCreated SystemTime=\"2026-10-07T03:04:41.000Z\"/><Channel>System</Channel><Computer>CONTOSO-PC01</Computer></System><EventData><Data>The access history in hive \\??\\C:\\Users\\user01\\NTUSER.DAT was cleared.</Data></EventData></Event>","sourceLabel":"C:\\Fixture\\EventLogs\\System.evtx","originKind":"event","task":null,"opcode":null,"processId":null,"threadId":null,"userSid":null,"keywords":null,"mapped":[]},{"id":888,"eventRecordId":90880,"eventRecordIdText":"90880","timestamp":"2026-10-07T03:05:17.000Z","timestampEpoch":1791342317000,"provider":"Microsoft-Windows-DNS-Client","channel":"System","eventId":1014,"level":"Warning","computer":"CONTOSO-PC01","message":"Name resolution for the name enrollment.manage.microsoft.com timed out after none of the configured DNS servers responded.","eventData":[{"name":"Data","value":"Name resolution for the name enrollment.manage.microsoft.com timed out after none of the configured DNS servers responded."}],"rawXml":"<Event><System><Provider Name=\"Microsoft-Windows-DNS-Client\"/><EventID>1014</EventID><EventRecordID>90880</EventRecordID><TimeCreated SystemTime=\"2026-10-07T03:05:17.000Z\"/><Channel>System</Channel><Computer>CONTOSO-PC01</Computer></System><EventData><Data>Name resolution for the name enrollment.manage.microsoft.com timed out after none of the configured DNS servers responded.</Data></EventData></Event>","sourceLabel":"C:\\Fixture\\EventLogs\\System.evtx","originKind":"event","task":null,"opcode":null,"processId":null,"threadId":null,"userSid":null,"keywords":null,"mapped":[]},{"id":889,"eventRecordId":90883,"eventRecordIdText":"90883","timestamp":"2026-10-07T03:07:10.000Z","timestampEpoch":1791342430000,"provider":"Service Control Manager","channel":"System","eventId":7040,"level":"Information","computer":"CONTOSO-PC01","message":"The start type of the Background Intelligent Transfer Service service was changed from demand start to auto start.","eventData":[{"name":"Data","value":"The start type of the Background Intelligent Transfer Service service was changed from demand start to auto start."}],"rawXml":"<Event><System><Provider Name=\"Service Control Manager\"/><EventID>7040</EventID><EventRecordID>90883</EventRecordID><TimeCreated SystemTime=\"2026-10-07T03:07:10.000Z\"/><Channel>System</Channel><Computer>CONTOSO-PC01</Computer></System><EventData><Data>The start type of the Background Intelligent Transfer Service service was changed from demand start to auto start.</Data></EventData></Event>","sourceLabel":"C:\\Fixture\\EventLogs\\System.evtx","originKind":"event","task":null,"opcode":null,"processId":null,"threadId":null,"userSid":null,"keywords":null,"mapped":[]},{"id":890,"eventRecordId":90886,"eventRecordIdText":"90886","timestamp":"2026-10-07T03:07:33.000Z","timestampEpoch":1791342453000,"provider":"MsiInstaller","channel":"Application","eventId":1040,"level":"Information","computer":"CONTOSO-PC01","message":"Beginning a Windows Installer transaction.","eventData":[{"name":"Data","value":"Beginning a Windows Installer transaction."}],"rawXml":"<Event><System><Provider Name=\"MsiInstaller\"/><EventID>1040</EventID><EventRecordID>90886</EventRecordID><TimeCreated SystemTime=\"2026-10-07T03:07:33.000Z\"/><Channel>Application</Channel><Computer>CONTOSO-PC01</Computer></System><EventData><Data>Beginning a Windows Installer transaction.</Data></EventData></Event>","sourceLabel":"C:\\Fixture\\EventLogs\\Application.evtx","originKind":"event","task":null,"opcode":null,"processId":null,"threadId":null,"userSid":null,"keywords":null,"mapped":[]},{"id":891,"eventRecordId":90889,"eventRecordIdText":"90889","timestamp":"2026-10-07T03:08:14.000Z","timestampEpoch":1791342494000,"provider":"Service Control Manager","channel":"System","eventId":7040,"level":"Information","computer":"CONTOSO-PC01","message":"The start type of the Background Intelligent Transfer Service service was changed from demand start to auto start.","eventData":[{"name":"Data","value":"The start type of the Background Intelligent Transfer Service service was changed from demand start to auto start."}],"rawXml":"<Event><System><Provider Name=\"Service Control Manager\"/><EventID>7040</EventID><EventRecordID>90889</EventRecordID><TimeCreated SystemTime=\"2026-10-07T03:08:14.000Z\"/><Channel>System</Channel><Computer>CONTOSO-PC01</Computer></System><EventData><Data>The start type of the Background Intelligent Transfer Service service was changed from demand start to auto start.</Data></EventData></Event>","sourceLabel":"C:\\Fixture\\EventLogs\\System.evtx","originKind":"event","task":null,"opcode":null,"processId":null,"threadId":null,"userSid":null,"keywords":null,"mapped":[]},