{"_marker": "SYNTHETIC FIXTURE - normalized MDM Admin channel events, no real device data",
  "events": [
    {
      "context": {
        "evidenceRef": {
          "evidenceId": "evt-later-record-earlier-time",
          "sourceArtifactId": "mdm-admin-channel"
        },
        "provenance": {
          "sourceKind": "eventLog",
          "sourceArtifactId": "mdm-admin-channel",
          "filePath": null,
          "lineNumber": null,
          "recordNumber": 201,
          "registry": null,
          "event": {
            "channel": "Microsoft-Windows-DeviceManagement-Enterprise-Diagnostics-Provider/Admin",
            "provider": "Microsoft-Windows-DeviceManagement-Enterprise-Diagnostics-Provider",
            "eventId": 813,
            "recordId": 201
          }
        },
        "sourceTimestamp": {
          "rawText": "2026-07-31T09:00:00Z",
          "originalOffset": null,
          "normalizedUtc": "2026-07-31T09:00:00Z",
          "kind": "utc"
        },
        "observedAtUtc": "2026-07-31T10:00:00Z",
        "sensitivity": "public",
        "parseState": "parsed",
        "accessState": "available"
      },
      "channel": "Microsoft-Windows-DeviceManagement-Enterprise-Diagnostics-Provider/Admin",
      "provider": "Microsoft-Windows-DeviceManagement-Enterprise-Diagnostics-Provider",
      "eventId": 813,
      "level": "information",
      "task": null,
      "keywords": null,
      "recordId": 201,
      "activityId": "66666666-6666-4666-8666-666666666666",
      "namedData": [
        {
          "name": "NodeUri",
          "value": "./Device/Vendor/MSFT/Policy/Config/Update/AllowAutoUpdate"
        },
        {
          "name": "Value",
          "value": "1"
        },
        {
          "name": "ConfigurationSourceId",
          "value": "11111111-1111-4111-8111-111111111111"
        }
      ],
      "message": null
    },
    {
      "context": {
        "evidenceRef": {
          "evidenceId": "evt-earlier-record-later-time",
          "sourceArtifactId": "mdm-admin-channel"
        },
        "provenance": {
          "sourceKind": "eventLog",
          "sourceArtifactId": "mdm-admin-channel",
          "filePath": null,
          "lineNumber": null,
          "recordNumber": 200,
          "registry": null,
          "event": {
            "channel": "Microsoft-Windows-DeviceManagement-Enterprise-Diagnostics-Provider/Admin",
            "provider": "Microsoft-Windows-DeviceManagement-Enterprise-Diagnostics-Provider",
            "eventId": 813,
            "recordId": 200
          }
        },
        "sourceTimestamp": {
          "rawText": "2026-07-31T09:30:00Z",
          "originalOffset": null,
          "normalizedUtc": "2026-07-31T09:30:00Z",
          "kind": "utc"
        },
        "observedAtUtc": "2026-07-31T10:00:00Z",
        "sensitivity": "public",
        "parseState": "parsed",
        "accessState": "available"
      },
      "channel": "Microsoft-Windows-DeviceManagement-Enterprise-Diagnostics-Provider/Admin",
      "provider": "Microsoft-Windows-DeviceManagement-Enterprise-Diagnostics-Provider",
      "eventId": 813,
      "level": "information",
      "task": null,
      "keywords": null,
      "recordId": 200,
      "activityId": "66666666-6666-4666-8666-666666666666",
      "namedData": [
        {
          "name": "NodeUri",
          "value": "./Device/Vendor/MSFT/Policy/Config/Update/AllowAutoUpdate"
        },
        {
          "name": "Value",
          "value": "1"
        },
        {
          "name": "ConfigurationSourceId",
          "value": "11111111-1111-4111-8111-111111111111"
        }
      ],
      "message": null
    },
    {
      "context": {
        "evidenceRef": {
          "evidenceId": "evt-invalid-offset",
          "sourceArtifactId": "mdm-admin-channel"
        },
        "provenance": {
          "sourceKind": "eventLog",
          "sourceArtifactId": "mdm-admin-channel",
          "filePath": null,
          "lineNumber": null,
          "recordNumber": 202,
          "registry": null,
          "event": {
            "channel": "Microsoft-Windows-DeviceManagement-Enterprise-Diagnostics-Provider/Admin",
            "provider": "Microsoft-Windows-DeviceManagement-Enterprise-Diagnostics-Provider",
            "eventId": 813,
            "recordId": 202
          }
        },
        "sourceTimestamp": {
          "rawText": "2026-07-31T09:10:00+25:00",
          "originalOffset": "+25:00",
          "normalizedUtc": null,
          "kind": "invalid"
        },
        "observedAtUtc": "2026-07-31T10:00:00Z",
        "sensitivity": "public",
        "parseState": "parsed",
        "accessState": "available"
      },
      "channel": "Microsoft-Windows-DeviceManagement-Enterprise-Diagnostics-Provider/Admin",
      "provider": "Microsoft-Windows-DeviceManagement-Enterprise-Diagnostics-Provider",
      "eventId": 813,
      "level": "information",
      "task": null,
      "keywords": null,
      "recordId": 202,
      "activityId": "66666666-6666-4666-8666-666666666666",
      "namedData": [
        {
          "name": "NodeUri",
          "value": "./Device/Vendor/MSFT/Policy/Config/DeliveryOptimization/DODownloadMode"
        },
        {
          "name": "Value",
          "value": "2"
        },
        {
          "name": "ConfigurationSourceId",
          "value": "11111111-1111-4111-8111-111111111111"
        }
      ],
      "message": null
    }
  ]
}
