{ "_synthetic": "SYNTHETIC FIXTURE: issue #358 microsoft-store corpus; synthetic data only",
  "kind": "windowsEvents",
  "events": [
    {
      "context": {
        "evidenceRef": {
          "evidenceId": "appx-operational:1",
          "sourceArtifactId": "appx-operational"
        },
        "provenance": {
          "sourceKind": "eventLog",
          "sourceArtifactId": "appx-operational",
          "filePath": null,
          "lineNumber": null,
          "recordNumber": 1,
          "registry": null,
          "event": {
            "channel": "Microsoft-Windows-AppXDeploymentServer/Operational",
            "provider": "Microsoft-Windows-AppXDeployment-Server",
            "eventId": 400,
            "recordId": 1
          }
        },
        "sourceTimestamp": {
          "rawText": "2026-07-31T09:15:05.000Z",
          "originalOffset": "+00:00",
          "normalizedUtc": "2026-07-31T09:15:05.000Z",
          "kind": "utc"
        },
        "observedAtUtc": "2026-07-31T10:00:00Z",
        "sensitivity": "public",
        "parseState": "parsed",
        "accessState": "available"
      },
      "channel": "Microsoft-Windows-AppXDeploymentServer/Operational",
      "provider": "Microsoft-Windows-AppXDeployment-Server",
      "eventId": 400,
      "level": "information",
      "task": null,
      "keywords": null,
      "recordId": 1,
      "activityId": null,
      "namedData": [
        {
          "name": "DeploymentOperation",
          "value": "Stage"
        },
        {
          "name": "DeploymentScope",
          "value": "User"
        },
        {
          "name": "PackageFullName",
          "value": "Contoso.SynthStoreApp_1.2.3.0_x64__9synth0abcd1h"
        },
        {
          "name": "Version",
          "value": "1"
        }
      ],
      "message": null
    },
    {
      "context": {
        "evidenceRef": {
          "evidenceId": "appx-operational:2",
          "sourceArtifactId": "appx-operational"
        },
        "provenance": {
          "sourceKind": "eventLog",
          "sourceArtifactId": "appx-operational",
          "filePath": null,
          "lineNumber": null,
          "recordNumber": 2,
          "registry": null,
          "event": {
            "channel": "Microsoft-Windows-AppXDeploymentServer/Operational",
            "provider": "Microsoft-Windows-AppXDeployment-Server",
            "eventId": 603,
            "recordId": 2
          }
        },
        "sourceTimestamp": {
          "rawText": "2026-07-31T09:15:10.000Z",
          "originalOffset": "+00:00",
          "normalizedUtc": "2026-07-31T09:15:10.000Z",
          "kind": "utc"
        },
        "observedAtUtc": "2026-07-31T10:00:00Z",
        "sensitivity": "public",
        "parseState": "parsed",
        "accessState": "available"
      },
      "channel": "Microsoft-Windows-AppXDeploymentServer/Operational",
      "provider": "Microsoft-Windows-AppXDeployment-Server",
      "eventId": 603,
      "level": "information",
      "task": null,
      "keywords": null,
      "recordId": 2,
      "activityId": null,
      "namedData": [
        {
          "name": "DeploymentOperation",
          "value": "Stage"
        },
        {
          "name": "DeploymentScope",
          "value": "User"
        },
        {
          "name": "PackageFullName",
          "value": "Contoso.SynthStoreApp_1.2.3.0_x64__9synth0abcd1h"
        },
        {
          "name": "Version",
          "value": "1"
        }
      ],
      "message": null
    },
    {
      "context": {
        "evidenceRef": {
          "evidenceId": "appx-operational:3",
          "sourceArtifactId": "appx-operational"
        },
        "provenance": {
          "sourceKind": "eventLog",
          "sourceArtifactId": "appx-operational",
          "filePath": null,
          "lineNumber": null,
          "recordNumber": 3,
          "registry": null,
          "event": {
            "channel": "Microsoft-Windows-AppXDeploymentServer/Operational",
            "provider": "Microsoft-Windows-AppXDeployment-Server",
            "eventId": 603,
            "recordId": 3
          }
        },
        "sourceTimestamp": {
          "rawText": "2026-07-31T09:15:15.000Z",
          "originalOffset": "+00:00",
          "normalizedUtc": "2026-07-31T09:15:15.000Z",
          "kind": "utc"
        },
        "observedAtUtc": "2026-07-31T10:00:00Z",
        "sensitivity": "public",
        "parseState": "parsed",
        "accessState": "available"
      },
      "channel": "Microsoft-Windows-AppXDeploymentServer/Operational",
      "provider": "Microsoft-Windows-AppXDeployment-Server",
      "eventId": 603,
      "level": "information",
      "task": null,
      "keywords": null,
      "recordId": 3,
      "activityId": null,
      "namedData": [
        {
          "name": "DeploymentOperation",
          "value": "Register"
        },
        {
          "name": "DeploymentScope",
          "value": "User"
        },
        {
          "name": "PackageFamilyName",
          "value": "Contoso.SynthStoreApp_9synth0abcd1h"
        },
        {
          "name": "PackageDisplayName",
          "value": "Synthetic Store App"
        },
        {
          "name": "Version",
          "value": "1"
        }
      ],
      "message": null
    }
  ]
}
